[0.011s] Invoking command in '/home/mahek/ros2_ws/build/my_cashier_system': CMAKE_PREFIX_PATH=${CMAKE_PREFIX_PATH}:/home/mahek/ros2_ws/install/my_robot_controller:/opt/ros/humble /usr/bin/cmake --build /home/mahek/ros2_ws/build/my_cashier_system -- -j12 -l12
[0.032s] -- Found ament_cmake: 1.3.10 (/opt/ros/humble/share/ament_cmake/cmake)
[0.124s] -- Found rclcpp: 16.0.10 (/opt/ros/humble/share/rclcpp/cmake)
[0.142s] -- Found rosidl_generator_c: 3.1.5 (/opt/ros/humble/share/rosidl_generator_c/cmake)
[0.143s] -- Found rosidl_adapter: 3.1.5 (/opt/ros/humble/share/rosidl_adapter/cmake)
[0.147s] -- Found rosidl_generator_cpp: 3.1.5 (/opt/ros/humble/share/rosidl_generator_cpp/cmake)
[0.153s] -- Using all available rosidl_typesupport_c: rosidl_typesupport_fastrtps_c;rosidl_typesupport_introspection_c
[0.161s] -- Using all available rosidl_typesupport_cpp: rosidl_typesupport_fastrtps_cpp;rosidl_typesupport_introspection_cpp
[0.188s] -- Found rmw_implementation_cmake: 6.1.2 (/opt/ros/humble/share/rmw_implementation_cmake/cmake)
[0.189s] -- Found rmw_fastrtps_cpp: 6.2.7 (/opt/ros/humble/share/rmw_fastrtps_cpp/cmake)
[0.273s] -- Using RMW implementation 'rmw_fastrtps_cpp' as default
[0.304s] -- Found my_cashier_system: 0.0.0 (/home/mahek/ros2_ws/install/my_cashier_system/share/my_cashier_system/cmake)
[0.306s] -- Found ament_lint_auto: 0.12.11 (/opt/ros/humble/share/ament_lint_auto/cmake)
[0.353s] -- Added test 'cppcheck' to perform static code analysis on C / C++ code
[0.354s] -- Configured cppcheck include dirs: 
[0.354s] -- Configured cppcheck exclude dirs and/or files: 
[0.354s] -- Added test 'lint_cmake' to check CMake code style
[0.354s] -- Added test 'uncrustify' to check C / C++ code style
[0.354s] -- Configured uncrustify additional arguments: 
[0.354s] -- Added test 'xmllint' to check XML markup files
[0.355s] -- Configuring done
[0.356s] [31mCMake Error at CMakeLists.txt:14 (add_executable):
[0.357s]   Cannot find source file:
[0.357s] 
[0.357s]     src/publisher_node.cpp
[0.357s] 
[0.357s]   Tried extensions .c .C .c++ .cc .cpp .cxx .cu .mpp .m .M .mm .ixx .cppm .h
[0.357s]   .hh .h++ .hm .hpp .hxx .in .txx .f .F .for .f77 .f90 .f95 .f03 .hip .ispc
[0.357s] 
[0.357s] [0m
[0.357s] [31mCMake Error at CMakeLists.txt:15 (add_executable):
[0.358s]   Cannot find source file:
[0.358s] 
[0.358s]     src/subscriber_node.cpp
[0.358s] 
[0.358s]   Tried extensions .c .C .c++ .cc .cpp .cxx .cu .mpp .m .M .mm .ixx .cppm .h
[0.358s]   .hh .h++ .hm .hpp .hxx .in .txx .f .F .for .f77 .f90 .f95 .f03 .hip .ispc
[0.358s] 
[0.358s] [0m
[0.358s] [31mCMake Error at CMakeLists.txt:16 (add_executable):
[0.358s]   Cannot find source file:
[0.358s] 
[0.358s]     src/print_node.cpp
[0.358s] 
[0.359s]   Tried extensions .c .C .c++ .cc .cpp .cxx .cu .mpp .m .M .mm .ixx .cppm .h
[0.359s]   .hh .h++ .hm .hpp .hxx .in .txx .f .F .for .f77 .f90 .f95 .f03 .hip .ispc
[0.359s] 
[0.359s] [0m
[0.359s] [31mCMake Error at CMakeLists.txt:14 (add_executable):
[0.359s]   No SOURCES given to target: publisher_node
[0.359s] 
[0.359s] [0m
[0.359s] [31mCMake Error at CMakeLists.txt:15 (add_executable):
[0.359s]   No SOURCES given to target: subscriber_node
[0.359s] 
[0.359s] [0m
[0.359s] [31mCMake Error at CMakeLists.txt:16 (add_executable):
[0.360s]   No SOURCES given to target: print_node
[0.360s] 
[0.360s] [0m
[0.360s] [0mCMake Generate step failed.  Build files cannot be regenerated correctly.[0m
[0.363s] gmake: *** [Makefile:226: cmake_check_build_system] Error 1
[0.366s] Invoked command in '/home/mahek/ros2_ws/build/my_cashier_system' returned '2': CMAKE_PREFIX_PATH=${CMAKE_PREFIX_PATH}:/home/mahek/ros2_ws/install/my_robot_controller:/opt/ros/humble /usr/bin/cmake --build /home/mahek/ros2_ws/build/my_cashier_system -- -j12 -l12
