[0.010s] Invoking command in '/home/mahek/ros2_ws/build/my_cashier_system': CMAKE_PREFIX_PATH=/home/mahek/ros2_ws/install/tutorial_interfaces:/home/mahek/ros2_ws/install/my_cashier_system:/home/mahek/ros2_ws/install/my_package:/home/mahek/ros2_ws/install/cpp_pubsub:/home/mahek/ros2_ws/install/cpp:/home/mahek/ros2_ws/install/my_robot_controller:/opt/ros/humble /usr/bin/cmake --build /home/mahek/ros2_ws/build/my_cashier_system -- -j12 -l12
[0.054s] [35m[1mConsolidate compiler generated dependencies of target bill_publish_node[0m
[0.070s] [ 25%] [32mBuilding CXX object CMakeFiles/bill_subscriber_node.dir/src/bill_subscriber_node.cpp.o[0m
[0.071s] [ 50%] [32mBuilding CXX object CMakeFiles/bill_publish_node.dir/src/bill_publish_node.cpp.o[0m
[1.593s] In file included from [01m[K/opt/ros/humble/include/rclcpp/rclcpp/logging.hpp:24[m[K,
[1.593s]                  from [01m[K/opt/ros/humble/include/rclcpp/rclcpp/client.hpp:40[m[K,
[1.594s]                  from [01m[K/opt/ros/humble/include/rclcpp/rclcpp/callback_group.hpp:24[m[K,
[1.594s]                  from [01m[K/opt/ros/humble/include/rclcpp/rclcpp/any_executable.hpp:20[m[K,
[1.594s]                  from [01m[K/opt/ros/humble/include/rclcpp/rclcpp/memory_strategy.hpp:25[m[K,
[1.594s]                  from [01m[K/opt/ros/humble/include/rclcpp/rclcpp/memory_strategies.hpp:18[m[K,
[1.594s]                  from [01m[K/opt/ros/humble/include/rclcpp/rclcpp/executor_options.hpp:20[m[K,
[1.594s]                  from [01m[K/opt/ros/humble/include/rclcpp/rclcpp/executor.hpp:37[m[K,
[1.594s]                  from [01m[K/opt/ros/humble/include/rclcpp/rclcpp/executors/multi_threaded_executor.hpp:25[m[K,
[1.594s]                  from [01m[K/opt/ros/humble/include/rclcpp/rclcpp/executors.hpp:21[m[K,
[1.594s]                  from [01m[K/opt/ros/humble/include/rclcpp/rclcpp/rclcpp.hpp:155[m[K,
[1.594s]                  from [01m[K/home/mahek/ros2_ws/src/my_cashier_system/src/bill_subscriber_node.cpp:1[m[K:
[1.594s] [01m[K/home/mahek/ros2_ws/src/my_cashier_system/src/bill_subscriber_node.cpp:[m[K In member function ‘[01m[Kvoid BillSubscriberNode::process_bill(tutorial_interfaces::msg::Num_<std::allocator<void> >::SharedPtr)[m[K’:
[1.594s] [01m[K/home/mahek/ros2_ws/src/my_cashier_system/src/bill_subscriber_node.cpp:24:36:[m[K [01;31m[Kerror: [m[K‘[01m[Kusing element_type = struct tutorial_interfaces::msg::Num_<std::allocator<void> >[m[K’ {aka ‘[01m[Kstruct tutorial_interfaces::msg::Num_<std::allocator<void> >[m[K’} has no member named ‘[01m[Ktime[m[K’
[1.595s]    24 |             msg->bill_number, msg->[01;31m[Ktime[m[K.c_str(), msg->quantity, msg->price, msg->total
[1.595s]       |                                    [01;31m[K^~~~[m[K
[2.893s] [ 75%] [32m[1mLinking CXX executable bill_publish_node[0m
[3.036s] [ 75%] Built target bill_publish_node
[3.159s] gmake[2]: *** [CMakeFiles/bill_subscriber_node.dir/build.make:76: CMakeFiles/bill_subscriber_node.dir/src/bill_subscriber_node.cpp.o] Error 1
[3.159s] gmake[1]: *** [CMakeFiles/Makefile2:165: CMakeFiles/bill_subscriber_node.dir/all] Error 2
[3.159s] gmake: *** [Makefile:146: all] Error 2
[3.162s] Invoked command in '/home/mahek/ros2_ws/build/my_cashier_system' returned '2': CMAKE_PREFIX_PATH=/home/mahek/ros2_ws/install/tutorial_interfaces:/home/mahek/ros2_ws/install/my_cashier_system:/home/mahek/ros2_ws/install/my_package:/home/mahek/ros2_ws/install/cpp_pubsub:/home/mahek/ros2_ws/install/cpp:/home/mahek/ros2_ws/install/my_robot_controller:/opt/ros/humble /usr/bin/cmake --build /home/mahek/ros2_ws/build/my_cashier_system -- -j12 -l12
