[0.011s] Invoking command in '/home/mahek/ros2_ws/build/tutorial_interfaces': CMAKE_PREFIX_PATH=${CMAKE_PREFIX_PATH}:/home/mahek/ros2_ws/install/my_robot_controller:/opt/ros/humble /usr/bin/cmake --build /home/mahek/ros2_ws/build/tutorial_interfaces -- -j12 -l12
[0.068s] [  9%] Built target tutorial_interfaces__rosidl_generator_c
[0.068s] [ 12%] Built target tutorial_interfaces__cpp
[0.073s] [ 12%] Built target ament_cmake_python_copy_tutorial_interfaces
[0.086s] [ 22%] Built target tutorial_interfaces__rosidl_typesupport_introspection_cpp
[0.090s] [ 32%] Built target tutorial_interfaces__rosidl_typesupport_fastrtps_c
[0.093s] [ 58%] Built target tutorial_interfaces__rosidl_typesupport_c
[0.094s] [ 61%] Built target tutorial_interfaces__rosidl_typesupport_introspection_c
[0.094s] [ 61%] Built target tutorial_interfaces__rosidl_typesupport_cpp
[0.094s] [ 70%] Built target tutorial_interfaces__rosidl_typesupport_fastrtps_cpp
[0.118s] [ 70%] Built target tutorial_interfaces
[0.142s] [ 74%] Built target tutorial_interfaces__py
[0.169s] [ 80%] Built target tutorial_interfaces__rosidl_generator_py
[0.192s] [ 87%] Built target tutorial_interfaces__rosidl_typesupport_c__pyext
[0.194s] [100%] Built target tutorial_interfaces__rosidl_typesupport_introspection_c__pyext
[0.194s] [100%] Built target tutorial_interfaces__rosidl_typesupport_fastrtps_c__pyext
[0.287s] running egg_info
[0.287s] writing tutorial_interfaces.egg-info/PKG-INFO
[0.287s] writing dependency_links to tutorial_interfaces.egg-info/dependency_links.txt
[0.288s] writing top-level names to tutorial_interfaces.egg-info/top_level.txt
[0.289s] reading manifest file 'tutorial_interfaces.egg-info/SOURCES.txt'
[0.289s] writing manifest file 'tutorial_interfaces.egg-info/SOURCES.txt'
[0.311s] [100%] Built target ament_cmake_python_build_tutorial_interfaces_egg
[0.322s] Invoked command in '/home/mahek/ros2_ws/build/tutorial_interfaces' returned '0': CMAKE_PREFIX_PATH=${CMAKE_PREFIX_PATH}:/home/mahek/ros2_ws/install/my_robot_controller:/opt/ros/humble /usr/bin/cmake --build /home/mahek/ros2_ws/build/tutorial_interfaces -- -j12 -l12
[0.332s] Invoking command in '/home/mahek/ros2_ws/build/tutorial_interfaces': CMAKE_PREFIX_PATH=${CMAKE_PREFIX_PATH}:/home/mahek/ros2_ws/install/my_robot_controller:/opt/ros/humble /usr/bin/cmake --install /home/mahek/ros2_ws/build/tutorial_interfaces
[0.340s] -- Install configuration: ""
[0.340s] -- Up-to-date: /home/mahek/ros2_ws/install/tutorial_interfaces/share/ament_index/resource_index/rosidl_interfaces/tutorial_interfaces
[0.340s] -- Up-to-date: /home/mahek/ros2_ws/install/tutorial_interfaces/include/tutorial_interfaces/tutorial_interfaces
[0.340s] -- Up-to-date: /home/mahek/ros2_ws/install/tutorial_interfaces/include/tutorial_interfaces/tutorial_interfaces/msg
[0.340s] -- Up-to-date: /home/mahek/ros2_ws/install/tutorial_interfaces/include/tutorial_interfaces/tutorial_interfaces/msg/detail
[0.341s] -- Up-to-date: /home/mahek/ros2_ws/install/tutorial_interfaces/include/tutorial_interfaces/tutorial_interfaces/msg/detail/bill__functions.c
[0.341s] -- Up-to-date: /home/mahek/ros2_ws/install/tutorial_interfaces/include/tutorial_interfaces/tutorial_interfaces/msg/detail/bill__functions.h
[0.341s] -- Up-to-date: /home/mahek/ros2_ws/install/tutorial_interfaces/include/tutorial_interfaces/tutorial_interfaces/msg/detail/bill__struct.h
[0.341s] -- Up-to-date: /home/mahek/ros2_ws/install/tutorial_interfaces/include/tutorial_interfaces/tutorial_interfaces/msg/detail/num__functions.c
[0.341s] -- Up-to-date: /home/mahek/ros2_ws/install/tutorial_interfaces/include/tutorial_interfaces/tutorial_interfaces/msg/detail/num__type_support.h
[0.341s] -- Up-to-date: /home/mahek/ros2_ws/install/tutorial_interfaces/include/tutorial_interfaces/tutorial_interfaces/msg/detail/bill__type_support.h
[0.341s] -- Up-to-date: /home/mahek/ros2_ws/install/tutorial_interfaces/include/tutorial_interfaces/tutorial_interfaces/msg/detail/num__struct.h
[0.341s] -- Up-to-date: /home/mahek/ros2_ws/install/tutorial_interfaces/include/tutorial_interfaces/tutorial_interfaces/msg/detail/num__functions.h
[0.342s] -- Up-to-date: /home/mahek/ros2_ws/install/tutorial_interfaces/include/tutorial_interfaces/tutorial_interfaces/msg/num.h
[0.342s] -- Up-to-date: /home/mahek/ros2_ws/install/tutorial_interfaces/include/tutorial_interfaces/tutorial_interfaces/msg/rosidl_generator_c__visibility_control.h
[0.342s] -- Up-to-date: /home/mahek/ros2_ws/install/tutorial_interfaces/include/tutorial_interfaces/tutorial_interfaces/msg/bill.h
[0.342s] -- Up-to-date: /home/mahek/ros2_ws/install/tutorial_interfaces/share/tutorial_interfaces/environment/library_path.sh
[0.342s] -- Up-to-date: /home/mahek/ros2_ws/install/tutorial_interfaces/share/tutorial_interfaces/environment/library_path.dsv
[0.342s] -- Up-to-date: /home/mahek/ros2_ws/install/tutorial_interfaces/lib/libtutorial_interfaces__rosidl_generator_c.so
[0.342s] -- Up-to-date: /home/mahek/ros2_ws/install/tutorial_interfaces/include/tutorial_interfaces/tutorial_interfaces
[0.342s] -- Up-to-date: /home/mahek/ros2_ws/install/tutorial_interfaces/include/tutorial_interfaces/tutorial_interfaces/msg
[0.343s] -- Up-to-date: /home/mahek/ros2_ws/install/tutorial_interfaces/include/tutorial_interfaces/tutorial_interfaces/msg/detail
[0.343s] -- Up-to-date: /home/mahek/ros2_ws/install/tutorial_interfaces/include/tutorial_interfaces/tutorial_interfaces/msg/detail/bill__rosidl_typesupport_fastrtps_c.h
[0.343s] -- Up-to-date: /home/mahek/ros2_ws/install/tutorial_interfaces/include/tutorial_interfaces/tutorial_interfaces/msg/detail/num__rosidl_typesupport_fastrtps_c.h
[0.343s] -- Up-to-date: /home/mahek/ros2_ws/install/tutorial_interfaces/include/tutorial_interfaces/tutorial_interfaces/msg/rosidl_typesupport_fastrtps_c__visibility_control.h
[0.343s] -- Up-to-date: /home/mahek/ros2_ws/install/tutorial_interfaces/lib/libtutorial_interfaces__rosidl_typesupport_fastrtps_c.so
[0.343s] -- Up-to-date: /home/mahek/ros2_ws/install/tutorial_interfaces/include/tutorial_interfaces/tutorial_interfaces
[0.343s] -- Up-to-date: /home/mahek/ros2_ws/install/tutorial_interfaces/include/tutorial_interfaces/tutorial_interfaces/msg
[0.343s] -- Up-to-date: /home/mahek/ros2_ws/install/tutorial_interfaces/include/tutorial_interfaces/tutorial_interfaces/msg/detail
[0.343s] -- Up-to-date: /home/mahek/ros2_ws/install/tutorial_interfaces/include/tutorial_interfaces/tutorial_interfaces/msg/detail/bill__builder.hpp
[0.343s] -- Up-to-date: /home/mahek/ros2_ws/install/tutorial_interfaces/include/tutorial_interfaces/tutorial_interfaces/msg/detail/num__struct.hpp
[0.344s] -- Up-to-date: /home/mahek/ros2_ws/install/tutorial_interfaces/include/tutorial_interfaces/tutorial_interfaces/msg/detail/bill__struct.hpp
[0.344s] -- Up-to-date: /home/mahek/ros2_ws/install/tutorial_interfaces/include/tutorial_interfaces/tutorial_interfaces/msg/detail/num__builder.hpp
[0.344s] -- Up-to-date: /home/mahek/ros2_ws/install/tutorial_interfaces/include/tutorial_interfaces/tutorial_interfaces/msg/detail/bill__traits.hpp
[0.344s] -- Up-to-date: /home/mahek/ros2_ws/install/tutorial_interfaces/include/tutorial_interfaces/tutorial_interfaces/msg/detail/num__traits.hpp
[0.344s] -- Up-to-date: /home/mahek/ros2_ws/install/tutorial_interfaces/include/tutorial_interfaces/tutorial_interfaces/msg/bill.hpp
[0.344s] -- Up-to-date: /home/mahek/ros2_ws/install/tutorial_interfaces/include/tutorial_interfaces/tutorial_interfaces/msg/num.hpp
[0.344s] -- Up-to-date: /home/mahek/ros2_ws/install/tutorial_interfaces/include/tutorial_interfaces/tutorial_interfaces
[0.344s] -- Up-to-date: /home/mahek/ros2_ws/install/tutorial_interfaces/include/tutorial_interfaces/tutorial_interfaces/msg
[0.344s] -- Up-to-date: /home/mahek/ros2_ws/install/tutorial_interfaces/include/tutorial_interfaces/tutorial_interfaces/msg/detail
[0.344s] -- Up-to-date: /home/mahek/ros2_ws/install/tutorial_interfaces/include/tutorial_interfaces/tutorial_interfaces/msg/detail/bill__rosidl_typesupport_fastrtps_cpp.hpp
[0.344s] -- Up-to-date: /home/mahek/ros2_ws/install/tutorial_interfaces/include/tutorial_interfaces/tutorial_interfaces/msg/detail/dds_fastrtps
[0.345s] -- Up-to-date: /home/mahek/ros2_ws/install/tutorial_interfaces/include/tutorial_interfaces/tutorial_interfaces/msg/detail/num__rosidl_typesupport_fastrtps_cpp.hpp
[0.345s] -- Up-to-date: /home/mahek/ros2_ws/install/tutorial_interfaces/include/tutorial_interfaces/tutorial_interfaces/msg/rosidl_typesupport_fastrtps_cpp__visibility_control.h
[0.345s] -- Up-to-date: /home/mahek/ros2_ws/install/tutorial_interfaces/lib/libtutorial_interfaces__rosidl_typesupport_fastrtps_cpp.so
[0.345s] -- Up-to-date: /home/mahek/ros2_ws/install/tutorial_interfaces/include/tutorial_interfaces/tutorial_interfaces
[0.345s] -- Up-to-date: /home/mahek/ros2_ws/install/tutorial_interfaces/include/tutorial_interfaces/tutorial_interfaces/msg
[0.345s] -- Up-to-date: /home/mahek/ros2_ws/install/tutorial_interfaces/include/tutorial_interfaces/tutorial_interfaces/msg/detail
[0.345s] -- Up-to-date: /home/mahek/ros2_ws/install/tutorial_interfaces/include/tutorial_interfaces/tutorial_interfaces/msg/detail/num__rosidl_typesupport_introspection_c.h
[0.345s] -- Up-to-date: /home/mahek/ros2_ws/install/tutorial_interfaces/include/tutorial_interfaces/tutorial_interfaces/msg/detail/bill__type_support.c
[0.345s] -- Up-to-date: /home/mahek/ros2_ws/install/tutorial_interfaces/include/tutorial_interfaces/tutorial_interfaces/msg/detail/num__type_support.c
[0.345s] -- Up-to-date: /home/mahek/ros2_ws/install/tutorial_interfaces/include/tutorial_interfaces/tutorial_interfaces/msg/detail/bill__rosidl_typesupport_introspection_c.h
[0.346s] -- Up-to-date: /home/mahek/ros2_ws/install/tutorial_interfaces/include/tutorial_interfaces/tutorial_interfaces/msg/rosidl_typesupport_introspection_c__visibility_control.h
[0.346s] -- Up-to-date: /home/mahek/ros2_ws/install/tutorial_interfaces/lib/libtutorial_interfaces__rosidl_typesupport_introspection_c.so
[0.346s] -- Up-to-date: /home/mahek/ros2_ws/install/tutorial_interfaces/lib/libtutorial_interfaces__rosidl_typesupport_c.so
[0.346s] -- Up-to-date: /home/mahek/ros2_ws/install/tutorial_interfaces/include/tutorial_interfaces/tutorial_interfaces
[0.346s] -- Up-to-date: /home/mahek/ros2_ws/install/tutorial_interfaces/include/tutorial_interfaces/tutorial_interfaces/msg
[0.346s] -- Up-to-date: /home/mahek/ros2_ws/install/tutorial_interfaces/include/tutorial_interfaces/tutorial_interfaces/msg/detail
[0.346s] -- Up-to-date: /home/mahek/ros2_ws/install/tutorial_interfaces/include/tutorial_interfaces/tutorial_interfaces/msg/detail/bill__type_support.cpp
[0.346s] -- Up-to-date: /home/mahek/ros2_ws/install/tutorial_interfaces/include/tutorial_interfaces/tutorial_interfaces/msg/detail/num__type_support.cpp
[0.346s] -- Up-to-date: /home/mahek/ros2_ws/install/tutorial_interfaces/include/tutorial_interfaces/tutorial_interfaces/msg/detail/bill__rosidl_typesupport_introspection_cpp.hpp
[0.346s] -- Up-to-date: /home/mahek/ros2_ws/install/tutorial_interfaces/include/tutorial_interfaces/tutorial_interfaces/msg/detail/num__rosidl_typesupport_introspection_cpp.hpp
[0.346s] -- Up-to-date: /home/mahek/ros2_ws/install/tutorial_interfaces/lib/libtutorial_interfaces__rosidl_typesupport_introspection_cpp.so
[0.346s] -- Up-to-date: /home/mahek/ros2_ws/install/tutorial_interfaces/lib/libtutorial_interfaces__rosidl_typesupport_cpp.so
[0.347s] -- Up-to-date: /home/mahek/ros2_ws/install/tutorial_interfaces/share/tutorial_interfaces/environment/pythonpath.sh
[0.347s] -- Up-to-date: /home/mahek/ros2_ws/install/tutorial_interfaces/share/tutorial_interfaces/environment/pythonpath.dsv
[0.347s] -- Up-to-date: /home/mahek/ros2_ws/install/tutorial_interfaces/local/lib/python3.10/dist-packages/tutorial_interfaces-0.0.0-py3.10.egg-info
[0.347s] -- Installing: /home/mahek/ros2_ws/install/tutorial_interfaces/local/lib/python3.10/dist-packages/tutorial_interfaces-0.0.0-py3.10.egg-info/dependency_links.txt
[0.347s] -- Installing: /home/mahek/ros2_ws/install/tutorial_interfaces/local/lib/python3.10/dist-packages/tutorial_interfaces-0.0.0-py3.10.egg-info/SOURCES.txt
[0.347s] -- Installing: /home/mahek/ros2_ws/install/tutorial_interfaces/local/lib/python3.10/dist-packages/tutorial_interfaces-0.0.0-py3.10.egg-info/top_level.txt
[0.347s] -- Installing: /home/mahek/ros2_ws/install/tutorial_interfaces/local/lib/python3.10/dist-packages/tutorial_interfaces-0.0.0-py3.10.egg-info/PKG-INFO
[0.347s] -- Up-to-date: /home/mahek/ros2_ws/install/tutorial_interfaces/local/lib/python3.10/dist-packages/tutorial_interfaces
[0.347s] -- Up-to-date: /home/mahek/ros2_ws/install/tutorial_interfaces/local/lib/python3.10/dist-packages/tutorial_interfaces/tutorial_interfaces_s__rosidl_typesupport_introspection_c.cpython-310-x86_64-linux-gnu.so
[0.347s] -- Up-to-date: /home/mahek/ros2_ws/install/tutorial_interfaces/local/lib/python3.10/dist-packages/tutorial_interfaces/__init__.py
[0.347s] -- Up-to-date: /home/mahek/ros2_ws/install/tutorial_interfaces/local/lib/python3.10/dist-packages/tutorial_interfaces/libtutorial_interfaces__rosidl_generator_py.so
[0.348s] -- Up-to-date: /home/mahek/ros2_ws/install/tutorial_interfaces/local/lib/python3.10/dist-packages/tutorial_interfaces/_tutorial_interfaces_s.ep.rosidl_typesupport_c.c
[0.348s] -- Up-to-date: /home/mahek/ros2_ws/install/tutorial_interfaces/local/lib/python3.10/dist-packages/tutorial_interfaces/tutorial_interfaces_s__rosidl_typesupport_c.cpython-310-x86_64-linux-gnu.so
[0.348s] -- Up-to-date: /home/mahek/ros2_ws/install/tutorial_interfaces/local/lib/python3.10/dist-packages/tutorial_interfaces/tutorial_interfaces_s__rosidl_typesupport_fastrtps_c.cpython-310-x86_64-linux-gnu.so
[0.348s] -- Up-to-date: /home/mahek/ros2_ws/install/tutorial_interfaces/local/lib/python3.10/dist-packages/tutorial_interfaces/msg
[0.348s] -- Up-to-date: /home/mahek/ros2_ws/install/tutorial_interfaces/local/lib/python3.10/dist-packages/tutorial_interfaces/msg/_num.py
[0.348s] -- Up-to-date: /home/mahek/ros2_ws/install/tutorial_interfaces/local/lib/python3.10/dist-packages/tutorial_interfaces/msg/__init__.py
[0.348s] -- Up-to-date: /home/mahek/ros2_ws/install/tutorial_interfaces/local/lib/python3.10/dist-packages/tutorial_interfaces/msg/_num_s.c
[0.348s] -- Up-to-date: /home/mahek/ros2_ws/install/tutorial_interfaces/local/lib/python3.10/dist-packages/tutorial_interfaces/msg/_bill_s.c
[0.348s] -- Up-to-date: /home/mahek/ros2_ws/install/tutorial_interfaces/local/lib/python3.10/dist-packages/tutorial_interfaces/msg/_bill.py
[0.348s] -- Up-to-date: /home/mahek/ros2_ws/install/tutorial_interfaces/local/lib/python3.10/dist-packages/tutorial_interfaces/_tutorial_interfaces_s.ep.rosidl_typesupport_fastrtps_c.c
[0.348s] -- Up-to-date: /home/mahek/ros2_ws/install/tutorial_interfaces/local/lib/python3.10/dist-packages/tutorial_interfaces/_tutorial_interfaces_s.ep.rosidl_typesupport_introspection_c.c
[0.375s] Listing '/home/mahek/ros2_ws/install/tutorial_interfaces/local/lib/python3.10/dist-packages/tutorial_interfaces'...
[0.376s] Listing '/home/mahek/ros2_ws/install/tutorial_interfaces/local/lib/python3.10/dist-packages/tutorial_interfaces/msg'...
[0.376s] -- Up-to-date: /home/mahek/ros2_ws/install/tutorial_interfaces/local/lib/python3.10/dist-packages/tutorial_interfaces/tutorial_interfaces_s__rosidl_typesupport_fastrtps_c.cpython-310-x86_64-linux-gnu.so
[0.376s] -- Up-to-date: /home/mahek/ros2_ws/install/tutorial_interfaces/local/lib/python3.10/dist-packages/tutorial_interfaces/tutorial_interfaces_s__rosidl_typesupport_introspection_c.cpython-310-x86_64-linux-gnu.so
[0.376s] -- Up-to-date: /home/mahek/ros2_ws/install/tutorial_interfaces/local/lib/python3.10/dist-packages/tutorial_interfaces/tutorial_interfaces_s__rosidl_typesupport_c.cpython-310-x86_64-linux-gnu.so
[0.377s] -- Up-to-date: /home/mahek/ros2_ws/install/tutorial_interfaces/lib/libtutorial_interfaces__rosidl_generator_py.so
[0.377s] -- Up-to-date: /home/mahek/ros2_ws/install/tutorial_interfaces/share/tutorial_interfaces/msg/Bill.idl
[0.377s] -- Up-to-date: /home/mahek/ros2_ws/install/tutorial_interfaces/share/tutorial_interfaces/msg/Bill.msg
[0.377s] -- Up-to-date: /home/mahek/ros2_ws/install/tutorial_interfaces/share/ament_index/resource_index/package_run_dependencies/tutorial_interfaces
[0.377s] -- Up-to-date: /home/mahek/ros2_ws/install/tutorial_interfaces/share/ament_index/resource_index/parent_prefix_path/tutorial_interfaces
[0.377s] -- Up-to-date: /home/mahek/ros2_ws/install/tutorial_interfaces/share/tutorial_interfaces/environment/ament_prefix_path.sh
[0.377s] -- Up-to-date: /home/mahek/ros2_ws/install/tutorial_interfaces/share/tutorial_interfaces/environment/ament_prefix_path.dsv
[0.377s] -- Up-to-date: /home/mahek/ros2_ws/install/tutorial_interfaces/share/tutorial_interfaces/environment/path.sh
[0.377s] -- Up-to-date: /home/mahek/ros2_ws/install/tutorial_interfaces/share/tutorial_interfaces/environment/path.dsv
[0.378s] -- Up-to-date: /home/mahek/ros2_ws/install/tutorial_interfaces/share/tutorial_interfaces/local_setup.bash
[0.378s] -- Up-to-date: /home/mahek/ros2_ws/install/tutorial_interfaces/share/tutorial_interfaces/local_setup.sh
[0.378s] -- Up-to-date: /home/mahek/ros2_ws/install/tutorial_interfaces/share/tutorial_interfaces/local_setup.zsh
[0.378s] -- Up-to-date: /home/mahek/ros2_ws/install/tutorial_interfaces/share/tutorial_interfaces/local_setup.dsv
[0.378s] -- Installing: /home/mahek/ros2_ws/install/tutorial_interfaces/share/tutorial_interfaces/package.dsv
[0.378s] -- Up-to-date: /home/mahek/ros2_ws/install/tutorial_interfaces/share/ament_index/resource_index/packages/tutorial_interfaces
[0.378s] -- Up-to-date: /home/mahek/ros2_ws/install/tutorial_interfaces/share/tutorial_interfaces/cmake/export_tutorial_interfaces__rosidl_generator_cExport.cmake
[0.378s] -- Up-to-date: /home/mahek/ros2_ws/install/tutorial_interfaces/share/tutorial_interfaces/cmake/export_tutorial_interfaces__rosidl_generator_cExport-noconfig.cmake
[0.378s] -- Up-to-date: /home/mahek/ros2_ws/install/tutorial_interfaces/share/tutorial_interfaces/cmake/export_tutorial_interfaces__rosidl_typesupport_fastrtps_cExport.cmake
[0.378s] -- Up-to-date: /home/mahek/ros2_ws/install/tutorial_interfaces/share/tutorial_interfaces/cmake/export_tutorial_interfaces__rosidl_typesupport_fastrtps_cExport-noconfig.cmake
[0.379s] -- Up-to-date: /home/mahek/ros2_ws/install/tutorial_interfaces/share/tutorial_interfaces/cmake/export_tutorial_interfaces__rosidl_generator_cppExport.cmake
[0.379s] -- Up-to-date: /home/mahek/ros2_ws/install/tutorial_interfaces/share/tutorial_interfaces/cmake/export_tutorial_interfaces__rosidl_typesupport_fastrtps_cppExport.cmake
[0.379s] -- Up-to-date: /home/mahek/ros2_ws/install/tutorial_interfaces/share/tutorial_interfaces/cmake/export_tutorial_interfaces__rosidl_typesupport_fastrtps_cppExport-noconfig.cmake
[0.379s] -- Up-to-date: /home/mahek/ros2_ws/install/tutorial_interfaces/share/tutorial_interfaces/cmake/tutorial_interfaces__rosidl_typesupport_introspection_cExport.cmake
[0.379s] -- Up-to-date: /home/mahek/ros2_ws/install/tutorial_interfaces/share/tutorial_interfaces/cmake/tutorial_interfaces__rosidl_typesupport_introspection_cExport-noconfig.cmake
[0.379s] -- Up-to-date: /home/mahek/ros2_ws/install/tutorial_interfaces/share/tutorial_interfaces/cmake/tutorial_interfaces__rosidl_typesupport_cExport.cmake
[0.379s] -- Up-to-date: /home/mahek/ros2_ws/install/tutorial_interfaces/share/tutorial_interfaces/cmake/tutorial_interfaces__rosidl_typesupport_cExport-noconfig.cmake
[0.379s] -- Up-to-date: /home/mahek/ros2_ws/install/tutorial_interfaces/share/tutorial_interfaces/cmake/tutorial_interfaces__rosidl_typesupport_introspection_cppExport.cmake
[0.379s] -- Up-to-date: /home/mahek/ros2_ws/install/tutorial_interfaces/share/tutorial_interfaces/cmake/tutorial_interfaces__rosidl_typesupport_introspection_cppExport-noconfig.cmake
[0.379s] -- Up-to-date: /home/mahek/ros2_ws/install/tutorial_interfaces/share/tutorial_interfaces/cmake/tutorial_interfaces__rosidl_typesupport_cppExport.cmake
[0.380s] -- Up-to-date: /home/mahek/ros2_ws/install/tutorial_interfaces/share/tutorial_interfaces/cmake/tutorial_interfaces__rosidl_typesupport_cppExport-noconfig.cmake
[0.380s] -- Up-to-date: /home/mahek/ros2_ws/install/tutorial_interfaces/share/tutorial_interfaces/cmake/export_tutorial_interfaces__rosidl_generator_pyExport.cmake
[0.380s] -- Up-to-date: /home/mahek/ros2_ws/install/tutorial_interfaces/share/tutorial_interfaces/cmake/export_tutorial_interfaces__rosidl_generator_pyExport-noconfig.cmake
[0.380s] -- Up-to-date: /home/mahek/ros2_ws/install/tutorial_interfaces/share/tutorial_interfaces/cmake/rosidl_cmake-extras.cmake
[0.380s] -- Up-to-date: /home/mahek/ros2_ws/install/tutorial_interfaces/share/tutorial_interfaces/cmake/ament_cmake_export_dependencies-extras.cmake
[0.380s] -- Up-to-date: /home/mahek/ros2_ws/install/tutorial_interfaces/share/tutorial_interfaces/cmake/ament_cmake_export_include_directories-extras.cmake
[0.380s] -- Up-to-date: /home/mahek/ros2_ws/install/tutorial_interfaces/share/tutorial_interfaces/cmake/ament_cmake_export_libraries-extras.cmake
[0.380s] -- Up-to-date: /home/mahek/ros2_ws/install/tutorial_interfaces/share/tutorial_interfaces/cmake/ament_cmake_export_targets-extras.cmake
[0.380s] -- Up-to-date: /home/mahek/ros2_ws/install/tutorial_interfaces/share/tutorial_interfaces/cmake/rosidl_cmake_export_typesupport_targets-extras.cmake
[0.380s] -- Up-to-date: /home/mahek/ros2_ws/install/tutorial_interfaces/share/tutorial_interfaces/cmake/rosidl_cmake_export_typesupport_libraries-extras.cmake
[0.381s] -- Up-to-date: /home/mahek/ros2_ws/install/tutorial_interfaces/share/tutorial_interfaces/cmake/tutorial_interfacesConfig.cmake
[0.381s] -- Up-to-date: /home/mahek/ros2_ws/install/tutorial_interfaces/share/tutorial_interfaces/cmake/tutorial_interfacesConfig-version.cmake
[0.381s] -- Up-to-date: /home/mahek/ros2_ws/install/tutorial_interfaces/share/tutorial_interfaces/package.xml
[0.382s] Invoked command in '/home/mahek/ros2_ws/build/tutorial_interfaces' returned '0': CMAKE_PREFIX_PATH=${CMAKE_PREFIX_PATH}:/home/mahek/ros2_ws/install/my_robot_controller:/opt/ros/humble /usr/bin/cmake --install /home/mahek/ros2_ws/build/tutorial_interfaces
