[01m[K/home/mahek/ros2_ws/src/my_cashier_system/src/bill_display_node.cpp:62:20:[m[K [01;31m[Kerror: [m[Kexpected ‘[01m[K}[m[K’ at end of input
   62 |     int inventory_;[01;31m[K [m[K                          // Tracks current inv
      |                    [01;31m[K^[m[K
[01m[K/home/mahek/ros2_ws/src/my_cashier_system/src/bill_display_node.cpp:7:1:[m[K [01;36m[Knote: [m[Kto match this ‘[01m[K{[m[K’
    7 | [01;36m[K{[m[K
      | [01;36m[K^[m[K
[01m[K/home/mahek/ros2_ws/src/my_cashier_system/src/bill_display_node.cpp:[m[K In constructor ‘[01m[KBillDisplayNode::BillDisplayNode()[m[K’:
[01m[K/home/mahek/ros2_ws/src/my_cashier_system/src/bill_display_node.cpp:10:55:[m[K [01;31m[Kerror: [m[Kclass ‘[01m[KBillDisplayNode[m[K’ does not have any field named ‘[01m[Kincome_[m[K’
   10 |         : Node("bill_display_node"), inventory_(100), [01;31m[Kincome_[m[K(0.0)
      |                                                       [01;31m[K^~~~~~~[m[K
[01m[K/home/mahek/ros2_ws/src/my_cashier_system/src/bill_display_node.cpp:32:43:[m[K [01;31m[Kerror: [m[K‘[01m[Kincome_[m[K’ was not declared in this scope
   32 |         this->declare_parameter("income", [01;31m[Kincome_[m[K);
      |                                           [01;31m[K^~~~~~~[m[K
[01m[K/home/mahek/ros2_ws/src/my_cashier_system/src/bill_display_node.cpp:[m[K In member function ‘[01m[Kvoid BillDisplayNode::display_info()[m[K’:
[01m[K/home/mahek/ros2_ws/src/my_cashier_system/src/bill_display_node.cpp:39:9:[m[K [01;31m[Kerror: [m[K‘[01m[Kincome_[m[K’ was not declared in this scope
   39 |         [01;31m[Kincome_[m[K = this->get_parameter("income").as_double();
      |         [01;31m[K^~~~~~~[m[K
[01m[K/home/mahek/ros2_ws/src/my_cashier_system/src/bill_display_node.cpp:[m[K At global scope:
[01m[K/home/mahek/ros2_ws/src/my_cashier_system/src/bill_display_node.cpp:62:20:[m[K [01;31m[Kerror: [m[Kexpected unqualified-id at end of input
   62 |     int inventory_;[01;31m[K [m[K                          // Tracks current inv
      |                    [01;31m[K^[m[K
gmake[2]: *** [CMakeFiles/bill_display_node.dir/build.make:76: CMakeFiles/bill_display_node.dir/src/bill_display_node.cpp.o] Error 1
gmake[1]: *** [CMakeFiles/Makefile2:193: CMakeFiles/bill_display_node.dir/all] Error 2
gmake: *** [Makefile:146: all] Error 2
