[0.361s] Invoking command in '/home/mahek/ros2_ws/build/my_robot_controller': PYTHONPATH=/home/mahek/ros2_ws/build/my_robot_controller/prefix_override:/usr/lib/python3/dist-packages/colcon_core/task/python/colcon_distutils_commands:/home/mahek/ros2_ws/install/my_robot_controller/lib/python3.10/site-packages:${PYTHONPATH} /usr/bin/python3 -W ignore:setup.py install is deprecated -W ignore:easy_install command is deprecated setup.py develop --uninstall --editable --build-directory /home/mahek/ros2_ws/build/my_robot_controller/build
[0.515s] running develop
[0.602s] Removing /home/mahek/ros2_ws/install/my_robot_controller/lib/python3.10/site-packages/my-robot-controller.egg-link (link to .)
[0.620s] Invoked command in '/home/mahek/ros2_ws/build/my_robot_controller' returned '0': PYTHONPATH=/home/mahek/ros2_ws/build/my_robot_controller/prefix_override:/usr/lib/python3/dist-packages/colcon_core/task/python/colcon_distutils_commands:/home/mahek/ros2_ws/install/my_robot_controller/lib/python3.10/site-packages:${PYTHONPATH} /usr/bin/python3 -W ignore:setup.py install is deprecated -W ignore:easy_install command is deprecated setup.py develop --uninstall --editable --build-directory /home/mahek/ros2_ws/build/my_robot_controller/build
[0.621s] Invoking command in '/home/mahek/ros2_ws/src/my_robot_controller': PYTHONPATH=/home/mahek/ros2_ws/build/my_robot_controller/prefix_override:/usr/lib/python3/dist-packages/colcon_core/task/python/colcon_distutils_commands:/home/mahek/ros2_ws/install/my_robot_controller/lib/python3.10/site-packages:${PYTHONPATH} /usr/bin/python3 -W ignore:setup.py install is deprecated -W ignore:easy_install command is deprecated setup.py egg_info --egg-base ../../build/my_robot_controller build --build-base /home/mahek/ros2_ws/build/my_robot_controller/build install --record /home/mahek/ros2_ws/build/my_robot_controller/install.log --single-version-externally-managed install_data --force
[0.761s] running egg_info
[0.761s] writing ../../build/my_robot_controller/my_robot_controller.egg-info/PKG-INFO
[0.761s] writing dependency_links to ../../build/my_robot_controller/my_robot_controller.egg-info/dependency_links.txt
[0.761s] writing entry points to ../../build/my_robot_controller/my_robot_controller.egg-info/entry_points.txt
[0.761s] writing requirements to ../../build/my_robot_controller/my_robot_controller.egg-info/requires.txt
[0.761s] writing top-level names to ../../build/my_robot_controller/my_robot_controller.egg-info/top_level.txt
[0.763s] reading manifest file '../../build/my_robot_controller/my_robot_controller.egg-info/SOURCES.txt'
[0.763s] writing manifest file '../../build/my_robot_controller/my_robot_controller.egg-info/SOURCES.txt'
[0.763s] running build
[0.763s] running build_py
[0.763s] running install
[0.764s] running install_lib
[0.764s] creating /home/mahek/ros2_ws/install/my_robot_controller/lib/python3.10/site-packages/my_robot_controller
[0.764s] copying /home/mahek/ros2_ws/build/my_robot_controller/build/lib/my_robot_controller/__init__.py -> /home/mahek/ros2_ws/install/my_robot_controller/lib/python3.10/site-packages/my_robot_controller
[0.764s] copying /home/mahek/ros2_ws/build/my_robot_controller/build/lib/my_robot_controller/my_first_node.py -> /home/mahek/ros2_ws/install/my_robot_controller/lib/python3.10/site-packages/my_robot_controller
[0.765s] byte-compiling /home/mahek/ros2_ws/install/my_robot_controller/lib/python3.10/site-packages/my_robot_controller/__init__.py to __init__.cpython-310.pyc
[0.765s] byte-compiling /home/mahek/ros2_ws/install/my_robot_controller/lib/python3.10/site-packages/my_robot_controller/my_first_node.py to my_first_node.cpython-310.pyc
[0.765s] running install_data
[0.765s] copying resource/my_robot_controller -> /home/mahek/ros2_ws/install/my_robot_controller/share/ament_index/resource_index/packages
[0.765s] copying package.xml -> /home/mahek/ros2_ws/install/my_robot_controller/share/my_robot_controller
[0.765s] running install_egg_info
[0.767s] Copying ../../build/my_robot_controller/my_robot_controller.egg-info to /home/mahek/ros2_ws/install/my_robot_controller/lib/python3.10/site-packages/my_robot_controller-0.0.0-py3.10.egg-info
[0.767s] running install_scripts
[0.781s] Installing test_node script to /home/mahek/ros2_ws/install/my_robot_controller/lib/my_robot_controller
[0.781s] writing list of installed files to '/home/mahek/ros2_ws/build/my_robot_controller/install.log'
[0.798s] Invoked command in '/home/mahek/ros2_ws/src/my_robot_controller' returned '0': PYTHONPATH=/home/mahek/ros2_ws/build/my_robot_controller/prefix_override:/usr/lib/python3/dist-packages/colcon_core/task/python/colcon_distutils_commands:/home/mahek/ros2_ws/install/my_robot_controller/lib/python3.10/site-packages:${PYTHONPATH} /usr/bin/python3 -W ignore:setup.py install is deprecated -W ignore:easy_install command is deprecated setup.py egg_info --egg-base ../../build/my_robot_controller build --build-base /home/mahek/ros2_ws/build/my_robot_controller/build install --record /home/mahek/ros2_ws/build/my_robot_controller/install.log --single-version-externally-managed install_data --force
