[0.387s] Invoking command in '/home/mahek/ros2_ws/src/my_robot_controller': PYTHONPATH=/home/mahek/ros2_ws/build/my_robot_controller/prefix_override:/usr/lib/python3/dist-packages/colcon_core/task/python/colcon_distutils_commands:/home/mahek/ros2_ws/install/my_robot_controller/lib/python3.10/site-packages:${PYTHONPATH} /usr/bin/python3 -W ignore:setup.py install is deprecated -W ignore:easy_install command is deprecated setup.py egg_info --egg-base ../../build/my_robot_controller build --build-base /home/mahek/ros2_ws/build/my_robot_controller/build install --record /home/mahek/ros2_ws/build/my_robot_controller/install.log --single-version-externally-managed install_data
[0.533s] running egg_info
[0.533s] writing ../../build/my_robot_controller/my_robot_controller.egg-info/PKG-INFO
[0.533s] writing dependency_links to ../../build/my_robot_controller/my_robot_controller.egg-info/dependency_links.txt
[0.533s] writing entry points to ../../build/my_robot_controller/my_robot_controller.egg-info/entry_points.txt
[0.533s] writing requirements to ../../build/my_robot_controller/my_robot_controller.egg-info/requires.txt
[0.534s] writing top-level names to ../../build/my_robot_controller/my_robot_controller.egg-info/top_level.txt
[0.535s] reading manifest file '../../build/my_robot_controller/my_robot_controller.egg-info/SOURCES.txt'
[0.535s] writing manifest file '../../build/my_robot_controller/my_robot_controller.egg-info/SOURCES.txt'
[0.535s] running build
[0.536s] running build_py
[0.536s] copying my_robot_controller/pose_subcriber.py -> /home/mahek/ros2_ws/build/my_robot_controller/build/lib/my_robot_controller
[0.536s] running install
[0.537s] running install_lib
[0.537s] copying /home/mahek/ros2_ws/build/my_robot_controller/build/lib/my_robot_controller/pose_subcriber.py -> /home/mahek/ros2_ws/install/my_robot_controller/lib/python3.10/site-packages/my_robot_controller
[0.538s] byte-compiling /home/mahek/ros2_ws/install/my_robot_controller/lib/python3.10/site-packages/my_robot_controller/pose_subcriber.py to pose_subcriber.cpython-310.pyc
[0.538s] running install_data
[0.538s] running install_egg_info
[0.539s] removing '/home/mahek/ros2_ws/install/my_robot_controller/lib/python3.10/site-packages/my_robot_controller-0.0.0-py3.10.egg-info' (and everything under it)
[0.540s] Copying ../../build/my_robot_controller/my_robot_controller.egg-info to /home/mahek/ros2_ws/install/my_robot_controller/lib/python3.10/site-packages/my_robot_controller-0.0.0-py3.10.egg-info
[0.540s] running install_scripts
[0.555s] Installing draw_circle script to /home/mahek/ros2_ws/install/my_robot_controller/lib/my_robot_controller
[0.555s] Installing pose_subscriber script to /home/mahek/ros2_ws/install/my_robot_controller/lib/my_robot_controller
[0.555s] Installing test_node script to /home/mahek/ros2_ws/install/my_robot_controller/lib/my_robot_controller
[0.556s] writing list of installed files to '/home/mahek/ros2_ws/build/my_robot_controller/install.log'
[0.574s] Invoked command in '/home/mahek/ros2_ws/src/my_robot_controller' returned '0': PYTHONPATH=/home/mahek/ros2_ws/build/my_robot_controller/prefix_override:/usr/lib/python3/dist-packages/colcon_core/task/python/colcon_distutils_commands:/home/mahek/ros2_ws/install/my_robot_controller/lib/python3.10/site-packages:${PYTHONPATH} /usr/bin/python3 -W ignore:setup.py install is deprecated -W ignore:easy_install command is deprecated setup.py egg_info --egg-base ../../build/my_robot_controller build --build-base /home/mahek/ros2_ws/build/my_robot_controller/build install --record /home/mahek/ros2_ws/build/my_robot_controller/install.log --single-version-externally-managed install_data
