[0.014s] Invoking command in '/home/mahek/ros2_ws/build/tutorial_interfaces': CMAKE_PREFIX_PATH=${CMAKE_PREFIX_PATH}:/home/mahek/ros2_ws/install/my_robot_controller:/opt/ros/humble /usr/bin/cmake --build /home/mahek/ros2_ws/build/tutorial_interfaces -- -j12 -l12
[0.037s] -- Found ament_cmake: 1.3.10 (/opt/ros/humble/share/ament_cmake/cmake)
[0.135s] -- Found geometry_msgs: 4.2.4 (/opt/ros/humble/share/geometry_msgs/cmake)
[0.159s] -- Found rosidl_generator_c: 3.1.5 (/opt/ros/humble/share/rosidl_generator_c/cmake)
[0.161s] -- Found rosidl_adapter: 3.1.5 (/opt/ros/humble/share/rosidl_adapter/cmake)
[0.165s] -- Found rosidl_generator_cpp: 3.1.5 (/opt/ros/humble/share/rosidl_generator_cpp/cmake)
[0.171s] -- Using all available rosidl_typesupport_c: rosidl_typesupport_fastrtps_c;rosidl_typesupport_introspection_c
[0.179s] -- Using all available rosidl_typesupport_cpp: rosidl_typesupport_fastrtps_cpp;rosidl_typesupport_introspection_cpp
[0.202s] -- Found rosidl_default_generators: 1.2.0 (/opt/ros/humble/share/rosidl_default_generators/cmake)
[0.417s] -- Found ament_cmake_ros: 0.10.0 (/opt/ros/humble/share/ament_cmake_ros/cmake)
[0.743s] -- Using all available rosidl_typesupport_c: rosidl_typesupport_fastrtps_c;rosidl_typesupport_introspection_c
[0.866s] -- Using all available rosidl_typesupport_cpp: rosidl_typesupport_fastrtps_cpp;rosidl_typesupport_introspection_cpp
[0.891s] -- Found python_cmake_module: 0.10.0 (/opt/ros/humble/share/python_cmake_module/cmake)
[0.910s] -- Using PYTHON_EXECUTABLE: /usr/bin/python3
[0.910s] -- Using PYTHON_INCLUDE_DIRS: /usr/include/python3.10
[0.910s] -- Using PYTHON_LIBRARIES: /usr/lib/x86_64-linux-gnu/libpython3.10.so
[0.934s] -- Found ament_lint_auto: 0.12.11 (/opt/ros/humble/share/ament_lint_auto/cmake)
[0.939s] -- Added test 'lint_cmake' to check CMake code style
[0.939s] -- Added test 'xmllint' to check XML markup files
[0.940s] -- Configuring done
[0.959s] -- Generating done
[0.966s] -- Build files have been written to: /home/mahek/ros2_ws/build/tutorial_interfaces
[0.987s] [  3%] [34m[1mGenerating C code for ROS interfaces[0m
[1.000s] [  6%] [34m[1mGenerating C++ code for ROS interfaces[0m
[1.010s] [  6%] Built target ament_cmake_python_copy_tutorial_interfaces
[1.150s] [35m[1mConsolidate compiler generated dependencies of target tutorial_interfaces__rosidl_generator_c[0m
[1.162s] [  9%] [32mBuilding C object CMakeFiles/tutorial_interfaces__rosidl_generator_c.dir/rosidl_generator_c/tutorial_interfaces/msg/detail/num__functions.c.o[0m
[1.167s] running egg_info
[1.167s] writing tutorial_interfaces.egg-info/PKG-INFO
[1.167s] writing dependency_links to tutorial_interfaces.egg-info/dependency_links.txt
[1.168s] writing top-level names to tutorial_interfaces.egg-info/top_level.txt
[1.169s] reading manifest file 'tutorial_interfaces.egg-info/SOURCES.txt'
[1.169s] writing manifest file 'tutorial_interfaces.egg-info/SOURCES.txt'
[1.191s] [  9%] Built target ament_cmake_python_build_tutorial_interfaces_egg
[1.211s] [ 12%] [32m[1mLinking C shared library libtutorial_interfaces__rosidl_generator_c.so[0m
[1.251s] [ 12%] Built target tutorial_interfaces__rosidl_generator_c
[1.255s] [ 12%] Built target tutorial_interfaces__cpp
[1.266s] [ 22%] [34m[1mGenerating C introspection for ROS interfaces[0m
[1.267s] [ 22%] [34m[1mGenerating C type support for eProsima Fast-RTPS[0m
[1.267s] [ 22%] [34m[1mGenerating C type support dispatch for ROS interfaces[0m
[1.267s] [ 25%] [34m[1mGenerating C++ introspection for ROS interfaces[0m
[1.267s] [ 29%] [34m[1mGenerating C++ type support dispatch for ROS interfaces[0m
[1.273s] [ 32%] [34m[1mGenerating C++ type support for eProsima Fast-RTPS[0m
[1.425s] [35m[1mConsolidate compiler generated dependencies of target tutorial_interfaces__rosidl_typesupport_introspection_cpp[0m
[1.431s] [35m[1mConsolidate compiler generated dependencies of target tutorial_interfaces__rosidl_typesupport_fastrtps_c[0m
[1.439s] [ 35%] [32mBuilding CXX object CMakeFiles/tutorial_interfaces__rosidl_typesupport_fastrtps_c.dir/rosidl_typesupport_fastrtps_c/tutorial_interfaces/msg/detail/num__type_support_c.cpp.o[0m
[1.439s] [ 38%] [32mBuilding CXX object CMakeFiles/tutorial_interfaces__rosidl_typesupport_introspection_cpp.dir/rosidl_typesupport_introspection_cpp/tutorial_interfaces/msg/detail/num__type_support.cpp.o[0m
[1.479s] [35m[1mConsolidate compiler generated dependencies of target tutorial_interfaces__rosidl_typesupport_c[0m
[1.491s] [ 41%] [32mBuilding CXX object CMakeFiles/tutorial_interfaces__rosidl_typesupport_c.dir/rosidl_typesupport_c/tutorial_interfaces/msg/num__type_support.cpp.o[0m
[1.527s] [ 45%] [32m[1mLinking CXX shared library libtutorial_interfaces__rosidl_typesupport_c.so[0m
[1.542s] [35m[1mConsolidate compiler generated dependencies of target tutorial_interfaces__rosidl_typesupport_cpp[0m
[1.558s] [ 48%] [32mBuilding CXX object CMakeFiles/tutorial_interfaces__rosidl_typesupport_cpp.dir/rosidl_typesupport_cpp/tutorial_interfaces/msg/num__type_support.cpp.o[0m
[1.569s] [35m[1mConsolidate compiler generated dependencies of target tutorial_interfaces__rosidl_typesupport_introspection_c[0m
[1.576s] [35m[1mConsolidate compiler generated dependencies of target tutorial_interfaces__rosidl_typesupport_fastrtps_cpp[0m
[1.580s] [ 48%] Built target tutorial_interfaces__rosidl_typesupport_c
[1.582s] [ 51%] [32mBuilding C object CMakeFiles/tutorial_interfaces__rosidl_typesupport_introspection_c.dir/rosidl_typesupport_introspection_c/tutorial_interfaces/msg/detail/num__type_support.c.o[0m
[1.588s] [ 54%] [32mBuilding CXX object CMakeFiles/tutorial_interfaces__rosidl_typesupport_fastrtps_cpp.dir/rosidl_typesupport_fastrtps_cpp/tutorial_interfaces/msg/detail/dds_fastrtps/num__type_support.cpp.o[0m
[1.623s] [ 58%] [32m[1mLinking C shared library libtutorial_interfaces__rosidl_typesupport_introspection_c.so[0m
[1.656s] [ 61%] [32m[1mLinking CXX shared library libtutorial_interfaces__rosidl_typesupport_fastrtps_c.so[0m
[1.659s] [ 61%] Built target tutorial_interfaces__rosidl_typesupport_introspection_c
[1.703s] [ 64%] [32m[1mLinking CXX shared library libtutorial_interfaces__rosidl_typesupport_introspection_cpp.so[0m
[1.720s] [ 64%] Built target tutorial_interfaces__rosidl_typesupport_fastrtps_c
[1.760s] [ 64%] Built target tutorial_interfaces__rosidl_typesupport_introspection_cpp
[1.808s] [ 67%] [32m[1mLinking CXX shared library libtutorial_interfaces__rosidl_typesupport_cpp.so[0m
[1.850s] [ 67%] Built target tutorial_interfaces__rosidl_typesupport_cpp
[1.917s] [ 70%] [32m[1mLinking CXX shared library libtutorial_interfaces__rosidl_typesupport_fastrtps_cpp.so[0m
[1.984s] [ 70%] Built target tutorial_interfaces__rosidl_typesupport_fastrtps_cpp
[2.009s] [ 70%] Built target tutorial_interfaces
[2.032s] [ 74%] [34m[1mGenerating Python code for ROS interfaces[0m
[2.225s] [ 74%] Built target tutorial_interfaces__py
[2.237s] [35m[1mConsolidate compiler generated dependencies of target tutorial_interfaces__rosidl_generator_py[0m
[2.252s] [ 77%] [32mBuilding C object CMakeFiles/tutorial_interfaces__rosidl_generator_py.dir/rosidl_generator_py/tutorial_interfaces/msg/_num_s.c.o[0m
[2.326s] [ 80%] [32m[1mLinking C shared library rosidl_generator_py/tutorial_interfaces/libtutorial_interfaces__rosidl_generator_py.so[0m
[2.361s] [ 80%] Built target tutorial_interfaces__rosidl_generator_py
[2.370s] [35m[1mConsolidate compiler generated dependencies of target tutorial_interfaces__rosidl_typesupport_fastrtps_c__pyext[0m
[2.371s] [35m[1mConsolidate compiler generated dependencies of target tutorial_interfaces__rosidl_typesupport_c__pyext[0m
[2.374s] [35m[1mConsolidate compiler generated dependencies of target tutorial_interfaces__rosidl_typesupport_introspection_c__pyext[0m
[2.383s] [ 83%] [32mBuilding C object CMakeFiles/tutorial_interfaces__rosidl_typesupport_fastrtps_c__pyext.dir/rosidl_generator_py/tutorial_interfaces/_tutorial_interfaces_s.ep.rosidl_typesupport_fastrtps_c.c.o[0m
[2.384s] [ 87%] [32mBuilding C object CMakeFiles/tutorial_interfaces__rosidl_typesupport_c__pyext.dir/rosidl_generator_py/tutorial_interfaces/_tutorial_interfaces_s.ep.rosidl_typesupport_c.c.o[0m
[2.386s] [ 90%] [32mBuilding C object CMakeFiles/tutorial_interfaces__rosidl_typesupport_introspection_c__pyext.dir/rosidl_generator_py/tutorial_interfaces/_tutorial_interfaces_s.ep.rosidl_typesupport_introspection_c.c.o[0m
[2.449s] [ 93%] [32m[1mLinking C shared library rosidl_generator_py/tutorial_interfaces/tutorial_interfaces_s__rosidl_typesupport_fastrtps_c.cpython-310-x86_64-linux-gnu.so[0m
[2.467s] [ 96%] [32m[1mLinking C shared library rosidl_generator_py/tutorial_interfaces/tutorial_interfaces_s__rosidl_typesupport_c.cpython-310-x86_64-linux-gnu.so[0m
[2.488s] [ 96%] Built target tutorial_interfaces__rosidl_typesupport_fastrtps_c__pyext
[2.502s] [100%] [32m[1mLinking C shared library rosidl_generator_py/tutorial_interfaces/tutorial_interfaces_s__rosidl_typesupport_introspection_c.cpython-310-x86_64-linux-gnu.so[0m
[2.504s] [100%] Built target tutorial_interfaces__rosidl_typesupport_c__pyext
[2.540s] [100%] Built target tutorial_interfaces__rosidl_typesupport_introspection_c__pyext
[2.557s] Invoked command in '/home/mahek/ros2_ws/build/tutorial_interfaces' returned '0': CMAKE_PREFIX_PATH=${CMAKE_PREFIX_PATH}:/home/mahek/ros2_ws/install/my_robot_controller:/opt/ros/humble /usr/bin/cmake --build /home/mahek/ros2_ws/build/tutorial_interfaces -- -j12 -l12
[2.569s] Invoking command in '/home/mahek/ros2_ws/build/tutorial_interfaces': CMAKE_PREFIX_PATH=${CMAKE_PREFIX_PATH}:/home/mahek/ros2_ws/install/my_robot_controller:/opt/ros/humble /usr/bin/cmake --install /home/mahek/ros2_ws/build/tutorial_interfaces
[2.577s] -- Install configuration: ""
[2.578s] -- Up-to-date: /home/mahek/ros2_ws/install/tutorial_interfaces/share/ament_index/resource_index/rosidl_interfaces/tutorial_interfaces
[2.578s] -- Up-to-date: /home/mahek/ros2_ws/install/tutorial_interfaces/include/tutorial_interfaces/tutorial_interfaces
[2.578s] -- Up-to-date: /home/mahek/ros2_ws/install/tutorial_interfaces/include/tutorial_interfaces/tutorial_interfaces/msg
[2.578s] -- Up-to-date: /home/mahek/ros2_ws/install/tutorial_interfaces/include/tutorial_interfaces/tutorial_interfaces/msg/detail
[2.578s] -- Installing: /home/mahek/ros2_ws/install/tutorial_interfaces/include/tutorial_interfaces/tutorial_interfaces/msg/detail/num__functions.c
[2.578s] -- Installing: /home/mahek/ros2_ws/install/tutorial_interfaces/include/tutorial_interfaces/tutorial_interfaces/msg/detail/num__type_support.h
[2.578s] -- Installing: /home/mahek/ros2_ws/install/tutorial_interfaces/include/tutorial_interfaces/tutorial_interfaces/msg/detail/num__struct.h
[2.578s] -- Installing: /home/mahek/ros2_ws/install/tutorial_interfaces/include/tutorial_interfaces/tutorial_interfaces/msg/detail/num__functions.h
[2.579s] -- Installing: /home/mahek/ros2_ws/install/tutorial_interfaces/include/tutorial_interfaces/tutorial_interfaces/msg/num.h
[2.579s] -- Up-to-date: /home/mahek/ros2_ws/install/tutorial_interfaces/include/tutorial_interfaces/tutorial_interfaces/msg/rosidl_generator_c__visibility_control.h
[2.579s] -- Up-to-date: /home/mahek/ros2_ws/install/tutorial_interfaces/share/tutorial_interfaces/environment/library_path.sh
[2.579s] -- Installing: /home/mahek/ros2_ws/install/tutorial_interfaces/share/tutorial_interfaces/environment/library_path.dsv
[2.579s] -- Installing: /home/mahek/ros2_ws/install/tutorial_interfaces/lib/libtutorial_interfaces__rosidl_generator_c.so
[2.579s] -- Set runtime path of "/home/mahek/ros2_ws/install/tutorial_interfaces/lib/libtutorial_interfaces__rosidl_generator_c.so" to ""
[2.579s] -- Up-to-date: /home/mahek/ros2_ws/install/tutorial_interfaces/include/tutorial_interfaces/tutorial_interfaces
[2.580s] -- Up-to-date: /home/mahek/ros2_ws/install/tutorial_interfaces/include/tutorial_interfaces/tutorial_interfaces/msg
[2.580s] -- Up-to-date: /home/mahek/ros2_ws/install/tutorial_interfaces/include/tutorial_interfaces/tutorial_interfaces/msg/detail
[2.580s] -- Installing: /home/mahek/ros2_ws/install/tutorial_interfaces/include/tutorial_interfaces/tutorial_interfaces/msg/detail/num__rosidl_typesupport_fastrtps_c.h
[2.580s] -- Up-to-date: /home/mahek/ros2_ws/install/tutorial_interfaces/include/tutorial_interfaces/tutorial_interfaces/msg/rosidl_typesupport_fastrtps_c__visibility_control.h
[2.580s] -- Installing: /home/mahek/ros2_ws/install/tutorial_interfaces/lib/libtutorial_interfaces__rosidl_typesupport_fastrtps_c.so
[2.580s] -- Set runtime path of "/home/mahek/ros2_ws/install/tutorial_interfaces/lib/libtutorial_interfaces__rosidl_typesupport_fastrtps_c.so" to ""
[2.580s] -- Up-to-date: /home/mahek/ros2_ws/install/tutorial_interfaces/include/tutorial_interfaces/tutorial_interfaces
[2.580s] -- Up-to-date: /home/mahek/ros2_ws/install/tutorial_interfaces/include/tutorial_interfaces/tutorial_interfaces/msg
[2.581s] -- Up-to-date: /home/mahek/ros2_ws/install/tutorial_interfaces/include/tutorial_interfaces/tutorial_interfaces/msg/detail
[2.581s] -- Installing: /home/mahek/ros2_ws/install/tutorial_interfaces/include/tutorial_interfaces/tutorial_interfaces/msg/detail/num__struct.hpp
[2.581s] -- Installing: /home/mahek/ros2_ws/install/tutorial_interfaces/include/tutorial_interfaces/tutorial_interfaces/msg/detail/num__builder.hpp
[2.581s] -- Installing: /home/mahek/ros2_ws/install/tutorial_interfaces/include/tutorial_interfaces/tutorial_interfaces/msg/detail/num__traits.hpp
[2.581s] -- Installing: /home/mahek/ros2_ws/install/tutorial_interfaces/include/tutorial_interfaces/tutorial_interfaces/msg/num.hpp
[2.581s] -- Up-to-date: /home/mahek/ros2_ws/install/tutorial_interfaces/include/tutorial_interfaces/tutorial_interfaces
[2.581s] -- Up-to-date: /home/mahek/ros2_ws/install/tutorial_interfaces/include/tutorial_interfaces/tutorial_interfaces/msg
[2.581s] -- Up-to-date: /home/mahek/ros2_ws/install/tutorial_interfaces/include/tutorial_interfaces/tutorial_interfaces/msg/detail
[2.582s] -- Up-to-date: /home/mahek/ros2_ws/install/tutorial_interfaces/include/tutorial_interfaces/tutorial_interfaces/msg/detail/dds_fastrtps
[2.582s] -- Installing: /home/mahek/ros2_ws/install/tutorial_interfaces/include/tutorial_interfaces/tutorial_interfaces/msg/detail/num__rosidl_typesupport_fastrtps_cpp.hpp
[2.582s] -- Up-to-date: /home/mahek/ros2_ws/install/tutorial_interfaces/include/tutorial_interfaces/tutorial_interfaces/msg/rosidl_typesupport_fastrtps_cpp__visibility_control.h
[2.582s] -- Installing: /home/mahek/ros2_ws/install/tutorial_interfaces/lib/libtutorial_interfaces__rosidl_typesupport_fastrtps_cpp.so
[2.582s] -- Set runtime path of "/home/mahek/ros2_ws/install/tutorial_interfaces/lib/libtutorial_interfaces__rosidl_typesupport_fastrtps_cpp.so" to ""
[2.582s] -- Up-to-date: /home/mahek/ros2_ws/install/tutorial_interfaces/include/tutorial_interfaces/tutorial_interfaces
[2.582s] -- Up-to-date: /home/mahek/ros2_ws/install/tutorial_interfaces/include/tutorial_interfaces/tutorial_interfaces/msg
[2.582s] -- Up-to-date: /home/mahek/ros2_ws/install/tutorial_interfaces/include/tutorial_interfaces/tutorial_interfaces/msg/detail
[2.582s] -- Installing: /home/mahek/ros2_ws/install/tutorial_interfaces/include/tutorial_interfaces/tutorial_interfaces/msg/detail/num__rosidl_typesupport_introspection_c.h
[2.582s] -- Installing: /home/mahek/ros2_ws/install/tutorial_interfaces/include/tutorial_interfaces/tutorial_interfaces/msg/detail/num__type_support.c
[2.582s] -- Up-to-date: /home/mahek/ros2_ws/install/tutorial_interfaces/include/tutorial_interfaces/tutorial_interfaces/msg/rosidl_typesupport_introspection_c__visibility_control.h
[2.582s] -- Installing: /home/mahek/ros2_ws/install/tutorial_interfaces/lib/libtutorial_interfaces__rosidl_typesupport_introspection_c.so
[2.582s] -- Set runtime path of "/home/mahek/ros2_ws/install/tutorial_interfaces/lib/libtutorial_interfaces__rosidl_typesupport_introspection_c.so" to ""
[2.582s] -- Installing: /home/mahek/ros2_ws/install/tutorial_interfaces/lib/libtutorial_interfaces__rosidl_typesupport_c.so
[2.583s] -- Set runtime path of "/home/mahek/ros2_ws/install/tutorial_interfaces/lib/libtutorial_interfaces__rosidl_typesupport_c.so" to ""
[2.583s] -- Up-to-date: /home/mahek/ros2_ws/install/tutorial_interfaces/include/tutorial_interfaces/tutorial_interfaces
[2.583s] -- Up-to-date: /home/mahek/ros2_ws/install/tutorial_interfaces/include/tutorial_interfaces/tutorial_interfaces/msg
[2.583s] -- Up-to-date: /home/mahek/ros2_ws/install/tutorial_interfaces/include/tutorial_interfaces/tutorial_interfaces/msg/detail
[2.583s] -- Installing: /home/mahek/ros2_ws/install/tutorial_interfaces/include/tutorial_interfaces/tutorial_interfaces/msg/detail/num__type_support.cpp
[2.583s] -- Installing: /home/mahek/ros2_ws/install/tutorial_interfaces/include/tutorial_interfaces/tutorial_interfaces/msg/detail/num__rosidl_typesupport_introspection_cpp.hpp
[2.583s] -- Installing: /home/mahek/ros2_ws/install/tutorial_interfaces/lib/libtutorial_interfaces__rosidl_typesupport_introspection_cpp.so
[2.583s] -- Set runtime path of "/home/mahek/ros2_ws/install/tutorial_interfaces/lib/libtutorial_interfaces__rosidl_typesupport_introspection_cpp.so" to ""
[2.583s] -- Installing: /home/mahek/ros2_ws/install/tutorial_interfaces/lib/libtutorial_interfaces__rosidl_typesupport_cpp.so
[2.583s] -- Set runtime path of "/home/mahek/ros2_ws/install/tutorial_interfaces/lib/libtutorial_interfaces__rosidl_typesupport_cpp.so" to ""
[2.583s] -- Up-to-date: /home/mahek/ros2_ws/install/tutorial_interfaces/share/tutorial_interfaces/environment/pythonpath.sh
[2.583s] -- Installing: /home/mahek/ros2_ws/install/tutorial_interfaces/share/tutorial_interfaces/environment/pythonpath.dsv
[2.583s] -- Up-to-date: /home/mahek/ros2_ws/install/tutorial_interfaces/local/lib/python3.10/dist-packages/tutorial_interfaces-0.0.0-py3.10.egg-info
[2.583s] -- Installing: /home/mahek/ros2_ws/install/tutorial_interfaces/local/lib/python3.10/dist-packages/tutorial_interfaces-0.0.0-py3.10.egg-info/dependency_links.txt
[2.583s] -- Installing: /home/mahek/ros2_ws/install/tutorial_interfaces/local/lib/python3.10/dist-packages/tutorial_interfaces-0.0.0-py3.10.egg-info/SOURCES.txt
[2.583s] -- Installing: /home/mahek/ros2_ws/install/tutorial_interfaces/local/lib/python3.10/dist-packages/tutorial_interfaces-0.0.0-py3.10.egg-info/top_level.txt
[2.583s] -- Installing: /home/mahek/ros2_ws/install/tutorial_interfaces/local/lib/python3.10/dist-packages/tutorial_interfaces-0.0.0-py3.10.egg-info/PKG-INFO
[2.583s] -- Up-to-date: /home/mahek/ros2_ws/install/tutorial_interfaces/local/lib/python3.10/dist-packages/tutorial_interfaces
[2.583s] -- Installing: /home/mahek/ros2_ws/install/tutorial_interfaces/local/lib/python3.10/dist-packages/tutorial_interfaces/tutorial_interfaces_s__rosidl_typesupport_introspection_c.cpython-310-x86_64-linux-gnu.so
[2.583s] -- Installing: /home/mahek/ros2_ws/install/tutorial_interfaces/local/lib/python3.10/dist-packages/tutorial_interfaces/__init__.py
[2.583s] -- Installing: /home/mahek/ros2_ws/install/tutorial_interfaces/local/lib/python3.10/dist-packages/tutorial_interfaces/libtutorial_interfaces__rosidl_generator_py.so
[2.583s] -- Installing: /home/mahek/ros2_ws/install/tutorial_interfaces/local/lib/python3.10/dist-packages/tutorial_interfaces/_tutorial_interfaces_s.ep.rosidl_typesupport_c.c
[2.583s] -- Installing: /home/mahek/ros2_ws/install/tutorial_interfaces/local/lib/python3.10/dist-packages/tutorial_interfaces/tutorial_interfaces_s__rosidl_typesupport_c.cpython-310-x86_64-linux-gnu.so
[2.583s] -- Installing: /home/mahek/ros2_ws/install/tutorial_interfaces/local/lib/python3.10/dist-packages/tutorial_interfaces/tutorial_interfaces_s__rosidl_typesupport_fastrtps_c.cpython-310-x86_64-linux-gnu.so
[2.583s] -- Up-to-date: /home/mahek/ros2_ws/install/tutorial_interfaces/local/lib/python3.10/dist-packages/tutorial_interfaces/msg
[2.583s] -- Installing: /home/mahek/ros2_ws/install/tutorial_interfaces/local/lib/python3.10/dist-packages/tutorial_interfaces/msg/_num.py
[2.583s] -- Installing: /home/mahek/ros2_ws/install/tutorial_interfaces/local/lib/python3.10/dist-packages/tutorial_interfaces/msg/__init__.py
[2.583s] -- Installing: /home/mahek/ros2_ws/install/tutorial_interfaces/local/lib/python3.10/dist-packages/tutorial_interfaces/msg/_num_s.c
[2.583s] -- Installing: /home/mahek/ros2_ws/install/tutorial_interfaces/local/lib/python3.10/dist-packages/tutorial_interfaces/_tutorial_interfaces_s.ep.rosidl_typesupport_fastrtps_c.c
[2.583s] -- Installing: /home/mahek/ros2_ws/install/tutorial_interfaces/local/lib/python3.10/dist-packages/tutorial_interfaces/_tutorial_interfaces_s.ep.rosidl_typesupport_introspection_c.c
[2.605s] Listing '/home/mahek/ros2_ws/install/tutorial_interfaces/local/lib/python3.10/dist-packages/tutorial_interfaces'...
[2.605s] Compiling '/home/mahek/ros2_ws/install/tutorial_interfaces/local/lib/python3.10/dist-packages/tutorial_interfaces/__init__.py'...
[2.605s] Listing '/home/mahek/ros2_ws/install/tutorial_interfaces/local/lib/python3.10/dist-packages/tutorial_interfaces/msg'...
[2.605s] Compiling '/home/mahek/ros2_ws/install/tutorial_interfaces/local/lib/python3.10/dist-packages/tutorial_interfaces/msg/__init__.py'...
[2.605s] Compiling '/home/mahek/ros2_ws/install/tutorial_interfaces/local/lib/python3.10/dist-packages/tutorial_interfaces/msg/_num.py'...
[2.608s] -- Installing: /home/mahek/ros2_ws/install/tutorial_interfaces/local/lib/python3.10/dist-packages/tutorial_interfaces/tutorial_interfaces_s__rosidl_typesupport_fastrtps_c.cpython-310-x86_64-linux-gnu.so
[2.609s] -- Set runtime path of "/home/mahek/ros2_ws/install/tutorial_interfaces/local/lib/python3.10/dist-packages/tutorial_interfaces/tutorial_interfaces_s__rosidl_typesupport_fastrtps_c.cpython-310-x86_64-linux-gnu.so" to ""
[2.609s] -- Installing: /home/mahek/ros2_ws/install/tutorial_interfaces/local/lib/python3.10/dist-packages/tutorial_interfaces/tutorial_interfaces_s__rosidl_typesupport_introspection_c.cpython-310-x86_64-linux-gnu.so
[2.609s] -- Set runtime path of "/home/mahek/ros2_ws/install/tutorial_interfaces/local/lib/python3.10/dist-packages/tutorial_interfaces/tutorial_interfaces_s__rosidl_typesupport_introspection_c.cpython-310-x86_64-linux-gnu.so" to ""
[2.609s] -- Installing: /home/mahek/ros2_ws/install/tutorial_interfaces/local/lib/python3.10/dist-packages/tutorial_interfaces/tutorial_interfaces_s__rosidl_typesupport_c.cpython-310-x86_64-linux-gnu.so
[2.610s] -- Set runtime path of "/home/mahek/ros2_ws/install/tutorial_interfaces/local/lib/python3.10/dist-packages/tutorial_interfaces/tutorial_interfaces_s__rosidl_typesupport_c.cpython-310-x86_64-linux-gnu.so" to ""
[2.610s] -- Installing: /home/mahek/ros2_ws/install/tutorial_interfaces/lib/libtutorial_interfaces__rosidl_generator_py.so
[2.610s] -- Set runtime path of "/home/mahek/ros2_ws/install/tutorial_interfaces/lib/libtutorial_interfaces__rosidl_generator_py.so" to ""
[2.610s] -- Installing: /home/mahek/ros2_ws/install/tutorial_interfaces/share/tutorial_interfaces/msg/Num.idl
[2.611s] -- Installing: /home/mahek/ros2_ws/install/tutorial_interfaces/share/tutorial_interfaces/msg/Num.msg
[2.611s] -- Up-to-date: /home/mahek/ros2_ws/install/tutorial_interfaces/share/ament_index/resource_index/package_run_dependencies/tutorial_interfaces
[2.611s] -- Up-to-date: /home/mahek/ros2_ws/install/tutorial_interfaces/share/ament_index/resource_index/parent_prefix_path/tutorial_interfaces
[2.611s] -- Up-to-date: /home/mahek/ros2_ws/install/tutorial_interfaces/share/tutorial_interfaces/environment/ament_prefix_path.sh
[2.611s] -- Installing: /home/mahek/ros2_ws/install/tutorial_interfaces/share/tutorial_interfaces/environment/ament_prefix_path.dsv
[2.611s] -- Up-to-date: /home/mahek/ros2_ws/install/tutorial_interfaces/share/tutorial_interfaces/environment/path.sh
[2.611s] -- Installing: /home/mahek/ros2_ws/install/tutorial_interfaces/share/tutorial_interfaces/environment/path.dsv
[2.611s] -- Up-to-date: /home/mahek/ros2_ws/install/tutorial_interfaces/share/tutorial_interfaces/local_setup.bash
[2.611s] -- Up-to-date: /home/mahek/ros2_ws/install/tutorial_interfaces/share/tutorial_interfaces/local_setup.sh
[2.611s] -- Up-to-date: /home/mahek/ros2_ws/install/tutorial_interfaces/share/tutorial_interfaces/local_setup.zsh
[2.611s] -- Installing: /home/mahek/ros2_ws/install/tutorial_interfaces/share/tutorial_interfaces/local_setup.dsv
[2.611s] -- Installing: /home/mahek/ros2_ws/install/tutorial_interfaces/share/tutorial_interfaces/package.dsv
[2.612s] -- Up-to-date: /home/mahek/ros2_ws/install/tutorial_interfaces/share/ament_index/resource_index/packages/tutorial_interfaces
[2.612s] -- Up-to-date: /home/mahek/ros2_ws/install/tutorial_interfaces/share/tutorial_interfaces/cmake/export_tutorial_interfaces__rosidl_generator_cExport.cmake
[2.612s] -- Up-to-date: /home/mahek/ros2_ws/install/tutorial_interfaces/share/tutorial_interfaces/cmake/export_tutorial_interfaces__rosidl_generator_cExport-noconfig.cmake
[2.612s] -- Up-to-date: /home/mahek/ros2_ws/install/tutorial_interfaces/share/tutorial_interfaces/cmake/export_tutorial_interfaces__rosidl_typesupport_fastrtps_cExport.cmake
[2.612s] -- Up-to-date: /home/mahek/ros2_ws/install/tutorial_interfaces/share/tutorial_interfaces/cmake/export_tutorial_interfaces__rosidl_typesupport_fastrtps_cExport-noconfig.cmake
[2.612s] -- Up-to-date: /home/mahek/ros2_ws/install/tutorial_interfaces/share/tutorial_interfaces/cmake/export_tutorial_interfaces__rosidl_generator_cppExport.cmake
[2.612s] -- Up-to-date: /home/mahek/ros2_ws/install/tutorial_interfaces/share/tutorial_interfaces/cmake/export_tutorial_interfaces__rosidl_typesupport_fastrtps_cppExport.cmake
[2.612s] -- Up-to-date: /home/mahek/ros2_ws/install/tutorial_interfaces/share/tutorial_interfaces/cmake/export_tutorial_interfaces__rosidl_typesupport_fastrtps_cppExport-noconfig.cmake
[2.612s] -- Up-to-date: /home/mahek/ros2_ws/install/tutorial_interfaces/share/tutorial_interfaces/cmake/tutorial_interfaces__rosidl_typesupport_introspection_cExport.cmake
[2.612s] -- Up-to-date: /home/mahek/ros2_ws/install/tutorial_interfaces/share/tutorial_interfaces/cmake/tutorial_interfaces__rosidl_typesupport_introspection_cExport-noconfig.cmake
[2.612s] -- Up-to-date: /home/mahek/ros2_ws/install/tutorial_interfaces/share/tutorial_interfaces/cmake/tutorial_interfaces__rosidl_typesupport_cExport.cmake
[2.613s] -- Up-to-date: /home/mahek/ros2_ws/install/tutorial_interfaces/share/tutorial_interfaces/cmake/tutorial_interfaces__rosidl_typesupport_cExport-noconfig.cmake
[2.613s] -- Up-to-date: /home/mahek/ros2_ws/install/tutorial_interfaces/share/tutorial_interfaces/cmake/tutorial_interfaces__rosidl_typesupport_introspection_cppExport.cmake
[2.613s] -- Up-to-date: /home/mahek/ros2_ws/install/tutorial_interfaces/share/tutorial_interfaces/cmake/tutorial_interfaces__rosidl_typesupport_introspection_cppExport-noconfig.cmake
[2.613s] -- Up-to-date: /home/mahek/ros2_ws/install/tutorial_interfaces/share/tutorial_interfaces/cmake/tutorial_interfaces__rosidl_typesupport_cppExport.cmake
[2.613s] -- Up-to-date: /home/mahek/ros2_ws/install/tutorial_interfaces/share/tutorial_interfaces/cmake/tutorial_interfaces__rosidl_typesupport_cppExport-noconfig.cmake
[2.613s] -- Up-to-date: /home/mahek/ros2_ws/install/tutorial_interfaces/share/tutorial_interfaces/cmake/export_tutorial_interfaces__rosidl_generator_pyExport.cmake
[2.613s] -- Up-to-date: /home/mahek/ros2_ws/install/tutorial_interfaces/share/tutorial_interfaces/cmake/export_tutorial_interfaces__rosidl_generator_pyExport-noconfig.cmake
[2.613s] -- Up-to-date: /home/mahek/ros2_ws/install/tutorial_interfaces/share/tutorial_interfaces/cmake/rosidl_cmake-extras.cmake
[2.613s] -- Up-to-date: /home/mahek/ros2_ws/install/tutorial_interfaces/share/tutorial_interfaces/cmake/ament_cmake_export_dependencies-extras.cmake
[2.613s] -- Up-to-date: /home/mahek/ros2_ws/install/tutorial_interfaces/share/tutorial_interfaces/cmake/ament_cmake_export_include_directories-extras.cmake
[2.613s] -- Up-to-date: /home/mahek/ros2_ws/install/tutorial_interfaces/share/tutorial_interfaces/cmake/ament_cmake_export_libraries-extras.cmake
[2.613s] -- Up-to-date: /home/mahek/ros2_ws/install/tutorial_interfaces/share/tutorial_interfaces/cmake/ament_cmake_export_targets-extras.cmake
[2.613s] -- Up-to-date: /home/mahek/ros2_ws/install/tutorial_interfaces/share/tutorial_interfaces/cmake/rosidl_cmake_export_typesupport_targets-extras.cmake
[2.613s] -- Up-to-date: /home/mahek/ros2_ws/install/tutorial_interfaces/share/tutorial_interfaces/cmake/rosidl_cmake_export_typesupport_libraries-extras.cmake
[2.613s] -- Up-to-date: /home/mahek/ros2_ws/install/tutorial_interfaces/share/tutorial_interfaces/cmake/tutorial_interfacesConfig.cmake
[2.613s] -- Up-to-date: /home/mahek/ros2_ws/install/tutorial_interfaces/share/tutorial_interfaces/cmake/tutorial_interfacesConfig-version.cmake
[2.613s] -- Up-to-date: /home/mahek/ros2_ws/install/tutorial_interfaces/share/tutorial_interfaces/package.xml
[2.616s] Invoked command in '/home/mahek/ros2_ws/build/tutorial_interfaces' returned '0': CMAKE_PREFIX_PATH=${CMAKE_PREFIX_PATH}:/home/mahek/ros2_ws/install/my_robot_controller:/opt/ros/humble /usr/bin/cmake --install /home/mahek/ros2_ws/build/tutorial_interfaces
