[0.008s] Invoking command in '/home/mahek/ros2_ws/build/tutorial_interfaces': CMAKE_PREFIX_PATH=${CMAKE_PREFIX_PATH}:/home/mahek/ros2_ws/install/my_robot_controller:/opt/ros/humble /usr/bin/cmake --build /home/mahek/ros2_ws/build/tutorial_interfaces -- -j12 -l12
[0.031s] -- Found ament_cmake: 1.3.10 (/opt/ros/humble/share/ament_cmake/cmake)
[0.136s] -- Found rosidl_default_generators: 1.2.0 (/opt/ros/humble/share/rosidl_default_generators/cmake)
[0.138s] -- Using all available rosidl_typesupport_c: rosidl_typesupport_fastrtps_c;rosidl_typesupport_introspection_c
[0.139s] -- Found rosidl_adapter: 3.1.5 (/opt/ros/humble/share/rosidl_adapter/cmake)
[0.158s] -- Using all available rosidl_typesupport_cpp: rosidl_typesupport_fastrtps_cpp;rosidl_typesupport_introspection_cpp
[0.174s] -- Found builtin_interfaces: 1.2.1 (/opt/ros/humble/share/builtin_interfaces/cmake)
[0.318s] [31mCMake Error at /opt/ros/humble/share/ament_cmake_core/cmake/core/ament_package_xml.cmake:53 (message):
[0.318s]   ament_package_xml() package name 'tutorial_interfaces' in '/package.xml'
[0.318s]   does not match current PROJECT_NAME 'custom_msgs'.  You must call project()
[0.318s]   with the same package name before.
[0.318s] Call Stack (most recent call first):
[0.319s]   /opt/ros/humble/share/rosidl_cmake/cmake/rosidl_generate_interfaces.cmake:226 (ament_package_xml)
[0.319s]   CMakeLists.txt:13 (rosidl_generate_interfaces)
[0.319s] 
[0.319s] [0m
[0.319s] -- Configuring incomplete, errors occurred!
[0.319s] See also "/home/mahek/ros2_ws/build/tutorial_interfaces/CMakeFiles/CMakeOutput.log".
[0.322s] gmake: *** [Makefile:747: cmake_check_build_system] Error 1
[0.323s] Invoked command in '/home/mahek/ros2_ws/build/tutorial_interfaces' returned '2': CMAKE_PREFIX_PATH=${CMAKE_PREFIX_PATH}:/home/mahek/ros2_ws/install/my_robot_controller:/opt/ros/humble /usr/bin/cmake --build /home/mahek/ros2_ws/build/tutorial_interfaces -- -j12 -l12
