[0.009s] Invoking command in '/home/mahek/ros2_ws/src/build/my_package': CMAKE_PREFIX_PATH=/opt/ros/humble /usr/bin/cmake --build /home/mahek/ros2_ws/src/build/my_package -- -j12 -l12
[0.046s] [35m[1mConsolidate compiler generated dependencies of target my_node[0m
[0.058s] [100%] Built target my_node
[0.076s] Invoked command in '/home/mahek/ros2_ws/src/build/my_package' returned '0': CMAKE_PREFIX_PATH=/opt/ros/humble /usr/bin/cmake --build /home/mahek/ros2_ws/src/build/my_package -- -j12 -l12
[0.098s] Invoking command in '/home/mahek/ros2_ws/src/build/my_package': CMAKE_PREFIX_PATH=/opt/ros/humble /usr/bin/cmake --install /home/mahek/ros2_ws/src/build/my_package
[0.106s] -- Install configuration: ""
[0.106s] -- Up-to-date: /home/mahek/ros2_ws/src/install/my_package/lib/my_package/my_node
[0.106s] -- Up-to-date: /home/mahek/ros2_ws/src/install/my_package/share/ament_index/resource_index/package_run_dependencies/my_package
[0.107s] -- Up-to-date: /home/mahek/ros2_ws/src/install/my_package/share/ament_index/resource_index/parent_prefix_path/my_package
[0.107s] -- Up-to-date: /home/mahek/ros2_ws/src/install/my_package/share/my_package/environment/ament_prefix_path.sh
[0.107s] -- Up-to-date: /home/mahek/ros2_ws/src/install/my_package/share/my_package/environment/ament_prefix_path.dsv
[0.107s] -- Up-to-date: /home/mahek/ros2_ws/src/install/my_package/share/my_package/environment/path.sh
[0.107s] -- Up-to-date: /home/mahek/ros2_ws/src/install/my_package/share/my_package/environment/path.dsv
[0.107s] -- Up-to-date: /home/mahek/ros2_ws/src/install/my_package/share/my_package/local_setup.bash
[0.107s] -- Up-to-date: /home/mahek/ros2_ws/src/install/my_package/share/my_package/local_setup.sh
[0.107s] -- Up-to-date: /home/mahek/ros2_ws/src/install/my_package/share/my_package/local_setup.zsh
[0.107s] -- Up-to-date: /home/mahek/ros2_ws/src/install/my_package/share/my_package/local_setup.dsv
[0.107s] -- Up-to-date: /home/mahek/ros2_ws/src/install/my_package/share/my_package/package.dsv
[0.108s] -- Up-to-date: /home/mahek/ros2_ws/src/install/my_package/share/ament_index/resource_index/packages/my_package
[0.108s] -- Up-to-date: /home/mahek/ros2_ws/src/install/my_package/share/my_package/cmake/my_packageConfig.cmake
[0.108s] -- Up-to-date: /home/mahek/ros2_ws/src/install/my_package/share/my_package/cmake/my_packageConfig-version.cmake
[0.108s] -- Up-to-date: /home/mahek/ros2_ws/src/install/my_package/share/my_package/package.xml
[0.110s] Invoked command in '/home/mahek/ros2_ws/src/build/my_package' returned '0': CMAKE_PREFIX_PATH=/opt/ros/humble /usr/bin/cmake --install /home/mahek/ros2_ws/src/build/my_package
