[35m[1mConsolidate compiler generated dependencies of target my_cashier_system__rosidl_generator_c[0m
[  2%] Built target my_cashier_system__cpp
[  8%] [32mBuilding CXX object CMakeFiles/bill.dir/src/bill_publish_node.cpp.o[0m
[  8%] [32mBuilding CXX object CMakeFiles/inventory.dir/src/inventory_add_node.cpp.o[0m
[ 10%] [32mBuilding CXX object CMakeFiles/monitor.dir/src/bill_display_node.cpp.o[0m
[ 18%] Built target my_cashier_system__rosidl_generator_c
[ 21%] [34m[1mGenerating C++ type support for eProsima Fast-RTPS[0m
[ 24%] [34m[1mGenerating C++ introspection for ROS interfaces[0m
[ 24%] Built target ament_cmake_python_copy_my_cashier_system
[ 27%] [34m[1mGenerating C++ type support dispatch for ROS interfaces[0m
[ 29%] [34m[1mGenerating C introspection for ROS interfaces[0m
[ 32%] [34m[1mGenerating C type support dispatch for ROS interfaces[0m
[ 35%] [34m[1mGenerating C type support for eProsima Fast-RTPS[0m
[ 37%] [32mBuilding CXX object CMakeFiles/my_cashier_system__rosidl_typesupport_introspection_cpp.dir/rosidl_typesupport_introspection_cpp/my_cashier_system/msg/detail/bill__type_support.cpp.o[0m
[ 40%] [32mBuilding CXX object CMakeFiles/my_cashier_system__rosidl_typesupport_fastrtps_c.dir/rosidl_typesupport_fastrtps_c/my_cashier_system/msg/detail/bill__type_support_c.cpp.o[0m
[ 43%] [32mBuilding CXX object CMakeFiles/my_cashier_system__rosidl_typesupport_fastrtps_cpp.dir/rosidl_typesupport_fastrtps_cpp/my_cashier_system/msg/detail/dds_fastrtps/bill__type_support.cpp.o[0m
[ 45%] [32mBuilding CXX object CMakeFiles/my_cashier_system__rosidl_typesupport_cpp.dir/rosidl_typesupport_cpp/my_cashier_system/msg/bill__type_support.cpp.o[0m
[ 48%] [32mBuilding CXX object CMakeFiles/my_cashier_system__rosidl_typesupport_c.dir/rosidl_typesupport_c/my_cashier_system/msg/bill__type_support.cpp.o[0m
[ 51%] [32mBuilding C object CMakeFiles/my_cashier_system__rosidl_typesupport_introspection_c.dir/rosidl_typesupport_introspection_c/my_cashier_system/msg/detail/bill__type_support.c.o[0m
running egg_info
writing my_cashier_system.egg-info/PKG-INFO
writing dependency_links to my_cashier_system.egg-info/dependency_links.txt
writing top-level names to my_cashier_system.egg-info/top_level.txt
reading manifest file 'my_cashier_system.egg-info/SOURCES.txt'
[ 54%] [32m[1mLinking C shared library libmy_cashier_system__rosidl_typesupport_introspection_c.so[0m
writing manifest file 'my_cashier_system.egg-info/SOURCES.txt'
[ 56%] [32m[1mLinking CXX shared library libmy_cashier_system__rosidl_typesupport_c.so[0m
[ 56%] Built target ament_cmake_python_build_my_cashier_system_egg
[ 56%] Built target my_cashier_system__rosidl_typesupport_introspection_c
[ 56%] Built target my_cashier_system__rosidl_typesupport_c
[ 59%] [32m[1mLinking CXX shared library libmy_cashier_system__rosidl_typesupport_cpp.so[0m
[ 59%] Built target my_cashier_system__rosidl_typesupport_cpp
[ 62%] [32m[1mLinking CXX shared library libmy_cashier_system__rosidl_typesupport_fastrtps_c.so[0m
[ 64%] [32m[1mLinking CXX shared library libmy_cashier_system__rosidl_typesupport_introspection_cpp.so[0m
[ 64%] Built target my_cashier_system__rosidl_typesupport_fastrtps_c
[ 64%] Built target my_cashier_system__rosidl_typesupport_introspection_cpp
[ 67%] [32m[1mLinking CXX shared library libmy_cashier_system__rosidl_typesupport_fastrtps_cpp.so[0m
[ 67%] Built target my_cashier_system__rosidl_typesupport_fastrtps_cpp
