[0.011s] Invoking command in '/home/mahek/ros2_ws/build/my_cashier_system': CMAKE_PREFIX_PATH=${CMAKE_PREFIX_PATH}:/home/mahek/ros2_ws/install/my_robot_controller:/opt/ros/humble /usr/bin/cmake --build /home/mahek/ros2_ws/build/my_cashier_system -- -j12 -l12
[0.051s] [35m[1mConsolidate compiler generated dependencies of target my_cashier_system__rosidl_generator_c[0m
[0.057s] [  2%] Built target my_cashier_system__cpp
[0.062s] [  8%] [32mBuilding CXX object CMakeFiles/bill.dir/src/bill_publish_node.cpp.o[0m
[0.062s] [  8%] [32mBuilding CXX object CMakeFiles/inventory.dir/src/inventory_add_node.cpp.o[0m
[0.062s] [ 10%] [32mBuilding CXX object CMakeFiles/monitor.dir/src/bill_display_node.cpp.o[0m
[0.063s] [ 18%] Built target my_cashier_system__rosidl_generator_c
[0.068s] [ 21%] [34m[1mGenerating C++ type support for eProsima Fast-RTPS[0m
[0.068s] [ 24%] [34m[1mGenerating C++ introspection for ROS interfaces[0m
[0.068s] [ 24%] Built target ament_cmake_python_copy_my_cashier_system
[0.068s] [ 27%] [34m[1mGenerating C++ type support dispatch for ROS interfaces[0m
[0.071s] [ 29%] [34m[1mGenerating C introspection for ROS interfaces[0m
[0.074s] [ 32%] [34m[1mGenerating C type support dispatch for ROS interfaces[0m
[0.075s] [ 35%] [34m[1mGenerating C type support for eProsima Fast-RTPS[0m
[0.216s] [01m[K/home/mahek/ros2_ws/src/my_cashier_system/src/inventory_add_node.cpp:2:10:[m[K [01;31m[Kfatal error: [m[Kmy_cashier_system/msg/bill.hpp: No such file or directory
[0.216s]     2 | #include [01;31m[K"my_cashier_system/msg/bill.hpp"[m[K
[0.216s]       |          [01;31m[K^~~~~~~~~~~~~~~~~~~~~~~~~~~~~~~~[m[K
[0.217s] compilation terminated.
[0.218s] gmake[2]: *** [CMakeFiles/inventory.dir/build.make:76: CMakeFiles/inventory.dir/src/inventory_add_node.cpp.o] Error 1
[0.219s] gmake[1]: *** [CMakeFiles/Makefile2:622: CMakeFiles/inventory.dir/all] Error 2
[0.219s] gmake[1]: *** Waiting for unfinished jobs....
[0.262s] [ 37%] [32mBuilding CXX object CMakeFiles/my_cashier_system__rosidl_typesupport_introspection_cpp.dir/rosidl_typesupport_introspection_cpp/my_cashier_system/msg/detail/bill__type_support.cpp.o[0m
[0.314s] [01m[K/home/mahek/ros2_ws/src/my_cashier_system/src/bill_display_node.cpp:2:10:[m[K [01;31m[Kfatal error: [m[Kmy_cashier_system/msg/bill.hpp: No such file or directory
[0.314s]     2 | #include [01;31m[K"my_cashier_system/msg/bill.hpp"[m[K
[0.314s]       |          [01;31m[K^~~~~~~~~~~~~~~~~~~~~~~~~~~~~~~~[m[K
[0.315s] compilation terminated.
[0.317s] gmake[2]: *** [CMakeFiles/monitor.dir/build.make:76: CMakeFiles/monitor.dir/src/bill_display_node.cpp.o] Error 1
[0.317s] gmake[1]: *** [CMakeFiles/Makefile2:648: CMakeFiles/monitor.dir/all] Error 2
[0.326s] [01m[K/home/mahek/ros2_ws/src/my_cashier_system/src/bill_publish_node.cpp:2:10:[m[K [01;31m[Kfatal error: [m[Kmy_cashier_system/msg/bill.hpp: No such file or directory
[0.326s]     2 | #include [01;31m[K"my_cashier_system/msg/bill.hpp"[m[K
[0.326s]       |          [01;31m[K^~~~~~~~~~~~~~~~~~~~~~~~~~~~~~~~[m[K
[0.327s] compilation terminated.
[0.331s] gmake[2]: *** [CMakeFiles/bill.dir/build.make:76: CMakeFiles/bill.dir/src/bill_publish_node.cpp.o] Error 1
[0.331s] gmake[1]: *** [CMakeFiles/Makefile2:596: CMakeFiles/bill.dir/all] Error 2
[0.353s] [ 40%] [32mBuilding CXX object CMakeFiles/my_cashier_system__rosidl_typesupport_fastrtps_c.dir/rosidl_typesupport_fastrtps_c/my_cashier_system/msg/detail/bill__type_support_c.cpp.o[0m
[0.353s] [ 43%] [32mBuilding CXX object CMakeFiles/my_cashier_system__rosidl_typesupport_fastrtps_cpp.dir/rosidl_typesupport_fastrtps_cpp/my_cashier_system/msg/detail/dds_fastrtps/bill__type_support.cpp.o[0m
[0.359s] [ 45%] [32mBuilding CXX object CMakeFiles/my_cashier_system__rosidl_typesupport_cpp.dir/rosidl_typesupport_cpp/my_cashier_system/msg/bill__type_support.cpp.o[0m
[0.367s] [ 48%] [32mBuilding CXX object CMakeFiles/my_cashier_system__rosidl_typesupport_c.dir/rosidl_typesupport_c/my_cashier_system/msg/bill__type_support.cpp.o[0m
[0.378s] [ 51%] [32mBuilding C object CMakeFiles/my_cashier_system__rosidl_typesupport_introspection_c.dir/rosidl_typesupport_introspection_c/my_cashier_system/msg/detail/bill__type_support.c.o[0m
[0.401s] running egg_info
[0.402s] writing my_cashier_system.egg-info/PKG-INFO
[0.403s] writing dependency_links to my_cashier_system.egg-info/dependency_links.txt
[0.403s] writing top-level names to my_cashier_system.egg-info/top_level.txt
[0.406s] reading manifest file 'my_cashier_system.egg-info/SOURCES.txt'
[0.406s] [ 54%] [32m[1mLinking C shared library libmy_cashier_system__rosidl_typesupport_introspection_c.so[0m
[0.407s] writing manifest file 'my_cashier_system.egg-info/SOURCES.txt'
[0.408s] [ 56%] [32m[1mLinking CXX shared library libmy_cashier_system__rosidl_typesupport_c.so[0m
[0.446s] [ 56%] Built target ament_cmake_python_build_my_cashier_system_egg
[0.446s] [ 56%] Built target my_cashier_system__rosidl_typesupport_introspection_c
[0.461s] [ 56%] Built target my_cashier_system__rosidl_typesupport_c
[0.550s] [ 59%] [32m[1mLinking CXX shared library libmy_cashier_system__rosidl_typesupport_cpp.so[0m
[0.596s] [ 59%] Built target my_cashier_system__rosidl_typesupport_cpp
[0.652s] [ 62%] [32m[1mLinking CXX shared library libmy_cashier_system__rosidl_typesupport_fastrtps_c.so[0m
[0.695s] [ 64%] [32m[1mLinking CXX shared library libmy_cashier_system__rosidl_typesupport_introspection_cpp.so[0m
[0.734s] [ 64%] Built target my_cashier_system__rosidl_typesupport_fastrtps_c
[0.746s] [ 64%] Built target my_cashier_system__rosidl_typesupport_introspection_cpp
[0.812s] [ 67%] [32m[1mLinking CXX shared library libmy_cashier_system__rosidl_typesupport_fastrtps_cpp.so[0m
[0.884s] [ 67%] Built target my_cashier_system__rosidl_typesupport_fastrtps_cpp
[0.885s] gmake: *** [Makefile:146: all] Error 2
[0.887s] Invoked command in '/home/mahek/ros2_ws/build/my_cashier_system' returned '2': CMAKE_PREFIX_PATH=${CMAKE_PREFIX_PATH}:/home/mahek/ros2_ws/install/my_robot_controller:/opt/ros/humble /usr/bin/cmake --build /home/mahek/ros2_ws/build/my_cashier_system -- -j12 -l12
