[0.009s] Invoking command in '/home/mahek/rover_ws/build/my_rover': CMAKE_PREFIX_PATH=${CMAKE_PREFIX_PATH}:/home/mahek/ros2_ws/install/my_robot_controller:/opt/ros/humble /usr/bin/cmake --build /home/mahek/rover_ws/build/my_rover -- -j12 -l12
[0.031s] -- Found ament_cmake: 1.3.10 (/opt/ros/humble/share/ament_cmake/cmake)
[0.122s] -- Found gazebo_ros: 3.7.0 (/opt/ros/humble/share/gazebo_ros/cmake)
[0.142s] -- Found rosidl_generator_c: 3.1.5 (/opt/ros/humble/share/rosidl_generator_c/cmake)
[0.144s] -- Found rosidl_adapter: 3.1.5 (/opt/ros/humble/share/rosidl_adapter/cmake)
[0.147s] -- Found rosidl_generator_cpp: 3.1.5 (/opt/ros/humble/share/rosidl_generator_cpp/cmake)
[0.154s] -- Using all available rosidl_typesupport_c: rosidl_typesupport_fastrtps_c;rosidl_typesupport_introspection_c
[0.162s] -- Using all available rosidl_typesupport_cpp: rosidl_typesupport_fastrtps_cpp;rosidl_typesupport_introspection_cpp
[0.183s] -- Found rmw_implementation_cmake: 6.1.2 (/opt/ros/humble/share/rmw_implementation_cmake/cmake)
[0.184s] -- Found rmw_fastrtps_cpp: 6.2.7 (/opt/ros/humble/share/rmw_fastrtps_cpp/cmake)
[0.261s] -- Using RMW implementation 'rmw_fastrtps_cpp' as default
[0.324s] -- Found DART: /usr/include (Required is at least version "6.6") found components: dart 
[0.344s] -- Found Protobuf: /usr/lib/x86_64-linux-gnu/libprotobuf.so (found version "3.12.4") 
[0.345s] -- Looking for ignition-math6 -- found version 6.15.1
[0.348s] -- Searching for dependencies of ignition-math6
[0.349s] -- Looking for OGRE...
[0.355s] -- Found Ogre Ghadamon (1.9.0)
[0.355s] -- Found OGRE: optimized;/usr/lib/x86_64-linux-gnu/libOgreMain.so;debug;/usr/lib/x86_64-linux-gnu/libOgreMain.so
[0.363s] -- Looking for OGRE_Paging...
[0.364s] -- Found OGRE_Paging: optimized;/usr/lib/x86_64-linux-gnu/libOgrePaging.so;debug;/usr/lib/x86_64-linux-gnu/libOgrePaging.so
[0.364s] -- Looking for OGRE_Terrain...
[0.364s] -- Found OGRE_Terrain: optimized;/usr/lib/x86_64-linux-gnu/libOgreTerrain.so;debug;/usr/lib/x86_64-linux-gnu/libOgreTerrain.so
[0.364s] -- Looking for OGRE_Property...
[0.364s] -- Found OGRE_Property: optimized;/usr/lib/x86_64-linux-gnu/libOgreProperty.so;debug;/usr/lib/x86_64-linux-gnu/libOgreProperty.so
[0.364s] -- Looking for OGRE_RTShaderSystem...
[0.364s] -- Found OGRE_RTShaderSystem: optimized;/usr/lib/x86_64-linux-gnu/libOgreRTShaderSystem.so;debug;/usr/lib/x86_64-linux-gnu/libOgreRTShaderSystem.so
[0.364s] -- Looking for OGRE_Volume...
[0.364s] -- Found OGRE_Volume: optimized;/usr/lib/x86_64-linux-gnu/libOgreVolume.so;debug;/usr/lib/x86_64-linux-gnu/libOgreVolume.so
[0.364s] -- Looking for OGRE_Overlay...
[0.364s] -- Found OGRE_Overlay: optimized;/usr/lib/x86_64-linux-gnu/libOgreOverlay.so;debug;/usr/lib/x86_64-linux-gnu/libOgreOverlay.so
[0.428s] -- Looking for ignition-math6 -- found version 6.15.1
[0.429s] -- Looking for ignition-transport8 -- found version 8.2.1
[0.429s] -- Searching for dependencies of ignition-transport8
[0.442s] -- Found Protobuf: /usr/lib/x86_64-linux-gnu/libprotobuf.so (found suitable version "3.12.4", minimum required is "3") 
[0.448s] -- Config-file not installed for ZeroMQ -- checking for pkg-config
[0.454s] -- Checking for module 'libzmq >= 4'
[0.468s] --   Found libzmq , version 4.3.4
[0.521s] -- Checking for module 'uuid'
[0.540s] --   Found uuid, version 2.37.2
[0.586s] -- Looking for ignition-msgs5 -- found version 5.8.1
[0.586s] -- Searching for dependencies of ignition-msgs5
[0.610s] -- Looking for ignition-math6 -- found version 6.15.1
[0.617s] -- Checking for module 'tinyxml2'
[0.635s] --   Found tinyxml2, version 9.0.0
[0.680s] -- Looking for ignition-msgs5 -- found version 5.8.1
[0.680s] -- Looking for ignition-common3 -- found version 3.14.0
[0.681s] -- Searching for dependencies of ignition-common3
[0.681s] -- Looking for dlfcn.h - found
[0.681s] -- Looking for libdl - found
[0.695s] -- Searching for <ignition-common3> component [graphics]
[0.696s] -- Looking for ignition-common3-graphics -- found version 3.14.0
[0.696s] -- Searching for dependencies of ignition-common3-graphics
[0.697s] -- Looking for ignition-math6 -- found version 6.15.1
[0.698s] -- Looking for ignition-fuel_tools4 -- found version 4.4.0
[0.698s] -- Searching for dependencies of ignition-fuel_tools4
[0.750s] -- Checking for module 'jsoncpp'
[0.771s] --   Found jsoncpp, version 1.9.5
[0.830s] -- Checking for module 'libzip'
[0.849s] --   Found libzip, version 1.7.3
[0.892s] -- Looking for ignition-common3 -- found version 3.14.0
[0.893s] -- Looking for ignition-math6 -- found version 6.15.1
[0.893s] -- Looking for ignition-msgs5 -- found version 5.8.1
[0.895s] -- Gazebo version: 11.10
[0.897s] -- Found robot_state_publisher: 3.0.3 (/opt/ros/humble/share/robot_state_publisher/cmake)
[0.911s] -- Found eigen3_cmake_module: 0.1.1 (/opt/ros/humble/share/eigen3_cmake_module/cmake)
[0.912s] -- Ensuring Eigen3 include directory is part of orocos-kdl CMake target
[0.992s] -- Found xacro: 2.0.8 (/opt/ros/humble/share/xacro/cmake)
[0.992s] -- Found ament_lint_auto: 0.12.11 (/opt/ros/humble/share/ament_lint_auto/cmake)
[1.040s] -- Added test 'flake8' to check Python code syntax and style conventions
[1.040s] -- Added test 'lint_cmake' to check CMake code style
[1.041s] -- Added test 'pep257' to check Python code against some of the docstring style conventions in PEP 257
[1.042s] -- Added test 'xmllint' to check XML markup files
[1.042s] -- Configuring done
[1.054s] -- Generating done
[1.057s] -- Build files have been written to: /home/mahek/rover_ws/build/my_rover
[1.086s] Invoked command in '/home/mahek/rover_ws/build/my_rover' returned '0': CMAKE_PREFIX_PATH=${CMAKE_PREFIX_PATH}:/home/mahek/ros2_ws/install/my_robot_controller:/opt/ros/humble /usr/bin/cmake --build /home/mahek/rover_ws/build/my_rover -- -j12 -l12
[1.099s] Invoking command in '/home/mahek/rover_ws/build/my_rover': CMAKE_PREFIX_PATH=${CMAKE_PREFIX_PATH}:/home/mahek/ros2_ws/install/my_robot_controller:/opt/ros/humble /usr/bin/cmake --install /home/mahek/rover_ws/build/my_rover
[1.110s] -- Install configuration: ""
[1.110s] -- Installing: /home/mahek/rover_ws/install/my_rover/share/my_rover//launch
[1.110s] -- Installing: /home/mahek/rover_ws/install/my_rover/share/my_rover//launch/display.launch.py
[1.110s] -- Installing: /home/mahek/rover_ws/install/my_rover/share/my_rover//launch/gazebo.launch.py
[1.110s] -- Installing: /home/mahek/rover_ws/install/my_rover/share/my_rover//urdf
[1.110s] -- Installing: /home/mahek/rover_ws/install/my_rover/share/my_rover//urdf/robot.urdf.xacro
[1.111s] -- Installing: /home/mahek/rover_ws/install/my_rover/share/my_rover//urdf/material.xacro
[1.111s] -- Installing: /home/mahek/rover_ws/install/my_rover/share/my_rover//urdf/inertial.xacro
[1.111s] -- Installing: /home/mahek/rover_ws/install/my_rover/share/my_rover//rviz
[1.111s] -- Installing: /home/mahek/rover_ws/install/my_rover/share/my_rover//rviz/config.rviz
[1.111s] -- Installing: /home/mahek/rover_ws/install/my_rover/share/ament_index/resource_index/package_run_dependencies/my_rover
[1.111s] -- Up-to-date: /home/mahek/rover_ws/install/my_rover/share/ament_index/resource_index/parent_prefix_path/my_rover
[1.112s] -- Up-to-date: /home/mahek/rover_ws/install/my_rover/share/my_rover/environment/ament_prefix_path.sh
[1.112s] -- Installing: /home/mahek/rover_ws/install/my_rover/share/my_rover/environment/ament_prefix_path.dsv
[1.112s] -- Up-to-date: /home/mahek/rover_ws/install/my_rover/share/my_rover/environment/path.sh
[1.112s] -- Installing: /home/mahek/rover_ws/install/my_rover/share/my_rover/environment/path.dsv
[1.112s] -- Up-to-date: /home/mahek/rover_ws/install/my_rover/share/my_rover/local_setup.bash
[1.112s] -- Up-to-date: /home/mahek/rover_ws/install/my_rover/share/my_rover/local_setup.sh
[1.112s] -- Up-to-date: /home/mahek/rover_ws/install/my_rover/share/my_rover/local_setup.zsh
[1.112s] -- Installing: /home/mahek/rover_ws/install/my_rover/share/my_rover/local_setup.dsv
[1.112s] -- Installing: /home/mahek/rover_ws/install/my_rover/share/my_rover/package.dsv
[1.113s] -- Up-to-date: /home/mahek/rover_ws/install/my_rover/share/ament_index/resource_index/packages/my_rover
[1.113s] -- Up-to-date: /home/mahek/rover_ws/install/my_rover/share/my_rover/cmake/my_roverConfig.cmake
[1.113s] -- Up-to-date: /home/mahek/rover_ws/install/my_rover/share/my_rover/cmake/my_roverConfig-version.cmake
[1.113s] -- Installing: /home/mahek/rover_ws/install/my_rover/share/my_rover/package.xml
[1.114s] Invoked command in '/home/mahek/rover_ws/build/my_rover' returned '0': CMAKE_PREFIX_PATH=${CMAKE_PREFIX_PATH}:/home/mahek/ros2_ws/install/my_robot_controller:/opt/ros/humble /usr/bin/cmake --install /home/mahek/rover_ws/build/my_rover
