[0.015s] Invoking command in '/home/mahek/ros2_ws/build/my_cashier_system': CMAKE_PREFIX_PATH=/home/mahek/ros2_ws/install/tutorial_interfaces:/home/mahek/ros2_ws/install/my_cashier_system:/home/mahek/ros2_ws/install/my_package:/home/mahek/ros2_ws/install/cpp_pubsub:/home/mahek/ros2_ws/install/cpp:/home/mahek/ros2_ws/install/my_robot_controller:/opt/ros/humble /usr/bin/cmake --build /home/mahek/ros2_ws/build/my_cashier_system -- -j12 -l12
[0.067s] [ 16%] [32mBuilding CXX object CMakeFiles/bill_display_node.dir/src/bill_display_node.cpp.o[0m
[0.076s] [ 50%] Built target bill_subscriber_node
[0.077s] [ 83%] Built target bill
[5.162s] [100%] [32m[1mLinking CXX executable bill_display_node[0m
[5.432s] [100%] Built target bill_display_node
[5.446s] Invoked command in '/home/mahek/ros2_ws/build/my_cashier_system' returned '0': CMAKE_PREFIX_PATH=/home/mahek/ros2_ws/install/tutorial_interfaces:/home/mahek/ros2_ws/install/my_cashier_system:/home/mahek/ros2_ws/install/my_package:/home/mahek/ros2_ws/install/cpp_pubsub:/home/mahek/ros2_ws/install/cpp:/home/mahek/ros2_ws/install/my_robot_controller:/opt/ros/humble /usr/bin/cmake --build /home/mahek/ros2_ws/build/my_cashier_system -- -j12 -l12
[5.457s] Invoking command in '/home/mahek/ros2_ws/build/my_cashier_system': CMAKE_PREFIX_PATH=/home/mahek/ros2_ws/install/tutorial_interfaces:/home/mahek/ros2_ws/install/my_cashier_system:/home/mahek/ros2_ws/install/my_package:/home/mahek/ros2_ws/install/cpp_pubsub:/home/mahek/ros2_ws/install/cpp:/home/mahek/ros2_ws/install/my_robot_controller:/opt/ros/humble /usr/bin/cmake --install /home/mahek/ros2_ws/build/my_cashier_system
[5.465s] -- Install configuration: ""
[5.465s] -- Up-to-date: /home/mahek/ros2_ws/install/my_cashier_system/lib/my_cashier_system/bill
[5.465s] -- Up-to-date: /home/mahek/ros2_ws/install/my_cashier_system/lib/my_cashier_system/bill_subscriber_node
[5.465s] -- Installing: /home/mahek/ros2_ws/install/my_cashier_system/lib/my_cashier_system/bill_display_node
[5.467s] -- Set runtime path of "/home/mahek/ros2_ws/install/my_cashier_system/lib/my_cashier_system/bill_display_node" to ""
[5.467s] -- Up-to-date: /home/mahek/ros2_ws/install/my_cashier_system/share/ament_index/resource_index/package_run_dependencies/my_cashier_system
[5.467s] -- Up-to-date: /home/mahek/ros2_ws/install/my_cashier_system/share/ament_index/resource_index/parent_prefix_path/my_cashier_system
[5.467s] -- Up-to-date: /home/mahek/ros2_ws/install/my_cashier_system/share/my_cashier_system/environment/ament_prefix_path.sh
[5.467s] -- Installing: /home/mahek/ros2_ws/install/my_cashier_system/share/my_cashier_system/environment/ament_prefix_path.dsv
[5.467s] -- Up-to-date: /home/mahek/ros2_ws/install/my_cashier_system/share/my_cashier_system/environment/path.sh
[5.467s] -- Installing: /home/mahek/ros2_ws/install/my_cashier_system/share/my_cashier_system/environment/path.dsv
[5.468s] -- Up-to-date: /home/mahek/ros2_ws/install/my_cashier_system/share/my_cashier_system/local_setup.bash
[5.468s] -- Up-to-date: /home/mahek/ros2_ws/install/my_cashier_system/share/my_cashier_system/local_setup.sh
[5.468s] -- Up-to-date: /home/mahek/ros2_ws/install/my_cashier_system/share/my_cashier_system/local_setup.zsh
[5.468s] -- Installing: /home/mahek/ros2_ws/install/my_cashier_system/share/my_cashier_system/local_setup.dsv
[5.468s] -- Up-to-date: /home/mahek/ros2_ws/install/my_cashier_system/share/my_cashier_system/package.dsv
[5.468s] -- Up-to-date: /home/mahek/ros2_ws/install/my_cashier_system/share/ament_index/resource_index/packages/my_cashier_system
[5.468s] -- Up-to-date: /home/mahek/ros2_ws/install/my_cashier_system/share/my_cashier_system/cmake/my_cashier_systemConfig.cmake
[5.468s] -- Up-to-date: /home/mahek/ros2_ws/install/my_cashier_system/share/my_cashier_system/cmake/my_cashier_systemConfig-version.cmake
[5.469s] -- Up-to-date: /home/mahek/ros2_ws/install/my_cashier_system/share/my_cashier_system/package.xml
[5.470s] Invoked command in '/home/mahek/ros2_ws/build/my_cashier_system' returned '0': CMAKE_PREFIX_PATH=/home/mahek/ros2_ws/install/tutorial_interfaces:/home/mahek/ros2_ws/install/my_cashier_system:/home/mahek/ros2_ws/install/my_package:/home/mahek/ros2_ws/install/cpp_pubsub:/home/mahek/ros2_ws/install/cpp:/home/mahek/ros2_ws/install/my_robot_controller:/opt/ros/humble /usr/bin/cmake --install /home/mahek/ros2_ws/build/my_cashier_system
