[0.361s] Invoking command in '/home/mahek/ros2_ws/src/my_robot_controller': PYTHONPATH=/home/mahek/ros2_ws/build/my_robot_controller/prefix_override:/usr/lib/python3/dist-packages/colcon_core/task/python/colcon_distutils_commands:/home/mahek/ros2_ws/install/my_robot_controller/lib/python3.10/site-packages:${PYTHONPATH} /usr/bin/python3 -W ignore:setup.py install is deprecated -W ignore:easy_install command is deprecated setup.py egg_info --egg-base ../../build/my_robot_controller build --build-base /home/mahek/ros2_ws/build/my_robot_controller/build install --record /home/mahek/ros2_ws/build/my_robot_controller/install.log --single-version-externally-managed install_data
[0.498s] running egg_info
[0.498s] writing ../../build/my_robot_controller/my_robot_controller.egg-info/PKG-INFO
[0.498s] writing dependency_links to ../../build/my_robot_controller/my_robot_controller.egg-info/dependency_links.txt
[0.498s] writing entry points to ../../build/my_robot_controller/my_robot_controller.egg-info/entry_points.txt
[0.498s] writing requirements to ../../build/my_robot_controller/my_robot_controller.egg-info/requires.txt
[0.498s] writing top-level names to ../../build/my_robot_controller/my_robot_controller.egg-info/top_level.txt
[0.499s] reading manifest file '../../build/my_robot_controller/my_robot_controller.egg-info/SOURCES.txt'
[0.499s] writing manifest file '../../build/my_robot_controller/my_robot_controller.egg-info/SOURCES.txt'
[0.499s] running build
[0.499s] running build_py
[0.500s] copying my_robot_controller/pose_subcriber.py -> /home/mahek/ros2_ws/build/my_robot_controller/build/lib/my_robot_controller
[0.500s] running install
[0.500s] running install_lib
[0.500s] copying /home/mahek/ros2_ws/build/my_robot_controller/build/lib/my_robot_controller/pose_subcriber.py -> /home/mahek/ros2_ws/install/my_robot_controller/lib/python3.10/site-packages/my_robot_controller
[0.501s] byte-compiling /home/mahek/ros2_ws/install/my_robot_controller/lib/python3.10/site-packages/my_robot_controller/pose_subcriber.py to pose_subcriber.cpython-310.pyc
[0.501s] running install_data
[0.501s] running install_egg_info
[0.502s] removing '/home/mahek/ros2_ws/install/my_robot_controller/lib/python3.10/site-packages/my_robot_controller-0.0.0-py3.10.egg-info' (and everything under it)
[0.502s] Copying ../../build/my_robot_controller/my_robot_controller.egg-info to /home/mahek/ros2_ws/install/my_robot_controller/lib/python3.10/site-packages/my_robot_controller-0.0.0-py3.10.egg-info
[0.503s] running install_scripts
[0.516s] Installing draw_circle script to /home/mahek/ros2_ws/install/my_robot_controller/lib/my_robot_controller
[0.517s] Installing test_node script to /home/mahek/ros2_ws/install/my_robot_controller/lib/my_robot_controller
[0.517s] writing list of installed files to '/home/mahek/ros2_ws/build/my_robot_controller/install.log'
[0.532s] Invoked command in '/home/mahek/ros2_ws/src/my_robot_controller' returned '0': PYTHONPATH=/home/mahek/ros2_ws/build/my_robot_controller/prefix_override:/usr/lib/python3/dist-packages/colcon_core/task/python/colcon_distutils_commands:/home/mahek/ros2_ws/install/my_robot_controller/lib/python3.10/site-packages:${PYTHONPATH} /usr/bin/python3 -W ignore:setup.py install is deprecated -W ignore:easy_install command is deprecated setup.py egg_info --egg-base ../../build/my_robot_controller build --build-base /home/mahek/ros2_ws/build/my_robot_controller/build install --record /home/mahek/ros2_ws/build/my_robot_controller/install.log --single-version-externally-managed install_data
