[0.067s] DEBUG:colcon:Command line arguments: ['/usr/bin/colcon', 'build']
[0.068s] DEBUG:colcon:Parsed command line arguments: Namespace(log_base=None, log_level=None, verb_name='build', build_base='build', install_base='install', merge_install=False, symlink_install=False, test_result_base=None, continue_on_error=False, executor='parallel', parallel_workers=12, event_handlers=None, ignore_user_meta=False, metas=['./colcon.meta'], base_paths=['.'], packages_ignore=None, packages_ignore_regex=None, paths=None, packages_up_to=None, packages_up_to_regex=None, packages_above=None, packages_above_and_dependencies=None, packages_above_depth=None, packages_select_by_dep=None, packages_skip_by_dep=None, packages_skip_up_to=None, packages_select_build_failed=False, packages_skip_build_finished=False, packages_select_test_failures=False, packages_skip_test_passed=False, packages_select=None, packages_skip=None, packages_select_regex=None, packages_skip_regex=None, packages_start=None, packages_end=None, allow_overriding=[], cmake_args=None, cmake_target=None, cmake_target_skip_unavailable=False, cmake_clean_cache=False, cmake_clean_first=False, cmake_force_configure=False, ament_cmake_args=None, catkin_cmake_args=None, catkin_skip_building_tests=False, mixin_files=None, mixin=None, verb_parser=<colcon_mixin.mixin.mixin_argument.MixinArgumentDecorator object at 0x7aae658fa500>, verb_extension=<colcon_core.verb.build.BuildVerb object at 0x7aae658f9ae0>, main=<bound method BuildVerb.main of <colcon_core.verb.build.BuildVerb object at 0x7aae658f9ae0>>, mixin_verb=('build',))
[0.173s] Level 1:colcon.colcon_core.package_discovery:discover_packages(colcon_meta) check parameters
[0.173s] Level 1:colcon.colcon_core.package_discovery:discover_packages(recursive) check parameters
[0.173s] Level 1:colcon.colcon_core.package_discovery:discover_packages(ignore) check parameters
[0.173s] Level 1:colcon.colcon_core.package_discovery:discover_packages(path) check parameters
[0.173s] Level 1:colcon.colcon_core.package_discovery:discover_packages(colcon_meta) discover
[0.173s] Level 1:colcon.colcon_core.package_discovery:discover_packages(recursive) discover
[0.173s] INFO:colcon.colcon_core.package_discovery:Crawling recursively for packages in '/home/mahek/ros2_ws'
[0.173s] Level 1:colcon.colcon_core.package_identification:_identify(.) by extensions ['ignore', 'ignore_ament_install']
[0.173s] Level 1:colcon.colcon_core.package_identification:_identify(.) by extension 'ignore'
[0.173s] Level 1:colcon.colcon_core.package_identification:_identify(.) by extension 'ignore_ament_install'
[0.173s] Level 1:colcon.colcon_core.package_identification:_identify(.) by extensions ['colcon_pkg']
[0.173s] Level 1:colcon.colcon_core.package_identification:_identify(.) by extension 'colcon_pkg'
[0.173s] Level 1:colcon.colcon_core.package_identification:_identify(.) by extensions ['colcon_meta']
[0.173s] Level 1:colcon.colcon_core.package_identification:_identify(.) by extension 'colcon_meta'
[0.173s] Level 1:colcon.colcon_core.package_identification:_identify(.) by extensions ['ros']
[0.173s] Level 1:colcon.colcon_core.package_identification:_identify(.) by extension 'ros'
[0.181s] Level 1:colcon.colcon_core.package_identification:_identify(.) by extensions ['cmake', 'python']
[0.181s] Level 1:colcon.colcon_core.package_identification:_identify(.) by extension 'cmake'
[0.181s] Level 1:colcon.colcon_core.package_identification:_identify(.) by extension 'python'
[0.181s] Level 1:colcon.colcon_core.package_identification:_identify(.) by extensions ['python_setup_py']
[0.181s] Level 1:colcon.colcon_core.package_identification:_identify(.) by extension 'python_setup_py'
[0.181s] Level 1:colcon.colcon_core.package_identification:_identify(build) by extensions ['ignore', 'ignore_ament_install']
[0.181s] Level 1:colcon.colcon_core.package_identification:_identify(build) by extension 'ignore'
[0.181s] Level 1:colcon.colcon_core.package_identification:_identify(build) ignored
[0.181s] Level 1:colcon.colcon_core.package_identification:_identify(install) by extensions ['ignore', 'ignore_ament_install']
[0.181s] Level 1:colcon.colcon_core.package_identification:_identify(install) by extension 'ignore'
[0.181s] Level 1:colcon.colcon_core.package_identification:_identify(install) ignored
[0.181s] Level 1:colcon.colcon_core.package_identification:_identify(log) by extensions ['ignore', 'ignore_ament_install']
[0.181s] Level 1:colcon.colcon_core.package_identification:_identify(log) by extension 'ignore'
[0.182s] Level 1:colcon.colcon_core.package_identification:_identify(log) ignored
[0.182s] Level 1:colcon.colcon_core.package_identification:_identify(src) by extensions ['ignore', 'ignore_ament_install']
[0.182s] Level 1:colcon.colcon_core.package_identification:_identify(src) by extension 'ignore'
[0.182s] Level 1:colcon.colcon_core.package_identification:_identify(src) by extension 'ignore_ament_install'
[0.182s] Level 1:colcon.colcon_core.package_identification:_identify(src) by extensions ['colcon_pkg']
[0.182s] Level 1:colcon.colcon_core.package_identification:_identify(src) by extension 'colcon_pkg'
[0.182s] Level 1:colcon.colcon_core.package_identification:_identify(src) by extensions ['colcon_meta']
[0.182s] Level 1:colcon.colcon_core.package_identification:_identify(src) by extension 'colcon_meta'
[0.182s] Level 1:colcon.colcon_core.package_identification:_identify(src) by extensions ['ros']
[0.182s] Level 1:colcon.colcon_core.package_identification:_identify(src) by extension 'ros'
[0.182s] Level 1:colcon.colcon_core.package_identification:_identify(src) by extensions ['cmake', 'python']
[0.182s] Level 1:colcon.colcon_core.package_identification:_identify(src) by extension 'cmake'
[0.182s] Level 1:colcon.colcon_core.package_identification:_identify(src) by extension 'python'
[0.182s] Level 1:colcon.colcon_core.package_identification:_identify(src) by extensions ['python_setup_py']
[0.182s] Level 1:colcon.colcon_core.package_identification:_identify(src) by extension 'python_setup_py'
[0.182s] Level 1:colcon.colcon_core.package_identification:_identify(src/build) by extensions ['ignore', 'ignore_ament_install']
[0.182s] Level 1:colcon.colcon_core.package_identification:_identify(src/build) by extension 'ignore'
[0.182s] Level 1:colcon.colcon_core.package_identification:_identify(src/build) ignored
[0.182s] Level 1:colcon.colcon_core.package_identification:_identify(src/install) by extensions ['ignore', 'ignore_ament_install']
[0.182s] Level 1:colcon.colcon_core.package_identification:_identify(src/install) by extension 'ignore'
[0.182s] Level 1:colcon.colcon_core.package_identification:_identify(src/install) ignored
[0.182s] Level 1:colcon.colcon_core.package_identification:_identify(src/log) by extensions ['ignore', 'ignore_ament_install']
[0.182s] Level 1:colcon.colcon_core.package_identification:_identify(src/log) by extension 'ignore'
[0.182s] Level 1:colcon.colcon_core.package_identification:_identify(src/log) ignored
[0.182s] Level 1:colcon.colcon_core.package_identification:_identify(src/my_cashier_system) by extensions ['ignore', 'ignore_ament_install']
[0.182s] Level 1:colcon.colcon_core.package_identification:_identify(src/my_cashier_system) by extension 'ignore'
[0.182s] Level 1:colcon.colcon_core.package_identification:_identify(src/my_cashier_system) by extension 'ignore_ament_install'
[0.182s] Level 1:colcon.colcon_core.package_identification:_identify(src/my_cashier_system) by extensions ['colcon_pkg']
[0.182s] Level 1:colcon.colcon_core.package_identification:_identify(src/my_cashier_system) by extension 'colcon_pkg'
[0.182s] Level 1:colcon.colcon_core.package_identification:_identify(src/my_cashier_system) by extensions ['colcon_meta']
[0.182s] Level 1:colcon.colcon_core.package_identification:_identify(src/my_cashier_system) by extension 'colcon_meta'
[0.182s] Level 1:colcon.colcon_core.package_identification:_identify(src/my_cashier_system) by extensions ['ros']
[0.182s] Level 1:colcon.colcon_core.package_identification:_identify(src/my_cashier_system) by extension 'ros'
[0.184s] DEBUG:colcon.colcon_core.package_identification:Package 'src/my_cashier_system' with type 'ros.ament_cmake' and name 'my_cashier_system'
[0.184s] Level 1:colcon.colcon_core.package_identification:_identify(src/tutorial_interfaces) by extensions ['ignore', 'ignore_ament_install']
[0.184s] Level 1:colcon.colcon_core.package_identification:_identify(src/tutorial_interfaces) by extension 'ignore'
[0.184s] Level 1:colcon.colcon_core.package_identification:_identify(src/tutorial_interfaces) by extension 'ignore_ament_install'
[0.184s] Level 1:colcon.colcon_core.package_identification:_identify(src/tutorial_interfaces) by extensions ['colcon_pkg']
[0.184s] Level 1:colcon.colcon_core.package_identification:_identify(src/tutorial_interfaces) by extension 'colcon_pkg'
[0.184s] Level 1:colcon.colcon_core.package_identification:_identify(src/tutorial_interfaces) by extensions ['colcon_meta']
[0.184s] Level 1:colcon.colcon_core.package_identification:_identify(src/tutorial_interfaces) by extension 'colcon_meta'
[0.184s] Level 1:colcon.colcon_core.package_identification:_identify(src/tutorial_interfaces) by extensions ['ros']
[0.184s] Level 1:colcon.colcon_core.package_identification:_identify(src/tutorial_interfaces) by extension 'ros'
[0.185s] DEBUG:colcon.colcon_core.package_identification:Package 'src/tutorial_interfaces' with type 'ros.ament_cmake' and name 'tutorial_interfaces'
[0.185s] Level 1:colcon.colcon_core.package_discovery:discover_packages(recursive) using defaults
[0.185s] Level 1:colcon.colcon_core.package_discovery:discover_packages(ignore) discover
[0.185s] Level 1:colcon.colcon_core.package_discovery:discover_packages(ignore) using defaults
[0.185s] Level 1:colcon.colcon_core.package_discovery:discover_packages(path) discover
[0.185s] Level 1:colcon.colcon_core.package_discovery:discover_packages(path) using defaults
[0.206s] Level 1:colcon.colcon_core.package_discovery:discover_packages(prefix_path) check parameters
[0.206s] Level 1:colcon.colcon_core.package_discovery:discover_packages(prefix_path) discover
[0.207s] DEBUG:colcon.colcon_installed_package_information.package_discovery:Found 6 installed packages in /home/mahek/ros2_ws/install
[0.208s] DEBUG:colcon.colcon_installed_package_information.package_discovery:Found 294 installed packages in /opt/ros/humble
[0.209s] Level 1:colcon.colcon_core.package_discovery:discover_packages(prefix_path) using defaults
[0.232s] Level 5:colcon.colcon_core.verb:set package 'tutorial_interfaces' build argument 'cmake_args' from command line to 'None'
[0.232s] Level 5:colcon.colcon_core.verb:set package 'tutorial_interfaces' build argument 'cmake_target' from command line to 'None'
[0.232s] Level 5:colcon.colcon_core.verb:set package 'tutorial_interfaces' build argument 'cmake_target_skip_unavailable' from command line to 'False'
[0.232s] Level 5:colcon.colcon_core.verb:set package 'tutorial_interfaces' build argument 'cmake_clean_cache' from command line to 'False'
[0.232s] Level 5:colcon.colcon_core.verb:set package 'tutorial_interfaces' build argument 'cmake_clean_first' from command line to 'False'
[0.232s] Level 5:colcon.colcon_core.verb:set package 'tutorial_interfaces' build argument 'cmake_force_configure' from command line to 'False'
[0.232s] Level 5:colcon.colcon_core.verb:set package 'tutorial_interfaces' build argument 'ament_cmake_args' from command line to 'None'
[0.232s] Level 5:colcon.colcon_core.verb:set package 'tutorial_interfaces' build argument 'catkin_cmake_args' from command line to 'None'
[0.232s] Level 5:colcon.colcon_core.verb:set package 'tutorial_interfaces' build argument 'catkin_skip_building_tests' from command line to 'False'
[0.232s] DEBUG:colcon.colcon_core.verb:Building package 'tutorial_interfaces' with the following arguments: {'ament_cmake_args': None, 'build_base': '/home/mahek/ros2_ws/build/tutorial_interfaces', 'catkin_cmake_args': None, 'catkin_skip_building_tests': False, 'cmake_args': None, 'cmake_clean_cache': False, 'cmake_clean_first': False, 'cmake_force_configure': False, 'cmake_target': None, 'cmake_target_skip_unavailable': False, 'install_base': '/home/mahek/ros2_ws/install/tutorial_interfaces', 'merge_install': False, 'path': '/home/mahek/ros2_ws/src/tutorial_interfaces', 'symlink_install': False, 'test_result_base': None}
[0.233s] Level 5:colcon.colcon_core.verb:set package 'my_cashier_system' build argument 'cmake_args' from command line to 'None'
[0.233s] Level 5:colcon.colcon_core.verb:set package 'my_cashier_system' build argument 'cmake_target' from command line to 'None'
[0.233s] Level 5:colcon.colcon_core.verb:set package 'my_cashier_system' build argument 'cmake_target_skip_unavailable' from command line to 'False'
[0.233s] Level 5:colcon.colcon_core.verb:set package 'my_cashier_system' build argument 'cmake_clean_cache' from command line to 'False'
[0.233s] Level 5:colcon.colcon_core.verb:set package 'my_cashier_system' build argument 'cmake_clean_first' from command line to 'False'
[0.233s] Level 5:colcon.colcon_core.verb:set package 'my_cashier_system' build argument 'cmake_force_configure' from command line to 'False'
[0.233s] Level 5:colcon.colcon_core.verb:set package 'my_cashier_system' build argument 'ament_cmake_args' from command line to 'None'
[0.233s] Level 5:colcon.colcon_core.verb:set package 'my_cashier_system' build argument 'catkin_cmake_args' from command line to 'None'
[0.233s] Level 5:colcon.colcon_core.verb:set package 'my_cashier_system' build argument 'catkin_skip_building_tests' from command line to 'False'
[0.233s] DEBUG:colcon.colcon_core.verb:Building package 'my_cashier_system' with the following arguments: {'ament_cmake_args': None, 'build_base': '/home/mahek/ros2_ws/build/my_cashier_system', 'catkin_cmake_args': None, 'catkin_skip_building_tests': False, 'cmake_args': None, 'cmake_clean_cache': False, 'cmake_clean_first': False, 'cmake_force_configure': False, 'cmake_target': None, 'cmake_target_skip_unavailable': False, 'install_base': '/home/mahek/ros2_ws/install/my_cashier_system', 'merge_install': False, 'path': '/home/mahek/ros2_ws/src/my_cashier_system', 'symlink_install': False, 'test_result_base': None}
[0.233s] INFO:colcon.colcon_core.executor:Executing jobs using 'parallel' executor
[0.234s] DEBUG:colcon.colcon_parallel_executor.executor.parallel:run_until_complete
[0.234s] INFO:colcon.colcon_ros.task.ament_cmake.build:Building ROS package in '/home/mahek/ros2_ws/src/tutorial_interfaces' with build type 'ament_cmake'
[0.234s] INFO:colcon.colcon_cmake.task.cmake.build:Building CMake package in '/home/mahek/ros2_ws/src/tutorial_interfaces'
[0.235s] INFO:colcon.colcon_core.plugin_system:Skipping extension 'colcon_core.shell.bat': Not used on non-Windows systems
[0.235s] INFO:colcon.colcon_core.shell:Skip shell extension 'powershell' for command environment: Not usable outside of PowerShell
[0.235s] DEBUG:colcon.colcon_core.shell:Skip shell extension 'dsv' for command environment
[0.243s] DEBUG:colcon.colcon_core.event_handler.log_command:Invoking command in '/home/mahek/ros2_ws/build/tutorial_interfaces': CMAKE_PREFIX_PATH=${CMAKE_PREFIX_PATH}:/home/mahek/ros2_ws/install/my_robot_controller:/opt/ros/humble /usr/bin/cmake --build /home/mahek/ros2_ws/build/tutorial_interfaces -- -j12 -l12
[0.534s] DEBUG:colcon.colcon_core.event_handler.log_command:Invoked command in '/home/mahek/ros2_ws/build/tutorial_interfaces' returned '0': CMAKE_PREFIX_PATH=${CMAKE_PREFIX_PATH}:/home/mahek/ros2_ws/install/my_robot_controller:/opt/ros/humble /usr/bin/cmake --build /home/mahek/ros2_ws/build/tutorial_interfaces -- -j12 -l12
[0.546s] DEBUG:colcon.colcon_core.event_handler.log_command:Invoking command in '/home/mahek/ros2_ws/build/tutorial_interfaces': CMAKE_PREFIX_PATH=${CMAKE_PREFIX_PATH}:/home/mahek/ros2_ws/install/my_robot_controller:/opt/ros/humble /usr/bin/cmake --install /home/mahek/ros2_ws/build/tutorial_interfaces
[0.593s] Level 1:colcon.colcon_core.environment:create_environment_scripts_only(tutorial_interfaces)
[0.593s] DEBUG:colcon.colcon_core.event_handler.log_command:Invoked command in '/home/mahek/ros2_ws/build/tutorial_interfaces' returned '0': CMAKE_PREFIX_PATH=${CMAKE_PREFIX_PATH}:/home/mahek/ros2_ws/install/my_robot_controller:/opt/ros/humble /usr/bin/cmake --install /home/mahek/ros2_ws/build/tutorial_interfaces
[0.597s] Level 1:colcon.colcon_core.environment:checking '/home/mahek/ros2_ws/install/tutorial_interfaces' for CMake module files
[0.598s] Level 1:colcon.colcon_core.environment:checking '/home/mahek/ros2_ws/install/tutorial_interfaces' for CMake config files
[0.598s] Level 1:colcon.colcon_core.shell:create_environment_hook('tutorial_interfaces', 'cmake_prefix_path')
[0.598s] INFO:colcon.colcon_core.shell:Creating environment hook '/home/mahek/ros2_ws/install/tutorial_interfaces/share/tutorial_interfaces/hook/cmake_prefix_path.ps1'
[0.599s] INFO:colcon.colcon_core.shell:Creating environment descriptor '/home/mahek/ros2_ws/install/tutorial_interfaces/share/tutorial_interfaces/hook/cmake_prefix_path.dsv'
[0.600s] INFO:colcon.colcon_core.shell:Creating environment hook '/home/mahek/ros2_ws/install/tutorial_interfaces/share/tutorial_interfaces/hook/cmake_prefix_path.sh'
[0.601s] Level 1:colcon.colcon_core.environment:checking '/home/mahek/ros2_ws/install/tutorial_interfaces/lib'
[0.601s] Level 1:colcon.colcon_core.shell:create_environment_hook('tutorial_interfaces', 'ld_library_path_lib')
[0.602s] INFO:colcon.colcon_core.shell:Creating environment hook '/home/mahek/ros2_ws/install/tutorial_interfaces/share/tutorial_interfaces/hook/ld_library_path_lib.ps1'
[0.602s] INFO:colcon.colcon_core.shell:Creating environment descriptor '/home/mahek/ros2_ws/install/tutorial_interfaces/share/tutorial_interfaces/hook/ld_library_path_lib.dsv'
[0.603s] INFO:colcon.colcon_core.shell:Creating environment hook '/home/mahek/ros2_ws/install/tutorial_interfaces/share/tutorial_interfaces/hook/ld_library_path_lib.sh'
[0.603s] Level 1:colcon.colcon_core.environment:checking '/home/mahek/ros2_ws/install/tutorial_interfaces/bin'
[0.604s] Level 1:colcon.colcon_core.environment:checking '/home/mahek/ros2_ws/install/tutorial_interfaces/lib/pkgconfig/tutorial_interfaces.pc'
[0.604s] Level 1:colcon.colcon_core.environment:checking '/home/mahek/ros2_ws/install/tutorial_interfaces/lib/python3.10/site-packages'
[0.604s] Level 1:colcon.colcon_core.environment:checking '/home/mahek/ros2_ws/install/tutorial_interfaces/bin'
[0.605s] INFO:colcon.colcon_core.shell:Creating package script '/home/mahek/ros2_ws/install/tutorial_interfaces/share/tutorial_interfaces/package.ps1'
[0.606s] INFO:colcon.colcon_core.shell:Creating package descriptor '/home/mahek/ros2_ws/install/tutorial_interfaces/share/tutorial_interfaces/package.dsv'
[0.607s] INFO:colcon.colcon_core.shell:Creating package script '/home/mahek/ros2_ws/install/tutorial_interfaces/share/tutorial_interfaces/package.sh'
[0.608s] INFO:colcon.colcon_core.shell:Creating package script '/home/mahek/ros2_ws/install/tutorial_interfaces/share/tutorial_interfaces/package.bash'
[0.608s] INFO:colcon.colcon_core.shell:Creating package script '/home/mahek/ros2_ws/install/tutorial_interfaces/share/tutorial_interfaces/package.zsh'
[0.609s] Level 1:colcon.colcon_core.environment:create_file_with_runtime_dependencies(/home/mahek/ros2_ws/install/tutorial_interfaces/share/colcon-core/packages/tutorial_interfaces)
[0.610s] Level 1:colcon.colcon_core.environment:create_environment_scripts_only(tutorial_interfaces)
[0.611s] Level 1:colcon.colcon_core.environment:checking '/home/mahek/ros2_ws/install/tutorial_interfaces' for CMake module files
[0.611s] Level 1:colcon.colcon_core.environment:checking '/home/mahek/ros2_ws/install/tutorial_interfaces' for CMake config files
[0.612s] Level 1:colcon.colcon_core.shell:create_environment_hook('tutorial_interfaces', 'cmake_prefix_path')
[0.612s] INFO:colcon.colcon_core.shell:Creating environment hook '/home/mahek/ros2_ws/install/tutorial_interfaces/share/tutorial_interfaces/hook/cmake_prefix_path.ps1'
[0.613s] INFO:colcon.colcon_core.shell:Creating environment descriptor '/home/mahek/ros2_ws/install/tutorial_interfaces/share/tutorial_interfaces/hook/cmake_prefix_path.dsv'
[0.613s] INFO:colcon.colcon_core.shell:Creating environment hook '/home/mahek/ros2_ws/install/tutorial_interfaces/share/tutorial_interfaces/hook/cmake_prefix_path.sh'
[0.614s] Level 1:colcon.colcon_core.environment:checking '/home/mahek/ros2_ws/install/tutorial_interfaces/lib'
[0.614s] Level 1:colcon.colcon_core.shell:create_environment_hook('tutorial_interfaces', 'ld_library_path_lib')
[0.614s] INFO:colcon.colcon_core.shell:Creating environment hook '/home/mahek/ros2_ws/install/tutorial_interfaces/share/tutorial_interfaces/hook/ld_library_path_lib.ps1'
[0.615s] INFO:colcon.colcon_core.shell:Creating environment descriptor '/home/mahek/ros2_ws/install/tutorial_interfaces/share/tutorial_interfaces/hook/ld_library_path_lib.dsv'
[0.615s] INFO:colcon.colcon_core.shell:Creating environment hook '/home/mahek/ros2_ws/install/tutorial_interfaces/share/tutorial_interfaces/hook/ld_library_path_lib.sh'
[0.616s] Level 1:colcon.colcon_core.environment:checking '/home/mahek/ros2_ws/install/tutorial_interfaces/bin'
[0.616s] Level 1:colcon.colcon_core.environment:checking '/home/mahek/ros2_ws/install/tutorial_interfaces/lib/pkgconfig/tutorial_interfaces.pc'
[0.616s] Level 1:colcon.colcon_core.environment:checking '/home/mahek/ros2_ws/install/tutorial_interfaces/lib/python3.10/site-packages'
[0.617s] Level 1:colcon.colcon_core.environment:checking '/home/mahek/ros2_ws/install/tutorial_interfaces/bin'
[0.617s] INFO:colcon.colcon_core.shell:Creating package script '/home/mahek/ros2_ws/install/tutorial_interfaces/share/tutorial_interfaces/package.ps1'
[0.618s] INFO:colcon.colcon_core.shell:Creating package descriptor '/home/mahek/ros2_ws/install/tutorial_interfaces/share/tutorial_interfaces/package.dsv'
[0.618s] INFO:colcon.colcon_core.shell:Creating package script '/home/mahek/ros2_ws/install/tutorial_interfaces/share/tutorial_interfaces/package.sh'
[0.619s] INFO:colcon.colcon_core.shell:Creating package script '/home/mahek/ros2_ws/install/tutorial_interfaces/share/tutorial_interfaces/package.bash'
[0.620s] INFO:colcon.colcon_core.shell:Creating package script '/home/mahek/ros2_ws/install/tutorial_interfaces/share/tutorial_interfaces/package.zsh'
[0.620s] Level 1:colcon.colcon_core.environment:create_file_with_runtime_dependencies(/home/mahek/ros2_ws/install/tutorial_interfaces/share/colcon-core/packages/tutorial_interfaces)
[0.620s] INFO:colcon.colcon_ros.task.ament_cmake.build:Building ROS package in '/home/mahek/ros2_ws/src/my_cashier_system' with build type 'ament_cmake'
[0.620s] INFO:colcon.colcon_cmake.task.cmake.build:Building CMake package in '/home/mahek/ros2_ws/src/my_cashier_system'
[0.621s] INFO:colcon.colcon_core.shell:Skip shell extension 'powershell' for command environment: Not usable outside of PowerShell
[0.621s] DEBUG:colcon.colcon_core.shell:Skip shell extension 'dsv' for command environment
[0.632s] DEBUG:colcon.colcon_core.event_handler.log_command:Invoking command in '/home/mahek/ros2_ws/build/my_cashier_system': CMAKE_PREFIX_PATH=/home/mahek/ros2_ws/install/tutorial_interfaces:/home/mahek/ros2_ws/install/my_cashier_system:/home/mahek/ros2_ws/install/my_package:/home/mahek/ros2_ws/install/cpp_pubsub:/home/mahek/ros2_ws/install/cpp:/home/mahek/ros2_ws/install/my_robot_controller:/opt/ros/humble /usr/bin/cmake --build /home/mahek/ros2_ws/build/my_cashier_system -- -j12 -l12
[8.247s] DEBUG:colcon.colcon_core.event_handler.log_command:Invoked command in '/home/mahek/ros2_ws/build/my_cashier_system' returned '0': CMAKE_PREFIX_PATH=/home/mahek/ros2_ws/install/tutorial_interfaces:/home/mahek/ros2_ws/install/my_cashier_system:/home/mahek/ros2_ws/install/my_package:/home/mahek/ros2_ws/install/cpp_pubsub:/home/mahek/ros2_ws/install/cpp:/home/mahek/ros2_ws/install/my_robot_controller:/opt/ros/humble /usr/bin/cmake --build /home/mahek/ros2_ws/build/my_cashier_system -- -j12 -l12
[8.250s] DEBUG:colcon.colcon_core.event_handler.log_command:Invoking command in '/home/mahek/ros2_ws/build/my_cashier_system': CMAKE_PREFIX_PATH=/home/mahek/ros2_ws/install/tutorial_interfaces:/home/mahek/ros2_ws/install/my_cashier_system:/home/mahek/ros2_ws/install/my_package:/home/mahek/ros2_ws/install/cpp_pubsub:/home/mahek/ros2_ws/install/cpp:/home/mahek/ros2_ws/install/my_robot_controller:/opt/ros/humble /usr/bin/cmake --install /home/mahek/ros2_ws/build/my_cashier_system
[8.270s] Level 1:colcon.colcon_core.environment:create_environment_scripts_only(my_cashier_system)
[8.270s] DEBUG:colcon.colcon_core.event_handler.log_command:Invoked command in '/home/mahek/ros2_ws/build/my_cashier_system' returned '0': CMAKE_PREFIX_PATH=/home/mahek/ros2_ws/install/tutorial_interfaces:/home/mahek/ros2_ws/install/my_cashier_system:/home/mahek/ros2_ws/install/my_package:/home/mahek/ros2_ws/install/cpp_pubsub:/home/mahek/ros2_ws/install/cpp:/home/mahek/ros2_ws/install/my_robot_controller:/opt/ros/humble /usr/bin/cmake --install /home/mahek/ros2_ws/build/my_cashier_system
[8.271s] Level 1:colcon.colcon_core.environment:checking '/home/mahek/ros2_ws/install/my_cashier_system' for CMake module files
[8.271s] Level 1:colcon.colcon_core.environment:checking '/home/mahek/ros2_ws/install/my_cashier_system' for CMake config files
[8.272s] Level 1:colcon.colcon_core.shell:create_environment_hook('my_cashier_system', 'cmake_prefix_path')
[8.272s] INFO:colcon.colcon_core.shell:Creating environment hook '/home/mahek/ros2_ws/install/my_cashier_system/share/my_cashier_system/hook/cmake_prefix_path.ps1'
[8.273s] INFO:colcon.colcon_core.shell:Creating environment descriptor '/home/mahek/ros2_ws/install/my_cashier_system/share/my_cashier_system/hook/cmake_prefix_path.dsv'
[8.273s] INFO:colcon.colcon_core.shell:Creating environment hook '/home/mahek/ros2_ws/install/my_cashier_system/share/my_cashier_system/hook/cmake_prefix_path.sh'
[8.274s] Level 1:colcon.colcon_core.environment:checking '/home/mahek/ros2_ws/install/my_cashier_system/lib'
[8.274s] Level 1:colcon.colcon_core.environment:checking '/home/mahek/ros2_ws/install/my_cashier_system/bin'
[8.274s] Level 1:colcon.colcon_core.environment:checking '/home/mahek/ros2_ws/install/my_cashier_system/lib/pkgconfig/my_cashier_system.pc'
[8.275s] Level 1:colcon.colcon_core.environment:checking '/home/mahek/ros2_ws/install/my_cashier_system/lib/python3.10/site-packages'
[8.275s] Level 1:colcon.colcon_core.environment:checking '/home/mahek/ros2_ws/install/my_cashier_system/bin'
[8.275s] INFO:colcon.colcon_core.shell:Creating package script '/home/mahek/ros2_ws/install/my_cashier_system/share/my_cashier_system/package.ps1'
[8.276s] INFO:colcon.colcon_core.shell:Creating package descriptor '/home/mahek/ros2_ws/install/my_cashier_system/share/my_cashier_system/package.dsv'
[8.276s] INFO:colcon.colcon_core.shell:Creating package script '/home/mahek/ros2_ws/install/my_cashier_system/share/my_cashier_system/package.sh'
[8.277s] INFO:colcon.colcon_core.shell:Creating package script '/home/mahek/ros2_ws/install/my_cashier_system/share/my_cashier_system/package.bash'
[8.277s] INFO:colcon.colcon_core.shell:Creating package script '/home/mahek/ros2_ws/install/my_cashier_system/share/my_cashier_system/package.zsh'
[8.278s] Level 1:colcon.colcon_core.environment:create_file_with_runtime_dependencies(/home/mahek/ros2_ws/install/my_cashier_system/share/colcon-core/packages/my_cashier_system)
[8.278s] Level 1:colcon.colcon_core.environment:create_environment_scripts_only(my_cashier_system)
[8.279s] Level 1:colcon.colcon_core.environment:checking '/home/mahek/ros2_ws/install/my_cashier_system' for CMake module files
[8.279s] Level 1:colcon.colcon_core.environment:checking '/home/mahek/ros2_ws/install/my_cashier_system' for CMake config files
[8.280s] Level 1:colcon.colcon_core.shell:create_environment_hook('my_cashier_system', 'cmake_prefix_path')
[8.280s] INFO:colcon.colcon_core.shell:Creating environment hook '/home/mahek/ros2_ws/install/my_cashier_system/share/my_cashier_system/hook/cmake_prefix_path.ps1'
[8.281s] INFO:colcon.colcon_core.shell:Creating environment descriptor '/home/mahek/ros2_ws/install/my_cashier_system/share/my_cashier_system/hook/cmake_prefix_path.dsv'
[8.281s] INFO:colcon.colcon_core.shell:Creating environment hook '/home/mahek/ros2_ws/install/my_cashier_system/share/my_cashier_system/hook/cmake_prefix_path.sh'
[8.282s] Level 1:colcon.colcon_core.environment:checking '/home/mahek/ros2_ws/install/my_cashier_system/lib'
[8.282s] Level 1:colcon.colcon_core.environment:checking '/home/mahek/ros2_ws/install/my_cashier_system/bin'
[8.282s] Level 1:colcon.colcon_core.environment:checking '/home/mahek/ros2_ws/install/my_cashier_system/lib/pkgconfig/my_cashier_system.pc'
[8.282s] Level 1:colcon.colcon_core.environment:checking '/home/mahek/ros2_ws/install/my_cashier_system/lib/python3.10/site-packages'
[8.282s] Level 1:colcon.colcon_core.environment:checking '/home/mahek/ros2_ws/install/my_cashier_system/bin'
[8.283s] INFO:colcon.colcon_core.shell:Creating package script '/home/mahek/ros2_ws/install/my_cashier_system/share/my_cashier_system/package.ps1'
[8.283s] INFO:colcon.colcon_core.shell:Creating package descriptor '/home/mahek/ros2_ws/install/my_cashier_system/share/my_cashier_system/package.dsv'
[8.283s] INFO:colcon.colcon_core.shell:Creating package script '/home/mahek/ros2_ws/install/my_cashier_system/share/my_cashier_system/package.sh'
[8.284s] INFO:colcon.colcon_core.shell:Creating package script '/home/mahek/ros2_ws/install/my_cashier_system/share/my_cashier_system/package.bash'
[8.284s] INFO:colcon.colcon_core.shell:Creating package script '/home/mahek/ros2_ws/install/my_cashier_system/share/my_cashier_system/package.zsh'
[8.284s] Level 1:colcon.colcon_core.environment:create_file_with_runtime_dependencies(/home/mahek/ros2_ws/install/my_cashier_system/share/colcon-core/packages/my_cashier_system)
[8.284s] DEBUG:colcon.colcon_parallel_executor.executor.parallel:closing loop
[8.285s] DEBUG:colcon.colcon_parallel_executor.executor.parallel:loop closed
[8.285s] DEBUG:colcon.colcon_parallel_executor.executor.parallel:run_until_complete finished with '0'
[8.285s] DEBUG:colcon.colcon_core.event_reactor:joining thread
[8.289s] INFO:colcon.colcon_core.plugin_system:Skipping extension 'colcon_notification.desktop_notification.terminal_notifier': Not used on non-Darwin systems
[8.289s] INFO:colcon.colcon_core.plugin_system:Skipping extension 'colcon_notification.desktop_notification.win32': Not used on non-Windows systems
[8.289s] INFO:colcon.colcon_notification.desktop_notification:Sending desktop notification using 'notify2'
[8.307s] DEBUG:colcon.colcon_core.event_reactor:joined thread
[8.307s] INFO:colcon.colcon_core.shell:Creating prefix script '/home/mahek/ros2_ws/install/local_setup.ps1'
[8.308s] INFO:colcon.colcon_core.shell:Creating prefix util module '/home/mahek/ros2_ws/install/_local_setup_util_ps1.py'
[8.309s] INFO:colcon.colcon_core.shell:Creating prefix chain script '/home/mahek/ros2_ws/install/setup.ps1'
[8.310s] INFO:colcon.colcon_core.shell:Creating prefix script '/home/mahek/ros2_ws/install/local_setup.sh'
[8.310s] INFO:colcon.colcon_core.shell:Creating prefix util module '/home/mahek/ros2_ws/install/_local_setup_util_sh.py'
[8.311s] INFO:colcon.colcon_core.shell:Creating prefix chain script '/home/mahek/ros2_ws/install/setup.sh'
[8.312s] INFO:colcon.colcon_core.shell:Creating prefix script '/home/mahek/ros2_ws/install/local_setup.bash'
[8.312s] INFO:colcon.colcon_core.shell:Creating prefix chain script '/home/mahek/ros2_ws/install/setup.bash'
[8.313s] INFO:colcon.colcon_core.shell:Creating prefix script '/home/mahek/ros2_ws/install/local_setup.zsh'
[8.313s] INFO:colcon.colcon_core.shell:Creating prefix chain script '/home/mahek/ros2_ws/install/setup.zsh'
