[0.027s] Invoking command in '/home/mahek/ros2_ws/build/examples_rclcpp_minimal_action_client': CMAKE_PREFIX_PATH=/opt/ros/humble /usr/bin/cmake /home/mahek/ros2_ws/src/examples/rclcpp/actions/minimal_action_client -DAMENT_CMAKE_SYMLINK_INSTALL=1 -DCMAKE_INSTALL_PREFIX=/home/mahek/ros2_ws/install/examples_rclcpp_minimal_action_client
[0.166s] -- The C compiler identification is GNU 11.4.0
[0.242s] -- The CXX compiler identification is GNU 11.4.0
[0.253s] -- Detecting C compiler ABI info
[0.345s] -- Detecting C compiler ABI info - done
[0.356s] -- Check for working C compiler: /usr/bin/cc - skipped
[0.356s] -- Detecting C compile features
[0.356s] -- Detecting C compile features - done
[0.360s] -- Detecting CXX compiler ABI info
[0.456s] -- Detecting CXX compiler ABI info - done
[0.469s] -- Check for working CXX compiler: /usr/bin/c++ - skipped
[0.470s] -- Detecting CXX compile features
[0.470s] -- Detecting CXX compile features - done
[0.471s] -- Found ament_cmake: 1.3.10 (/opt/ros/humble/share/ament_cmake/cmake)
[0.691s] -- Found Python3: /usr/bin/python3 (found version "3.10.12") found components: Interpreter 
[0.783s] -- Override CMake install command with custom implementation using symlinks instead of copying resources
[0.812s] -- Found example_interfaces: 0.9.3 (/opt/ros/humble/share/example_interfaces/cmake)
[0.852s] -- Found rosidl_generator_c: 3.1.5 (/opt/ros/humble/share/rosidl_generator_c/cmake)
[0.859s] -- Found rosidl_adapter: 3.1.5 (/opt/ros/humble/share/rosidl_adapter/cmake)
[0.870s] -- Found rosidl_generator_cpp: 3.1.5 (/opt/ros/humble/share/rosidl_generator_cpp/cmake)
[0.882s] -- Using all available rosidl_typesupport_c: rosidl_typesupport_fastrtps_c;rosidl_typesupport_introspection_c
[0.902s] -- Using all available rosidl_typesupport_cpp: rosidl_typesupport_fastrtps_cpp;rosidl_typesupport_introspection_cpp
[0.968s] -- Found rclcpp: 16.0.10 (/opt/ros/humble/share/rclcpp/cmake)
[1.013s] -- Found rmw_implementation_cmake: 6.1.2 (/opt/ros/humble/share/rmw_implementation_cmake/cmake)
[1.015s] -- Found rmw_fastrtps_cpp: 6.2.7 (/opt/ros/humble/share/rmw_fastrtps_cpp/cmake)
[1.098s] -- Found OpenSSL: /usr/lib/x86_64-linux-gnu/libcrypto.so (found version "3.0.2")  
[1.119s] -- Found FastRTPS: /opt/ros/humble/include  
[1.159s] -- Using RMW implementation 'rmw_fastrtps_cpp' as default
[1.169s] -- Looking for pthread.h
[1.247s] -- Looking for pthread.h - found
[1.249s] -- Performing Test CMAKE_HAVE_LIBC_PTHREAD
[1.322s] -- Performing Test CMAKE_HAVE_LIBC_PTHREAD - Success
[1.323s] -- Found Threads: TRUE  
[1.402s] -- Found rclcpp_action: 16.0.10 (/opt/ros/humble/share/rclcpp_action/cmake)
[1.424s] -- Found ament_lint_auto: 0.12.11 (/opt/ros/humble/share/ament_lint_auto/cmake)
[1.520s] -- Added test 'copyright' to check source files copyright and LICENSE
[1.520s] -- Added test 'cppcheck' to perform static code analysis on C / C++ code
[1.520s] -- Configured cppcheck include dirs: 
[1.521s] -- Configured cppcheck exclude dirs and/or files: 
[1.521s] -- Added test 'cpplint' to check C / C++ code against the Google style
[1.521s] -- Configured cpplint exclude dirs and/or files: 
[1.521s] -- Added test 'lint_cmake' to check CMake code style
[1.521s] -- Added test 'uncrustify' to check C / C++ code style
[1.521s] -- Configured uncrustify additional arguments: 
[1.524s] -- Added test 'xmllint' to check XML markup files
[1.526s] -- Configuring done
[1.553s] -- Generating done
[1.554s] -- Build files have been written to: /home/mahek/ros2_ws/build/examples_rclcpp_minimal_action_client
[1.604s] Invoked command in '/home/mahek/ros2_ws/build/examples_rclcpp_minimal_action_client' returned '0': CMAKE_PREFIX_PATH=/opt/ros/humble /usr/bin/cmake /home/mahek/ros2_ws/src/examples/rclcpp/actions/minimal_action_client -DAMENT_CMAKE_SYMLINK_INSTALL=1 -DCMAKE_INSTALL_PREFIX=/home/mahek/ros2_ws/install/examples_rclcpp_minimal_action_client
[1.606s] Invoking command in '/home/mahek/ros2_ws/build/examples_rclcpp_minimal_action_client': CMAKE_PREFIX_PATH=/opt/ros/humble /usr/bin/cmake --build /home/mahek/ros2_ws/build/examples_rclcpp_minimal_action_client -- -j12 -l12
[2.013s] [ 12%] [32mBuilding CXX object CMakeFiles/action_client_member_functions.dir/member_functions.cpp.o[0m
[2.013s] [ 25%] [32mBuilding CXX object CMakeFiles/action_client_not_composable.dir/not_composable.cpp.o[0m
[2.013s] [ 37%] [32mBuilding CXX object CMakeFiles/action_client_not_composable_with_feedback.dir/not_composable_with_feedback.cpp.o[0m
[2.013s] [ 50%] [32mBuilding CXX object CMakeFiles/action_client_not_composable_with_cancel.dir/not_composable_with_cancel.cpp.o[0m
