[0.011s] Invoking command in '/home/mahek/ros2_ws/build/my_cashier_system': CMAKE_PREFIX_PATH=/home/mahek/ros2_ws/install/tutorial_interfaces:/home/mahek/ros2_ws/install/my_cashier_system:/home/mahek/ros2_ws/install/my_package:/home/mahek/ros2_ws/install/cpp_pubsub:/home/mahek/ros2_ws/install/cpp:/home/mahek/ros2_ws/install/my_robot_controller:/opt/ros/humble /usr/bin/cmake --build /home/mahek/ros2_ws/build/my_cashier_system -- -j12 -l12
[0.037s] -- Found ament_cmake: 1.3.10 (/opt/ros/humble/share/ament_cmake/cmake)
[0.141s] -- Found rclcpp: 16.0.10 (/opt/ros/humble/share/rclcpp/cmake)
[0.159s] -- Found rosidl_generator_c: 3.1.5 (/opt/ros/humble/share/rosidl_generator_c/cmake)
[0.160s] -- Found rosidl_adapter: 3.1.5 (/opt/ros/humble/share/rosidl_adapter/cmake)
[0.164s] -- Found rosidl_generator_cpp: 3.1.5 (/opt/ros/humble/share/rosidl_generator_cpp/cmake)
[0.170s] -- Using all available rosidl_typesupport_c: rosidl_typesupport_fastrtps_c;rosidl_typesupport_introspection_c
[0.178s] -- Using all available rosidl_typesupport_cpp: rosidl_typesupport_fastrtps_cpp;rosidl_typesupport_introspection_cpp
[0.199s] -- Found rmw_implementation_cmake: 6.1.2 (/opt/ros/humble/share/rmw_implementation_cmake/cmake)
[0.200s] -- Found rmw_fastrtps_cpp: 6.2.7 (/opt/ros/humble/share/rmw_fastrtps_cpp/cmake)
[0.268s] -- Using RMW implementation 'rmw_fastrtps_cpp' as default
[0.301s] -- Found tutorial_interfaces: 0.0.0 (/home/mahek/ros2_ws/install/tutorial_interfaces/share/tutorial_interfaces/cmake)
[0.320s] -- Found ament_lint_auto: 0.12.11 (/opt/ros/humble/share/ament_lint_auto/cmake)
[0.365s] -- Added test 'cppcheck' to perform static code analysis on C / C++ code
[0.366s] -- Configured cppcheck include dirs: 
[0.366s] -- Configured cppcheck exclude dirs and/or files: 
[0.366s] -- Added test 'lint_cmake' to check CMake code style
[0.366s] -- Added test 'uncrustify' to check C / C++ code style
[0.366s] -- Configured uncrustify additional arguments: 
[0.366s] -- Added test 'xmllint' to check XML markup files
[0.367s] -- Configuring done
[0.376s] -- Generating done
[0.380s] -- Build files have been written to: /home/mahek/ros2_ws/build/my_cashier_system
[0.402s] [35m[1mConsolidate compiler generated dependencies of target bill_subscriber_node[0m
[0.403s] [35m[1mConsolidate compiler generated dependencies of target bill[0m
[0.413s] [ 16%] [32mBuilding CXX object CMakeFiles/bill_display_node.dir/src/bill_display_node.cpp.o[0m
[0.416s] [ 50%] Built target bill_subscriber_node
[0.418s] [ 83%] Built target bill
[0.421s] [01m[K/home/mahek/ros2_ws/src/my_cashier_system/src/bill_display_node.cpp:1:10:[m[K [01;31m[Kfatal error: [m[Kbill_display_node.hpp: No such file or directory
[0.421s]     1 | #include [01;31m[K"bill_display_node.hpp"[m[K
[0.421s]       |          [01;31m[K^~~~~~~~~~~~~~~~~~~~~~~[m[K
[0.421s] compilation terminated.
[0.422s] gmake[2]: *** [CMakeFiles/bill_display_node.dir/build.make:76: CMakeFiles/bill_display_node.dir/src/bill_display_node.cpp.o] Error 1
[0.422s] gmake[1]: *** [CMakeFiles/Makefile2:193: CMakeFiles/bill_display_node.dir/all] Error 2
[0.422s] gmake: *** [Makefile:146: all] Error 2
[0.425s] Invoked command in '/home/mahek/ros2_ws/build/my_cashier_system' returned '2': CMAKE_PREFIX_PATH=/home/mahek/ros2_ws/install/tutorial_interfaces:/home/mahek/ros2_ws/install/my_cashier_system:/home/mahek/ros2_ws/install/my_package:/home/mahek/ros2_ws/install/cpp_pubsub:/home/mahek/ros2_ws/install/cpp:/home/mahek/ros2_ws/install/my_robot_controller:/opt/ros/humble /usr/bin/cmake --build /home/mahek/ros2_ws/build/my_cashier_system -- -j12 -l12
