[35m[1mConsolidate compiler generated dependencies of target manager_node[0m
[35m[1mConsolidate compiler generated dependencies of target monitor_node[0m
[ 33%] Built target manager_node
[ 66%] Built target bill_publisher
[ 83%] [32mBuilding CXX object CMakeFiles/monitor_node.dir/src/bill_display_node.cpp.o[0m
In file included from [01m[K/opt/ros/humble/include/rclcpp/rclcpp/logging.hpp:24[m[K,
                 from [01m[K/opt/ros/humble/include/rclcpp/rclcpp/client.hpp:40[m[K,
                 from [01m[K/opt/ros/humble/include/rclcpp/rclcpp/callback_group.hpp:24[m[K,
                 from [01m[K/opt/ros/humble/include/rclcpp/rclcpp/any_executable.hpp:20[m[K,
                 from [01m[K/opt/ros/humble/include/rclcpp/rclcpp/memory_strategy.hpp:25[m[K,
                 from [01m[K/opt/ros/humble/include/rclcpp/rclcpp/memory_strategies.hpp:18[m[K,
                 from [01m[K/opt/ros/humble/include/rclcpp/rclcpp/executor_options.hpp:20[m[K,
                 from [01m[K/opt/ros/humble/include/rclcpp/rclcpp/executor.hpp:37[m[K,
                 from [01m[K/opt/ros/humble/include/rclcpp/rclcpp/executors/multi_threaded_executor.hpp:25[m[K,
                 from [01m[K/opt/ros/humble/include/rclcpp/rclcpp/executors.hpp:21[m[K,
                 from [01m[K/opt/ros/humble/include/rclcpp/rclcpp/rclcpp.hpp:155[m[K,
                 from [01m[K/home/mahek/ros2_ws/src/my_cashier_system/src/bill_display_node.cpp:1[m[K:
[01m[K/home/mahek/ros2_ws/src/my_cashier_system/src/bill_display_node.cpp:[m[K In member function ‘[01m[Kvoid MonitorNode::print_status()[m[K’:
[01m[K/home/mahek/ros2_ws/src/my_cashier_system/src/bill_display_node.cpp:50:13:[m[K [01;35m[Kwarning: [m[Kformat ‘[01m[K%d[m[K’ expects argument of type ‘[01m[Kint[m[K’, but argument 6 has type ‘[01m[Kdouble[m[K’ [[01;35m[K]8;;https://gcc.gnu.org/onlinedocs/gcc/Warning-Options.html#index-Wformat=-Wformat=]8;;[m[K]
   50 |             [01;35m[K"Last Bill - Number: %d, Quantity: %d, Total: %.2f"[m[K,
      |             [01;35m[K^~~~~~~~~~~~~~~~~~~~~~~~~~~~~~~~~~~~~~~~~~~~~~~~~~~[m[K
   51 |             last_bill_.bill_number, [32m[Klast_bill_.quantity[m[K, static_cast<float>(last_bill_.total));
      |                                     [32m[K~~~~~~~~~~~~~~~~~~~[m[K
      |                                                [32m[K|[m[K
      |                                                [32m[Kdouble[m[K
[01m[K/home/mahek/ros2_ws/src/my_cashier_system/src/bill_display_node.cpp:50:49:[m[K [01;36m[Knote: [m[Kformat string is defined here
   50 |             "Last Bill - Number: %d, Quantity: [01;36m[K%d[m[K, Total: %.2f",
      |                                                [01;36m[K~^[m[K
      |                                                 [01;36m[K|[m[K
      |                                                 [01;36m[Kint[m[K
      |                                                [32m[K%f[m[K
[100%] [32m[1mLinking CXX executable monitor_node[0m
[100%] Built target monitor_node
-- Install configuration: ""
-- Up-to-date: /home/mahek/ros2_ws/install/my_cashier_system/lib/my_cashier_system/bill_publisher
-- Installing: /home/mahek/ros2_ws/install/my_cashier_system/lib/my_cashier_system/manager_node
-- Set runtime path of "/home/mahek/ros2_ws/install/my_cashier_system/lib/my_cashier_system/manager_node" to ""
-- Installing: /home/mahek/ros2_ws/install/my_cashier_system/lib/my_cashier_system/monitor_node
-- Set runtime path of "/home/mahek/ros2_ws/install/my_cashier_system/lib/my_cashier_system/monitor_node" to ""
-- Up-to-date: /home/mahek/ros2_ws/install/my_cashier_system/share/ament_index/resource_index/package_run_dependencies/my_cashier_system
-- Up-to-date: /home/mahek/ros2_ws/install/my_cashier_system/share/ament_index/resource_index/parent_prefix_path/my_cashier_system
-- Up-to-date: /home/mahek/ros2_ws/install/my_cashier_system/share/my_cashier_system/environment/ament_prefix_path.sh
-- Up-to-date: /home/mahek/ros2_ws/install/my_cashier_system/share/my_cashier_system/environment/ament_prefix_path.dsv
-- Up-to-date: /home/mahek/ros2_ws/install/my_cashier_system/share/my_cashier_system/environment/path.sh
-- Up-to-date: /home/mahek/ros2_ws/install/my_cashier_system/share/my_cashier_system/environment/path.dsv
-- Up-to-date: /home/mahek/ros2_ws/install/my_cashier_system/share/my_cashier_system/local_setup.bash
-- Up-to-date: /home/mahek/ros2_ws/install/my_cashier_system/share/my_cashier_system/local_setup.sh
-- Up-to-date: /home/mahek/ros2_ws/install/my_cashier_system/share/my_cashier_system/local_setup.zsh
-- Up-to-date: /home/mahek/ros2_ws/install/my_cashier_system/share/my_cashier_system/local_setup.dsv
-- Installing: /home/mahek/ros2_ws/install/my_cashier_system/share/my_cashier_system/package.dsv
-- Up-to-date: /home/mahek/ros2_ws/install/my_cashier_system/share/ament_index/resource_index/packages/my_cashier_system
-- Up-to-date: /home/mahek/ros2_ws/install/my_cashier_system/share/my_cashier_system/cmake/my_cashier_systemConfig.cmake
-- Up-to-date: /home/mahek/ros2_ws/install/my_cashier_system/share/my_cashier_system/cmake/my_cashier_systemConfig-version.cmake
-- Up-to-date: /home/mahek/ros2_ws/install/my_cashier_system/share/my_cashier_system/package.xml
