[0.417s] Invoking command in '/home/mahek/ros2_ws/src/my_robot_controller': PYTHONPATH=/home/mahek/ros2_ws/build/my_robot_controller/prefix_override:/usr/lib/python3/dist-packages/colcon_core/task/python/colcon_distutils_commands:/home/mahek/ros2_ws/install/my_robot_controller/lib/python3.10/site-packages:${PYTHONPATH} /usr/bin/python3 -W ignore:setup.py install is deprecated -W ignore:easy_install command is deprecated setup.py egg_info --egg-base ../../build/my_robot_controller build --build-base /home/mahek/ros2_ws/build/my_robot_controller/build install --record /home/mahek/ros2_ws/build/my_robot_controller/install.log --single-version-externally-managed install_data
[0.557s] running egg_info
[0.558s] writing ../../build/my_robot_controller/my_robot_controller.egg-info/PKG-INFO
[0.558s] writing dependency_links to ../../build/my_robot_controller/my_robot_controller.egg-info/dependency_links.txt
[0.558s] writing entry points to ../../build/my_robot_controller/my_robot_controller.egg-info/entry_points.txt
[0.558s] writing requirements to ../../build/my_robot_controller/my_robot_controller.egg-info/requires.txt
[0.558s] writing top-level names to ../../build/my_robot_controller/my_robot_controller.egg-info/top_level.txt
[0.559s] reading manifest file '../../build/my_robot_controller/my_robot_controller.egg-info/SOURCES.txt'
[0.560s] writing manifest file '../../build/my_robot_controller/my_robot_controller.egg-info/SOURCES.txt'
[0.560s] running build
[0.560s] running build_py
[0.560s] running install
[0.560s] running install_lib
[0.561s] running install_data
[0.561s] running install_egg_info
[0.562s] removing '/home/mahek/ros2_ws/install/my_robot_controller/lib/python3.10/site-packages/my_robot_controller-0.0.0-py3.10.egg-info' (and everything under it)
[0.562s] Copying ../../build/my_robot_controller/my_robot_controller.egg-info to /home/mahek/ros2_ws/install/my_robot_controller/lib/python3.10/site-packages/my_robot_controller-0.0.0-py3.10.egg-info
[0.562s] running install_scripts
[0.577s] Installing draw_circle script to /home/mahek/ros2_ws/install/my_robot_controller/lib/my_robot_controller
[0.577s] Installing pose_subscriber script to /home/mahek/ros2_ws/install/my_robot_controller/lib/my_robot_controller
[0.577s] Installing test_node script to /home/mahek/ros2_ws/install/my_robot_controller/lib/my_robot_controller
[0.578s] writing list of installed files to '/home/mahek/ros2_ws/build/my_robot_controller/install.log'
[0.595s] Invoked command in '/home/mahek/ros2_ws/src/my_robot_controller' returned '0': PYTHONPATH=/home/mahek/ros2_ws/build/my_robot_controller/prefix_override:/usr/lib/python3/dist-packages/colcon_core/task/python/colcon_distutils_commands:/home/mahek/ros2_ws/install/my_robot_controller/lib/python3.10/site-packages:${PYTHONPATH} /usr/bin/python3 -W ignore:setup.py install is deprecated -W ignore:easy_install command is deprecated setup.py egg_info --egg-base ../../build/my_robot_controller build --build-base /home/mahek/ros2_ws/build/my_robot_controller/build install --record /home/mahek/ros2_ws/build/my_robot_controller/install.log --single-version-externally-managed install_data
