[0.011s] Invoking command in '/home/mahek/ros2_ws/build/my_cashier_system': CMAKE_PREFIX_PATH=/home/mahek/ros2_ws/install/tutorial_interfaces:/home/mahek/ros2_ws/install/my_cashier_system:/home/mahek/ros2_ws/install/my_package:/home/mahek/ros2_ws/install/cpp_pubsub:/home/mahek/ros2_ws/install/cpp:/home/mahek/ros2_ws/install/my_robot_controller:/opt/ros/humble /usr/bin/cmake --build /home/mahek/ros2_ws/build/my_cashier_system -- -j12 -l12
[0.050s] [35m[1mConsolidate compiler generated dependencies of target bill_publish_node[0m
[0.051s] [35m[1mConsolidate compiler generated dependencies of target bill_display_node[0m
[0.063s] [ 16%] [32mBuilding CXX object CMakeFiles/bill_subscriber_node.dir/src/bill_subscriber_node.cpp.o[0m
[0.067s] [ 33%] [32mBuilding CXX object CMakeFiles/bill_publish_node.dir/src/bill_publish_node.cpp.o[0m
[0.068s] [ 50%] [32mBuilding CXX object CMakeFiles/bill_display_node.dir/src/bill_display_node.cpp.o[0m
[0.307s] [01m[K/home/mahek/ros2_ws/src/my_cashier_system/src/bill_subscriber_node.cpp:3:10:[m[K [01;31m[Kfatal error: [m[Ktutorial_interfaces/srv/update_inventory.hpp: No such file or directory
[0.307s]     3 | #include [01;31m[K"tutorial_interfaces/srv/update_inventory.hpp"[m[K
[0.307s]       |          [01;31m[K^~~~~~~~~~~~~~~~~~~~~~~~~~~~~~~~~~~~~~~~~~~~~~[m[K
[0.308s] compilation terminated.
[0.318s] gmake[2]: *** [CMakeFiles/bill_subscriber_node.dir/build.make:76: CMakeFiles/bill_subscriber_node.dir/src/bill_subscriber_node.cpp.o] Error 1
[0.319s] gmake[1]: *** [CMakeFiles/Makefile2:167: CMakeFiles/bill_subscriber_node.dir/all] Error 2
[0.319s] gmake[1]: *** Waiting for unfinished jobs....
[1.542s] [01m[K/home/mahek/ros2_ws/src/my_cashier_system/src/bill_display_node.cpp:[m[K In constructor ‘[01m[KBillDisplayNode::BillDisplayNode()[m[K’:
[1.542s] [01m[K/home/mahek/ros2_ws/src/my_cashier_system/src/bill_display_node.cpp:15:13:[m[K [01;31m[Kerror: [m[Kunable to find numeric literal operator ‘[01m[Koperator""s[m[K’
[1.543s]    15 |             [01;31m[K5s[m[K, std::bind(&BillDisplayNode::print_status, this));
[1.543s]       |             [01;31m[K^~[m[K
[1.837s] gmake[2]: *** [CMakeFiles/bill_display_node.dir/build.make:76: CMakeFiles/bill_display_node.dir/src/bill_display_node.cpp.o] Error 1
[1.837s] gmake[1]: *** [CMakeFiles/Makefile2:193: CMakeFiles/bill_display_node.dir/all] Error 2
[2.831s] [ 66%] [32m[1mLinking CXX executable bill_publish_node[0m
[2.972s] [ 66%] Built target bill_publish_node
[2.973s] gmake: *** [Makefile:146: all] Error 2
[2.975s] Invoked command in '/home/mahek/ros2_ws/build/my_cashier_system' returned '2': CMAKE_PREFIX_PATH=/home/mahek/ros2_ws/install/tutorial_interfaces:/home/mahek/ros2_ws/install/my_cashier_system:/home/mahek/ros2_ws/install/my_package:/home/mahek/ros2_ws/install/cpp_pubsub:/home/mahek/ros2_ws/install/cpp:/home/mahek/ros2_ws/install/my_robot_controller:/opt/ros/humble /usr/bin/cmake --build /home/mahek/ros2_ws/build/my_cashier_system -- -j12 -l12
