[0.009s] Invoking command in '/home/mahek/ros2_ws/src/build/my_package': CMAKE_PREFIX_PATH=/opt/ros/humble /usr/bin/cmake /home/mahek/ros2_ws/src/my_package -DCMAKE_INSTALL_PREFIX=/home/mahek/ros2_ws/src/install/my_package
[0.073s] -- The C compiler identification is GNU 11.4.0
[0.119s] -- The CXX compiler identification is GNU 11.4.0
[0.125s] -- Detecting C compiler ABI info
[0.190s] -- Detecting C compiler ABI info - done
[0.196s] -- Check for working C compiler: /usr/bin/cc - skipped
[0.197s] -- Detecting C compile features
[0.197s] -- Detecting C compile features - done
[0.199s] -- Detecting CXX compiler ABI info
[0.275s] -- Detecting CXX compiler ABI info - done
[0.281s] -- Check for working CXX compiler: /usr/bin/c++ - skipped
[0.282s] -- Detecting CXX compile features
[0.282s] -- Detecting CXX compile features - done
[0.283s] -- Found ament_cmake: 1.3.10 (/opt/ros/humble/share/ament_cmake/cmake)
[0.401s] -- Found Python3: /usr/bin/python3 (found version "3.10.12") found components: Interpreter 
[0.462s] -- Found ament_lint_auto: 0.12.11 (/opt/ros/humble/share/ament_lint_auto/cmake)
[0.520s] -- Added test 'cppcheck' to perform static code analysis on C / C++ code
[0.520s] -- Configured cppcheck include dirs: $<BUILD_INTERFACE:/home/mahek/ros2_ws/src/my_package/include>
[0.521s] -- Configured cppcheck exclude dirs and/or files: 
[0.521s] -- Added test 'lint_cmake' to check CMake code style
[0.521s] -- Added test 'uncrustify' to check C / C++ code style
[0.521s] -- Configured uncrustify additional arguments: 
[0.521s] -- Added test 'xmllint' to check XML markup files
[0.522s] -- Configuring done
[0.524s] -- Generating done
[0.525s] -- Build files have been written to: /home/mahek/ros2_ws/src/build/my_package
[0.528s] Invoked command in '/home/mahek/ros2_ws/src/build/my_package' returned '0': CMAKE_PREFIX_PATH=/opt/ros/humble /usr/bin/cmake /home/mahek/ros2_ws/src/my_package -DCMAKE_INSTALL_PREFIX=/home/mahek/ros2_ws/src/install/my_package
[0.529s] Invoking command in '/home/mahek/ros2_ws/src/build/my_package': CMAKE_PREFIX_PATH=/opt/ros/humble /usr/bin/cmake --build /home/mahek/ros2_ws/src/build/my_package -- -j12 -l12
[0.568s] [ 50%] [32mBuilding CXX object CMakeFiles/my_node.dir/src/my_node.cpp.o[0m
[0.599s] [100%] [32m[1mLinking CXX executable my_node[0m
[0.643s] [100%] Built target my_node
[0.651s] Invoked command in '/home/mahek/ros2_ws/src/build/my_package' returned '0': CMAKE_PREFIX_PATH=/opt/ros/humble /usr/bin/cmake --build /home/mahek/ros2_ws/src/build/my_package -- -j12 -l12
[0.685s] Invoking command in '/home/mahek/ros2_ws/src/build/my_package': CMAKE_PREFIX_PATH=/opt/ros/humble /usr/bin/cmake --install /home/mahek/ros2_ws/src/build/my_package
[0.694s] -- Install configuration: ""
[0.694s] -- Installing: /home/mahek/ros2_ws/src/install/my_package/lib/my_package/my_node
[0.694s] -- Installing: /home/mahek/ros2_ws/src/install/my_package/share/ament_index/resource_index/package_run_dependencies/my_package
[0.695s] -- Installing: /home/mahek/ros2_ws/src/install/my_package/share/ament_index/resource_index/parent_prefix_path/my_package
[0.695s] -- Installing: /home/mahek/ros2_ws/src/install/my_package/share/my_package/environment/ament_prefix_path.sh
[0.695s] -- Installing: /home/mahek/ros2_ws/src/install/my_package/share/my_package/environment/ament_prefix_path.dsv
[0.695s] -- Installing: /home/mahek/ros2_ws/src/install/my_package/share/my_package/environment/path.sh
[0.695s] -- Installing: /home/mahek/ros2_ws/src/install/my_package/share/my_package/environment/path.dsv
[0.696s] -- Installing: /home/mahek/ros2_ws/src/install/my_package/share/my_package/local_setup.bash
[0.696s] -- Installing: /home/mahek/ros2_ws/src/install/my_package/share/my_package/local_setup.sh
[0.696s] -- Installing: /home/mahek/ros2_ws/src/install/my_package/share/my_package/local_setup.zsh
[0.696s] -- Installing: /home/mahek/ros2_ws/src/install/my_package/share/my_package/local_setup.dsv
[0.696s] -- Installing: /home/mahek/ros2_ws/src/install/my_package/share/my_package/package.dsv
[0.696s] -- Installing: /home/mahek/ros2_ws/src/install/my_package/share/ament_index/resource_index/packages/my_package
[0.696s] -- Installing: /home/mahek/ros2_ws/src/install/my_package/share/my_package/cmake/my_packageConfig.cmake
[0.696s] -- Installing: /home/mahek/ros2_ws/src/install/my_package/share/my_package/cmake/my_packageConfig-version.cmake
[0.697s] -- Installing: /home/mahek/ros2_ws/src/install/my_package/share/my_package/package.xml
[0.699s] Invoked command in '/home/mahek/ros2_ws/src/build/my_package' returned '0': CMAKE_PREFIX_PATH=/opt/ros/humble /usr/bin/cmake --install /home/mahek/ros2_ws/src/build/my_package
