[0.010s] Invoking command in '/home/mahek/ros2_ws/build/my_cashier_system': CMAKE_PREFIX_PATH=${CMAKE_PREFIX_PATH}:/home/mahek/ros2_ws/install/my_robot_controller:/opt/ros/humble /usr/bin/cmake --build /home/mahek/ros2_ws/build/my_cashier_system -- -j12 -l12
[0.033s] -- Found ament_cmake: 1.3.10 (/opt/ros/humble/share/ament_cmake/cmake)
[0.124s] -- Found rclcpp: 16.0.10 (/opt/ros/humble/share/rclcpp/cmake)
[0.143s] -- Found rosidl_generator_c: 3.1.5 (/opt/ros/humble/share/rosidl_generator_c/cmake)
[0.145s] -- Found rosidl_adapter: 3.1.5 (/opt/ros/humble/share/rosidl_adapter/cmake)
[0.148s] -- Found rosidl_generator_cpp: 3.1.5 (/opt/ros/humble/share/rosidl_generator_cpp/cmake)
[0.155s] -- Using all available rosidl_typesupport_c: rosidl_typesupport_fastrtps_c;rosidl_typesupport_introspection_c
[0.163s] -- Using all available rosidl_typesupport_cpp: rosidl_typesupport_fastrtps_cpp;rosidl_typesupport_introspection_cpp
[0.184s] -- Found rmw_implementation_cmake: 6.1.2 (/opt/ros/humble/share/rmw_implementation_cmake/cmake)
[0.185s] -- Found rmw_fastrtps_cpp: 6.2.7 (/opt/ros/humble/share/rmw_fastrtps_cpp/cmake)
[0.271s] -- Using RMW implementation 'rmw_fastrtps_cpp' as default
[0.302s] -- Found my_cashier_system: 0.0.0 (/home/mahek/ros2_ws/install/my_cashier_system/share/my_cashier_system/cmake)
[0.304s] [31mCMake Error at CMakeLists.txt:22 (install):
[0.304s]   install TARGETS given target "publisher_node" which does not exist.
[0.304s] 
[0.304s] [0m
[0.304s] -- Found ament_lint_auto: 0.12.11 (/opt/ros/humble/share/ament_lint_auto/cmake)
[0.385s] -- Added test 'cppcheck' to perform static code analysis on C / C++ code
[0.385s] -- Configured cppcheck include dirs: 
[0.385s] -- Configured cppcheck exclude dirs and/or files: 
[0.385s] -- Added test 'lint_cmake' to check CMake code style
[0.385s] -- Added test 'uncrustify' to check C / C++ code style
[0.386s] -- Configured uncrustify additional arguments: 
[0.386s] -- Added test 'xmllint' to check XML markup files
[0.386s] -- Configuring incomplete, errors occurred!
[0.386s] See also "/home/mahek/ros2_ws/build/my_cashier_system/CMakeFiles/CMakeOutput.log".
[0.391s] gmake: *** [Makefile:226: cmake_check_build_system] Error 1
[0.394s] Invoked command in '/home/mahek/ros2_ws/build/my_cashier_system' returned '2': CMAKE_PREFIX_PATH=${CMAKE_PREFIX_PATH}:/home/mahek/ros2_ws/install/my_robot_controller:/opt/ros/humble /usr/bin/cmake --build /home/mahek/ros2_ws/build/my_cashier_system -- -j12 -l12
