[0.009s] Invoking command in '/home/mahek/rover_ws/build/my_rover': CMAKE_PREFIX_PATH=${CMAKE_PREFIX_PATH}:/home/mahek/ros2_ws/install/my_robot_controller:/opt/ros/humble /usr/bin/cmake --build /home/mahek/rover_ws/build/my_rover -- -j12 -l12
[0.053s] Invoked command in '/home/mahek/rover_ws/build/my_rover' returned '0': CMAKE_PREFIX_PATH=${CMAKE_PREFIX_PATH}:/home/mahek/ros2_ws/install/my_robot_controller:/opt/ros/humble /usr/bin/cmake --build /home/mahek/rover_ws/build/my_rover -- -j12 -l12
[0.066s] Invoking command in '/home/mahek/rover_ws/build/my_rover': CMAKE_PREFIX_PATH=${CMAKE_PREFIX_PATH}:/home/mahek/ros2_ws/install/my_robot_controller:/opt/ros/humble /usr/bin/cmake --install /home/mahek/rover_ws/build/my_rover
[0.075s] -- Install configuration: ""
[0.075s] -- Up-to-date: /home/mahek/rover_ws/install/my_rover/share/my_rover//launch
[0.075s] -- Up-to-date: /home/mahek/rover_ws/install/my_rover/share/my_rover//launch/display.launch.py
[0.075s] -- Up-to-date: /home/mahek/rover_ws/install/my_rover/share/my_rover//launch/gazebo.launch.py
[0.075s] -- Up-to-date: /home/mahek/rover_ws/install/my_rover/share/my_rover//urdf
[0.076s] -- Up-to-date: /home/mahek/rover_ws/install/my_rover/share/my_rover//urdf/lidar.xacro
[0.076s] -- Installing: /home/mahek/rover_ws/install/my_rover/share/my_rover//urdf/robot.urdf.xacro
[0.076s] -- Installing: /home/mahek/rover_ws/install/my_rover/share/my_rover//urdf/imu.xacro
[0.076s] -- Up-to-date: /home/mahek/rover_ws/install/my_rover/share/my_rover//urdf/material.xacro
[0.076s] -- Up-to-date: /home/mahek/rover_ws/install/my_rover/share/my_rover//urdf/inertial.xacro
[0.076s] -- Up-to-date: /home/mahek/rover_ws/install/my_rover/share/my_rover//rviz
[0.076s] -- Up-to-date: /home/mahek/rover_ws/install/my_rover/share/my_rover//rviz/config.rviz
[0.076s] -- Up-to-date: /home/mahek/rover_ws/install/my_rover/share/ament_index/resource_index/package_run_dependencies/my_rover
[0.077s] -- Up-to-date: /home/mahek/rover_ws/install/my_rover/share/ament_index/resource_index/parent_prefix_path/my_rover
[0.077s] -- Up-to-date: /home/mahek/rover_ws/install/my_rover/share/my_rover/environment/ament_prefix_path.sh
[0.077s] -- Up-to-date: /home/mahek/rover_ws/install/my_rover/share/my_rover/environment/ament_prefix_path.dsv
[0.077s] -- Up-to-date: /home/mahek/rover_ws/install/my_rover/share/my_rover/environment/path.sh
[0.077s] -- Up-to-date: /home/mahek/rover_ws/install/my_rover/share/my_rover/environment/path.dsv
[0.077s] -- Up-to-date: /home/mahek/rover_ws/install/my_rover/share/my_rover/local_setup.bash
[0.077s] -- Up-to-date: /home/mahek/rover_ws/install/my_rover/share/my_rover/local_setup.sh
[0.078s] -- Up-to-date: /home/mahek/rover_ws/install/my_rover/share/my_rover/local_setup.zsh
[0.078s] -- Up-to-date: /home/mahek/rover_ws/install/my_rover/share/my_rover/local_setup.dsv
[0.078s] -- Installing: /home/mahek/rover_ws/install/my_rover/share/my_rover/package.dsv
[0.078s] -- Up-to-date: /home/mahek/rover_ws/install/my_rover/share/ament_index/resource_index/packages/my_rover
[0.078s] -- Up-to-date: /home/mahek/rover_ws/install/my_rover/share/my_rover/cmake/my_roverConfig.cmake
[0.078s] -- Up-to-date: /home/mahek/rover_ws/install/my_rover/share/my_rover/cmake/my_roverConfig-version.cmake
[0.078s] -- Up-to-date: /home/mahek/rover_ws/install/my_rover/share/my_rover/package.xml
[0.079s] Invoked command in '/home/mahek/rover_ws/build/my_rover' returned '0': CMAKE_PREFIX_PATH=${CMAKE_PREFIX_PATH}:/home/mahek/ros2_ws/install/my_robot_controller:/opt/ros/humble /usr/bin/cmake --install /home/mahek/rover_ws/build/my_rover
