[35m[1mConsolidate compiler generated dependencies of target bill_display_node[0m
[ 16%] [32mBuilding CXX object CMakeFiles/bill_publish_node.dir/src/bill_publish_node.cpp.o[0m
[ 33%] [32mBuilding CXX object CMakeFiles/bill_subscriber_node.dir/src/bill_subscriber_node.cpp.o[0m
[ 50%] [32mBuilding CXX object CMakeFiles/bill_display_node.dir/src/bill_display_node.cpp.o[0m
[01m[K/home/mahek/ros2_ws/src/my_cashier_system/src/bill_display_node.cpp:25:55:[m[K [01;31m[Kerror: [m[K‘[01m[KBill[m[K’ in namespace ‘[01m[Ktutorial_interfaces::msg[m[K’ does not name a type
   25 |     void monitor_bill(const tutorial_interfaces::msg::[01;31m[KBill[m[K::SharedPtr bill_msg) {
      |                                                       [01;31m[K^~~~[m[K
[01m[K/home/mahek/ros2_ws/src/my_cashier_system/src/bill_display_node.cpp:25:71:[m[K [01;31m[Kerror: [m[Kexpected unqualified-id before ‘[01m[Kbill_msg[m[K’
   25 |     void monitor_bill(const tutorial_interfaces::msg::Bill::SharedPtr [01;31m[Kbill_msg[m[K) {
      |                                                                       [01;31m[K^~~~~~~~[m[K
[01m[K/home/mahek/ros2_ws/src/my_cashier_system/src/bill_display_node.cpp:25:70:[m[K [01;31m[Kerror: [m[Kexpected ‘[01m[K)[m[K’ before ‘[01m[Kbill_msg[m[K’
   25 |     void monitor_bill[34m[K([m[Kconst tutorial_interfaces::msg::Bill::SharedPtr[01;31m[K [m[K[32m[Kbill_msg[m[K) {
      |                      [34m[K~[m[K                                               [01;31m[K^[m[K[32m[K~~~~~~~~[m[K
      |                                                                      [32m[K)[m[K
[01m[K/home/mahek/ros2_ws/src/my_cashier_system/src/bill_display_node.cpp:25:61:[m[K [01;31m[Kerror: [m[Kexpected ‘[01m[K;[m[K’ at end of member declaration
   25 |     void monitor_bill(const tutorial_interfaces::msg::Bill::[01;31m[KSharedPtr[m[K bill_msg) {
      |                                                             [01;31m[K^~~~~~~~~[m[K
      |                                                                      [32m[K;[m[K
[01m[K/home/mahek/ros2_ws/src/my_cashier_system/src/bill_display_node.cpp:25:71:[m[K [01;31m[Kerror: [m[K‘[01m[Kbill_msg[m[K’ does not name a type
   25 |     void monitor_bill(const tutorial_interfaces::msg::Bill::SharedPtr [01;31m[Kbill_msg[m[K) {
      |                                                                       [01;31m[K^~~~~~~~[m[K
In file included from [01m[K/opt/ros/humble/include/rclcpp/rclcpp/client.hpp:39[m[K,
                 from [01m[K/opt/ros/humble/include/rclcpp/rclcpp/callback_group.hpp:24[m[K,
                 from [01m[K/opt/ros/humble/include/rclcpp/rclcpp/any_executable.hpp:20[m[K,
                 from [01m[K/opt/ros/humble/include/rclcpp/rclcpp/memory_strategy.hpp:25[m[K,
                 from [01m[K/opt/ros/humble/include/rclcpp/rclcpp/memory_strategies.hpp:18[m[K,
                 from [01m[K/opt/ros/humble/include/rclcpp/rclcpp/executor_options.hpp:20[m[K,
                 from [01m[K/opt/ros/humble/include/rclcpp/rclcpp/executor.hpp:37[m[K,
                 from [01m[K/opt/ros/humble/include/rclcpp/rclcpp/executors/multi_threaded_executor.hpp:25[m[K,
                 from [01m[K/opt/ros/humble/include/rclcpp/rclcpp/executors.hpp:21[m[K,
                 from [01m[K/opt/ros/humble/include/rclcpp/rclcpp/rclcpp.hpp:155[m[K,
                 from [01m[K/home/mahek/ros2_ws/src/my_cashier_system/src/bill_display_node.cpp:1[m[K:
/opt/ros/humble/include/rclcpp/rclcpp/function_traits.hpp: In instantiation of ‘[01m[Kstruct rclcpp::function_traits::function_traits<std::_Bind<void (BillMonitorNode::*(BillMonitorNode*, std::_Placeholder<1>))(...)> >[m[K’:
[01m[K/opt/ros/humble/include/rclcpp/rclcpp/any_subscription_callback.hpp:380:10:[m[K   recursively required by substitution of ‘[01m[Ktemplate<class MessageT, class CallbackT> struct rclcpp::detail::SubscriptionCallbackTypeHelper<MessageT, CallbackT, typename std::enable_if<rclcpp::function_traits::same_arguments<CallbackT, std::function<void(std::shared_ptr<_Tp>, const rclcpp::MessageInfo&)> >::value, void>::type> [with MessageT = tutorial_interfaces::msg::Num_<std::allocator<void> >; CallbackT = std::_Bind<void (BillMonitorNode::*(BillMonitorNode*, std::_Placeholder<1>))(...)>][m[K’
[01m[K/opt/ros/humble/include/rclcpp/rclcpp/any_subscription_callback.hpp:380:10:[m[K   required from ‘[01m[Krclcpp::AnySubscriptionCallback<MessageT, AllocatorT> rclcpp::AnySubscriptionCallback<MessageT, AllocatorT>::set(CallbackT) [with CallbackT = std::_Bind<void (BillMonitorNode::*(BillMonitorNode*, std::_Placeholder<1>))(...)>; MessageT = tutorial_interfaces::msg::Num_<std::allocator<void> >; AllocatorT = std::allocator<void>][m[K’
[01m[K/opt/ros/humble/include/rclcpp/rclcpp/subscription_factory.hpp:94:32:[m[K   required from ‘[01m[Krclcpp::SubscriptionFactory rclcpp::create_subscription_factory(CallbackT&&, const rclcpp::SubscriptionOptionsWithAllocator<AllocatorT>&, typename MessageMemoryStrategyT::SharedPtr, std::shared_ptr<rclcpp::topic_statistics::SubscriptionTopicStatistics<ROSMessageType> >) [with MessageT = tutorial_interfaces::msg::Num_<std::allocator<void> >; CallbackT = std::_Bind<void (BillMonitorNode::*(BillMonitorNode*, std::_Placeholder<1>))(...)>; AllocatorT = std::allocator<void>; SubscriptionT = rclcpp::Subscription<tutorial_interfaces::msg::Num_<std::allocator<void> > >; MessageMemoryStrategyT = rclcpp::message_memory_strategy::MessageMemoryStrategy<tutorial_interfaces::msg::Num_<std::allocator<void> >, std::allocator<void> >; ROSMessageType = tutorial_interfaces::msg::Num_<std::allocator<void> >; typename MessageMemoryStrategyT::SharedPtr = std::shared_ptr<rclcpp::message_memory_strategy::MessageMemoryStrategy<tutorial_interfaces::msg::Num_<std::allocator<void> >, std::allocator<void> > >][m[K’
[01m[K/opt/ros/humble/include/rclcpp/rclcpp/create_subscription.hpp:122:63:[m[K   required from ‘[01m[Kstd::shared_ptr<ROSMessageT> rclcpp::detail::create_subscription(NodeParametersT&, NodeTopicsT&, const string&, const rclcpp::QoS&, CallbackT&&, const rclcpp::SubscriptionOptionsWithAllocator<AllocatorT>&, typename MessageMemoryStrategyT::SharedPtr) [with MessageT = tutorial_interfaces::msg::Num_<std::allocator<void> >; CallbackT = std::_Bind<void (BillMonitorNode::*(BillMonitorNode*, std::_Placeholder<1>))(...)>; AllocatorT = std::allocator<void>; SubscriptionT = rclcpp::Subscription<tutorial_interfaces::msg::Num_<std::allocator<void> > >; MessageMemoryStrategyT = rclcpp::message_memory_strategy::MessageMemoryStrategy<tutorial_interfaces::msg::Num_<std::allocator<void> >, std::allocator<void> >; NodeParametersT = rclcpp::Node; NodeTopicsT = rclcpp::Node; ROSMessageType = tutorial_interfaces::msg::Num_<std::allocator<void> >; std::string = std::__cxx11::basic_string<char>; typename MessageMemoryStrategyT::SharedPtr = std::shared_ptr<rclcpp::message_memory_strategy::MessageMemoryStrategy<tutorial_interfaces::msg::Num_<std::allocator<void> >, std::allocator<void> > >][m[K’
[01m[K/opt/ros/humble/include/rclcpp/rclcpp/create_subscription.hpp:191:76:[m[K   required from ‘[01m[Kstd::shared_ptr<ROSMessageT> rclcpp::create_subscription(NodeT&, const string&, const rclcpp::QoS&, CallbackT&&, const rclcpp::SubscriptionOptionsWithAllocator<AllocatorT>&, typename MessageMemoryStrategyT::SharedPtr) [with MessageT = tutorial_interfaces::msg::Num_<std::allocator<void> >; CallbackT = std::_Bind<void (BillMonitorNode::*(BillMonitorNode*, std::_Placeholder<1>))(...)>; AllocatorT = std::allocator<void>; SubscriptionT = rclcpp::Subscription<tutorial_interfaces::msg::Num_<std::allocator<void> > >; MessageMemoryStrategyT = rclcpp::message_memory_strategy::MessageMemoryStrategy<tutorial_interfaces::msg::Num_<std::allocator<void> >, std::allocator<void> >; NodeT = rclcpp::Node; std::string = std::__cxx11::basic_string<char>; typename MessageMemoryStrategyT::SharedPtr = std::shared_ptr<rclcpp::message_memory_strategy::MessageMemoryStrategy<tutorial_interfaces::msg::Num_<std::allocator<void> >, std::allocator<void> > >][m[K’
[01m[K/opt/ros/humble/include/rclcpp/rclcpp/node_impl.hpp:99:47:[m[K   required from ‘[01m[Kstd::shared_ptr<ROSMessageT> rclcpp::Node::create_subscription(const string&, const rclcpp::QoS&, CallbackT&&, const rclcpp::SubscriptionOptionsWithAllocator<AllocatorT>&, typename MessageMemoryStrategyT::SharedPtr) [with MessageT = tutorial_interfaces::msg::Num_<std::allocator<void> >; CallbackT = std::_Bind<void (BillMonitorNode::*(BillMonitorNode*, std::_Placeholder<1>))(...)>; AllocatorT = std::allocator<void>; SubscriptionT = rclcpp::Subscription<tutorial_interfaces::msg::Num_<std::allocator<void> > >; MessageMemoryStrategyT = rclcpp::message_memory_strategy::MessageMemoryStrategy<tutorial_interfaces::msg::Num_<std::allocator<void> >, std::allocator<void> >; std::string = std::__cxx11::basic_string<char>; typename MessageMemoryStrategyT::SharedPtr = std::shared_ptr<rclcpp::message_memory_strategy::MessageMemoryStrategy<tutorial_interfaces::msg::Num_<std::allocator<void> >, std::allocator<void> > >][m[K’
[01m[K/home/mahek/ros2_ws/src/my_cashier_system/src/bill_display_node.cpp:9:84:[m[K   required from here
[01m[K/opt/ros/humble/include/rclcpp/rclcpp/function_traits.hpp:51:9:[m[K [01;31m[Kerror: [m[K‘[01m[Kdecltype[m[K’ cannot resolve address of overloaded function
   51 |   using [01;31m[Karguments[m[K = typename tuple_tail<
      |         [01;31m[K^~~~~~~~~[m[K
[01m[K/opt/ros/humble/include/rclcpp/rclcpp/function_traits.hpp:57:9:[m[K [01;31m[Kerror: [m[K‘[01m[Kdecltype[m[K’ cannot resolve address of overloaded function
   57 |   using [01;31m[Kargument_type[m[K = typename std::tuple_element<N, arguments>::type;
      |         [01;31m[K^~~~~~~~~~~~~[m[K
[01m[K/opt/ros/humble/include/rclcpp/rclcpp/function_traits.hpp:59:9:[m[K [01;31m[Kerror: [m[K‘[01m[Kdecltype[m[K’ cannot resolve address of overloaded function
   59 |   using [01;31m[Kreturn_type[m[K = typename function_traits<decltype( &FunctionT::operator())>::return_type;
      |         [01;31m[K^~~~~~~~~~~[m[K
[01m[K/home/mahek/ros2_ws/src/my_cashier_system/src/bill_subscriber_node.cpp:53:52:[m[K [01;31m[Kerror: [m[K‘[01m[KBill[m[K’ is not a member of ‘[01m[Ktutorial_interfaces::msg[m[K’
   53 |     rclcpp::Subscription<tutorial_interfaces::msg::[01;31m[KBill[m[K>::SharedPtr bill_subscriber_;
      |                                                    [01;31m[K^~~~[m[K
[01m[K/home/mahek/ros2_ws/src/my_cashier_system/src/bill_subscriber_node.cpp:53:56:[m[K [01;31m[Kerror: [m[Ktemplate argument 1 is invalid
   53 |     rclcpp::Subscription<tutorial_interfaces::msg::Bill[01;31m[K>[m[K::SharedPtr bill_subscriber_;
      |                                                        [01;31m[K^[m[K
[01m[K/home/mahek/ros2_ws/src/my_cashier_system/src/bill_subscriber_node.cpp:53:56:[m[K [01;31m[Kerror: [m[Ktemplate argument 3 is invalid
[01m[K/home/mahek/ros2_ws/src/my_cashier_system/src/bill_subscriber_node.cpp:53:56:[m[K [01;31m[Kerror: [m[Ktemplate argument 4 is invalid
[01m[K/home/mahek/ros2_ws/src/my_cashier_system/src/bill_subscriber_node.cpp:53:56:[m[K [01;31m[Kerror: [m[Ktemplate argument 5 is invalid
[01m[K/home/mahek/ros2_ws/src/my_cashier_system/src/bill_subscriber_node.cpp:53:59:[m[K [01;31m[Kerror: [m[Kexpected ‘[01m[K;[m[K’ at end of member declaration
   53 |     rclcpp::Subscription<tutorial_interfaces::msg::Bill>::[01;31m[KSharedPtr[m[K bill_subscriber_;
      |                                                           [01;31m[K^~~~~~~~~[m[K
      |                                                                    [32m[K;[m[K
[01m[K/home/mahek/ros2_ws/src/my_cashier_system/src/bill_subscriber_node.cpp:53:69:[m[K [01;31m[Kerror: [m[K‘[01m[Kbill_subscriber_[m[K’ does not name a type
   53 |     rclcpp::Subscription<tutorial_interfaces::msg::Bill>::SharedPtr [01;31m[Kbill_subscriber_[m[K;
      |                                                                     [01;31m[K^~~~~~~~~~~~~~~~[m[K
[01m[K/home/mahek/ros2_ws/src/my_cashier_system/src/bill_subscriber_node.cpp:[m[K In constructor ‘[01m[KBillProcessorNode::BillProcessorNode()[m[K’:
[01m[K/home/mahek/ros2_ws/src/my_cashier_system/src/bill_subscriber_node.cpp:9:9:[m[K [01;31m[Kerror: [m[K‘[01m[Kbill_subscriber_[m[K’ was not declared in this scope
    9 |         [01;31m[Kbill_subscriber_[m[K = this->create_subscription<tutorial_interfaces::msg::Num>(
      |         [01;31m[K^~~~~~~~~~~~~~~~[m[K
[ 66%] [32m[1mLinking CXX executable bill_publish_node[0m
[ 66%] Built target bill_publish_node
gmake[2]: *** [CMakeFiles/bill_display_node.dir/build.make:76: CMakeFiles/bill_display_node.dir/src/bill_display_node.cpp.o] Error 1
gmake[1]: *** [CMakeFiles/Makefile2:193: CMakeFiles/bill_display_node.dir/all] Error 2
gmake[1]: *** Waiting for unfinished jobs....
gmake[2]: *** [CMakeFiles/bill_subscriber_node.dir/build.make:76: CMakeFiles/bill_subscriber_node.dir/src/bill_subscriber_node.cpp.o] Error 1
gmake[1]: *** [CMakeFiles/Makefile2:167: CMakeFiles/bill_subscriber_node.dir/all] Error 2
gmake: *** [Makefile:146: all] Error 2
