-- Found ament_cmake: 1.3.10 (/opt/ros/humble/share/ament_cmake/cmake)
-- Found rclcpp: 16.0.10 (/opt/ros/humble/share/rclcpp/cmake)
-- Found rosidl_generator_c: 3.1.5 (/opt/ros/humble/share/rosidl_generator_c/cmake)
-- Found rosidl_adapter: 3.1.5 (/opt/ros/humble/share/rosidl_adapter/cmake)
-- Found rosidl_generator_cpp: 3.1.5 (/opt/ros/humble/share/rosidl_generator_cpp/cmake)
-- Using all available rosidl_typesupport_c: rosidl_typesupport_fastrtps_c;rosidl_typesupport_introspection_c
-- Using all available rosidl_typesupport_cpp: rosidl_typesupport_fastrtps_cpp;rosidl_typesupport_introspection_cpp
-- Found rmw_implementation_cmake: 6.1.2 (/opt/ros/humble/share/rmw_implementation_cmake/cmake)
-- Found rmw_fastrtps_cpp: 6.2.7 (/opt/ros/humble/share/rmw_fastrtps_cpp/cmake)
-- Using RMW implementation 'rmw_fastrtps_cpp' as default
-- Found my_cashier_system: 0.0.0 (/home/mahek/ros2_ws/install/my_cashier_system/share/my_cashier_system/cmake)
-- Found rosidl_default_generators: 1.2.0 (/opt/ros/humble/share/rosidl_default_generators/cmake)
-- Found ament_cmake_ros: 0.10.0 (/opt/ros/humble/share/ament_cmake_ros/cmake)
-- Using all available rosidl_typesupport_c: rosidl_typesupport_fastrtps_c;rosidl_typesupport_introspection_c
-- Using all available rosidl_typesupport_cpp: rosidl_typesupport_fastrtps_cpp;rosidl_typesupport_introspection_cpp
-- Found PythonInterp: /usr/bin/python3 (found suitable version "3.10.12", minimum required is "3.6") 
-- Found python_cmake_module: 0.10.0 (/opt/ros/humble/share/python_cmake_module/cmake)
-- Found PythonLibs: /usr/lib/x86_64-linux-gnu/libpython3.10.so (found suitable version "3.10.12", minimum required is "3.5") 
-- Using PYTHON_EXECUTABLE: /usr/bin/python3
-- Using PYTHON_INCLUDE_DIRS: /usr/include/python3.10
-- Using PYTHON_LIBRARIES: /usr/lib/x86_64-linux-gnu/libpython3.10.so
-- Found PythonExtra: .so  
-- Found ament_lint_auto: 0.12.11 (/opt/ros/humble/share/ament_lint_auto/cmake)
-- Added test 'cppcheck' to perform static code analysis on C / C++ code
-- Configured cppcheck include dirs: 
-- Configured cppcheck exclude dirs and/or files: 
-- Added test 'lint_cmake' to check CMake code style
-- Added test 'uncrustify' to check C / C++ code style
-- Configured uncrustify additional arguments: 
-- Added test 'xmllint' to check XML markup files
-- Configuring done
-- Generating done
-- Build files have been written to: /home/mahek/ros2_ws/build/my_cashier_system
[35m[1mConsolidate compiler generated dependencies of target inventory[0m
[  2%] [34m[1mGenerating C code for ROS interfaces[0m
[35m[1mConsolidate compiler generated dependencies of target bill[0m
[35m[1mConsolidate compiler generated dependencies of target monitor[0m
[  5%] [34m[1mGenerating C++ code for ROS interfaces[0m
[  8%] [32mBuilding CXX object CMakeFiles/inventory.dir/src/inventory_add_node.cpp.o[0m
[ 10%] [32mBuilding CXX object CMakeFiles/bill.dir/src/bill_publish_node.cpp.o[0m
[ 13%] [32mBuilding CXX object CMakeFiles/monitor.dir/src/bill_display_node.cpp.o[0m
[ 13%] Built target ament_cmake_python_copy_my_cashier_system
running egg_info
creating my_cashier_system.egg-info
writing my_cashier_system.egg-info/PKG-INFO
writing dependency_links to my_cashier_system.egg-info/dependency_links.txt
writing top-level names to my_cashier_system.egg-info/top_level.txt
writing manifest file 'my_cashier_system.egg-info/SOURCES.txt'
reading manifest file 'my_cashier_system.egg-info/SOURCES.txt'
writing manifest file 'my_cashier_system.egg-info/SOURCES.txt'
[ 13%] Built target ament_cmake_python_build_my_cashier_system_egg
[ 13%] Built target my_cashier_system__cpp
[ 16%] [32mBuilding C object CMakeFiles/my_cashier_system__rosidl_generator_c.dir/rosidl_generator_c/my_cashier_system/msg/detail/bill__functions.c.o[0m
[ 18%] [32m[1mLinking C shared library libmy_cashier_system__rosidl_generator_c.so[0m
[ 18%] Built target my_cashier_system__rosidl_generator_c
