[0.066s] DEBUG:colcon:Command line arguments: ['/usr/bin/colcon', 'build']
[0.067s] DEBUG:colcon:Parsed command line arguments: Namespace(log_base=None, log_level=None, verb_name='build', build_base='build', install_base='install', merge_install=False, symlink_install=False, test_result_base=None, continue_on_error=False, executor='parallel', parallel_workers=12, event_handlers=None, ignore_user_meta=False, metas=['./colcon.meta'], base_paths=['.'], packages_ignore=None, packages_ignore_regex=None, paths=None, packages_up_to=None, packages_up_to_regex=None, packages_above=None, packages_above_and_dependencies=None, packages_above_depth=None, packages_select_by_dep=None, packages_skip_by_dep=None, packages_skip_up_to=None, packages_select_build_failed=False, packages_skip_build_finished=False, packages_select_test_failures=False, packages_skip_test_passed=False, packages_select=None, packages_skip=None, packages_select_regex=None, packages_skip_regex=None, packages_start=None, packages_end=None, allow_overriding=[], cmake_args=None, cmake_target=None, cmake_target_skip_unavailable=False, cmake_clean_cache=False, cmake_clean_first=False, cmake_force_configure=False, ament_cmake_args=None, catkin_cmake_args=None, catkin_skip_building_tests=False, mixin_files=None, mixin=None, verb_parser=<colcon_mixin.mixin.mixin_argument.MixinArgumentDecorator object at 0x7fbe2903e2c0>, verb_extension=<colcon_core.verb.build.BuildVerb object at 0x7fbe2903d8a0>, main=<bound method BuildVerb.main of <colcon_core.verb.build.BuildVerb object at 0x7fbe2903d8a0>>, mixin_verb=('build',))
[0.162s] Level 1:colcon.colcon_core.package_discovery:discover_packages(colcon_meta) check parameters
[0.163s] Level 1:colcon.colcon_core.package_discovery:discover_packages(recursive) check parameters
[0.163s] Level 1:colcon.colcon_core.package_discovery:discover_packages(ignore) check parameters
[0.163s] Level 1:colcon.colcon_core.package_discovery:discover_packages(path) check parameters
[0.163s] Level 1:colcon.colcon_core.package_discovery:discover_packages(colcon_meta) discover
[0.163s] Level 1:colcon.colcon_core.package_discovery:discover_packages(recursive) discover
[0.163s] INFO:colcon.colcon_core.package_discovery:Crawling recursively for packages in '/home/mahek/ros2_ws'
[0.163s] Level 1:colcon.colcon_core.package_identification:_identify(.) by extensions ['ignore', 'ignore_ament_install']
[0.163s] Level 1:colcon.colcon_core.package_identification:_identify(.) by extension 'ignore'
[0.163s] Level 1:colcon.colcon_core.package_identification:_identify(.) by extension 'ignore_ament_install'
[0.163s] Level 1:colcon.colcon_core.package_identification:_identify(.) by extensions ['colcon_pkg']
[0.163s] Level 1:colcon.colcon_core.package_identification:_identify(.) by extension 'colcon_pkg'
[0.163s] Level 1:colcon.colcon_core.package_identification:_identify(.) by extensions ['colcon_meta']
[0.163s] Level 1:colcon.colcon_core.package_identification:_identify(.) by extension 'colcon_meta'
[0.163s] Level 1:colcon.colcon_core.package_identification:_identify(.) by extensions ['ros']
[0.163s] Level 1:colcon.colcon_core.package_identification:_identify(.) by extension 'ros'
[0.170s] Level 1:colcon.colcon_core.package_identification:_identify(.) by extensions ['cmake', 'python']
[0.170s] Level 1:colcon.colcon_core.package_identification:_identify(.) by extension 'cmake'
[0.170s] Level 1:colcon.colcon_core.package_identification:_identify(.) by extension 'python'
[0.170s] Level 1:colcon.colcon_core.package_identification:_identify(.) by extensions ['python_setup_py']
[0.170s] Level 1:colcon.colcon_core.package_identification:_identify(.) by extension 'python_setup_py'
[0.170s] Level 1:colcon.colcon_core.package_identification:_identify(build) by extensions ['ignore', 'ignore_ament_install']
[0.170s] Level 1:colcon.colcon_core.package_identification:_identify(build) by extension 'ignore'
[0.170s] Level 1:colcon.colcon_core.package_identification:_identify(build) ignored
[0.171s] Level 1:colcon.colcon_core.package_identification:_identify(install) by extensions ['ignore', 'ignore_ament_install']
[0.171s] Level 1:colcon.colcon_core.package_identification:_identify(install) by extension 'ignore'
[0.171s] Level 1:colcon.colcon_core.package_identification:_identify(install) ignored
[0.171s] Level 1:colcon.colcon_core.package_identification:_identify(log) by extensions ['ignore', 'ignore_ament_install']
[0.171s] Level 1:colcon.colcon_core.package_identification:_identify(log) by extension 'ignore'
[0.171s] Level 1:colcon.colcon_core.package_identification:_identify(log) ignored
[0.171s] Level 1:colcon.colcon_core.package_identification:_identify(src) by extensions ['ignore', 'ignore_ament_install']
[0.171s] Level 1:colcon.colcon_core.package_identification:_identify(src) by extension 'ignore'
[0.171s] Level 1:colcon.colcon_core.package_identification:_identify(src) by extension 'ignore_ament_install'
[0.171s] Level 1:colcon.colcon_core.package_identification:_identify(src) by extensions ['colcon_pkg']
[0.171s] Level 1:colcon.colcon_core.package_identification:_identify(src) by extension 'colcon_pkg'
[0.171s] Level 1:colcon.colcon_core.package_identification:_identify(src) by extensions ['colcon_meta']
[0.171s] Level 1:colcon.colcon_core.package_identification:_identify(src) by extension 'colcon_meta'
[0.171s] Level 1:colcon.colcon_core.package_identification:_identify(src) by extensions ['ros']
[0.171s] Level 1:colcon.colcon_core.package_identification:_identify(src) by extension 'ros'
[0.171s] Level 1:colcon.colcon_core.package_identification:_identify(src) by extensions ['cmake', 'python']
[0.171s] Level 1:colcon.colcon_core.package_identification:_identify(src) by extension 'cmake'
[0.171s] Level 1:colcon.colcon_core.package_identification:_identify(src) by extension 'python'
[0.171s] Level 1:colcon.colcon_core.package_identification:_identify(src) by extensions ['python_setup_py']
[0.171s] Level 1:colcon.colcon_core.package_identification:_identify(src) by extension 'python_setup_py'
[0.171s] Level 1:colcon.colcon_core.package_identification:_identify(src/build) by extensions ['ignore', 'ignore_ament_install']
[0.171s] Level 1:colcon.colcon_core.package_identification:_identify(src/build) by extension 'ignore'
[0.171s] Level 1:colcon.colcon_core.package_identification:_identify(src/build) ignored
[0.171s] Level 1:colcon.colcon_core.package_identification:_identify(src/install) by extensions ['ignore', 'ignore_ament_install']
[0.171s] Level 1:colcon.colcon_core.package_identification:_identify(src/install) by extension 'ignore'
[0.171s] Level 1:colcon.colcon_core.package_identification:_identify(src/install) ignored
[0.171s] Level 1:colcon.colcon_core.package_identification:_identify(src/log) by extensions ['ignore', 'ignore_ament_install']
[0.171s] Level 1:colcon.colcon_core.package_identification:_identify(src/log) by extension 'ignore'
[0.171s] Level 1:colcon.colcon_core.package_identification:_identify(src/log) ignored
[0.171s] Level 1:colcon.colcon_core.package_identification:_identify(src/my_cashier_system) by extensions ['ignore', 'ignore_ament_install']
[0.172s] Level 1:colcon.colcon_core.package_identification:_identify(src/my_cashier_system) by extension 'ignore'
[0.172s] Level 1:colcon.colcon_core.package_identification:_identify(src/my_cashier_system) by extension 'ignore_ament_install'
[0.172s] Level 1:colcon.colcon_core.package_identification:_identify(src/my_cashier_system) by extensions ['colcon_pkg']
[0.172s] Level 1:colcon.colcon_core.package_identification:_identify(src/my_cashier_system) by extension 'colcon_pkg'
[0.172s] Level 1:colcon.colcon_core.package_identification:_identify(src/my_cashier_system) by extensions ['colcon_meta']
[0.172s] Level 1:colcon.colcon_core.package_identification:_identify(src/my_cashier_system) by extension 'colcon_meta'
[0.172s] Level 1:colcon.colcon_core.package_identification:_identify(src/my_cashier_system) by extensions ['ros']
[0.172s] Level 1:colcon.colcon_core.package_identification:_identify(src/my_cashier_system) by extension 'ros'
[0.173s] DEBUG:colcon.colcon_core.package_identification:Package 'src/my_cashier_system' with type 'ros.ament_cmake' and name 'my_cashier_system'
[0.173s] Level 1:colcon.colcon_core.package_identification:_identify(src/my_robot_controller) by extensions ['ignore', 'ignore_ament_install']
[0.173s] Level 1:colcon.colcon_core.package_identification:_identify(src/my_robot_controller) by extension 'ignore'
[0.173s] Level 1:colcon.colcon_core.package_identification:_identify(src/my_robot_controller) by extension 'ignore_ament_install'
[0.174s] Level 1:colcon.colcon_core.package_identification:_identify(src/my_robot_controller) by extensions ['colcon_pkg']
[0.174s] Level 1:colcon.colcon_core.package_identification:_identify(src/my_robot_controller) by extension 'colcon_pkg'
[0.174s] Level 1:colcon.colcon_core.package_identification:_identify(src/my_robot_controller) by extensions ['colcon_meta']
[0.174s] Level 1:colcon.colcon_core.package_identification:_identify(src/my_robot_controller) by extension 'colcon_meta'
[0.174s] Level 1:colcon.colcon_core.package_identification:_identify(src/my_robot_controller) by extensions ['ros']
[0.174s] Level 1:colcon.colcon_core.package_identification:_identify(src/my_robot_controller) by extension 'ros'
[0.174s] DEBUG:colcon.colcon_core.package_identification:Package 'src/my_robot_controller' with type 'ros.ament_python' and name 'my_robot_controller'
[0.174s] Level 1:colcon.colcon_core.package_discovery:discover_packages(recursive) using defaults
[0.174s] Level 1:colcon.colcon_core.package_discovery:discover_packages(ignore) discover
[0.174s] Level 1:colcon.colcon_core.package_discovery:discover_packages(ignore) using defaults
[0.174s] Level 1:colcon.colcon_core.package_discovery:discover_packages(path) discover
[0.174s] Level 1:colcon.colcon_core.package_discovery:discover_packages(path) using defaults
[0.194s] Level 1:colcon.colcon_core.package_discovery:discover_packages(prefix_path) check parameters
[0.194s] Level 1:colcon.colcon_core.package_discovery:discover_packages(prefix_path) discover
[0.195s] DEBUG:colcon.colcon_installed_package_information.package_discovery:Found 5 installed packages in /home/mahek/ros2_ws/install
[0.196s] DEBUG:colcon.colcon_installed_package_information.package_discovery:Found 294 installed packages in /opt/ros/humble
[0.197s] Level 1:colcon.colcon_core.package_discovery:discover_packages(prefix_path) using defaults
[0.220s] Level 5:colcon.colcon_core.verb:set package 'my_cashier_system' build argument 'cmake_args' from command line to 'None'
[0.220s] Level 5:colcon.colcon_core.verb:set package 'my_cashier_system' build argument 'cmake_target' from command line to 'None'
[0.220s] Level 5:colcon.colcon_core.verb:set package 'my_cashier_system' build argument 'cmake_target_skip_unavailable' from command line to 'False'
[0.220s] Level 5:colcon.colcon_core.verb:set package 'my_cashier_system' build argument 'cmake_clean_cache' from command line to 'False'
[0.220s] Level 5:colcon.colcon_core.verb:set package 'my_cashier_system' build argument 'cmake_clean_first' from command line to 'False'
[0.220s] Level 5:colcon.colcon_core.verb:set package 'my_cashier_system' build argument 'cmake_force_configure' from command line to 'False'
[0.220s] Level 5:colcon.colcon_core.verb:set package 'my_cashier_system' build argument 'ament_cmake_args' from command line to 'None'
[0.220s] Level 5:colcon.colcon_core.verb:set package 'my_cashier_system' build argument 'catkin_cmake_args' from command line to 'None'
[0.220s] Level 5:colcon.colcon_core.verb:set package 'my_cashier_system' build argument 'catkin_skip_building_tests' from command line to 'False'
[0.220s] DEBUG:colcon.colcon_core.verb:Building package 'my_cashier_system' with the following arguments: {'ament_cmake_args': None, 'build_base': '/home/mahek/ros2_ws/build/my_cashier_system', 'catkin_cmake_args': None, 'catkin_skip_building_tests': False, 'cmake_args': None, 'cmake_clean_cache': False, 'cmake_clean_first': False, 'cmake_force_configure': False, 'cmake_target': None, 'cmake_target_skip_unavailable': False, 'install_base': '/home/mahek/ros2_ws/install/my_cashier_system', 'merge_install': False, 'path': '/home/mahek/ros2_ws/src/my_cashier_system', 'symlink_install': False, 'test_result_base': None}
[0.220s] Level 5:colcon.colcon_core.verb:set package 'my_robot_controller' build argument 'cmake_args' from command line to 'None'
[0.220s] Level 5:colcon.colcon_core.verb:set package 'my_robot_controller' build argument 'cmake_target' from command line to 'None'
[0.220s] Level 5:colcon.colcon_core.verb:set package 'my_robot_controller' build argument 'cmake_target_skip_unavailable' from command line to 'False'
[0.220s] Level 5:colcon.colcon_core.verb:set package 'my_robot_controller' build argument 'cmake_clean_cache' from command line to 'False'
[0.220s] Level 5:colcon.colcon_core.verb:set package 'my_robot_controller' build argument 'cmake_clean_first' from command line to 'False'
[0.220s] Level 5:colcon.colcon_core.verb:set package 'my_robot_controller' build argument 'cmake_force_configure' from command line to 'False'
[0.220s] Level 5:colcon.colcon_core.verb:set package 'my_robot_controller' build argument 'ament_cmake_args' from command line to 'None'
[0.221s] Level 5:colcon.colcon_core.verb:set package 'my_robot_controller' build argument 'catkin_cmake_args' from command line to 'None'
[0.221s] Level 5:colcon.colcon_core.verb:set package 'my_robot_controller' build argument 'catkin_skip_building_tests' from command line to 'False'
[0.221s] DEBUG:colcon.colcon_core.verb:Building package 'my_robot_controller' with the following arguments: {'ament_cmake_args': None, 'build_base': '/home/mahek/ros2_ws/build/my_robot_controller', 'catkin_cmake_args': None, 'catkin_skip_building_tests': False, 'cmake_args': None, 'cmake_clean_cache': False, 'cmake_clean_first': False, 'cmake_force_configure': False, 'cmake_target': None, 'cmake_target_skip_unavailable': False, 'install_base': '/home/mahek/ros2_ws/install/my_robot_controller', 'merge_install': False, 'path': '/home/mahek/ros2_ws/src/my_robot_controller', 'symlink_install': False, 'test_result_base': None}
[0.221s] INFO:colcon.colcon_core.executor:Executing jobs using 'parallel' executor
[0.221s] DEBUG:colcon.colcon_parallel_executor.executor.parallel:run_until_complete
[0.221s] INFO:colcon.colcon_ros.task.ament_cmake.build:Building ROS package in '/home/mahek/ros2_ws/src/my_cashier_system' with build type 'ament_cmake'
[0.222s] INFO:colcon.colcon_cmake.task.cmake.build:Building CMake package in '/home/mahek/ros2_ws/src/my_cashier_system'
[0.223s] INFO:colcon.colcon_core.plugin_system:Skipping extension 'colcon_core.shell.bat': Not used on non-Windows systems
[0.223s] INFO:colcon.colcon_core.shell:Skip shell extension 'powershell' for command environment: Not usable outside of PowerShell
[0.223s] DEBUG:colcon.colcon_core.shell:Skip shell extension 'dsv' for command environment
[0.225s] INFO:colcon.colcon_ros.task.ament_python.build:Building ROS package in '/home/mahek/ros2_ws/src/my_robot_controller' with build type 'ament_python'
[0.225s] Level 1:colcon.colcon_core.shell:create_environment_hook('my_robot_controller', 'ament_prefix_path')
[0.226s] INFO:colcon.colcon_core.shell:Creating environment hook '/home/mahek/ros2_ws/install/my_robot_controller/share/my_robot_controller/hook/ament_prefix_path.ps1'
[0.226s] INFO:colcon.colcon_core.shell:Creating environment descriptor '/home/mahek/ros2_ws/install/my_robot_controller/share/my_robot_controller/hook/ament_prefix_path.dsv'
[0.226s] INFO:colcon.colcon_core.shell:Creating environment hook '/home/mahek/ros2_ws/install/my_robot_controller/share/my_robot_controller/hook/ament_prefix_path.sh'
[0.227s] INFO:colcon.colcon_core.shell:Skip shell extension 'powershell' for command environment: Not usable outside of PowerShell
[0.227s] DEBUG:colcon.colcon_core.shell:Skip shell extension 'dsv' for command environment
[0.233s] DEBUG:colcon.colcon_core.event_handler.log_command:Invoking command in '/home/mahek/ros2_ws/build/my_cashier_system': CMAKE_PREFIX_PATH=${CMAKE_PREFIX_PATH}:/home/mahek/ros2_ws/install/my_robot_controller:/opt/ros/humble /usr/bin/cmake --build /home/mahek/ros2_ws/build/my_cashier_system -- -j12 -l12
[0.387s] INFO:colcon.colcon_core.task.python.build:Building Python package in '/home/mahek/ros2_ws/src/my_robot_controller'
[0.387s] INFO:colcon.colcon_core.shell:Skip shell extension 'powershell' for command environment: Not usable outside of PowerShell
[0.387s] DEBUG:colcon.colcon_core.shell:Skip shell extension 'dsv' for command environment
[0.391s] DEBUG:colcon.colcon_core.event_handler.log_command:Invoked command in '/home/mahek/ros2_ws/build/my_cashier_system' returned '0': CMAKE_PREFIX_PATH=${CMAKE_PREFIX_PATH}:/home/mahek/ros2_ws/install/my_robot_controller:/opt/ros/humble /usr/bin/cmake --build /home/mahek/ros2_ws/build/my_cashier_system -- -j12 -l12
[0.400s] DEBUG:colcon.colcon_core.event_handler.log_command:Invoking command in '/home/mahek/ros2_ws/build/my_cashier_system': CMAKE_PREFIX_PATH=${CMAKE_PREFIX_PATH}:/home/mahek/ros2_ws/install/my_robot_controller:/opt/ros/humble /usr/bin/cmake --install /home/mahek/ros2_ws/build/my_cashier_system
[0.408s] Level 1:colcon.colcon_core.environment:create_environment_scripts_only(my_cashier_system)
[0.409s] DEBUG:colcon.colcon_core.event_handler.log_command:Invoked command in '/home/mahek/ros2_ws/build/my_cashier_system' returned '0': CMAKE_PREFIX_PATH=${CMAKE_PREFIX_PATH}:/home/mahek/ros2_ws/install/my_robot_controller:/opt/ros/humble /usr/bin/cmake --install /home/mahek/ros2_ws/build/my_cashier_system
[0.412s] Level 1:colcon.colcon_core.environment:checking '/home/mahek/ros2_ws/install/my_cashier_system' for CMake module files
[0.412s] Level 1:colcon.colcon_core.environment:checking '/home/mahek/ros2_ws/install/my_cashier_system' for CMake config files
[0.413s] Level 1:colcon.colcon_core.shell:create_environment_hook('my_cashier_system', 'cmake_prefix_path')
[0.413s] INFO:colcon.colcon_core.shell:Creating environment hook '/home/mahek/ros2_ws/install/my_cashier_system/share/my_cashier_system/hook/cmake_prefix_path.ps1'
[0.413s] INFO:colcon.colcon_core.shell:Creating environment descriptor '/home/mahek/ros2_ws/install/my_cashier_system/share/my_cashier_system/hook/cmake_prefix_path.dsv'
[0.414s] INFO:colcon.colcon_core.shell:Creating environment hook '/home/mahek/ros2_ws/install/my_cashier_system/share/my_cashier_system/hook/cmake_prefix_path.sh'
[0.415s] Level 1:colcon.colcon_core.environment:checking '/home/mahek/ros2_ws/install/my_cashier_system/bin'
[0.415s] Level 1:colcon.colcon_core.environment:checking '/home/mahek/ros2_ws/install/my_cashier_system/lib/pkgconfig/my_cashier_system.pc'
[0.415s] Level 1:colcon.colcon_core.environment:checking '/home/mahek/ros2_ws/install/my_cashier_system/lib/python3.10/site-packages'
[0.415s] Level 1:colcon.colcon_core.environment:checking '/home/mahek/ros2_ws/install/my_cashier_system/bin'
[0.416s] INFO:colcon.colcon_core.shell:Creating package script '/home/mahek/ros2_ws/install/my_cashier_system/share/my_cashier_system/package.ps1'
[0.417s] INFO:colcon.colcon_core.shell:Creating package descriptor '/home/mahek/ros2_ws/install/my_cashier_system/share/my_cashier_system/package.dsv'
[0.417s] INFO:colcon.colcon_core.shell:Creating package script '/home/mahek/ros2_ws/install/my_cashier_system/share/my_cashier_system/package.sh'
[0.418s] INFO:colcon.colcon_core.shell:Creating package script '/home/mahek/ros2_ws/install/my_cashier_system/share/my_cashier_system/package.bash'
[0.419s] INFO:colcon.colcon_core.shell:Creating package script '/home/mahek/ros2_ws/install/my_cashier_system/share/my_cashier_system/package.zsh'
[0.420s] Level 1:colcon.colcon_core.environment:create_file_with_runtime_dependencies(/home/mahek/ros2_ws/install/my_cashier_system/share/colcon-core/packages/my_cashier_system)
[0.420s] Level 1:colcon.colcon_core.environment:create_environment_scripts_only(my_cashier_system)
[0.420s] Level 1:colcon.colcon_core.environment:checking '/home/mahek/ros2_ws/install/my_cashier_system' for CMake module files
[0.421s] Level 1:colcon.colcon_core.environment:checking '/home/mahek/ros2_ws/install/my_cashier_system' for CMake config files
[0.421s] Level 1:colcon.colcon_core.shell:create_environment_hook('my_cashier_system', 'cmake_prefix_path')
[0.421s] INFO:colcon.colcon_core.shell:Creating environment hook '/home/mahek/ros2_ws/install/my_cashier_system/share/my_cashier_system/hook/cmake_prefix_path.ps1'
[0.421s] INFO:colcon.colcon_core.shell:Creating environment descriptor '/home/mahek/ros2_ws/install/my_cashier_system/share/my_cashier_system/hook/cmake_prefix_path.dsv'
[0.422s] INFO:colcon.colcon_core.shell:Creating environment hook '/home/mahek/ros2_ws/install/my_cashier_system/share/my_cashier_system/hook/cmake_prefix_path.sh'
[0.422s] Level 1:colcon.colcon_core.environment:checking '/home/mahek/ros2_ws/install/my_cashier_system/bin'
[0.422s] Level 1:colcon.colcon_core.environment:checking '/home/mahek/ros2_ws/install/my_cashier_system/lib/pkgconfig/my_cashier_system.pc'
[0.422s] Level 1:colcon.colcon_core.environment:checking '/home/mahek/ros2_ws/install/my_cashier_system/lib/python3.10/site-packages'
[0.422s] Level 1:colcon.colcon_core.environment:checking '/home/mahek/ros2_ws/install/my_cashier_system/bin'
[0.423s] INFO:colcon.colcon_core.shell:Creating package script '/home/mahek/ros2_ws/install/my_cashier_system/share/my_cashier_system/package.ps1'
[0.423s] INFO:colcon.colcon_core.shell:Creating package descriptor '/home/mahek/ros2_ws/install/my_cashier_system/share/my_cashier_system/package.dsv'
[0.423s] INFO:colcon.colcon_core.shell:Creating package script '/home/mahek/ros2_ws/install/my_cashier_system/share/my_cashier_system/package.sh'
[0.423s] INFO:colcon.colcon_core.shell:Creating package script '/home/mahek/ros2_ws/install/my_cashier_system/share/my_cashier_system/package.bash'
[0.423s] INFO:colcon.colcon_core.shell:Creating package script '/home/mahek/ros2_ws/install/my_cashier_system/share/my_cashier_system/package.zsh'
[0.424s] Level 1:colcon.colcon_core.environment:create_file_with_runtime_dependencies(/home/mahek/ros2_ws/install/my_cashier_system/share/colcon-core/packages/my_cashier_system)
[0.601s] DEBUG:colcon.colcon_core.event_handler.log_command:Invoking command in '/home/mahek/ros2_ws/src/my_robot_controller': PYTHONPATH=/home/mahek/ros2_ws/build/my_robot_controller/prefix_override:/usr/lib/python3/dist-packages/colcon_core/task/python/colcon_distutils_commands:/home/mahek/ros2_ws/install/my_robot_controller/lib/python3.10/site-packages:${PYTHONPATH} /usr/bin/python3 -W ignore:setup.py install is deprecated -W ignore:easy_install command is deprecated setup.py egg_info --egg-base ../../build/my_robot_controller build --build-base /home/mahek/ros2_ws/build/my_robot_controller/build install --record /home/mahek/ros2_ws/build/my_robot_controller/install.log --single-version-externally-managed install_data
[0.773s] Level 1:colcon.colcon_core.environment:checking '/home/mahek/ros2_ws/install/my_robot_controller' for CMake module files
[0.774s] DEBUG:colcon.colcon_core.event_handler.log_command:Invoked command in '/home/mahek/ros2_ws/src/my_robot_controller' returned '0': PYTHONPATH=/home/mahek/ros2_ws/build/my_robot_controller/prefix_override:/usr/lib/python3/dist-packages/colcon_core/task/python/colcon_distutils_commands:/home/mahek/ros2_ws/install/my_robot_controller/lib/python3.10/site-packages:${PYTHONPATH} /usr/bin/python3 -W ignore:setup.py install is deprecated -W ignore:easy_install command is deprecated setup.py egg_info --egg-base ../../build/my_robot_controller build --build-base /home/mahek/ros2_ws/build/my_robot_controller/build install --record /home/mahek/ros2_ws/build/my_robot_controller/install.log --single-version-externally-managed install_data
[0.774s] Level 1:colcon.colcon_core.environment:checking '/home/mahek/ros2_ws/install/my_robot_controller' for CMake config files
[0.774s] Level 1:colcon.colcon_core.environment:checking '/home/mahek/ros2_ws/install/my_robot_controller/lib'
[0.774s] Level 1:colcon.colcon_core.environment:checking '/home/mahek/ros2_ws/install/my_robot_controller/bin'
[0.774s] Level 1:colcon.colcon_core.environment:checking '/home/mahek/ros2_ws/install/my_robot_controller/lib/pkgconfig/my_robot_controller.pc'
[0.775s] Level 1:colcon.colcon_core.environment:checking '/home/mahek/ros2_ws/install/my_robot_controller/lib/python3.10/site-packages'
[0.775s] Level 1:colcon.colcon_core.shell:create_environment_hook('my_robot_controller', 'pythonpath')
[0.775s] INFO:colcon.colcon_core.shell:Creating environment hook '/home/mahek/ros2_ws/install/my_robot_controller/share/my_robot_controller/hook/pythonpath.ps1'
[0.775s] INFO:colcon.colcon_core.shell:Creating environment descriptor '/home/mahek/ros2_ws/install/my_robot_controller/share/my_robot_controller/hook/pythonpath.dsv'
[0.775s] INFO:colcon.colcon_core.shell:Creating environment hook '/home/mahek/ros2_ws/install/my_robot_controller/share/my_robot_controller/hook/pythonpath.sh'
[0.776s] Level 1:colcon.colcon_core.environment:checking '/home/mahek/ros2_ws/install/my_robot_controller/bin'
[0.776s] Level 1:colcon.colcon_core.environment:create_environment_scripts_only(my_robot_controller)
[0.776s] INFO:colcon.colcon_core.shell:Creating package script '/home/mahek/ros2_ws/install/my_robot_controller/share/my_robot_controller/package.ps1'
[0.776s] INFO:colcon.colcon_core.shell:Creating package descriptor '/home/mahek/ros2_ws/install/my_robot_controller/share/my_robot_controller/package.dsv'
[0.776s] INFO:colcon.colcon_core.shell:Creating package script '/home/mahek/ros2_ws/install/my_robot_controller/share/my_robot_controller/package.sh'
[0.777s] INFO:colcon.colcon_core.shell:Creating package script '/home/mahek/ros2_ws/install/my_robot_controller/share/my_robot_controller/package.bash'
[0.777s] INFO:colcon.colcon_core.shell:Creating package script '/home/mahek/ros2_ws/install/my_robot_controller/share/my_robot_controller/package.zsh'
[0.777s] Level 1:colcon.colcon_core.environment:create_file_with_runtime_dependencies(/home/mahek/ros2_ws/install/my_robot_controller/share/colcon-core/packages/my_robot_controller)
[0.777s] DEBUG:colcon.colcon_parallel_executor.executor.parallel:closing loop
[0.777s] DEBUG:colcon.colcon_parallel_executor.executor.parallel:loop closed
[0.777s] DEBUG:colcon.colcon_parallel_executor.executor.parallel:run_until_complete finished with '0'
[0.778s] DEBUG:colcon.colcon_core.event_reactor:joining thread
[0.781s] INFO:colcon.colcon_core.plugin_system:Skipping extension 'colcon_notification.desktop_notification.terminal_notifier': Not used on non-Darwin systems
[0.781s] INFO:colcon.colcon_core.plugin_system:Skipping extension 'colcon_notification.desktop_notification.win32': Not used on non-Windows systems
[0.781s] INFO:colcon.colcon_notification.desktop_notification:Sending desktop notification using 'notify2'
[0.792s] DEBUG:colcon.colcon_core.event_reactor:joined thread
[0.793s] INFO:colcon.colcon_core.shell:Creating prefix script '/home/mahek/ros2_ws/install/local_setup.ps1'
[0.794s] INFO:colcon.colcon_core.shell:Creating prefix util module '/home/mahek/ros2_ws/install/_local_setup_util_ps1.py'
[0.794s] INFO:colcon.colcon_core.shell:Creating prefix chain script '/home/mahek/ros2_ws/install/setup.ps1'
[0.795s] INFO:colcon.colcon_core.shell:Creating prefix script '/home/mahek/ros2_ws/install/local_setup.sh'
[0.795s] INFO:colcon.colcon_core.shell:Creating prefix util module '/home/mahek/ros2_ws/install/_local_setup_util_sh.py'
[0.796s] INFO:colcon.colcon_core.shell:Creating prefix chain script '/home/mahek/ros2_ws/install/setup.sh'
[0.797s] INFO:colcon.colcon_core.shell:Creating prefix script '/home/mahek/ros2_ws/install/local_setup.bash'
[0.797s] INFO:colcon.colcon_core.shell:Creating prefix chain script '/home/mahek/ros2_ws/install/setup.bash'
[0.797s] INFO:colcon.colcon_core.shell:Creating prefix script '/home/mahek/ros2_ws/install/local_setup.zsh'
[0.798s] INFO:colcon.colcon_core.shell:Creating prefix chain script '/home/mahek/ros2_ws/install/setup.zsh'
