[0.007s] Invoking command in '/home/mahek/ros2_ws/build/cpp_pubsub': CMAKE_PREFIX_PATH=/opt/ros/humble /usr/bin/cmake /home/mahek/ros2_ws/src/cpp_pubsub -DCMAKE_INSTALL_PREFIX=/home/mahek/ros2_ws/install/cpp_pubsub
[0.059s] -- The C compiler identification is GNU 11.4.0
[0.113s] -- The CXX compiler identification is GNU 11.4.0
[0.120s] -- Detecting C compiler ABI info
[0.202s] -- Detecting C compiler ABI info - done
[0.208s] -- Check for working C compiler: /usr/bin/cc - skipped
[0.208s] -- Detecting C compile features
[0.209s] -- Detecting C compile features - done
[0.211s] -- Detecting CXX compiler ABI info
[0.295s] -- Detecting CXX compiler ABI info - done
[0.303s] -- Check for working CXX compiler: /usr/bin/c++ - skipped
[0.303s] -- Detecting CXX compile features
[0.303s] -- Detecting CXX compile features - done
[0.306s] -- Found ament_cmake: 1.3.10 (/opt/ros/humble/share/ament_cmake/cmake)
[0.438s] -- Found Python3: /usr/bin/python3 (found version "3.10.12") found components: Interpreter 
[0.514s] -- Found ament_lint_auto: 0.12.11 (/opt/ros/humble/share/ament_lint_auto/cmake)
[0.572s] -- Added test 'cppcheck' to perform static code analysis on C / C++ code
[0.572s] -- Configured cppcheck include dirs: 
[0.573s] -- Configured cppcheck exclude dirs and/or files: 
[0.573s] -- Added test 'lint_cmake' to check CMake code style
[0.573s] -- Added test 'uncrustify' to check C / C++ code style
[0.573s] -- Configured uncrustify additional arguments: 
[0.573s] -- Added test 'xmllint' to check XML markup files
[0.575s] -- Configuring done
[0.575s] -- Generating done
[0.576s] -- Build files have been written to: /home/mahek/ros2_ws/build/cpp_pubsub
[0.579s] Invoked command in '/home/mahek/ros2_ws/build/cpp_pubsub' returned '0': CMAKE_PREFIX_PATH=/opt/ros/humble /usr/bin/cmake /home/mahek/ros2_ws/src/cpp_pubsub -DCMAKE_INSTALL_PREFIX=/home/mahek/ros2_ws/install/cpp_pubsub
[0.580s] Invoking command in '/home/mahek/ros2_ws/build/cpp_pubsub': CMAKE_PREFIX_PATH=/opt/ros/humble /usr/bin/cmake --build /home/mahek/ros2_ws/build/cpp_pubsub -- -j12 -l12
[0.621s] Invoked command in '/home/mahek/ros2_ws/build/cpp_pubsub' returned '0': CMAKE_PREFIX_PATH=/opt/ros/humble /usr/bin/cmake --build /home/mahek/ros2_ws/build/cpp_pubsub -- -j12 -l12
[0.659s] Invoking command in '/home/mahek/ros2_ws/build/cpp_pubsub': CMAKE_PREFIX_PATH=/opt/ros/humble /usr/bin/cmake --install /home/mahek/ros2_ws/build/cpp_pubsub
[0.667s] -- Install configuration: ""
[0.667s] -- Installing: /home/mahek/ros2_ws/install/cpp_pubsub/share/ament_index/resource_index/package_run_dependencies/cpp_pubsub
[0.667s] -- Installing: /home/mahek/ros2_ws/install/cpp_pubsub/share/ament_index/resource_index/parent_prefix_path/cpp_pubsub
[0.668s] -- Installing: /home/mahek/ros2_ws/install/cpp_pubsub/share/cpp_pubsub/environment/ament_prefix_path.sh
[0.668s] -- Installing: /home/mahek/ros2_ws/install/cpp_pubsub/share/cpp_pubsub/environment/ament_prefix_path.dsv
[0.668s] -- Installing: /home/mahek/ros2_ws/install/cpp_pubsub/share/cpp_pubsub/environment/path.sh
[0.668s] -- Installing: /home/mahek/ros2_ws/install/cpp_pubsub/share/cpp_pubsub/environment/path.dsv
[0.668s] -- Installing: /home/mahek/ros2_ws/install/cpp_pubsub/share/cpp_pubsub/local_setup.bash
[0.668s] -- Installing: /home/mahek/ros2_ws/install/cpp_pubsub/share/cpp_pubsub/local_setup.sh
[0.668s] -- Installing: /home/mahek/ros2_ws/install/cpp_pubsub/share/cpp_pubsub/local_setup.zsh
[0.669s] -- Installing: /home/mahek/ros2_ws/install/cpp_pubsub/share/cpp_pubsub/local_setup.dsv
[0.669s] -- Installing: /home/mahek/ros2_ws/install/cpp_pubsub/share/cpp_pubsub/package.dsv
[0.669s] -- Installing: /home/mahek/ros2_ws/install/cpp_pubsub/share/ament_index/resource_index/packages/cpp_pubsub
[0.669s] -- Installing: /home/mahek/ros2_ws/install/cpp_pubsub/share/cpp_pubsub/cmake/cpp_pubsubConfig.cmake
[0.669s] -- Installing: /home/mahek/ros2_ws/install/cpp_pubsub/share/cpp_pubsub/cmake/cpp_pubsubConfig-version.cmake
[0.669s] -- Installing: /home/mahek/ros2_ws/install/cpp_pubsub/share/cpp_pubsub/package.xml
[0.671s] Invoked command in '/home/mahek/ros2_ws/build/cpp_pubsub' returned '0': CMAKE_PREFIX_PATH=/opt/ros/humble /usr/bin/cmake --install /home/mahek/ros2_ws/build/cpp_pubsub
