[0.014s] Invoking command in '/home/mahek/rover_ws/build/my_rover': CMAKE_PREFIX_PATH=${CMAKE_PREFIX_PATH}:/home/mahek/ros2_ws/install/my_robot_controller:/opt/ros/humble /usr/bin/cmake --build /home/mahek/rover_ws/build/my_rover -- -j12 -l12
[0.036s] -- Found ament_cmake: 1.3.10 (/opt/ros/humble/share/ament_cmake/cmake)
[0.143s] -- Found gazebo_ros: 3.7.0 (/opt/ros/humble/share/gazebo_ros/cmake)
[0.173s] -- Found rosidl_generator_c: 3.1.5 (/opt/ros/humble/share/rosidl_generator_c/cmake)
[0.177s] -- Found rosidl_adapter: 3.1.5 (/opt/ros/humble/share/rosidl_adapter/cmake)
[0.189s] -- Found rosidl_generator_cpp: 3.1.5 (/opt/ros/humble/share/rosidl_generator_cpp/cmake)
[0.199s] -- Using all available rosidl_typesupport_c: rosidl_typesupport_fastrtps_c;rosidl_typesupport_introspection_c
[0.211s] -- Using all available rosidl_typesupport_cpp: rosidl_typesupport_fastrtps_cpp;rosidl_typesupport_introspection_cpp
[0.240s] -- Found rmw_implementation_cmake: 6.1.2 (/opt/ros/humble/share/rmw_implementation_cmake/cmake)
[0.241s] -- Found rmw_fastrtps_cpp: 6.2.7 (/opt/ros/humble/share/rmw_fastrtps_cpp/cmake)
[0.325s] -- Found OpenSSL: /usr/lib/x86_64-linux-gnu/libcrypto.so (found version "3.0.2")  
[0.357s] -- Found FastRTPS: /opt/ros/humble/include  
[0.388s] -- Using RMW implementation 'rmw_fastrtps_cpp' as default
[0.402s] -- Looking for pthread.h
[0.493s] -- Looking for pthread.h - found
[0.495s] -- Performing Test CMAKE_HAVE_LIBC_PTHREAD
[0.583s] -- Performing Test CMAKE_HAVE_LIBC_PTHREAD - Success
[0.584s] -- Found Threads: TRUE  
[0.628s] -- Found PkgConfig: /usr/bin/pkg-config (found version "0.29.2") 
[0.629s] -- Checking for module 'bullet>=2.82'
[0.646s] --   Found bullet, version 3.05
[0.772s] -- Found fcl: /usr/include (found suitable version "0.7.0", minimum required is "0.5.0") 
[0.843s] -- Found assimp: /usr/include (found version "5.2.0") 
[0.861s] -- Found DART: /usr/include (Required is at least version "6.6") found components: dart 
[0.883s] -- Found Boost: /usr/lib/x86_64-linux-gnu/cmake/Boost-1.74.0/BoostConfig.cmake (found suitable version "1.74.0", minimum required is "1.40.0") found components: thread system filesystem program_options regex iostreams date_time 
[0.894s] -- Found Protobuf: /usr/lib/x86_64-linux-gnu/libprotobuf.so (found version "3.12.4") 
[0.899s] -- Looking for ignition-math6 -- found version 6.15.1
[0.906s] -- Searching for dependencies of ignition-math6
[0.907s] -- Looking for OGRE...
[0.908s] -- OGRE_PREFIX_WATCH changed.
[0.914s] -- Checking for module 'OGRE'
[0.930s] --   Found OGRE, version 1.9.0
[0.978s] -- Found Ogre Ghadamon (1.9.0)
[0.985s] -- Found OGRE: optimized;/usr/lib/x86_64-linux-gnu/libOgreMain.so;debug;/usr/lib/x86_64-linux-gnu/libOgreMain.so
[0.994s] -- Looking for OGRE_Paging...
[0.997s] -- Found OGRE_Paging: optimized;/usr/lib/x86_64-linux-gnu/libOgrePaging.so;debug;/usr/lib/x86_64-linux-gnu/libOgrePaging.so
[0.997s] -- Looking for OGRE_Terrain...
[1.000s] -- Found OGRE_Terrain: optimized;/usr/lib/x86_64-linux-gnu/libOgreTerrain.so;debug;/usr/lib/x86_64-linux-gnu/libOgreTerrain.so
[1.000s] -- Looking for OGRE_Property...
[1.003s] -- Found OGRE_Property: optimized;/usr/lib/x86_64-linux-gnu/libOgreProperty.so;debug;/usr/lib/x86_64-linux-gnu/libOgreProperty.so
[1.003s] -- Looking for OGRE_RTShaderSystem...
[1.006s] -- Found OGRE_RTShaderSystem: optimized;/usr/lib/x86_64-linux-gnu/libOgreRTShaderSystem.so;debug;/usr/lib/x86_64-linux-gnu/libOgreRTShaderSystem.so
[1.006s] -- Looking for OGRE_Volume...
[1.009s] -- Found OGRE_Volume: optimized;/usr/lib/x86_64-linux-gnu/libOgreVolume.so;debug;/usr/lib/x86_64-linux-gnu/libOgreVolume.so
[1.009s] -- Looking for OGRE_Overlay...
[1.012s] -- Found OGRE_Overlay: optimized;/usr/lib/x86_64-linux-gnu/libOgreOverlay.so;debug;/usr/lib/x86_64-linux-gnu/libOgreOverlay.so
[1.079s] -- Looking for ignition-math6 -- found version 6.15.1
[1.080s] -- Looking for ignition-transport8 -- found version 8.2.1
[1.081s] -- Searching for dependencies of ignition-transport8
[1.092s] -- Found Protobuf: /usr/lib/x86_64-linux-gnu/libprotobuf.so (found suitable version "3.12.4", minimum required is "3") 
[1.098s] -- Config-file not installed for ZeroMQ -- checking for pkg-config
[1.103s] -- Checking for module 'libzmq >= 4'
[1.119s] --   Found libzmq , version 4.3.4
[1.174s] -- Found ZeroMQ: TRUE (Required is at least version "4") 
[1.182s] -- Checking for module 'uuid'
[1.201s] --   Found uuid, version 2.37.2
[1.249s] -- Found UUID: TRUE  
[1.252s] -- Looking for ignition-msgs5 -- found version 5.8.1
[1.253s] -- Searching for dependencies of ignition-msgs5
[1.281s] -- Looking for ignition-math6 -- found version 6.15.1
[1.289s] -- Checking for module 'tinyxml2'
[1.306s] --   Found tinyxml2, version 9.0.0
[1.357s] -- Looking for ignition-msgs5 -- found version 5.8.1
[1.360s] -- Looking for ignition-common3 -- found version 3.14.0
[1.361s] -- Searching for dependencies of ignition-common3
[1.361s] -- Looking for dlfcn.h - found
[1.362s] -- Looking for libdl - found
[1.364s] -- Found DL: TRUE  
[1.380s] -- Found tinyobjloader: /usr/lib/x86_64-linux-gnu/cmake/tinyobjloader/tinyobjloader-config.cmake (found version "2.0.0") 
[1.381s] -- Searching for <ignition-common3> component [graphics]
[1.383s] -- Looking for ignition-common3-graphics -- found version 3.14.0
[1.384s] -- Searching for dependencies of ignition-common3-graphics
[1.384s] -- Looking for ignition-math6 -- found version 6.15.1
[1.387s] -- Looking for ignition-fuel_tools4 -- found version 4.4.0
[1.388s] -- Searching for dependencies of ignition-fuel_tools4
[1.491s] -- Found CURL: /usr/lib/x86_64-linux-gnu/libcurl.so (found version "7.81.0")  
[1.502s] -- Checking for module 'jsoncpp'
[1.520s] --   Found jsoncpp, version 1.9.5
[1.570s] -- Found JSONCPP: TRUE  
[1.576s] -- Checking for module 'libzip'
[1.593s] --   Found libzip, version 1.7.3
[1.639s] -- Found ZIP: TRUE  
[1.639s] -- Looking for ignition-common3 -- found version 3.14.0
[1.640s] -- Looking for ignition-math6 -- found version 6.15.1
[1.641s] -- Looking for ignition-msgs5 -- found version 5.8.1
[1.645s] -- Gazebo version: 11.10
[1.645s] -- Checking for module 'tbb'
[1.665s] --   Found tbb, version 2021.5.0
[1.715s] -- Found robot_state_publisher: 3.0.3 (/opt/ros/humble/share/robot_state_publisher/cmake)
[1.735s] -- Found eigen3_cmake_module: 0.1.1 (/opt/ros/humble/share/eigen3_cmake_module/cmake)
[1.736s] -- Found Eigen3: TRUE (found version "3.4.0") 
[1.737s] -- Ensuring Eigen3 include directory is part of orocos-kdl CMake target
[1.835s] -- Found xacro: 2.0.8 (/opt/ros/humble/share/xacro/cmake)
[1.836s] -- Found ament_lint_auto: 0.12.11 (/opt/ros/humble/share/ament_lint_auto/cmake)
[1.888s] [31mCMake Error at /opt/ros/humble/share/ament_cmake_core/cmake/core/ament_package_xml.cmake:53 (message):
[1.888s]   ament_package_xml() package name 'my_rover' in '/package.xml' does not
[1.889s]   match current PROJECT_NAME 'robot'.  You must call project() with the same
[1.889s]   package name before.
[1.889s] Call Stack (most recent call first):
[1.889s]   /opt/ros/humble/share/ament_lint_auto/cmake/ament_lint_auto_find_test_dependencies.cmake:31 (ament_package_xml)
[1.889s]   CMakeLists.txt:43 (ament_lint_auto_find_test_dependencies)
[1.889s] 
[1.889s] [0m
[1.889s] -- Configuring incomplete, errors occurred!
[1.889s] See also "/home/mahek/rover_ws/build/my_rover/CMakeFiles/CMakeOutput.log".
[1.897s] gmake: *** [Makefile:226: cmake_check_build_system] Error 1
[1.899s] Invoked command in '/home/mahek/rover_ws/build/my_rover' returned '2': CMAKE_PREFIX_PATH=${CMAKE_PREFIX_PATH}:/home/mahek/ros2_ws/install/my_robot_controller:/opt/ros/humble /usr/bin/cmake --build /home/mahek/rover_ws/build/my_rover -- -j12 -l12
