[0.008s] Invoking command in '/home/mahek/ros2_ws/build/my_cashier_system': CMAKE_PREFIX_PATH=/home/mahek/ros2_ws/install/tutorial_interfaces:/home/mahek/ros2_ws/install/my_cashier_system:/home/mahek/ros2_ws/install/my_package:/home/mahek/ros2_ws/install/cpp_pubsub:/home/mahek/ros2_ws/install/cpp:/home/mahek/ros2_ws/install/my_robot_controller:/opt/ros/humble /usr/bin/cmake --build /home/mahek/ros2_ws/build/my_cashier_system -- -j12 -l12
[0.066s] [35m[1mConsolidate compiler generated dependencies of target bill_display_node[0m
[0.082s] [ 16%] [32mBuilding CXX object CMakeFiles/bill_publisher_node.dir/src/bill_publish_node.cpp.o[0m
[0.084s] [ 33%] [32mBuilding CXX object CMakeFiles/bill_subscriber_node.dir/src/bill_subscriber_node.cpp.o[0m
[0.090s] [ 50%] [32mBuilding CXX object CMakeFiles/bill_display_node.dir/src/bill_display_node.cpp.o[0m
[3.005s] [ 66%] [32m[1mLinking CXX executable bill_publisher_node[0m
[3.240s] [ 66%] Built target bill_publisher_node
[5.652s] [ 83%] [32m[1mLinking CXX executable bill_display_node[0m
[5.945s] [ 83%] Built target bill_display_node
[6.823s] [100%] [32m[1mLinking CXX executable bill_subscriber_node[0m
[7.094s] [100%] Built target bill_subscriber_node
[7.109s] Invoked command in '/home/mahek/ros2_ws/build/my_cashier_system' returned '0': CMAKE_PREFIX_PATH=/home/mahek/ros2_ws/install/tutorial_interfaces:/home/mahek/ros2_ws/install/my_cashier_system:/home/mahek/ros2_ws/install/my_package:/home/mahek/ros2_ws/install/cpp_pubsub:/home/mahek/ros2_ws/install/cpp:/home/mahek/ros2_ws/install/my_robot_controller:/opt/ros/humble /usr/bin/cmake --build /home/mahek/ros2_ws/build/my_cashier_system -- -j12 -l12
[7.111s] Invoking command in '/home/mahek/ros2_ws/build/my_cashier_system': CMAKE_PREFIX_PATH=/home/mahek/ros2_ws/install/tutorial_interfaces:/home/mahek/ros2_ws/install/my_cashier_system:/home/mahek/ros2_ws/install/my_package:/home/mahek/ros2_ws/install/cpp_pubsub:/home/mahek/ros2_ws/install/cpp:/home/mahek/ros2_ws/install/my_robot_controller:/opt/ros/humble /usr/bin/cmake --install /home/mahek/ros2_ws/build/my_cashier_system
[7.123s] -- Install configuration: ""
[7.123s] -- Installing: /home/mahek/ros2_ws/install/my_cashier_system/lib/my_cashier_system/bill_publisher_node
[7.124s] -- Set runtime path of "/home/mahek/ros2_ws/install/my_cashier_system/lib/my_cashier_system/bill_publisher_node" to ""
[7.124s] -- Installing: /home/mahek/ros2_ws/install/my_cashier_system/lib/my_cashier_system/bill_subscriber_node
[7.129s] -- Set runtime path of "/home/mahek/ros2_ws/install/my_cashier_system/lib/my_cashier_system/bill_subscriber_node" to ""
[7.129s] -- Installing: /home/mahek/ros2_ws/install/my_cashier_system/lib/my_cashier_system/bill_display_node
[7.132s] -- Set runtime path of "/home/mahek/ros2_ws/install/my_cashier_system/lib/my_cashier_system/bill_display_node" to ""
[7.132s] -- Up-to-date: /home/mahek/ros2_ws/install/my_cashier_system/share/ament_index/resource_index/package_run_dependencies/my_cashier_system
[7.132s] -- Up-to-date: /home/mahek/ros2_ws/install/my_cashier_system/share/ament_index/resource_index/parent_prefix_path/my_cashier_system
[7.132s] -- Up-to-date: /home/mahek/ros2_ws/install/my_cashier_system/share/my_cashier_system/environment/ament_prefix_path.sh
[7.132s] -- Up-to-date: /home/mahek/ros2_ws/install/my_cashier_system/share/my_cashier_system/environment/ament_prefix_path.dsv
[7.132s] -- Up-to-date: /home/mahek/ros2_ws/install/my_cashier_system/share/my_cashier_system/environment/path.sh
[7.133s] -- Up-to-date: /home/mahek/ros2_ws/install/my_cashier_system/share/my_cashier_system/environment/path.dsv
[7.133s] -- Up-to-date: /home/mahek/ros2_ws/install/my_cashier_system/share/my_cashier_system/local_setup.bash
[7.133s] -- Up-to-date: /home/mahek/ros2_ws/install/my_cashier_system/share/my_cashier_system/local_setup.sh
[7.133s] -- Up-to-date: /home/mahek/ros2_ws/install/my_cashier_system/share/my_cashier_system/local_setup.zsh
[7.133s] -- Up-to-date: /home/mahek/ros2_ws/install/my_cashier_system/share/my_cashier_system/local_setup.dsv
[7.133s] -- Installing: /home/mahek/ros2_ws/install/my_cashier_system/share/my_cashier_system/package.dsv
[7.134s] -- Up-to-date: /home/mahek/ros2_ws/install/my_cashier_system/share/ament_index/resource_index/packages/my_cashier_system
[7.134s] -- Up-to-date: /home/mahek/ros2_ws/install/my_cashier_system/share/my_cashier_system/cmake/my_cashier_systemConfig.cmake
[7.135s] -- Up-to-date: /home/mahek/ros2_ws/install/my_cashier_system/share/my_cashier_system/cmake/my_cashier_systemConfig-version.cmake
[7.135s] -- Up-to-date: /home/mahek/ros2_ws/install/my_cashier_system/share/my_cashier_system/package.xml
[7.135s] Invoked command in '/home/mahek/ros2_ws/build/my_cashier_system' returned '0': CMAKE_PREFIX_PATH=/home/mahek/ros2_ws/install/tutorial_interfaces:/home/mahek/ros2_ws/install/my_cashier_system:/home/mahek/ros2_ws/install/my_package:/home/mahek/ros2_ws/install/cpp_pubsub:/home/mahek/ros2_ws/install/cpp:/home/mahek/ros2_ws/install/my_robot_controller:/opt/ros/humble /usr/bin/cmake --install /home/mahek/ros2_ws/build/my_cashier_system
