[0.008s] Invoking command in '/home/mahek/ros2_ws/build/my_cashier_system': CMAKE_PREFIX_PATH=/home/mahek/ros2_ws/install/tutorial_interfaces:/home/mahek/ros2_ws/install/my_cashier_system:/home/mahek/ros2_ws/install/my_package:/home/mahek/ros2_ws/install/cpp_pubsub:/home/mahek/ros2_ws/install/cpp:/home/mahek/ros2_ws/install/my_robot_controller:/opt/ros/humble /usr/bin/cmake --build /home/mahek/ros2_ws/build/my_cashier_system -- -j12 -l12
[0.050s] [35m[1mConsolidate compiler generated dependencies of target bill_subscriber_node[0m
[0.052s] [35m[1mConsolidate compiler generated dependencies of target bill_publish_node[0m
[0.067s] [ 25%] [32mBuilding CXX object CMakeFiles/bill_subscriber_node.dir/src/bill_subscriber_node.cpp.o[0m
[0.069s] [ 75%] Built target bill_publish_node
[5.195s] [100%] [32m[1mLinking CXX executable bill_subscriber_node[0m
[5.475s] [100%] Built target bill_subscriber_node
[5.489s] Invoked command in '/home/mahek/ros2_ws/build/my_cashier_system' returned '0': CMAKE_PREFIX_PATH=/home/mahek/ros2_ws/install/tutorial_interfaces:/home/mahek/ros2_ws/install/my_cashier_system:/home/mahek/ros2_ws/install/my_package:/home/mahek/ros2_ws/install/cpp_pubsub:/home/mahek/ros2_ws/install/cpp:/home/mahek/ros2_ws/install/my_robot_controller:/opt/ros/humble /usr/bin/cmake --build /home/mahek/ros2_ws/build/my_cashier_system -- -j12 -l12
[5.491s] Invoking command in '/home/mahek/ros2_ws/build/my_cashier_system': CMAKE_PREFIX_PATH=/home/mahek/ros2_ws/install/tutorial_interfaces:/home/mahek/ros2_ws/install/my_cashier_system:/home/mahek/ros2_ws/install/my_package:/home/mahek/ros2_ws/install/cpp_pubsub:/home/mahek/ros2_ws/install/cpp:/home/mahek/ros2_ws/install/my_robot_controller:/opt/ros/humble /usr/bin/cmake --install /home/mahek/ros2_ws/build/my_cashier_system
[5.500s] -- Install configuration: ""
[5.500s] -- Installing: /home/mahek/ros2_ws/install/my_cashier_system/lib/my_cashier_system/bill_publish_node
[5.501s] -- Set runtime path of "/home/mahek/ros2_ws/install/my_cashier_system/lib/my_cashier_system/bill_publish_node" to ""
[5.501s] -- Installing: /home/mahek/ros2_ws/install/my_cashier_system/lib/my_cashier_system/bill_subscriber_node
[5.504s] -- Set runtime path of "/home/mahek/ros2_ws/install/my_cashier_system/lib/my_cashier_system/bill_subscriber_node" to ""
[5.504s] -- Up-to-date: /home/mahek/ros2_ws/install/my_cashier_system/share/ament_index/resource_index/package_run_dependencies/my_cashier_system
[5.504s] -- Up-to-date: /home/mahek/ros2_ws/install/my_cashier_system/share/ament_index/resource_index/parent_prefix_path/my_cashier_system
[5.505s] -- Up-to-date: /home/mahek/ros2_ws/install/my_cashier_system/share/my_cashier_system/environment/ament_prefix_path.sh
[5.505s] -- Installing: /home/mahek/ros2_ws/install/my_cashier_system/share/my_cashier_system/environment/ament_prefix_path.dsv
[5.505s] -- Up-to-date: /home/mahek/ros2_ws/install/my_cashier_system/share/my_cashier_system/environment/path.sh
[5.505s] -- Installing: /home/mahek/ros2_ws/install/my_cashier_system/share/my_cashier_system/environment/path.dsv
[5.505s] -- Up-to-date: /home/mahek/ros2_ws/install/my_cashier_system/share/my_cashier_system/local_setup.bash
[5.505s] -- Up-to-date: /home/mahek/ros2_ws/install/my_cashier_system/share/my_cashier_system/local_setup.sh
[5.506s] -- Up-to-date: /home/mahek/ros2_ws/install/my_cashier_system/share/my_cashier_system/local_setup.zsh
[5.506s] -- Installing: /home/mahek/ros2_ws/install/my_cashier_system/share/my_cashier_system/local_setup.dsv
[5.507s] -- Installing: /home/mahek/ros2_ws/install/my_cashier_system/share/my_cashier_system/package.dsv
[5.507s] -- Up-to-date: /home/mahek/ros2_ws/install/my_cashier_system/share/ament_index/resource_index/packages/my_cashier_system
[5.507s] -- Up-to-date: /home/mahek/ros2_ws/install/my_cashier_system/share/my_cashier_system/cmake/my_cashier_systemConfig.cmake
[5.507s] -- Up-to-date: /home/mahek/ros2_ws/install/my_cashier_system/share/my_cashier_system/cmake/my_cashier_systemConfig-version.cmake
[5.507s] -- Up-to-date: /home/mahek/ros2_ws/install/my_cashier_system/share/my_cashier_system/package.xml
[5.508s] Invoked command in '/home/mahek/ros2_ws/build/my_cashier_system' returned '0': CMAKE_PREFIX_PATH=/home/mahek/ros2_ws/install/tutorial_interfaces:/home/mahek/ros2_ws/install/my_cashier_system:/home/mahek/ros2_ws/install/my_package:/home/mahek/ros2_ws/install/cpp_pubsub:/home/mahek/ros2_ws/install/cpp:/home/mahek/ros2_ws/install/my_robot_controller:/opt/ros/humble /usr/bin/cmake --install /home/mahek/ros2_ws/build/my_cashier_system
