[0.013s] Invoking command in '/home/mahek/rover_ws/build/my_rover': CMAKE_PREFIX_PATH=${CMAKE_PREFIX_PATH}:/home/mahek/ros2_ws/install/my_robot_controller:/opt/ros/humble /usr/bin/cmake /home/mahek/rover_ws/src/my_rover -DCMAKE_INSTALL_PREFIX=/home/mahek/rover_ws/install/my_rover
[0.142s] -- The C compiler identification is GNU 11.4.0
[0.235s] -- The CXX compiler identification is GNU 11.4.0
[0.246s] -- Detecting C compiler ABI info
[0.332s] -- Detecting C compiler ABI info - done
[0.341s] -- Check for working C compiler: /usr/bin/cc - skipped
[0.342s] -- Detecting C compile features
[0.343s] -- Detecting C compile features - done
[0.346s] -- Detecting CXX compiler ABI info
[0.434s] -- Detecting CXX compiler ABI info - done
[0.445s] -- Check for working CXX compiler: /usr/bin/c++ - skipped
[0.446s] -- Detecting CXX compile features
[0.446s] -- Detecting CXX compile features - done
[0.452s] -- Found ament_cmake: 1.3.10 (/opt/ros/humble/share/ament_cmake/cmake)
[0.597s] -- Found Python3: /usr/bin/python3 (found version "3.10.12") found components: Interpreter 
[0.683s] -- Found ament_lint_auto: 0.12.11 (/opt/ros/humble/share/ament_lint_auto/cmake)
[0.745s] -- Added test 'lint_cmake' to check CMake code style
[0.748s] -- Added test 'xmllint' to check XML markup files
[0.751s] -- Configuring done
[0.754s] -- Generating done
[0.755s] -- Build files have been written to: /home/mahek/rover_ws/build/my_rover
[0.761s] Invoked command in '/home/mahek/rover_ws/build/my_rover' returned '0': CMAKE_PREFIX_PATH=${CMAKE_PREFIX_PATH}:/home/mahek/ros2_ws/install/my_robot_controller:/opt/ros/humble /usr/bin/cmake /home/mahek/rover_ws/src/my_rover -DCMAKE_INSTALL_PREFIX=/home/mahek/rover_ws/install/my_rover
[0.762s] Invoking command in '/home/mahek/rover_ws/build/my_rover': CMAKE_PREFIX_PATH=${CMAKE_PREFIX_PATH}:/home/mahek/ros2_ws/install/my_robot_controller:/opt/ros/humble /usr/bin/cmake --build /home/mahek/rover_ws/build/my_rover -- -j12 -l12
[0.807s] Invoked command in '/home/mahek/rover_ws/build/my_rover' returned '0': CMAKE_PREFIX_PATH=${CMAKE_PREFIX_PATH}:/home/mahek/ros2_ws/install/my_robot_controller:/opt/ros/humble /usr/bin/cmake --build /home/mahek/rover_ws/build/my_rover -- -j12 -l12
[0.818s] Invoking command in '/home/mahek/rover_ws/build/my_rover': CMAKE_PREFIX_PATH=${CMAKE_PREFIX_PATH}:/home/mahek/ros2_ws/install/my_robot_controller:/opt/ros/humble /usr/bin/cmake --install /home/mahek/rover_ws/build/my_rover
[0.828s] -- Install configuration: ""
[0.828s] -- Installing: /home/mahek/rover_ws/install/my_rover/share/ament_index/resource_index/package_run_dependencies/my_rover
[0.828s] -- Installing: /home/mahek/rover_ws/install/my_rover/share/ament_index/resource_index/parent_prefix_path/my_rover
[0.828s] -- Installing: /home/mahek/rover_ws/install/my_rover/share/my_rover/environment/ament_prefix_path.sh
[0.828s] -- Installing: /home/mahek/rover_ws/install/my_rover/share/my_rover/environment/ament_prefix_path.dsv
[0.829s] -- Installing: /home/mahek/rover_ws/install/my_rover/share/my_rover/environment/path.sh
[0.829s] -- Installing: /home/mahek/rover_ws/install/my_rover/share/my_rover/environment/path.dsv
[0.829s] -- Installing: /home/mahek/rover_ws/install/my_rover/share/my_rover/local_setup.bash
[0.829s] -- Installing: /home/mahek/rover_ws/install/my_rover/share/my_rover/local_setup.sh
[0.829s] -- Installing: /home/mahek/rover_ws/install/my_rover/share/my_rover/local_setup.zsh
[0.829s] -- Installing: /home/mahek/rover_ws/install/my_rover/share/my_rover/local_setup.dsv
[0.829s] -- Installing: /home/mahek/rover_ws/install/my_rover/share/my_rover/package.dsv
[0.829s] -- Installing: /home/mahek/rover_ws/install/my_rover/share/ament_index/resource_index/packages/my_rover
[0.830s] -- Installing: /home/mahek/rover_ws/install/my_rover/share/my_rover/cmake/my_roverConfig.cmake
[0.830s] -- Installing: /home/mahek/rover_ws/install/my_rover/share/my_rover/cmake/my_roverConfig-version.cmake
[0.830s] -- Installing: /home/mahek/rover_ws/install/my_rover/share/my_rover/package.xml
[0.833s] Invoked command in '/home/mahek/rover_ws/build/my_rover' returned '0': CMAKE_PREFIX_PATH=${CMAKE_PREFIX_PATH}:/home/mahek/ros2_ws/install/my_robot_controller:/opt/ros/humble /usr/bin/cmake --install /home/mahek/rover_ws/build/my_rover
