[0.009s] Invoking command in '/home/mahek/ros2_ws/build/tutorial_interfaces': CMAKE_PREFIX_PATH=${CMAKE_PREFIX_PATH}:/home/mahek/ros2_ws/install/my_robot_controller:/opt/ros/humble /usr/bin/cmake --build /home/mahek/ros2_ws/build/tutorial_interfaces -- -j12 -l12
[0.071s] [  3%] Built target tutorial_interfaces__cpp
[0.073s] [ 12%] Built target tutorial_interfaces__rosidl_generator_c
[0.091s] [ 12%] Built target ament_cmake_python_copy_tutorial_interfaces
[0.119s] [ 25%] Built target tutorial_interfaces__rosidl_typesupport_fastrtps_cpp
[0.119s] [ 32%] Built target tutorial_interfaces__rosidl_typesupport_introspection_c
[0.123s] [ 41%] Built target tutorial_interfaces__rosidl_typesupport_introspection_cpp
[0.123s] [ 54%] Built target tutorial_interfaces__rosidl_typesupport_cpp
[0.123s] [ 61%] Built target tutorial_interfaces__rosidl_typesupport_c
[0.128s] [ 70%] Built target tutorial_interfaces__rosidl_typesupport_fastrtps_c
[0.154s] [ 70%] Built target tutorial_interfaces
[0.182s] [ 74%] Built target tutorial_interfaces__py
[0.210s] [ 80%] Built target tutorial_interfaces__rosidl_generator_py
[0.237s] [100%] Built target tutorial_interfaces__rosidl_typesupport_c__pyext
[0.237s] [100%] Built target tutorial_interfaces__rosidl_typesupport_fastrtps_c__pyext
[0.237s] [100%] Built target tutorial_interfaces__rosidl_typesupport_introspection_c__pyext
[0.262s] running egg_info
[0.263s] writing tutorial_interfaces.egg-info/PKG-INFO
[0.263s] writing dependency_links to tutorial_interfaces.egg-info/dependency_links.txt
[0.263s] writing top-level names to tutorial_interfaces.egg-info/top_level.txt
[0.264s] reading manifest file 'tutorial_interfaces.egg-info/SOURCES.txt'
[0.265s] writing manifest file 'tutorial_interfaces.egg-info/SOURCES.txt'
[0.286s] [100%] Built target ament_cmake_python_build_tutorial_interfaces_egg
[0.300s] Invoked command in '/home/mahek/ros2_ws/build/tutorial_interfaces' returned '0': CMAKE_PREFIX_PATH=${CMAKE_PREFIX_PATH}:/home/mahek/ros2_ws/install/my_robot_controller:/opt/ros/humble /usr/bin/cmake --build /home/mahek/ros2_ws/build/tutorial_interfaces -- -j12 -l12
[0.311s] Invoking command in '/home/mahek/ros2_ws/build/tutorial_interfaces': CMAKE_PREFIX_PATH=${CMAKE_PREFIX_PATH}:/home/mahek/ros2_ws/install/my_robot_controller:/opt/ros/humble /usr/bin/cmake --install /home/mahek/ros2_ws/build/tutorial_interfaces
[0.321s] -- Install configuration: ""
[0.321s] -- Up-to-date: /home/mahek/ros2_ws/install/tutorial_interfaces/share/ament_index/resource_index/rosidl_interfaces/tutorial_interfaces
[0.321s] -- Up-to-date: /home/mahek/ros2_ws/install/tutorial_interfaces/include/tutorial_interfaces/tutorial_interfaces
[0.321s] -- Up-to-date: /home/mahek/ros2_ws/install/tutorial_interfaces/include/tutorial_interfaces/tutorial_interfaces/msg
[0.321s] -- Up-to-date: /home/mahek/ros2_ws/install/tutorial_interfaces/include/tutorial_interfaces/tutorial_interfaces/msg/detail
[0.322s] -- Up-to-date: /home/mahek/ros2_ws/install/tutorial_interfaces/include/tutorial_interfaces/tutorial_interfaces/msg/detail/bill__functions.c
[0.322s] -- Up-to-date: /home/mahek/ros2_ws/install/tutorial_interfaces/include/tutorial_interfaces/tutorial_interfaces/msg/detail/bill__functions.h
[0.322s] -- Up-to-date: /home/mahek/ros2_ws/install/tutorial_interfaces/include/tutorial_interfaces/tutorial_interfaces/msg/detail/bill__struct.h
[0.322s] -- Up-to-date: /home/mahek/ros2_ws/install/tutorial_interfaces/include/tutorial_interfaces/tutorial_interfaces/msg/detail/num__functions.c
[0.322s] -- Up-to-date: /home/mahek/ros2_ws/install/tutorial_interfaces/include/tutorial_interfaces/tutorial_interfaces/msg/detail/num__type_support.h
[0.322s] -- Up-to-date: /home/mahek/ros2_ws/install/tutorial_interfaces/include/tutorial_interfaces/tutorial_interfaces/msg/detail/bill__type_support.h
[0.322s] -- Up-to-date: /home/mahek/ros2_ws/install/tutorial_interfaces/include/tutorial_interfaces/tutorial_interfaces/msg/detail/num__struct.h
[0.322s] -- Up-to-date: /home/mahek/ros2_ws/install/tutorial_interfaces/include/tutorial_interfaces/tutorial_interfaces/msg/detail/num__functions.h
[0.323s] -- Up-to-date: /home/mahek/ros2_ws/install/tutorial_interfaces/include/tutorial_interfaces/tutorial_interfaces/msg/num.h
[0.323s] -- Up-to-date: /home/mahek/ros2_ws/install/tutorial_interfaces/include/tutorial_interfaces/tutorial_interfaces/msg/rosidl_generator_c__visibility_control.h
[0.323s] -- Up-to-date: /home/mahek/ros2_ws/install/tutorial_interfaces/include/tutorial_interfaces/tutorial_interfaces/msg/bill.h
[0.323s] -- Up-to-date: /home/mahek/ros2_ws/install/tutorial_interfaces/share/tutorial_interfaces/environment/library_path.sh
[0.323s] -- Up-to-date: /home/mahek/ros2_ws/install/tutorial_interfaces/share/tutorial_interfaces/environment/library_path.dsv
[0.323s] -- Up-to-date: /home/mahek/ros2_ws/install/tutorial_interfaces/lib/libtutorial_interfaces__rosidl_generator_c.so
[0.323s] -- Up-to-date: /home/mahek/ros2_ws/install/tutorial_interfaces/include/tutorial_interfaces/tutorial_interfaces
[0.324s] -- Up-to-date: /home/mahek/ros2_ws/install/tutorial_interfaces/include/tutorial_interfaces/tutorial_interfaces/msg
[0.324s] -- Up-to-date: /home/mahek/ros2_ws/install/tutorial_interfaces/include/tutorial_interfaces/tutorial_interfaces/msg/detail
[0.324s] -- Up-to-date: /home/mahek/ros2_ws/install/tutorial_interfaces/include/tutorial_interfaces/tutorial_interfaces/msg/detail/bill__rosidl_typesupport_fastrtps_c.h
[0.324s] -- Up-to-date: /home/mahek/ros2_ws/install/tutorial_interfaces/include/tutorial_interfaces/tutorial_interfaces/msg/detail/num__rosidl_typesupport_fastrtps_c.h
[0.324s] -- Up-to-date: /home/mahek/ros2_ws/install/tutorial_interfaces/include/tutorial_interfaces/tutorial_interfaces/msg/rosidl_typesupport_fastrtps_c__visibility_control.h
[0.324s] -- Up-to-date: /home/mahek/ros2_ws/install/tutorial_interfaces/lib/libtutorial_interfaces__rosidl_typesupport_fastrtps_c.so
[0.324s] -- Up-to-date: /home/mahek/ros2_ws/install/tutorial_interfaces/include/tutorial_interfaces/tutorial_interfaces
[0.324s] -- Up-to-date: /home/mahek/ros2_ws/install/tutorial_interfaces/include/tutorial_interfaces/tutorial_interfaces/msg
[0.324s] -- Up-to-date: /home/mahek/ros2_ws/install/tutorial_interfaces/include/tutorial_interfaces/tutorial_interfaces/msg/detail
[0.324s] -- Up-to-date: /home/mahek/ros2_ws/install/tutorial_interfaces/include/tutorial_interfaces/tutorial_interfaces/msg/detail/bill__builder.hpp
[0.324s] -- Up-to-date: /home/mahek/ros2_ws/install/tutorial_interfaces/include/tutorial_interfaces/tutorial_interfaces/msg/detail/num__struct.hpp
[0.324s] -- Up-to-date: /home/mahek/ros2_ws/install/tutorial_interfaces/include/tutorial_interfaces/tutorial_interfaces/msg/detail/bill__struct.hpp
[0.325s] -- Up-to-date: /home/mahek/ros2_ws/install/tutorial_interfaces/include/tutorial_interfaces/tutorial_interfaces/msg/detail/num__builder.hpp
[0.325s] -- Up-to-date: /home/mahek/ros2_ws/install/tutorial_interfaces/include/tutorial_interfaces/tutorial_interfaces/msg/detail/bill__traits.hpp
[0.325s] -- Up-to-date: /home/mahek/ros2_ws/install/tutorial_interfaces/include/tutorial_interfaces/tutorial_interfaces/msg/detail/num__traits.hpp
[0.325s] -- Up-to-date: /home/mahek/ros2_ws/install/tutorial_interfaces/include/tutorial_interfaces/tutorial_interfaces/msg/bill.hpp
[0.325s] -- Up-to-date: /home/mahek/ros2_ws/install/tutorial_interfaces/include/tutorial_interfaces/tutorial_interfaces/msg/num.hpp
[0.325s] -- Up-to-date: /home/mahek/ros2_ws/install/tutorial_interfaces/include/tutorial_interfaces/tutorial_interfaces
[0.325s] -- Up-to-date: /home/mahek/ros2_ws/install/tutorial_interfaces/include/tutorial_interfaces/tutorial_interfaces/msg
[0.325s] -- Up-to-date: /home/mahek/ros2_ws/install/tutorial_interfaces/include/tutorial_interfaces/tutorial_interfaces/msg/detail
[0.325s] -- Up-to-date: /home/mahek/ros2_ws/install/tutorial_interfaces/include/tutorial_interfaces/tutorial_interfaces/msg/detail/bill__rosidl_typesupport_fastrtps_cpp.hpp
[0.325s] -- Up-to-date: /home/mahek/ros2_ws/install/tutorial_interfaces/include/tutorial_interfaces/tutorial_interfaces/msg/detail/dds_fastrtps
[0.325s] -- Up-to-date: /home/mahek/ros2_ws/install/tutorial_interfaces/include/tutorial_interfaces/tutorial_interfaces/msg/detail/num__rosidl_typesupport_fastrtps_cpp.hpp
[0.325s] -- Up-to-date: /home/mahek/ros2_ws/install/tutorial_interfaces/include/tutorial_interfaces/tutorial_interfaces/msg/rosidl_typesupport_fastrtps_cpp__visibility_control.h
[0.326s] -- Up-to-date: /home/mahek/ros2_ws/install/tutorial_interfaces/lib/libtutorial_interfaces__rosidl_typesupport_fastrtps_cpp.so
[0.326s] -- Up-to-date: /home/mahek/ros2_ws/install/tutorial_interfaces/include/tutorial_interfaces/tutorial_interfaces
[0.326s] -- Up-to-date: /home/mahek/ros2_ws/install/tutorial_interfaces/include/tutorial_interfaces/tutorial_interfaces/msg
[0.326s] -- Up-to-date: /home/mahek/ros2_ws/install/tutorial_interfaces/include/tutorial_interfaces/tutorial_interfaces/msg/detail
[0.326s] -- Up-to-date: /home/mahek/ros2_ws/install/tutorial_interfaces/include/tutorial_interfaces/tutorial_interfaces/msg/detail/num__rosidl_typesupport_introspection_c.h
[0.326s] -- Up-to-date: /home/mahek/ros2_ws/install/tutorial_interfaces/include/tutorial_interfaces/tutorial_interfaces/msg/detail/bill__type_support.c
[0.326s] -- Up-to-date: /home/mahek/ros2_ws/install/tutorial_interfaces/include/tutorial_interfaces/tutorial_interfaces/msg/detail/num__type_support.c
[0.326s] -- Up-to-date: /home/mahek/ros2_ws/install/tutorial_interfaces/include/tutorial_interfaces/tutorial_interfaces/msg/detail/bill__rosidl_typesupport_introspection_c.h
[0.326s] -- Up-to-date: /home/mahek/ros2_ws/install/tutorial_interfaces/include/tutorial_interfaces/tutorial_interfaces/msg/rosidl_typesupport_introspection_c__visibility_control.h
[0.326s] -- Up-to-date: /home/mahek/ros2_ws/install/tutorial_interfaces/lib/libtutorial_interfaces__rosidl_typesupport_introspection_c.so
[0.326s] -- Up-to-date: /home/mahek/ros2_ws/install/tutorial_interfaces/lib/libtutorial_interfaces__rosidl_typesupport_c.so
[0.326s] -- Up-to-date: /home/mahek/ros2_ws/install/tutorial_interfaces/include/tutorial_interfaces/tutorial_interfaces
[0.327s] -- Up-to-date: /home/mahek/ros2_ws/install/tutorial_interfaces/include/tutorial_interfaces/tutorial_interfaces/msg
[0.327s] -- Up-to-date: /home/mahek/ros2_ws/install/tutorial_interfaces/include/tutorial_interfaces/tutorial_interfaces/msg/detail
[0.327s] -- Up-to-date: /home/mahek/ros2_ws/install/tutorial_interfaces/include/tutorial_interfaces/tutorial_interfaces/msg/detail/bill__type_support.cpp
[0.327s] -- Up-to-date: /home/mahek/ros2_ws/install/tutorial_interfaces/include/tutorial_interfaces/tutorial_interfaces/msg/detail/num__type_support.cpp
[0.327s] -- Up-to-date: /home/mahek/ros2_ws/install/tutorial_interfaces/include/tutorial_interfaces/tutorial_interfaces/msg/detail/bill__rosidl_typesupport_introspection_cpp.hpp
[0.327s] -- Up-to-date: /home/mahek/ros2_ws/install/tutorial_interfaces/include/tutorial_interfaces/tutorial_interfaces/msg/detail/num__rosidl_typesupport_introspection_cpp.hpp
[0.327s] -- Up-to-date: /home/mahek/ros2_ws/install/tutorial_interfaces/lib/libtutorial_interfaces__rosidl_typesupport_introspection_cpp.so
[0.327s] -- Up-to-date: /home/mahek/ros2_ws/install/tutorial_interfaces/lib/libtutorial_interfaces__rosidl_typesupport_cpp.so
[0.327s] -- Up-to-date: /home/mahek/ros2_ws/install/tutorial_interfaces/share/tutorial_interfaces/environment/pythonpath.sh
[0.327s] -- Up-to-date: /home/mahek/ros2_ws/install/tutorial_interfaces/share/tutorial_interfaces/environment/pythonpath.dsv
[0.327s] -- Up-to-date: /home/mahek/ros2_ws/install/tutorial_interfaces/local/lib/python3.10/dist-packages/tutorial_interfaces-0.0.0-py3.10.egg-info
[0.327s] -- Installing: /home/mahek/ros2_ws/install/tutorial_interfaces/local/lib/python3.10/dist-packages/tutorial_interfaces-0.0.0-py3.10.egg-info/dependency_links.txt
[0.328s] -- Installing: /home/mahek/ros2_ws/install/tutorial_interfaces/local/lib/python3.10/dist-packages/tutorial_interfaces-0.0.0-py3.10.egg-info/SOURCES.txt
[0.328s] -- Installing: /home/mahek/ros2_ws/install/tutorial_interfaces/local/lib/python3.10/dist-packages/tutorial_interfaces-0.0.0-py3.10.egg-info/top_level.txt
[0.328s] -- Installing: /home/mahek/ros2_ws/install/tutorial_interfaces/local/lib/python3.10/dist-packages/tutorial_interfaces-0.0.0-py3.10.egg-info/PKG-INFO
[0.328s] -- Up-to-date: /home/mahek/ros2_ws/install/tutorial_interfaces/local/lib/python3.10/dist-packages/tutorial_interfaces
[0.328s] -- Up-to-date: /home/mahek/ros2_ws/install/tutorial_interfaces/local/lib/python3.10/dist-packages/tutorial_interfaces/tutorial_interfaces_s__rosidl_typesupport_introspection_c.cpython-310-x86_64-linux-gnu.so
[0.328s] -- Up-to-date: /home/mahek/ros2_ws/install/tutorial_interfaces/local/lib/python3.10/dist-packages/tutorial_interfaces/__init__.py
[0.328s] -- Up-to-date: /home/mahek/ros2_ws/install/tutorial_interfaces/local/lib/python3.10/dist-packages/tutorial_interfaces/libtutorial_interfaces__rosidl_generator_py.so
[0.328s] -- Up-to-date: /home/mahek/ros2_ws/install/tutorial_interfaces/local/lib/python3.10/dist-packages/tutorial_interfaces/_tutorial_interfaces_s.ep.rosidl_typesupport_c.c
[0.328s] -- Up-to-date: /home/mahek/ros2_ws/install/tutorial_interfaces/local/lib/python3.10/dist-packages/tutorial_interfaces/tutorial_interfaces_s__rosidl_typesupport_c.cpython-310-x86_64-linux-gnu.so
[0.328s] -- Up-to-date: /home/mahek/ros2_ws/install/tutorial_interfaces/local/lib/python3.10/dist-packages/tutorial_interfaces/tutorial_interfaces_s__rosidl_typesupport_fastrtps_c.cpython-310-x86_64-linux-gnu.so
[0.328s] -- Up-to-date: /home/mahek/ros2_ws/install/tutorial_interfaces/local/lib/python3.10/dist-packages/tutorial_interfaces/msg
[0.328s] -- Up-to-date: /home/mahek/ros2_ws/install/tutorial_interfaces/local/lib/python3.10/dist-packages/tutorial_interfaces/msg/_num.py
[0.329s] -- Up-to-date: /home/mahek/ros2_ws/install/tutorial_interfaces/local/lib/python3.10/dist-packages/tutorial_interfaces/msg/__init__.py
[0.329s] -- Up-to-date: /home/mahek/ros2_ws/install/tutorial_interfaces/local/lib/python3.10/dist-packages/tutorial_interfaces/msg/_num_s.c
[0.329s] -- Up-to-date: /home/mahek/ros2_ws/install/tutorial_interfaces/local/lib/python3.10/dist-packages/tutorial_interfaces/msg/_bill_s.c
[0.329s] -- Up-to-date: /home/mahek/ros2_ws/install/tutorial_interfaces/local/lib/python3.10/dist-packages/tutorial_interfaces/msg/_bill.py
[0.329s] -- Up-to-date: /home/mahek/ros2_ws/install/tutorial_interfaces/local/lib/python3.10/dist-packages/tutorial_interfaces/_tutorial_interfaces_s.ep.rosidl_typesupport_fastrtps_c.c
[0.329s] -- Up-to-date: /home/mahek/ros2_ws/install/tutorial_interfaces/local/lib/python3.10/dist-packages/tutorial_interfaces/_tutorial_interfaces_s.ep.rosidl_typesupport_introspection_c.c
[0.348s] Listing '/home/mahek/ros2_ws/install/tutorial_interfaces/local/lib/python3.10/dist-packages/tutorial_interfaces'...
[0.348s] Listing '/home/mahek/ros2_ws/install/tutorial_interfaces/local/lib/python3.10/dist-packages/tutorial_interfaces/msg'...
[0.352s] -- Up-to-date: /home/mahek/ros2_ws/install/tutorial_interfaces/local/lib/python3.10/dist-packages/tutorial_interfaces/tutorial_interfaces_s__rosidl_typesupport_fastrtps_c.cpython-310-x86_64-linux-gnu.so
[0.352s] -- Up-to-date: /home/mahek/ros2_ws/install/tutorial_interfaces/local/lib/python3.10/dist-packages/tutorial_interfaces/tutorial_interfaces_s__rosidl_typesupport_introspection_c.cpython-310-x86_64-linux-gnu.so
[0.352s] -- Up-to-date: /home/mahek/ros2_ws/install/tutorial_interfaces/local/lib/python3.10/dist-packages/tutorial_interfaces/tutorial_interfaces_s__rosidl_typesupport_c.cpython-310-x86_64-linux-gnu.so
[0.353s] -- Up-to-date: /home/mahek/ros2_ws/install/tutorial_interfaces/lib/libtutorial_interfaces__rosidl_generator_py.so
[0.353s] -- Up-to-date: /home/mahek/ros2_ws/install/tutorial_interfaces/share/tutorial_interfaces/msg/Bill.idl
[0.353s] -- Up-to-date: /home/mahek/ros2_ws/install/tutorial_interfaces/share/tutorial_interfaces/msg/Bill.msg
[0.354s] -- Up-to-date: /home/mahek/ros2_ws/install/tutorial_interfaces/share/ament_index/resource_index/package_run_dependencies/tutorial_interfaces
[0.354s] -- Up-to-date: /home/mahek/ros2_ws/install/tutorial_interfaces/share/ament_index/resource_index/parent_prefix_path/tutorial_interfaces
[0.354s] -- Up-to-date: /home/mahek/ros2_ws/install/tutorial_interfaces/share/tutorial_interfaces/environment/ament_prefix_path.sh
[0.354s] -- Up-to-date: /home/mahek/ros2_ws/install/tutorial_interfaces/share/tutorial_interfaces/environment/ament_prefix_path.dsv
[0.354s] -- Up-to-date: /home/mahek/ros2_ws/install/tutorial_interfaces/share/tutorial_interfaces/environment/path.sh
[0.354s] -- Up-to-date: /home/mahek/ros2_ws/install/tutorial_interfaces/share/tutorial_interfaces/environment/path.dsv
[0.354s] -- Up-to-date: /home/mahek/ros2_ws/install/tutorial_interfaces/share/tutorial_interfaces/local_setup.bash
[0.354s] -- Up-to-date: /home/mahek/ros2_ws/install/tutorial_interfaces/share/tutorial_interfaces/local_setup.sh
[0.354s] -- Up-to-date: /home/mahek/ros2_ws/install/tutorial_interfaces/share/tutorial_interfaces/local_setup.zsh
[0.355s] -- Up-to-date: /home/mahek/ros2_ws/install/tutorial_interfaces/share/tutorial_interfaces/local_setup.dsv
[0.355s] -- Installing: /home/mahek/ros2_ws/install/tutorial_interfaces/share/tutorial_interfaces/package.dsv
[0.355s] -- Up-to-date: /home/mahek/ros2_ws/install/tutorial_interfaces/share/ament_index/resource_index/packages/tutorial_interfaces
[0.355s] -- Up-to-date: /home/mahek/ros2_ws/install/tutorial_interfaces/share/tutorial_interfaces/cmake/export_tutorial_interfaces__rosidl_generator_cExport.cmake
[0.355s] -- Up-to-date: /home/mahek/ros2_ws/install/tutorial_interfaces/share/tutorial_interfaces/cmake/export_tutorial_interfaces__rosidl_generator_cExport-noconfig.cmake
[0.355s] -- Up-to-date: /home/mahek/ros2_ws/install/tutorial_interfaces/share/tutorial_interfaces/cmake/export_tutorial_interfaces__rosidl_typesupport_fastrtps_cExport.cmake
[0.355s] -- Up-to-date: /home/mahek/ros2_ws/install/tutorial_interfaces/share/tutorial_interfaces/cmake/export_tutorial_interfaces__rosidl_typesupport_fastrtps_cExport-noconfig.cmake
[0.355s] -- Up-to-date: /home/mahek/ros2_ws/install/tutorial_interfaces/share/tutorial_interfaces/cmake/export_tutorial_interfaces__rosidl_generator_cppExport.cmake
[0.355s] -- Up-to-date: /home/mahek/ros2_ws/install/tutorial_interfaces/share/tutorial_interfaces/cmake/export_tutorial_interfaces__rosidl_typesupport_fastrtps_cppExport.cmake
[0.356s] -- Up-to-date: /home/mahek/ros2_ws/install/tutorial_interfaces/share/tutorial_interfaces/cmake/export_tutorial_interfaces__rosidl_typesupport_fastrtps_cppExport-noconfig.cmake
[0.356s] -- Up-to-date: /home/mahek/ros2_ws/install/tutorial_interfaces/share/tutorial_interfaces/cmake/tutorial_interfaces__rosidl_typesupport_introspection_cExport.cmake
[0.356s] -- Up-to-date: /home/mahek/ros2_ws/install/tutorial_interfaces/share/tutorial_interfaces/cmake/tutorial_interfaces__rosidl_typesupport_introspection_cExport-noconfig.cmake
[0.356s] -- Up-to-date: /home/mahek/ros2_ws/install/tutorial_interfaces/share/tutorial_interfaces/cmake/tutorial_interfaces__rosidl_typesupport_cExport.cmake
[0.356s] -- Up-to-date: /home/mahek/ros2_ws/install/tutorial_interfaces/share/tutorial_interfaces/cmake/tutorial_interfaces__rosidl_typesupport_cExport-noconfig.cmake
[0.356s] -- Up-to-date: /home/mahek/ros2_ws/install/tutorial_interfaces/share/tutorial_interfaces/cmake/tutorial_interfaces__rosidl_typesupport_introspection_cppExport.cmake
[0.356s] -- Up-to-date: /home/mahek/ros2_ws/install/tutorial_interfaces/share/tutorial_interfaces/cmake/tutorial_interfaces__rosidl_typesupport_introspection_cppExport-noconfig.cmake
[0.356s] -- Up-to-date: /home/mahek/ros2_ws/install/tutorial_interfaces/share/tutorial_interfaces/cmake/tutorial_interfaces__rosidl_typesupport_cppExport.cmake
[0.356s] -- Up-to-date: /home/mahek/ros2_ws/install/tutorial_interfaces/share/tutorial_interfaces/cmake/tutorial_interfaces__rosidl_typesupport_cppExport-noconfig.cmake
[0.356s] -- Up-to-date: /home/mahek/ros2_ws/install/tutorial_interfaces/share/tutorial_interfaces/cmake/export_tutorial_interfaces__rosidl_generator_pyExport.cmake
[0.357s] -- Up-to-date: /home/mahek/ros2_ws/install/tutorial_interfaces/share/tutorial_interfaces/cmake/export_tutorial_interfaces__rosidl_generator_pyExport-noconfig.cmake
[0.357s] -- Up-to-date: /home/mahek/ros2_ws/install/tutorial_interfaces/share/tutorial_interfaces/cmake/rosidl_cmake-extras.cmake
[0.357s] -- Up-to-date: /home/mahek/ros2_ws/install/tutorial_interfaces/share/tutorial_interfaces/cmake/ament_cmake_export_dependencies-extras.cmake
[0.357s] -- Up-to-date: /home/mahek/ros2_ws/install/tutorial_interfaces/share/tutorial_interfaces/cmake/ament_cmake_export_include_directories-extras.cmake
[0.357s] -- Up-to-date: /home/mahek/ros2_ws/install/tutorial_interfaces/share/tutorial_interfaces/cmake/ament_cmake_export_libraries-extras.cmake
[0.357s] -- Up-to-date: /home/mahek/ros2_ws/install/tutorial_interfaces/share/tutorial_interfaces/cmake/ament_cmake_export_targets-extras.cmake
[0.357s] -- Up-to-date: /home/mahek/ros2_ws/install/tutorial_interfaces/share/tutorial_interfaces/cmake/rosidl_cmake_export_typesupport_targets-extras.cmake
[0.357s] -- Up-to-date: /home/mahek/ros2_ws/install/tutorial_interfaces/share/tutorial_interfaces/cmake/rosidl_cmake_export_typesupport_libraries-extras.cmake
[0.357s] -- Up-to-date: /home/mahek/ros2_ws/install/tutorial_interfaces/share/tutorial_interfaces/cmake/tutorial_interfacesConfig.cmake
[0.357s] -- Up-to-date: /home/mahek/ros2_ws/install/tutorial_interfaces/share/tutorial_interfaces/cmake/tutorial_interfacesConfig-version.cmake
[0.357s] -- Up-to-date: /home/mahek/ros2_ws/install/tutorial_interfaces/share/tutorial_interfaces/package.xml
[0.359s] Invoked command in '/home/mahek/ros2_ws/build/tutorial_interfaces' returned '0': CMAKE_PREFIX_PATH=${CMAKE_PREFIX_PATH}:/home/mahek/ros2_ws/install/my_robot_controller:/opt/ros/humble /usr/bin/cmake --install /home/mahek/ros2_ws/build/tutorial_interfaces
