-- Found ament_cmake: 1.3.10 (/opt/ros/humble/share/ament_cmake/cmake)
-- Found rclcpp: 16.0.10 (/opt/ros/humble/share/rclcpp/cmake)
-- Found rosidl_generator_c: 3.1.5 (/opt/ros/humble/share/rosidl_generator_c/cmake)
-- Found rosidl_adapter: 3.1.5 (/opt/ros/humble/share/rosidl_adapter/cmake)
-- Found rosidl_generator_cpp: 3.1.5 (/opt/ros/humble/share/rosidl_generator_cpp/cmake)
-- Using all available rosidl_typesupport_c: rosidl_typesupport_fastrtps_c;rosidl_typesupport_introspection_c
-- Using all available rosidl_typesupport_cpp: rosidl_typesupport_fastrtps_cpp;rosidl_typesupport_introspection_cpp
-- Found rmw_implementation_cmake: 6.1.2 (/opt/ros/humble/share/rmw_implementation_cmake/cmake)
-- Found rmw_fastrtps_cpp: 6.2.7 (/opt/ros/humble/share/rmw_fastrtps_cpp/cmake)
-- Using RMW implementation 'rmw_fastrtps_cpp' as default
-- Found tutorial_interfaces: 0.0.0 (/home/mahek/ros2_ws/install/tutorial_interfaces/share/tutorial_interfaces/cmake)
-- Found ament_lint_auto: 0.12.11 (/opt/ros/humble/share/ament_lint_auto/cmake)
-- Added test 'cppcheck' to perform static code analysis on C / C++ code
-- Configured cppcheck include dirs: 
-- Configured cppcheck exclude dirs and/or files: 
-- Added test 'lint_cmake' to check CMake code style
-- Added test 'uncrustify' to check C / C++ code style
-- Configured uncrustify additional arguments: 
-- Added test 'xmllint' to check XML markup files
-- Configuring done
-- Generating done
-- Build files have been written to: /home/mahek/ros2_ws/build/my_cashier_system
[35m[1mConsolidate compiler generated dependencies of target bill_display_node[0m
[35m[1mConsolidate compiler generated dependencies of target bill_publish_node[0m
[35m[1mConsolidate compiler generated dependencies of target bill_subscriber_node[0m
[ 33%] Built target bill_publish_node
[ 50%] [32mBuilding CXX object CMakeFiles/bill_display_node.dir/src/bill_display_node.cpp.o[0m
[ 83%] Built target bill_subscriber_node
[01m[K/home/mahek/ros2_ws/src/my_cashier_system/src/bill_display_node.cpp:[m[K In constructor ‘[01m[KBillDisplayNode::BillDisplayNode()[m[K’:
[01m[K/home/mahek/ros2_ws/src/my_cashier_system/src/bill_display_node.cpp:8:34:[m[K [01;31m[Kerror: [m[Kno matching function for call to ‘[01m[Ktutorial_interfaces::msg::Num_<std::allocator<void> >::Num_(<brace-enclosed initializer list>)[m[K’
    8 |     : Node("bill_display_node"), [01;31m[Klast_bill_({0, "", 0, 0.0, 0.0})[m[K, inventory_(100), income_(0.0)
      |                                  [01;31m[K^~~~~~~~~~~~~~~~~~~~~~~~~~~~~~~~[m[K
In file included from [01m[K/home/mahek/ros2_ws/install/tutorial_interfaces/include/tutorial_interfaces/tutorial_interfaces/msg/num.hpp:7[m[K,
                 from [01m[K/home/mahek/ros2_ws/src/my_cashier_system/src/bill_display_node.cpp:2[m[K:
[01m[K/home/mahek/ros2_ws/install/tutorial_interfaces/include/tutorial_interfaces/tutorial_interfaces/msg/detail/num__struct.hpp:49:12:[m[K [01;36m[Knote: [m[Kcandidate: ‘[01m[Ktutorial_interfaces::msg::Num_<ContainerAllocator>::Num_(const ContainerAllocator&, rosidl_runtime_cpp::MessageInitialization) [with ContainerAllocator = std::allocator<void>][m[K’
   49 |   explicit [01;36m[KNum_[m[K(const ContainerAllocator & _alloc, rosidl_runtime_cpp::MessageInitialization _init = rosidl_runtime_cpp::MessageInitialization::ALL)
      |            [01;36m[K^~~~[m[K
[01m[K/home/mahek/ros2_ws/install/tutorial_interfaces/include/tutorial_interfaces/tutorial_interfaces/msg/detail/num__struct.hpp:49:44:[m[K [01;36m[Knote: [m[K  no known conversion for argument 1 from ‘[01m[K<brace-enclosed initializer list>[m[K’ to ‘[01m[Kconst std::allocator<void>&[m[K’
   49 |   explicit Num_([01;36m[Kconst ContainerAllocator & _alloc[m[K, rosidl_runtime_cpp::MessageInitialization _init = rosidl_runtime_cpp::MessageInitialization::ALL)
      |                 [01;36m[K~~~~~~~~~~~~~~~~~~~~~~~~~~~^~~~~~[m[K
[01m[K/home/mahek/ros2_ws/install/tutorial_interfaces/include/tutorial_interfaces/tutorial_interfaces/msg/detail/num__struct.hpp:36:12:[m[K [01;36m[Knote: [m[Kcandidate: ‘[01m[Ktutorial_interfaces::msg::Num_<ContainerAllocator>::Num_(rosidl_runtime_cpp::MessageInitialization) [with ContainerAllocator = std::allocator<void>][m[K’
   36 |   explicit [01;36m[KNum_[m[K(rosidl_runtime_cpp::MessageInitialization _init = rosidl_runtime_cpp::MessageInitialization::ALL)
      |            [01;36m[K^~~~[m[K
[01m[K/home/mahek/ros2_ws/install/tutorial_interfaces/include/tutorial_interfaces/tutorial_interfaces/msg/detail/num__struct.hpp:36:59:[m[K [01;36m[Knote: [m[K  no known conversion for argument 1 from ‘[01m[K<brace-enclosed initializer list>[m[K’ to ‘[01m[Krosidl_runtime_cpp::MessageInitialization[m[K’
   36 |   explicit Num_([01;36m[Krosidl_runtime_cpp::MessageInitialization _init = rosidl_runtime_cpp::MessageInitialization::ALL[m[K)
      |                 [01;36m[K~~~~~~~~~~~~~~~~~~~~~~~~~~~~~~~~~~~~~~~~~~^~~~~~~~~~~~~~~~~~~~~~~~~~~~~~~~~~~~~~~~~~~~~~~~~~~~~~[m[K
[01m[K/home/mahek/ros2_ws/install/tutorial_interfaces/include/tutorial_interfaces/tutorial_interfaces/msg/detail/num__struct.hpp:32:8:[m[K [01;36m[Knote: [m[Kcandidate: ‘[01m[Ktutorial_interfaces::msg::Num_<std::allocator<void> >::Num_(const tutorial_interfaces::msg::Num_<std::allocator<void> >&)[m[K’
   32 | struct [01;36m[KNum_[m[K
      |        [01;36m[K^~~~[m[K
[01m[K/home/mahek/ros2_ws/install/tutorial_interfaces/include/tutorial_interfaces/tutorial_interfaces/msg/detail/num__struct.hpp:32:8:[m[K [01;36m[Knote: [m[K  no known conversion for argument 1 from ‘[01m[K<brace-enclosed initializer list>[m[K’ to ‘[01m[Kconst tutorial_interfaces::msg::Num_<std::allocator<void> >&[m[K’
[01m[K/home/mahek/ros2_ws/install/tutorial_interfaces/include/tutorial_interfaces/tutorial_interfaces/msg/detail/num__struct.hpp:32:8:[m[K [01;36m[Knote: [m[Kcandidate: ‘[01m[Ktutorial_interfaces::msg::Num_<std::allocator<void> >::Num_(tutorial_interfaces::msg::Num_<std::allocator<void> >&&)[m[K’
[01m[K/home/mahek/ros2_ws/install/tutorial_interfaces/include/tutorial_interfaces/tutorial_interfaces/msg/detail/num__struct.hpp:32:8:[m[K [01;36m[Knote: [m[K  no known conversion for argument 1 from ‘[01m[K<brace-enclosed initializer list>[m[K’ to ‘[01m[Ktutorial_interfaces::msg::Num_<std::allocator<void> >&&[m[K’
gmake[2]: *** [CMakeFiles/bill_display_node.dir/build.make:76: CMakeFiles/bill_display_node.dir/src/bill_display_node.cpp.o] Error 1
gmake[1]: *** [CMakeFiles/Makefile2:141: CMakeFiles/bill_display_node.dir/all] Error 2
gmake: *** [Makefile:146: all] Error 2
