[0.009s] Invoking command in '/home/mahek/ros2_ws/src/build/cpp_pubsub': CMAKE_PREFIX_PATH=/opt/ros/humble /usr/bin/cmake /home/mahek/ros2_ws/src/cpp_pubsub -DCMAKE_INSTALL_PREFIX=/home/mahek/ros2_ws/src/install/cpp_pubsub
[0.055s] -- The C compiler identification is GNU 11.4.0
[0.112s] -- The CXX compiler identification is GNU 11.4.0
[0.120s] -- Detecting C compiler ABI info
[0.199s] -- Detecting C compiler ABI info - done
[0.204s] -- Check for working C compiler: /usr/bin/cc - skipped
[0.204s] -- Detecting C compile features
[0.204s] -- Detecting C compile features - done
[0.206s] -- Detecting CXX compiler ABI info
[0.285s] -- Detecting CXX compiler ABI info - done
[0.291s] -- Check for working CXX compiler: /usr/bin/c++ - skipped
[0.292s] -- Detecting CXX compile features
[0.292s] -- Detecting CXX compile features - done
[0.294s] -- Found ament_cmake: 1.3.10 (/opt/ros/humble/share/ament_cmake/cmake)
[0.419s] -- Found Python3: /usr/bin/python3 (found version "3.10.12") found components: Interpreter 
[0.481s] -- Found ament_lint_auto: 0.12.11 (/opt/ros/humble/share/ament_lint_auto/cmake)
[0.539s] -- Added test 'lint_cmake' to check CMake code style
[0.539s] -- Added test 'xmllint' to check XML markup files
[0.540s] -- Configuring done
[0.541s] -- Generating done
[0.541s] -- Build files have been written to: /home/mahek/ros2_ws/src/build/cpp_pubsub
[0.545s] Invoked command in '/home/mahek/ros2_ws/src/build/cpp_pubsub' returned '0': CMAKE_PREFIX_PATH=/opt/ros/humble /usr/bin/cmake /home/mahek/ros2_ws/src/cpp_pubsub -DCMAKE_INSTALL_PREFIX=/home/mahek/ros2_ws/src/install/cpp_pubsub
[0.545s] Invoking command in '/home/mahek/ros2_ws/src/build/cpp_pubsub': CMAKE_PREFIX_PATH=/opt/ros/humble /usr/bin/cmake --build /home/mahek/ros2_ws/src/build/cpp_pubsub -- -j12 -l12
[0.583s] Invoked command in '/home/mahek/ros2_ws/src/build/cpp_pubsub' returned '0': CMAKE_PREFIX_PATH=/opt/ros/humble /usr/bin/cmake --build /home/mahek/ros2_ws/src/build/cpp_pubsub -- -j12 -l12
[0.610s] Invoking command in '/home/mahek/ros2_ws/src/build/cpp_pubsub': CMAKE_PREFIX_PATH=/opt/ros/humble /usr/bin/cmake --install /home/mahek/ros2_ws/src/build/cpp_pubsub
[0.618s] -- Install configuration: ""
[0.618s] -- Installing: /home/mahek/ros2_ws/src/install/cpp_pubsub/share/ament_index/resource_index/package_run_dependencies/cpp_pubsub
[0.618s] -- Installing: /home/mahek/ros2_ws/src/install/cpp_pubsub/share/ament_index/resource_index/parent_prefix_path/cpp_pubsub
[0.618s] -- Installing: /home/mahek/ros2_ws/src/install/cpp_pubsub/share/cpp_pubsub/environment/ament_prefix_path.sh
[0.618s] -- Installing: /home/mahek/ros2_ws/src/install/cpp_pubsub/share/cpp_pubsub/environment/ament_prefix_path.dsv
[0.618s] -- Installing: /home/mahek/ros2_ws/src/install/cpp_pubsub/share/cpp_pubsub/environment/path.sh
[0.618s] -- Installing: /home/mahek/ros2_ws/src/install/cpp_pubsub/share/cpp_pubsub/environment/path.dsv
[0.618s] -- Installing: /home/mahek/ros2_ws/src/install/cpp_pubsub/share/cpp_pubsub/local_setup.bash
[0.619s] -- Installing: /home/mahek/ros2_ws/src/install/cpp_pubsub/share/cpp_pubsub/local_setup.sh
[0.619s] -- Installing: /home/mahek/ros2_ws/src/install/cpp_pubsub/share/cpp_pubsub/local_setup.zsh
[0.619s] -- Installing: /home/mahek/ros2_ws/src/install/cpp_pubsub/share/cpp_pubsub/local_setup.dsv
[0.619s] -- Installing: /home/mahek/ros2_ws/src/install/cpp_pubsub/share/cpp_pubsub/package.dsv
[0.619s] -- Installing: /home/mahek/ros2_ws/src/install/cpp_pubsub/share/ament_index/resource_index/packages/cpp_pubsub
[0.619s] -- Installing: /home/mahek/ros2_ws/src/install/cpp_pubsub/share/cpp_pubsub/cmake/cpp_pubsubConfig.cmake
[0.619s] -- Installing: /home/mahek/ros2_ws/src/install/cpp_pubsub/share/cpp_pubsub/cmake/cpp_pubsubConfig-version.cmake
[0.619s] -- Installing: /home/mahek/ros2_ws/src/install/cpp_pubsub/share/cpp_pubsub/package.xml
[0.621s] Invoked command in '/home/mahek/ros2_ws/src/build/cpp_pubsub' returned '0': CMAKE_PREFIX_PATH=/opt/ros/humble /usr/bin/cmake --install /home/mahek/ros2_ws/src/build/cpp_pubsub
