[0.011s] Invoking command in '/home/mahek/ros2_ws/src/build/my_package': CMAKE_PREFIX_PATH=/opt/ros/humble /usr/bin/cmake --build /home/mahek/ros2_ws/src/build/my_package -- -j12 -l12
[0.102s] [100%] Built target my_node
[0.121s] Invoked command in '/home/mahek/ros2_ws/src/build/my_package' returned '0': CMAKE_PREFIX_PATH=/opt/ros/humble /usr/bin/cmake --build /home/mahek/ros2_ws/src/build/my_package -- -j12 -l12
[0.152s] Invoking command in '/home/mahek/ros2_ws/src/build/my_package': CMAKE_PREFIX_PATH=/opt/ros/humble /usr/bin/cmake --install /home/mahek/ros2_ws/src/build/my_package
[0.158s] -- Install configuration: ""
[0.158s] -- Up-to-date: /home/mahek/ros2_ws/src/install/my_package/lib/my_package/my_node
[0.159s] -- Up-to-date: /home/mahek/ros2_ws/src/install/my_package/share/ament_index/resource_index/package_run_dependencies/my_package
[0.159s] -- Up-to-date: /home/mahek/ros2_ws/src/install/my_package/share/ament_index/resource_index/parent_prefix_path/my_package
[0.159s] -- Up-to-date: /home/mahek/ros2_ws/src/install/my_package/share/my_package/environment/ament_prefix_path.sh
[0.159s] -- Up-to-date: /home/mahek/ros2_ws/src/install/my_package/share/my_package/environment/ament_prefix_path.dsv
[0.159s] -- Up-to-date: /home/mahek/ros2_ws/src/install/my_package/share/my_package/environment/path.sh
[0.159s] -- Up-to-date: /home/mahek/ros2_ws/src/install/my_package/share/my_package/environment/path.dsv
[0.159s] -- Up-to-date: /home/mahek/ros2_ws/src/install/my_package/share/my_package/local_setup.bash
[0.159s] -- Up-to-date: /home/mahek/ros2_ws/src/install/my_package/share/my_package/local_setup.sh
[0.160s] -- Up-to-date: /home/mahek/ros2_ws/src/install/my_package/share/my_package/local_setup.zsh
[0.160s] -- Up-to-date: /home/mahek/ros2_ws/src/install/my_package/share/my_package/local_setup.dsv
[0.160s] -- Installing: /home/mahek/ros2_ws/src/install/my_package/share/my_package/package.dsv
[0.160s] -- Up-to-date: /home/mahek/ros2_ws/src/install/my_package/share/ament_index/resource_index/packages/my_package
[0.160s] -- Up-to-date: /home/mahek/ros2_ws/src/install/my_package/share/my_package/cmake/my_packageConfig.cmake
[0.160s] -- Up-to-date: /home/mahek/ros2_ws/src/install/my_package/share/my_package/cmake/my_packageConfig-version.cmake
[0.160s] -- Up-to-date: /home/mahek/ros2_ws/src/install/my_package/share/my_package/package.xml
[0.162s] Invoked command in '/home/mahek/ros2_ws/src/build/my_package' returned '0': CMAKE_PREFIX_PATH=/opt/ros/humble /usr/bin/cmake --install /home/mahek/ros2_ws/src/build/my_package
