[0.008s] Invoking command in '/home/mahek/ros2_ws/build/my_cashier_system': CMAKE_PREFIX_PATH=/home/mahek/ros2_ws/install/tutorial_interfaces:/home/mahek/ros2_ws/install/my_cashier_system:/home/mahek/ros2_ws/install/my_package:/home/mahek/ros2_ws/install/cpp_pubsub:/home/mahek/ros2_ws/install/cpp:/home/mahek/ros2_ws/install/my_robot_controller:/opt/ros/humble /usr/bin/cmake --build /home/mahek/ros2_ws/build/my_cashier_system -- -j12 -l12
[0.060s] [35m[1mConsolidate compiler generated dependencies of target bill_subscriber_node[0m
[0.072s] [ 16%] [32mBuilding CXX object CMakeFiles/bill_subscriber_node.dir/src/bill_subscriber_node.cpp.o[0m
[0.073s] [ 50%] Built target bill_publisher_node
[0.074s] [ 66%] [32mBuilding CXX object CMakeFiles/bill_display_node.dir/src/bill_display_node.cpp.o[0m
[0.193s] [01m[K/home/mahek/ros2_ws/src/my_cashier_system/src/bill_subscriber_node.cpp:45:56:[m[K [01;35m[Kwarning: [m[Kcharacter constant too long for its type
[0.193s]    45 |         self.publisher = self.create_publisher(String, [01;35m[K'new_income'[m[K, 10)
[0.193s]       |                                                        [01;35m[K^~~~~~~~~~~~[m[K
[0.195s] [01m[K/home/mahek/ros2_ws/src/my_cashier_system/src/bill_display_node.cpp:34:62:[m[K [01;35m[Kwarning: [m[Kcharacter constant too long for its type
[0.196s]    34 |         self.subscription = self.create_subscription(String, [01;35m[K'income_inventory_updates'[m[K, self.listener_callback, 10)
[0.196s]       |                                                              [01;35m[K^~~~~~~~~~~~~~~~~~~~~~~~~~[m[K
[1.591s] [01m[K/home/mahek/ros2_ws/src/my_cashier_system/src/bill_subscriber_node.cpp:[m[K In member function ‘[01m[Kvoid BillProcessorNode::process_bill(tutorial_interfaces::msg::Bill_<std::allocator<void> >::SharedPtr)[m[K’:
[1.591s] [01m[K/home/mahek/ros2_ws/src/my_cashier_system/src/bill_subscriber_node.cpp:45:9:[m[K [01;31m[Kerror: [m[K‘[01m[Kself[m[K’ was not declared in this scope
[1.592s]    45 |         [01;31m[Kself[m[K.publisher = self.create_publisher(String, 'new_income', 10)
[1.592s]       |         [01;31m[K^~~~[m[K
[1.595s] [01m[K/home/mahek/ros2_ws/src/my_cashier_system/src/bill_subscriber_node.cpp:45:48:[m[K [01;31m[Kerror: [m[K‘[01m[KString[m[K’ was not declared in this scope
[1.595s]    45 |         self.publisher = self.create_publisher([01;31m[KString[m[K, 'new_income', 10)
[1.595s]       |                                                [01;31m[K^~~~~~[m[K
[1.629s] [01m[K/home/mahek/ros2_ws/src/my_cashier_system/src/bill_display_node.cpp:[m[K In member function ‘[01m[Kvoid BillMonitorNode::display_bill(std_msgs::msg::String_<std::allocator<void> >::SharedPtr)[m[K’:
[1.629s] [01m[K/home/mahek/ros2_ws/src/my_cashier_system/src/bill_display_node.cpp:34:9:[m[K [01;31m[Kerror: [m[K‘[01m[Kself[m[K’ was not declared in this scope
[1.629s]    34 |         [01;31m[Kself[m[K.subscription = self.create_subscription(String, 'income_inventory_updates', self.listener_callback, 10)
[1.629s]       |         [01;31m[K^~~~[m[K
[1.629s] [01m[K/home/mahek/ros2_ws/src/my_cashier_system/src/bill_display_node.cpp:34:54:[m[K [01;31m[Kerror: [m[K‘[01m[KString[m[K’ was not declared in this scope; did you mean ‘[01m[Kstd_msgs::msg::String[m[K’?
[1.630s]    34 |         self.subscription = self.create_subscription([01;31m[KString[m[K, 'income_inventory_updates', self.listener_callback, 10)
[1.630s]       |                                                      [01;31m[K^~~~~~[m[K
[1.630s]       |                                                      [32m[Kstd_msgs::msg::String[m[K
[1.630s] In file included from [01m[K/opt/ros/humble/include/std_msgs/std_msgs/msg/string.hpp:7[m[K,
[1.630s]                  from [01m[K/home/mahek/ros2_ws/src/my_cashier_system/src/bill_display_node.cpp:3[m[K:
[1.630s] [01m[K/opt/ros/humble/include/std_msgs/std_msgs/msg/detail/string__struct.hpp:122:7:[m[K [01;36m[Knote: [m[K‘[01m[Kstd_msgs::msg::String[m[K’ declared here
[1.630s]   122 | using [01;36m[KString[m[K =
[1.630s]       |       [01;36m[K^~~~~~[m[K
[1.630s] [01m[K/home/mahek/ros2_ws/src/my_cashier_system/src/bill_display_node.cpp:33:62:[m[K [01;35m[Kwarning: [m[Kunused parameter ‘[01m[Kmsg[m[K’ [[01;35m[K]8;;https://gcc.gnu.org/onlinedocs/gcc/Warning-Options.html#index-Wunused-parameter-Wunused-parameter]8;;[m[K]
[1.631s]    33 |     void display_bill([01;35m[Kconst std_msgs::msg::String::SharedPtr msg[m[K) {
[1.631s]       |                       [01;35m[K~~~~~~~~~~~~~~~~~~~~~~~~~~~~~~~~~~~~~~~^~~[m[K
[3.201s] gmake[2]: *** [CMakeFiles/bill_subscriber_node.dir/build.make:76: CMakeFiles/bill_subscriber_node.dir/src/bill_subscriber_node.cpp.o] Error 1
[3.202s] gmake[1]: *** [CMakeFiles/Makefile2:167: CMakeFiles/bill_subscriber_node.dir/all] Error 2
[3.202s] gmake[1]: *** Waiting for unfinished jobs....
[3.750s] gmake[2]: *** [CMakeFiles/bill_display_node.dir/build.make:76: CMakeFiles/bill_display_node.dir/src/bill_display_node.cpp.o] Error 1
[3.750s] gmake[1]: *** [CMakeFiles/Makefile2:193: CMakeFiles/bill_display_node.dir/all] Error 2
[3.750s] gmake: *** [Makefile:146: all] Error 2
[3.753s] Invoked command in '/home/mahek/ros2_ws/build/my_cashier_system' returned '2': CMAKE_PREFIX_PATH=/home/mahek/ros2_ws/install/tutorial_interfaces:/home/mahek/ros2_ws/install/my_cashier_system:/home/mahek/ros2_ws/install/my_package:/home/mahek/ros2_ws/install/cpp_pubsub:/home/mahek/ros2_ws/install/cpp:/home/mahek/ros2_ws/install/my_robot_controller:/opt/ros/humble /usr/bin/cmake --build /home/mahek/ros2_ws/build/my_cashier_system -- -j12 -l12
