[0.011s] Invoking command in '/home/mahek/ros2_ws/build/my_cashier_system': CMAKE_PREFIX_PATH=/home/mahek/ros2_ws/install/tutorial_interfaces:/home/mahek/ros2_ws/install/my_cashier_system:/home/mahek/ros2_ws/install/my_package:/home/mahek/ros2_ws/install/cpp_pubsub:/home/mahek/ros2_ws/install/cpp:/home/mahek/ros2_ws/install/my_robot_controller:/opt/ros/humble /usr/bin/cmake --build /home/mahek/ros2_ws/build/my_cashier_system -- -j12 -l12
[0.053s] [35m[1mConsolidate compiler generated dependencies of target bill_display_node[0m
[0.063s] [ 33%] Built target bill_subscriber_node
[0.066s] [ 50%] [32mBuilding CXX object CMakeFiles/bill.dir/src/bill_publish_node.cpp.o[0m
[0.071s] [ 66%] [32mBuilding CXX object CMakeFiles/bill_display_node.dir/src/bill_display_node.cpp.o[0m
[1.526s] [01m[K/home/mahek/ros2_ws/src/my_cashier_system/src/bill_publish_node.cpp:[m[K In member function ‘[01m[Kvoid BillPublisherNode::publish_bill()[m[K’:
[1.526s] [01m[K/home/mahek/ros2_ws/src/my_cashier_system/src/bill_publish_node.cpp:23:17:[m[K [01;31m[Kerror: [m[K‘[01m[Kstruct tutorial_interfaces::msg::Num_<std::allocator<void> >[m[K’ has no member named ‘[01m[Ktimestamp[m[K’
[1.526s]    23 |         message.[01;31m[Ktimestamp[m[K = std::to_string(std::chrono::system_clock::now().time_since_epoch().count());
[1.527s]       |                 [01;31m[K^~~~~~~~~[m[K
[1.527s] In file included from [01m[K/opt/ros/humble/include/rclcpp/rclcpp/logging.hpp:24[m[K,
[1.527s]                  from [01m[K/opt/ros/humble/include/rclcpp/rclcpp/client.hpp:40[m[K,
[1.527s]                  from [01m[K/opt/ros/humble/include/rclcpp/rclcpp/callback_group.hpp:24[m[K,
[1.527s]                  from [01m[K/opt/ros/humble/include/rclcpp/rclcpp/any_executable.hpp:20[m[K,
[1.527s]                  from [01m[K/opt/ros/humble/include/rclcpp/rclcpp/memory_strategy.hpp:25[m[K,
[1.527s]                  from [01m[K/opt/ros/humble/include/rclcpp/rclcpp/memory_strategies.hpp:18[m[K,
[1.527s]                  from [01m[K/opt/ros/humble/include/rclcpp/rclcpp/executor_options.hpp:20[m[K,
[1.527s]                  from [01m[K/opt/ros/humble/include/rclcpp/rclcpp/executor.hpp:37[m[K,
[1.528s]                  from [01m[K/opt/ros/humble/include/rclcpp/rclcpp/executors/multi_threaded_executor.hpp:25[m[K,
[1.528s]                  from [01m[K/opt/ros/humble/include/rclcpp/rclcpp/executors.hpp:21[m[K,
[1.528s]                  from [01m[K/opt/ros/humble/include/rclcpp/rclcpp/rclcpp.hpp:155[m[K,
[1.528s]                  from [01m[K/home/mahek/ros2_ws/src/my_cashier_system/src/bill_publish_node.cpp:1[m[K:
[1.528s] [01m[K/home/mahek/ros2_ws/src/my_cashier_system/src/bill_publish_node.cpp:30:50:[m[K [01;31m[Kerror: [m[K‘[01m[Kstruct tutorial_interfaces::msg::Num_<std::allocator<void> >[m[K’ has no member named ‘[01m[Ktimestamp[m[K’
[1.528s]    30 |                     message.bill_number, message.[01;31m[Ktimestamp[m[K.c_str(), message.quantity, message.price, message.total);
[1.528s]       |                                                  [01;31m[K^~~~~~~~~[m[K
[1.559s] In file included from [01m[K/opt/ros/humble/include/rclcpp/rclcpp/logging.hpp:24[m[K,
[1.560s]                  from [01m[K/opt/ros/humble/include/rclcpp/rclcpp/client.hpp:40[m[K,
[1.560s]                  from [01m[K/opt/ros/humble/include/rclcpp/rclcpp/callback_group.hpp:24[m[K,
[1.560s]                  from [01m[K/opt/ros/humble/include/rclcpp/rclcpp/any_executable.hpp:20[m[K,
[1.560s]                  from [01m[K/opt/ros/humble/include/rclcpp/rclcpp/memory_strategy.hpp:25[m[K,
[1.560s]                  from [01m[K/opt/ros/humble/include/rclcpp/rclcpp/memory_strategies.hpp:18[m[K,
[1.560s]                  from [01m[K/opt/ros/humble/include/rclcpp/rclcpp/executor_options.hpp:20[m[K,
[1.560s]                  from [01m[K/opt/ros/humble/include/rclcpp/rclcpp/executor.hpp:37[m[K,
[1.560s]                  from [01m[K/opt/ros/humble/include/rclcpp/rclcpp/executors/multi_threaded_executor.hpp:25[m[K,
[1.560s]                  from [01m[K/opt/ros/humble/include/rclcpp/rclcpp/executors.hpp:21[m[K,
[1.560s]                  from [01m[K/opt/ros/humble/include/rclcpp/rclcpp/rclcpp.hpp:155[m[K,
[1.561s]                  from [01m[K/home/mahek/ros2_ws/src/my_cashier_system/src/bill_display_node.cpp:1[m[K:
[1.561s] [01m[K/home/mahek/ros2_ws/src/my_cashier_system/src/bill_display_node.cpp:[m[K In member function ‘[01m[Kvoid BillDisplayNode::topic_callback(tutorial_interfaces::msg::Num_<std::allocator<void> >::SharedPtr)[m[K’:
[1.561s] [01m[K/home/mahek/ros2_ws/src/my_cashier_system/src/bill_display_node.cpp:33:44:[m[K [01;31m[Kerror: [m[K‘[01m[Kusing element_type = struct tutorial_interfaces::msg::Num_<std::allocator<void> >[m[K’ {aka ‘[01m[Kstruct tutorial_interfaces::msg::Num_<std::allocator<void> >[m[K’} has no member named ‘[01m[Ktimestamp[m[K’
[1.561s]    33 |                     msg->bill_number, msg->[01;31m[Ktimestamp[m[K.c_str(), msg->quantity, msg->price, msg->total);
[1.561s]       |                                            [01;31m[K^~~~~~~~~[m[K
[1.561s] [01m[K/home/mahek/ros2_ws/src/my_cashier_system/src/bill_display_node.cpp:37:38:[m[K [01;31m[Kerror: [m[K‘[01m[Kusing element_type = struct tutorial_interfaces::msg::Num_<std::allocator<void> >[m[K’ {aka ‘[01m[Kstruct tutorial_interfaces::msg::Num_<std::allocator<void> >[m[K’} has no member named ‘[01m[Ktimestamp[m[K’
[1.561s]    37 |         std::string timestamp = msg->[01;31m[Ktimestamp[m[K;
[1.561s]       |                                      [01;31m[K^~~~~~~~~[m[K
[2.054s] gmake[2]: *** [CMakeFiles/bill.dir/build.make:76: CMakeFiles/bill.dir/src/bill_publish_node.cpp.o] Error 1
[2.054s] gmake[1]: *** [CMakeFiles/Makefile2:141: CMakeFiles/bill.dir/all] Error 2
[2.054s] gmake[1]: *** Waiting for unfinished jobs....
[3.079s] gmake[2]: *** [CMakeFiles/bill_display_node.dir/build.make:76: CMakeFiles/bill_display_node.dir/src/bill_display_node.cpp.o] Error 1
[3.079s] gmake[1]: *** [CMakeFiles/Makefile2:193: CMakeFiles/bill_display_node.dir/all] Error 2
[3.080s] gmake: *** [Makefile:146: all] Error 2
[3.083s] Invoked command in '/home/mahek/ros2_ws/build/my_cashier_system' returned '2': CMAKE_PREFIX_PATH=/home/mahek/ros2_ws/install/tutorial_interfaces:/home/mahek/ros2_ws/install/my_cashier_system:/home/mahek/ros2_ws/install/my_package:/home/mahek/ros2_ws/install/cpp_pubsub:/home/mahek/ros2_ws/install/cpp:/home/mahek/ros2_ws/install/my_robot_controller:/opt/ros/humble /usr/bin/cmake --build /home/mahek/ros2_ws/build/my_cashier_system -- -j12 -l12
