[0.083s] DEBUG:colcon:Command line arguments: ['/usr/bin/colcon', 'build']
[0.083s] DEBUG:colcon:Parsed command line arguments: Namespace(log_base=None, log_level=None, verb_name='build', build_base='build', install_base='install', merge_install=False, symlink_install=False, test_result_base=None, continue_on_error=False, executor='parallel', parallel_workers=12, event_handlers=None, ignore_user_meta=False, metas=['./colcon.meta'], base_paths=['.'], packages_ignore=None, packages_ignore_regex=None, paths=None, packages_up_to=None, packages_up_to_regex=None, packages_above=None, packages_above_and_dependencies=None, packages_above_depth=None, packages_select_by_dep=None, packages_skip_by_dep=None, packages_skip_up_to=None, packages_select_build_failed=False, packages_skip_build_finished=False, packages_select_test_failures=False, packages_skip_test_passed=False, packages_select=None, packages_skip=None, packages_select_regex=None, packages_skip_regex=None, packages_start=None, packages_end=None, allow_overriding=[], cmake_args=None, cmake_target=None, cmake_target_skip_unavailable=False, cmake_clean_cache=False, cmake_clean_first=False, cmake_force_configure=False, ament_cmake_args=None, catkin_cmake_args=None, catkin_skip_building_tests=False, mixin_files=None, mixin=None, verb_parser=<colcon_mixin.mixin.mixin_argument.MixinArgumentDecorator object at 0x71b04e522710>, verb_extension=<colcon_core.verb.build.BuildVerb object at 0x71b04e521cf0>, main=<bound method BuildVerb.main of <colcon_core.verb.build.BuildVerb object at 0x71b04e521cf0>>, mixin_verb=('build',))
[0.220s] Level 1:colcon.colcon_core.package_discovery:discover_packages(colcon_meta) check parameters
[0.220s] Level 1:colcon.colcon_core.package_discovery:discover_packages(recursive) check parameters
[0.220s] Level 1:colcon.colcon_core.package_discovery:discover_packages(ignore) check parameters
[0.220s] Level 1:colcon.colcon_core.package_discovery:discover_packages(path) check parameters
[0.220s] Level 1:colcon.colcon_core.package_discovery:discover_packages(colcon_meta) discover
[0.220s] Level 1:colcon.colcon_core.package_discovery:discover_packages(recursive) discover
[0.220s] INFO:colcon.colcon_core.package_discovery:Crawling recursively for packages in '/home/mahek/rover_ws'
[0.221s] Level 1:colcon.colcon_core.package_identification:_identify(.) by extensions ['ignore', 'ignore_ament_install']
[0.221s] Level 1:colcon.colcon_core.package_identification:_identify(.) by extension 'ignore'
[0.221s] Level 1:colcon.colcon_core.package_identification:_identify(.) by extension 'ignore_ament_install'
[0.221s] Level 1:colcon.colcon_core.package_identification:_identify(.) by extensions ['colcon_pkg']
[0.221s] Level 1:colcon.colcon_core.package_identification:_identify(.) by extension 'colcon_pkg'
[0.221s] Level 1:colcon.colcon_core.package_identification:_identify(.) by extensions ['colcon_meta']
[0.221s] Level 1:colcon.colcon_core.package_identification:_identify(.) by extension 'colcon_meta'
[0.221s] Level 1:colcon.colcon_core.package_identification:_identify(.) by extensions ['ros']
[0.221s] Level 1:colcon.colcon_core.package_identification:_identify(.) by extension 'ros'
[0.229s] Level 1:colcon.colcon_core.package_identification:_identify(.) by extensions ['cmake', 'python']
[0.229s] Level 1:colcon.colcon_core.package_identification:_identify(.) by extension 'cmake'
[0.229s] Level 1:colcon.colcon_core.package_identification:_identify(.) by extension 'python'
[0.229s] Level 1:colcon.colcon_core.package_identification:_identify(.) by extensions ['python_setup_py']
[0.229s] Level 1:colcon.colcon_core.package_identification:_identify(.) by extension 'python_setup_py'
[0.229s] Level 1:colcon.colcon_core.package_identification:_identify(build) by extensions ['ignore', 'ignore_ament_install']
[0.229s] Level 1:colcon.colcon_core.package_identification:_identify(build) by extension 'ignore'
[0.229s] Level 1:colcon.colcon_core.package_identification:_identify(build) ignored
[0.229s] Level 1:colcon.colcon_core.package_identification:_identify(install) by extensions ['ignore', 'ignore_ament_install']
[0.229s] Level 1:colcon.colcon_core.package_identification:_identify(install) by extension 'ignore'
[0.229s] Level 1:colcon.colcon_core.package_identification:_identify(install) ignored
[0.229s] Level 1:colcon.colcon_core.package_identification:_identify(log) by extensions ['ignore', 'ignore_ament_install']
[0.229s] Level 1:colcon.colcon_core.package_identification:_identify(log) by extension 'ignore'
[0.229s] Level 1:colcon.colcon_core.package_identification:_identify(log) ignored
[0.229s] Level 1:colcon.colcon_core.package_identification:_identify(src) by extensions ['ignore', 'ignore_ament_install']
[0.229s] Level 1:colcon.colcon_core.package_identification:_identify(src) by extension 'ignore'
[0.229s] Level 1:colcon.colcon_core.package_identification:_identify(src) by extension 'ignore_ament_install'
[0.229s] Level 1:colcon.colcon_core.package_identification:_identify(src) by extensions ['colcon_pkg']
[0.229s] Level 1:colcon.colcon_core.package_identification:_identify(src) by extension 'colcon_pkg'
[0.229s] Level 1:colcon.colcon_core.package_identification:_identify(src) by extensions ['colcon_meta']
[0.229s] Level 1:colcon.colcon_core.package_identification:_identify(src) by extension 'colcon_meta'
[0.230s] Level 1:colcon.colcon_core.package_identification:_identify(src) by extensions ['ros']
[0.230s] Level 1:colcon.colcon_core.package_identification:_identify(src) by extension 'ros'
[0.230s] Level 1:colcon.colcon_core.package_identification:_identify(src) by extensions ['cmake', 'python']
[0.230s] Level 1:colcon.colcon_core.package_identification:_identify(src) by extension 'cmake'
[0.230s] Level 1:colcon.colcon_core.package_identification:_identify(src) by extension 'python'
[0.230s] Level 1:colcon.colcon_core.package_identification:_identify(src) by extensions ['python_setup_py']
[0.230s] Level 1:colcon.colcon_core.package_identification:_identify(src) by extension 'python_setup_py'
[0.230s] Level 1:colcon.colcon_core.package_identification:_identify(src/my_rover) by extensions ['ignore', 'ignore_ament_install']
[0.230s] Level 1:colcon.colcon_core.package_identification:_identify(src/my_rover) by extension 'ignore'
[0.230s] Level 1:colcon.colcon_core.package_identification:_identify(src/my_rover) by extension 'ignore_ament_install'
[0.230s] Level 1:colcon.colcon_core.package_identification:_identify(src/my_rover) by extensions ['colcon_pkg']
[0.230s] Level 1:colcon.colcon_core.package_identification:_identify(src/my_rover) by extension 'colcon_pkg'
[0.230s] Level 1:colcon.colcon_core.package_identification:_identify(src/my_rover) by extensions ['colcon_meta']
[0.230s] Level 1:colcon.colcon_core.package_identification:_identify(src/my_rover) by extension 'colcon_meta'
[0.230s] Level 1:colcon.colcon_core.package_identification:_identify(src/my_rover) by extensions ['ros']
[0.230s] Level 1:colcon.colcon_core.package_identification:_identify(src/my_rover) by extension 'ros'
[0.232s] DEBUG:colcon.colcon_core.package_identification:Package 'src/my_rover' with type 'ros.ament_cmake' and name 'my_rover'
[0.232s] Level 1:colcon.colcon_core.package_discovery:discover_packages(recursive) using defaults
[0.232s] Level 1:colcon.colcon_core.package_discovery:discover_packages(ignore) discover
[0.232s] Level 1:colcon.colcon_core.package_discovery:discover_packages(ignore) using defaults
[0.232s] Level 1:colcon.colcon_core.package_discovery:discover_packages(path) discover
[0.232s] Level 1:colcon.colcon_core.package_discovery:discover_packages(path) using defaults
[0.257s] Level 1:colcon.colcon_core.package_discovery:discover_packages(prefix_path) check parameters
[0.257s] Level 1:colcon.colcon_core.package_discovery:discover_packages(prefix_path) discover
[0.259s] DEBUG:colcon.colcon_installed_package_information.package_discovery:Found 1 installed packages in /home/mahek/rover_ws/install
[0.260s] DEBUG:colcon.colcon_installed_package_information.package_discovery:Found 6 installed packages in /home/mahek/ros2_ws/install
[0.260s] DEBUG:colcon.colcon_installed_package_information.package_discovery:Found 306 installed packages in /opt/ros/humble
[0.261s] Level 1:colcon.colcon_core.package_discovery:discover_packages(prefix_path) using defaults
[0.286s] Level 5:colcon.colcon_core.verb:set package 'my_rover' build argument 'cmake_args' from command line to 'None'
[0.286s] Level 5:colcon.colcon_core.verb:set package 'my_rover' build argument 'cmake_target' from command line to 'None'
[0.286s] Level 5:colcon.colcon_core.verb:set package 'my_rover' build argument 'cmake_target_skip_unavailable' from command line to 'False'
[0.286s] Level 5:colcon.colcon_core.verb:set package 'my_rover' build argument 'cmake_clean_cache' from command line to 'False'
[0.286s] Level 5:colcon.colcon_core.verb:set package 'my_rover' build argument 'cmake_clean_first' from command line to 'False'
[0.286s] Level 5:colcon.colcon_core.verb:set package 'my_rover' build argument 'cmake_force_configure' from command line to 'False'
[0.286s] Level 5:colcon.colcon_core.verb:set package 'my_rover' build argument 'ament_cmake_args' from command line to 'None'
[0.286s] Level 5:colcon.colcon_core.verb:set package 'my_rover' build argument 'catkin_cmake_args' from command line to 'None'
[0.286s] Level 5:colcon.colcon_core.verb:set package 'my_rover' build argument 'catkin_skip_building_tests' from command line to 'False'
[0.286s] DEBUG:colcon.colcon_core.verb:Building package 'my_rover' with the following arguments: {'ament_cmake_args': None, 'build_base': '/home/mahek/rover_ws/build/my_rover', 'catkin_cmake_args': None, 'catkin_skip_building_tests': False, 'cmake_args': None, 'cmake_clean_cache': False, 'cmake_clean_first': False, 'cmake_force_configure': False, 'cmake_target': None, 'cmake_target_skip_unavailable': False, 'install_base': '/home/mahek/rover_ws/install/my_rover', 'merge_install': False, 'path': '/home/mahek/rover_ws/src/my_rover', 'symlink_install': False, 'test_result_base': None}
[0.286s] INFO:colcon.colcon_core.executor:Executing jobs using 'parallel' executor
[0.287s] DEBUG:colcon.colcon_parallel_executor.executor.parallel:run_until_complete
[0.287s] INFO:colcon.colcon_ros.task.ament_cmake.build:Building ROS package in '/home/mahek/rover_ws/src/my_rover' with build type 'ament_cmake'
[0.287s] INFO:colcon.colcon_cmake.task.cmake.build:Building CMake package in '/home/mahek/rover_ws/src/my_rover'
[0.290s] INFO:colcon.colcon_core.plugin_system:Skipping extension 'colcon_core.shell.bat': Not used on non-Windows systems
[0.290s] INFO:colcon.colcon_core.shell:Skip shell extension 'powershell' for command environment: Not usable outside of PowerShell
[0.290s] DEBUG:colcon.colcon_core.shell:Skip shell extension 'dsv' for command environment
[0.299s] DEBUG:colcon.colcon_core.event_handler.log_command:Invoking command in '/home/mahek/rover_ws/build/my_rover': CMAKE_PREFIX_PATH=${CMAKE_PREFIX_PATH}:/home/mahek/ros2_ws/install/my_robot_controller:/opt/ros/humble /usr/bin/cmake --build /home/mahek/rover_ws/build/my_rover -- -j12 -l12
[1.476s] DEBUG:colcon.colcon_core.event_handler.log_command:Invoked command in '/home/mahek/rover_ws/build/my_rover' returned '0': CMAKE_PREFIX_PATH=${CMAKE_PREFIX_PATH}:/home/mahek/ros2_ws/install/my_robot_controller:/opt/ros/humble /usr/bin/cmake --build /home/mahek/rover_ws/build/my_rover -- -j12 -l12
[1.488s] DEBUG:colcon.colcon_core.event_handler.log_command:Invoking command in '/home/mahek/rover_ws/build/my_rover': CMAKE_PREFIX_PATH=${CMAKE_PREFIX_PATH}:/home/mahek/ros2_ws/install/my_robot_controller:/opt/ros/humble /usr/bin/cmake --install /home/mahek/rover_ws/build/my_rover
[1.503s] Level 1:colcon.colcon_core.environment:create_environment_scripts_only(my_rover)
[1.504s] DEBUG:colcon.colcon_core.event_handler.log_command:Invoked command in '/home/mahek/rover_ws/build/my_rover' returned '0': CMAKE_PREFIX_PATH=${CMAKE_PREFIX_PATH}:/home/mahek/ros2_ws/install/my_robot_controller:/opt/ros/humble /usr/bin/cmake --install /home/mahek/rover_ws/build/my_rover
[1.508s] Level 1:colcon.colcon_core.environment:checking '/home/mahek/rover_ws/install/my_rover' for CMake module files
[1.509s] Level 1:colcon.colcon_core.environment:checking '/home/mahek/rover_ws/install/my_rover' for CMake config files
[1.510s] Level 1:colcon.colcon_core.shell:create_environment_hook('my_rover', 'cmake_prefix_path')
[1.510s] INFO:colcon.colcon_core.shell:Creating environment hook '/home/mahek/rover_ws/install/my_rover/share/my_rover/hook/cmake_prefix_path.ps1'
[1.511s] INFO:colcon.colcon_core.shell:Creating environment descriptor '/home/mahek/rover_ws/install/my_rover/share/my_rover/hook/cmake_prefix_path.dsv'
[1.511s] INFO:colcon.colcon_core.shell:Creating environment hook '/home/mahek/rover_ws/install/my_rover/share/my_rover/hook/cmake_prefix_path.sh'
[1.512s] Level 1:colcon.colcon_core.environment:checking '/home/mahek/rover_ws/install/my_rover/bin'
[1.512s] Level 1:colcon.colcon_core.environment:checking '/home/mahek/rover_ws/install/my_rover/lib/pkgconfig/my_rover.pc'
[1.513s] Level 1:colcon.colcon_core.environment:checking '/home/mahek/rover_ws/install/my_rover/lib/python3.10/site-packages'
[1.513s] Level 1:colcon.colcon_core.environment:checking '/home/mahek/rover_ws/install/my_rover/bin'
[1.513s] INFO:colcon.colcon_core.shell:Creating package script '/home/mahek/rover_ws/install/my_rover/share/my_rover/package.ps1'
[1.514s] INFO:colcon.colcon_core.shell:Creating package descriptor '/home/mahek/rover_ws/install/my_rover/share/my_rover/package.dsv'
[1.515s] INFO:colcon.colcon_core.shell:Creating package script '/home/mahek/rover_ws/install/my_rover/share/my_rover/package.sh'
[1.516s] INFO:colcon.colcon_core.shell:Creating package script '/home/mahek/rover_ws/install/my_rover/share/my_rover/package.bash'
[1.517s] INFO:colcon.colcon_core.shell:Creating package script '/home/mahek/rover_ws/install/my_rover/share/my_rover/package.zsh'
[1.518s] Level 1:colcon.colcon_core.environment:create_file_with_runtime_dependencies(/home/mahek/rover_ws/install/my_rover/share/colcon-core/packages/my_rover)
[1.519s] Level 1:colcon.colcon_core.environment:create_environment_scripts_only(my_rover)
[1.519s] Level 1:colcon.colcon_core.environment:checking '/home/mahek/rover_ws/install/my_rover' for CMake module files
[1.520s] Level 1:colcon.colcon_core.environment:checking '/home/mahek/rover_ws/install/my_rover' for CMake config files
[1.520s] Level 1:colcon.colcon_core.shell:create_environment_hook('my_rover', 'cmake_prefix_path')
[1.520s] INFO:colcon.colcon_core.shell:Creating environment hook '/home/mahek/rover_ws/install/my_rover/share/my_rover/hook/cmake_prefix_path.ps1'
[1.521s] INFO:colcon.colcon_core.shell:Creating environment descriptor '/home/mahek/rover_ws/install/my_rover/share/my_rover/hook/cmake_prefix_path.dsv'
[1.521s] INFO:colcon.colcon_core.shell:Creating environment hook '/home/mahek/rover_ws/install/my_rover/share/my_rover/hook/cmake_prefix_path.sh'
[1.522s] Level 1:colcon.colcon_core.environment:checking '/home/mahek/rover_ws/install/my_rover/bin'
[1.522s] Level 1:colcon.colcon_core.environment:checking '/home/mahek/rover_ws/install/my_rover/lib/pkgconfig/my_rover.pc'
[1.523s] Level 1:colcon.colcon_core.environment:checking '/home/mahek/rover_ws/install/my_rover/lib/python3.10/site-packages'
[1.523s] Level 1:colcon.colcon_core.environment:checking '/home/mahek/rover_ws/install/my_rover/bin'
[1.523s] INFO:colcon.colcon_core.shell:Creating package script '/home/mahek/rover_ws/install/my_rover/share/my_rover/package.ps1'
[1.524s] INFO:colcon.colcon_core.shell:Creating package descriptor '/home/mahek/rover_ws/install/my_rover/share/my_rover/package.dsv'
[1.525s] INFO:colcon.colcon_core.shell:Creating package script '/home/mahek/rover_ws/install/my_rover/share/my_rover/package.sh'
[1.525s] INFO:colcon.colcon_core.shell:Creating package script '/home/mahek/rover_ws/install/my_rover/share/my_rover/package.bash'
[1.526s] INFO:colcon.colcon_core.shell:Creating package script '/home/mahek/rover_ws/install/my_rover/share/my_rover/package.zsh'
[1.526s] Level 1:colcon.colcon_core.environment:create_file_with_runtime_dependencies(/home/mahek/rover_ws/install/my_rover/share/colcon-core/packages/my_rover)
[1.527s] DEBUG:colcon.colcon_parallel_executor.executor.parallel:closing loop
[1.527s] DEBUG:colcon.colcon_parallel_executor.executor.parallel:loop closed
[1.527s] DEBUG:colcon.colcon_parallel_executor.executor.parallel:run_until_complete finished with '0'
[1.527s] DEBUG:colcon.colcon_core.event_reactor:joining thread
[1.531s] INFO:colcon.colcon_core.plugin_system:Skipping extension 'colcon_notification.desktop_notification.terminal_notifier': Not used on non-Darwin systems
[1.531s] INFO:colcon.colcon_core.plugin_system:Skipping extension 'colcon_notification.desktop_notification.win32': Not used on non-Windows systems
[1.531s] INFO:colcon.colcon_notification.desktop_notification:Sending desktop notification using 'notify2'
[1.548s] DEBUG:colcon.colcon_core.event_reactor:joined thread
[1.548s] INFO:colcon.colcon_core.shell:Creating prefix script '/home/mahek/rover_ws/install/local_setup.ps1'
[1.550s] INFO:colcon.colcon_core.shell:Creating prefix util module '/home/mahek/rover_ws/install/_local_setup_util_ps1.py'
[1.552s] INFO:colcon.colcon_core.shell:Creating prefix chain script '/home/mahek/rover_ws/install/setup.ps1'
[1.554s] INFO:colcon.colcon_core.shell:Creating prefix script '/home/mahek/rover_ws/install/local_setup.sh'
[1.555s] INFO:colcon.colcon_core.shell:Creating prefix util module '/home/mahek/rover_ws/install/_local_setup_util_sh.py'
[1.555s] INFO:colcon.colcon_core.shell:Creating prefix chain script '/home/mahek/rover_ws/install/setup.sh'
[1.557s] INFO:colcon.colcon_core.shell:Creating prefix script '/home/mahek/rover_ws/install/local_setup.bash'
[1.557s] INFO:colcon.colcon_core.shell:Creating prefix chain script '/home/mahek/rover_ws/install/setup.bash'
[1.559s] INFO:colcon.colcon_core.shell:Creating prefix script '/home/mahek/rover_ws/install/local_setup.zsh'
[1.560s] INFO:colcon.colcon_core.shell:Creating prefix chain script '/home/mahek/rover_ws/install/setup.zsh'
