[0.069s] DEBUG:colcon:Command line arguments: ['/usr/bin/colcon', 'build']
[0.069s] DEBUG:colcon:Parsed command line arguments: Namespace(log_base=None, log_level=None, verb_name='build', build_base='build', install_base='install', merge_install=False, symlink_install=False, test_result_base=None, continue_on_error=False, executor='parallel', parallel_workers=12, event_handlers=None, ignore_user_meta=False, metas=['./colcon.meta'], base_paths=['.'], packages_ignore=None, packages_ignore_regex=None, paths=None, packages_up_to=None, packages_up_to_regex=None, packages_above=None, packages_above_and_dependencies=None, packages_above_depth=None, packages_select_by_dep=None, packages_skip_by_dep=None, packages_skip_up_to=None, packages_select_build_failed=False, packages_skip_build_finished=False, packages_select_test_failures=False, packages_skip_test_passed=False, packages_select=None, packages_skip=None, packages_select_regex=None, packages_skip_regex=None, packages_start=None, packages_end=None, allow_overriding=[], cmake_args=None, cmake_target=None, cmake_target_skip_unavailable=False, cmake_clean_cache=False, cmake_clean_first=False, cmake_force_configure=False, ament_cmake_args=None, catkin_cmake_args=None, catkin_skip_building_tests=False, mixin_files=None, mixin=None, verb_parser=<colcon_mixin.mixin.mixin_argument.MixinArgumentDecorator object at 0x7c0abf83df90>, verb_extension=<colcon_core.verb.build.BuildVerb object at 0x7c0abf83d570>, main=<bound method BuildVerb.main of <colcon_core.verb.build.BuildVerb object at 0x7c0abf83d570>>, mixin_verb=('build',))
[0.313s] Level 1:colcon.colcon_core.package_discovery:discover_packages(colcon_meta) check parameters
[0.313s] Level 1:colcon.colcon_core.package_discovery:discover_packages(recursive) check parameters
[0.313s] Level 1:colcon.colcon_core.package_discovery:discover_packages(ignore) check parameters
[0.313s] Level 1:colcon.colcon_core.package_discovery:discover_packages(path) check parameters
[0.313s] Level 1:colcon.colcon_core.package_discovery:discover_packages(colcon_meta) discover
[0.313s] Level 1:colcon.colcon_core.package_discovery:discover_packages(recursive) discover
[0.313s] INFO:colcon.colcon_core.package_discovery:Crawling recursively for packages in '/home/mahek/ros2_ws/src'
[0.313s] Level 1:colcon.colcon_core.package_identification:_identify(.) by extensions ['ignore', 'ignore_ament_install']
[0.314s] Level 1:colcon.colcon_core.package_identification:_identify(.) by extension 'ignore'
[0.314s] Level 1:colcon.colcon_core.package_identification:_identify(.) by extension 'ignore_ament_install'
[0.314s] Level 1:colcon.colcon_core.package_identification:_identify(.) by extensions ['colcon_pkg']
[0.314s] Level 1:colcon.colcon_core.package_identification:_identify(.) by extension 'colcon_pkg'
[0.314s] Level 1:colcon.colcon_core.package_identification:_identify(.) by extensions ['colcon_meta']
[0.314s] Level 1:colcon.colcon_core.package_identification:_identify(.) by extension 'colcon_meta'
[0.314s] Level 1:colcon.colcon_core.package_identification:_identify(.) by extensions ['ros']
[0.314s] Level 1:colcon.colcon_core.package_identification:_identify(.) by extension 'ros'
[0.321s] Level 1:colcon.colcon_core.package_identification:_identify(.) by extensions ['cmake', 'python']
[0.321s] Level 1:colcon.colcon_core.package_identification:_identify(.) by extension 'cmake'
[0.321s] Level 1:colcon.colcon_core.package_identification:_identify(.) by extension 'python'
[0.321s] Level 1:colcon.colcon_core.package_identification:_identify(.) by extensions ['python_setup_py']
[0.321s] Level 1:colcon.colcon_core.package_identification:_identify(.) by extension 'python_setup_py'
[0.321s] Level 1:colcon.colcon_core.package_identification:_identify(build) by extensions ['ignore', 'ignore_ament_install']
[0.321s] Level 1:colcon.colcon_core.package_identification:_identify(build) by extension 'ignore'
[0.321s] Level 1:colcon.colcon_core.package_identification:_identify(build) ignored
[0.321s] Level 1:colcon.colcon_core.package_identification:_identify(cpp) by extensions ['ignore', 'ignore_ament_install']
[0.322s] Level 1:colcon.colcon_core.package_identification:_identify(cpp) by extension 'ignore'
[0.322s] Level 1:colcon.colcon_core.package_identification:_identify(cpp) by extension 'ignore_ament_install'
[0.322s] Level 1:colcon.colcon_core.package_identification:_identify(cpp) by extensions ['colcon_pkg']
[0.322s] Level 1:colcon.colcon_core.package_identification:_identify(cpp) by extension 'colcon_pkg'
[0.322s] Level 1:colcon.colcon_core.package_identification:_identify(cpp) by extensions ['colcon_meta']
[0.322s] Level 1:colcon.colcon_core.package_identification:_identify(cpp) by extension 'colcon_meta'
[0.322s] Level 1:colcon.colcon_core.package_identification:_identify(cpp) by extensions ['ros']
[0.322s] Level 1:colcon.colcon_core.package_identification:_identify(cpp) by extension 'ros'
[0.324s] DEBUG:colcon.colcon_core.package_identification:Package 'cpp' with type 'ros.ament_cmake' and name 'cpp'
[0.324s] Level 1:colcon.colcon_core.package_identification:_identify(cpp_pubsub) by extensions ['ignore', 'ignore_ament_install']
[0.324s] Level 1:colcon.colcon_core.package_identification:_identify(cpp_pubsub) by extension 'ignore'
[0.324s] Level 1:colcon.colcon_core.package_identification:_identify(cpp_pubsub) by extension 'ignore_ament_install'
[0.324s] Level 1:colcon.colcon_core.package_identification:_identify(cpp_pubsub) by extensions ['colcon_pkg']
[0.324s] Level 1:colcon.colcon_core.package_identification:_identify(cpp_pubsub) by extension 'colcon_pkg'
[0.324s] Level 1:colcon.colcon_core.package_identification:_identify(cpp_pubsub) by extensions ['colcon_meta']
[0.324s] Level 1:colcon.colcon_core.package_identification:_identify(cpp_pubsub) by extension 'colcon_meta'
[0.324s] Level 1:colcon.colcon_core.package_identification:_identify(cpp_pubsub) by extensions ['ros']
[0.324s] Level 1:colcon.colcon_core.package_identification:_identify(cpp_pubsub) by extension 'ros'
[0.325s] DEBUG:colcon.colcon_core.package_identification:Package 'cpp_pubsub' with type 'ros.ament_cmake' and name 'cpp_pubsub'
[0.325s] Level 1:colcon.colcon_core.package_identification:_identify(install) by extensions ['ignore', 'ignore_ament_install']
[0.325s] Level 1:colcon.colcon_core.package_identification:_identify(install) by extension 'ignore'
[0.325s] Level 1:colcon.colcon_core.package_identification:_identify(install) ignored
[0.325s] Level 1:colcon.colcon_core.package_identification:_identify(log) by extensions ['ignore', 'ignore_ament_install']
[0.325s] Level 1:colcon.colcon_core.package_identification:_identify(log) by extension 'ignore'
[0.325s] Level 1:colcon.colcon_core.package_identification:_identify(log) ignored
[0.325s] Level 1:colcon.colcon_core.package_identification:_identify(my_package) by extensions ['ignore', 'ignore_ament_install']
[0.325s] Level 1:colcon.colcon_core.package_identification:_identify(my_package) by extension 'ignore'
[0.325s] Level 1:colcon.colcon_core.package_identification:_identify(my_package) by extension 'ignore_ament_install'
[0.325s] Level 1:colcon.colcon_core.package_identification:_identify(my_package) by extensions ['colcon_pkg']
[0.325s] Level 1:colcon.colcon_core.package_identification:_identify(my_package) by extension 'colcon_pkg'
[0.325s] Level 1:colcon.colcon_core.package_identification:_identify(my_package) by extensions ['colcon_meta']
[0.325s] Level 1:colcon.colcon_core.package_identification:_identify(my_package) by extension 'colcon_meta'
[0.325s] Level 1:colcon.colcon_core.package_identification:_identify(my_package) by extensions ['ros']
[0.325s] Level 1:colcon.colcon_core.package_identification:_identify(my_package) by extension 'ros'
[0.326s] DEBUG:colcon.colcon_core.package_identification:Package 'my_package' with type 'ros.ament_cmake' and name 'my_package'
[0.326s] Level 1:colcon.colcon_core.package_discovery:discover_packages(recursive) using defaults
[0.326s] Level 1:colcon.colcon_core.package_discovery:discover_packages(ignore) discover
[0.326s] Level 1:colcon.colcon_core.package_discovery:discover_packages(ignore) using defaults
[0.326s] Level 1:colcon.colcon_core.package_discovery:discover_packages(path) discover
[0.326s] Level 1:colcon.colcon_core.package_discovery:discover_packages(path) using defaults
[0.349s] Level 1:colcon.colcon_core.package_discovery:discover_packages(prefix_path) check parameters
[0.349s] Level 1:colcon.colcon_core.package_discovery:discover_packages(prefix_path) discover
[0.353s] DEBUG:colcon.colcon_installed_package_information.package_discovery:Found 294 installed packages in /opt/ros/humble
[0.354s] Level 1:colcon.colcon_core.package_discovery:discover_packages(prefix_path) using defaults
[0.378s] Level 5:colcon.colcon_core.verb:set package 'cpp' build argument 'cmake_args' from command line to 'None'
[0.378s] Level 5:colcon.colcon_core.verb:set package 'cpp' build argument 'cmake_target' from command line to 'None'
[0.378s] Level 5:colcon.colcon_core.verb:set package 'cpp' build argument 'cmake_target_skip_unavailable' from command line to 'False'
[0.378s] Level 5:colcon.colcon_core.verb:set package 'cpp' build argument 'cmake_clean_cache' from command line to 'False'
[0.378s] Level 5:colcon.colcon_core.verb:set package 'cpp' build argument 'cmake_clean_first' from command line to 'False'
[0.378s] Level 5:colcon.colcon_core.verb:set package 'cpp' build argument 'cmake_force_configure' from command line to 'False'
[0.378s] Level 5:colcon.colcon_core.verb:set package 'cpp' build argument 'ament_cmake_args' from command line to 'None'
[0.378s] Level 5:colcon.colcon_core.verb:set package 'cpp' build argument 'catkin_cmake_args' from command line to 'None'
[0.378s] Level 5:colcon.colcon_core.verb:set package 'cpp' build argument 'catkin_skip_building_tests' from command line to 'False'
[0.378s] DEBUG:colcon.colcon_core.verb:Building package 'cpp' with the following arguments: {'ament_cmake_args': None, 'build_base': '/home/mahek/ros2_ws/src/build/cpp', 'catkin_cmake_args': None, 'catkin_skip_building_tests': False, 'cmake_args': None, 'cmake_clean_cache': False, 'cmake_clean_first': False, 'cmake_force_configure': False, 'cmake_target': None, 'cmake_target_skip_unavailable': False, 'install_base': '/home/mahek/ros2_ws/src/install/cpp', 'merge_install': False, 'path': '/home/mahek/ros2_ws/src/cpp', 'symlink_install': False, 'test_result_base': None}
[0.378s] Level 5:colcon.colcon_core.verb:set package 'cpp_pubsub' build argument 'cmake_args' from command line to 'None'
[0.378s] Level 5:colcon.colcon_core.verb:set package 'cpp_pubsub' build argument 'cmake_target' from command line to 'None'
[0.378s] Level 5:colcon.colcon_core.verb:set package 'cpp_pubsub' build argument 'cmake_target_skip_unavailable' from command line to 'False'
[0.378s] Level 5:colcon.colcon_core.verb:set package 'cpp_pubsub' build argument 'cmake_clean_cache' from command line to 'False'
[0.378s] Level 5:colcon.colcon_core.verb:set package 'cpp_pubsub' build argument 'cmake_clean_first' from command line to 'False'
[0.378s] Level 5:colcon.colcon_core.verb:set package 'cpp_pubsub' build argument 'cmake_force_configure' from command line to 'False'
[0.378s] Level 5:colcon.colcon_core.verb:set package 'cpp_pubsub' build argument 'ament_cmake_args' from command line to 'None'
[0.378s] Level 5:colcon.colcon_core.verb:set package 'cpp_pubsub' build argument 'catkin_cmake_args' from command line to 'None'
[0.378s] Level 5:colcon.colcon_core.verb:set package 'cpp_pubsub' build argument 'catkin_skip_building_tests' from command line to 'False'
[0.378s] DEBUG:colcon.colcon_core.verb:Building package 'cpp_pubsub' with the following arguments: {'ament_cmake_args': None, 'build_base': '/home/mahek/ros2_ws/src/build/cpp_pubsub', 'catkin_cmake_args': None, 'catkin_skip_building_tests': False, 'cmake_args': None, 'cmake_clean_cache': False, 'cmake_clean_first': False, 'cmake_force_configure': False, 'cmake_target': None, 'cmake_target_skip_unavailable': False, 'install_base': '/home/mahek/ros2_ws/src/install/cpp_pubsub', 'merge_install': False, 'path': '/home/mahek/ros2_ws/src/cpp_pubsub', 'symlink_install': False, 'test_result_base': None}
[0.378s] Level 5:colcon.colcon_core.verb:set package 'my_package' build argument 'cmake_args' from command line to 'None'
[0.378s] Level 5:colcon.colcon_core.verb:set package 'my_package' build argument 'cmake_target' from command line to 'None'
[0.378s] Level 5:colcon.colcon_core.verb:set package 'my_package' build argument 'cmake_target_skip_unavailable' from command line to 'False'
[0.378s] Level 5:colcon.colcon_core.verb:set package 'my_package' build argument 'cmake_clean_cache' from command line to 'False'
[0.379s] Level 5:colcon.colcon_core.verb:set package 'my_package' build argument 'cmake_clean_first' from command line to 'False'
[0.379s] Level 5:colcon.colcon_core.verb:set package 'my_package' build argument 'cmake_force_configure' from command line to 'False'
[0.379s] Level 5:colcon.colcon_core.verb:set package 'my_package' build argument 'ament_cmake_args' from command line to 'None'
[0.379s] Level 5:colcon.colcon_core.verb:set package 'my_package' build argument 'catkin_cmake_args' from command line to 'None'
[0.379s] Level 5:colcon.colcon_core.verb:set package 'my_package' build argument 'catkin_skip_building_tests' from command line to 'False'
[0.379s] DEBUG:colcon.colcon_core.verb:Building package 'my_package' with the following arguments: {'ament_cmake_args': None, 'build_base': '/home/mahek/ros2_ws/src/build/my_package', 'catkin_cmake_args': None, 'catkin_skip_building_tests': False, 'cmake_args': None, 'cmake_clean_cache': False, 'cmake_clean_first': False, 'cmake_force_configure': False, 'cmake_target': None, 'cmake_target_skip_unavailable': False, 'install_base': '/home/mahek/ros2_ws/src/install/my_package', 'merge_install': False, 'path': '/home/mahek/ros2_ws/src/my_package', 'symlink_install': False, 'test_result_base': None}
[0.379s] INFO:colcon.colcon_core.executor:Executing jobs using 'parallel' executor
[0.380s] DEBUG:colcon.colcon_parallel_executor.executor.parallel:run_until_complete
[0.380s] INFO:colcon.colcon_ros.task.ament_cmake.build:Building ROS package in '/home/mahek/ros2_ws/src/cpp' with build type 'ament_cmake'
[0.380s] INFO:colcon.colcon_cmake.task.cmake.build:Building CMake package in '/home/mahek/ros2_ws/src/cpp'
[0.381s] INFO:colcon.colcon_core.plugin_system:Skipping extension 'colcon_core.shell.bat': Not used on non-Windows systems
[0.381s] INFO:colcon.colcon_core.shell:Skip shell extension 'powershell' for command environment: Not usable outside of PowerShell
[0.381s] DEBUG:colcon.colcon_core.shell:Skip shell extension 'dsv' for command environment
[0.384s] INFO:colcon.colcon_ros.task.ament_cmake.build:Building ROS package in '/home/mahek/ros2_ws/src/cpp_pubsub' with build type 'ament_cmake'
[0.384s] INFO:colcon.colcon_cmake.task.cmake.build:Building CMake package in '/home/mahek/ros2_ws/src/cpp_pubsub'
[0.384s] INFO:colcon.colcon_core.shell:Skip shell extension 'powershell' for command environment: Not usable outside of PowerShell
[0.384s] DEBUG:colcon.colcon_core.shell:Skip shell extension 'dsv' for command environment
[0.386s] INFO:colcon.colcon_ros.task.ament_cmake.build:Building ROS package in '/home/mahek/ros2_ws/src/my_package' with build type 'ament_cmake'
[0.386s] INFO:colcon.colcon_cmake.task.cmake.build:Building CMake package in '/home/mahek/ros2_ws/src/my_package'
[0.386s] INFO:colcon.colcon_core.shell:Skip shell extension 'powershell' for command environment: Not usable outside of PowerShell
[0.386s] DEBUG:colcon.colcon_core.shell:Skip shell extension 'dsv' for command environment
[0.392s] DEBUG:colcon.colcon_core.event_handler.log_command:Invoking command in '/home/mahek/ros2_ws/src/build/cpp': CMAKE_PREFIX_PATH=/opt/ros/humble /usr/bin/cmake --build /home/mahek/ros2_ws/src/build/cpp -- -j12 -l12
[0.395s] DEBUG:colcon.colcon_core.event_handler.log_command:Invoking command in '/home/mahek/ros2_ws/src/build/cpp_pubsub': CMAKE_PREFIX_PATH=/opt/ros/humble /usr/bin/cmake --build /home/mahek/ros2_ws/src/build/cpp_pubsub -- -j12 -l12
[0.398s] DEBUG:colcon.colcon_core.event_handler.log_command:Invoking command in '/home/mahek/ros2_ws/src/build/my_package': CMAKE_PREFIX_PATH=/opt/ros/humble /usr/bin/cmake --build /home/mahek/ros2_ws/src/build/my_package -- -j12 -l12
[0.475s] DEBUG:colcon.colcon_core.event_handler.log_command:Invoked command in '/home/mahek/ros2_ws/src/build/cpp' returned '0': CMAKE_PREFIX_PATH=/opt/ros/humble /usr/bin/cmake --build /home/mahek/ros2_ws/src/build/cpp -- -j12 -l12
[0.506s] DEBUG:colcon.colcon_core.event_handler.log_command:Invoking command in '/home/mahek/ros2_ws/src/build/cpp': CMAKE_PREFIX_PATH=/opt/ros/humble /usr/bin/cmake --install /home/mahek/ros2_ws/src/build/cpp
[0.507s] DEBUG:colcon.colcon_core.event_handler.log_command:Invoked command in '/home/mahek/ros2_ws/src/build/my_package' returned '0': CMAKE_PREFIX_PATH=/opt/ros/humble /usr/bin/cmake --build /home/mahek/ros2_ws/src/build/my_package -- -j12 -l12
[0.518s] Level 1:colcon.colcon_core.environment:create_environment_scripts_only(cpp)
[0.519s] DEBUG:colcon.colcon_core.event_handler.log_command:Invoked command in '/home/mahek/ros2_ws/src/build/cpp' returned '0': CMAKE_PREFIX_PATH=/opt/ros/humble /usr/bin/cmake --install /home/mahek/ros2_ws/src/build/cpp
[0.522s] Level 1:colcon.colcon_core.environment:checking '/home/mahek/ros2_ws/src/install/cpp' for CMake module files
[0.523s] Level 1:colcon.colcon_core.environment:checking '/home/mahek/ros2_ws/src/install/cpp' for CMake config files
[0.523s] Level 1:colcon.colcon_core.shell:create_environment_hook('cpp', 'cmake_prefix_path')
[0.524s] INFO:colcon.colcon_core.shell:Creating environment hook '/home/mahek/ros2_ws/src/install/cpp/share/cpp/hook/cmake_prefix_path.ps1'
[0.525s] INFO:colcon.colcon_core.shell:Creating environment descriptor '/home/mahek/ros2_ws/src/install/cpp/share/cpp/hook/cmake_prefix_path.dsv'
[0.525s] INFO:colcon.colcon_core.shell:Creating environment hook '/home/mahek/ros2_ws/src/install/cpp/share/cpp/hook/cmake_prefix_path.sh'
[0.527s] Level 1:colcon.colcon_core.environment:checking '/home/mahek/ros2_ws/src/install/cpp/bin'
[0.527s] Level 1:colcon.colcon_core.environment:checking '/home/mahek/ros2_ws/src/install/cpp/lib/pkgconfig/cpp.pc'
[0.528s] Level 1:colcon.colcon_core.environment:checking '/home/mahek/ros2_ws/src/install/cpp/lib/python3.10/site-packages'
[0.528s] Level 1:colcon.colcon_core.environment:checking '/home/mahek/ros2_ws/src/install/cpp/bin'
[0.529s] INFO:colcon.colcon_core.shell:Creating package script '/home/mahek/ros2_ws/src/install/cpp/share/cpp/package.ps1'
[0.530s] INFO:colcon.colcon_core.shell:Creating package descriptor '/home/mahek/ros2_ws/src/install/cpp/share/cpp/package.dsv'
[0.531s] INFO:colcon.colcon_core.shell:Creating package script '/home/mahek/ros2_ws/src/install/cpp/share/cpp/package.sh'
[0.532s] INFO:colcon.colcon_core.shell:Creating package script '/home/mahek/ros2_ws/src/install/cpp/share/cpp/package.bash'
[0.533s] INFO:colcon.colcon_core.shell:Creating package script '/home/mahek/ros2_ws/src/install/cpp/share/cpp/package.zsh'
[0.534s] Level 1:colcon.colcon_core.environment:create_file_with_runtime_dependencies(/home/mahek/ros2_ws/src/install/cpp/share/colcon-core/packages/cpp)
[0.538s] DEBUG:colcon.colcon_core.event_handler.log_command:Invoking command in '/home/mahek/ros2_ws/src/build/my_package': CMAKE_PREFIX_PATH=/opt/ros/humble /usr/bin/cmake --install /home/mahek/ros2_ws/src/build/my_package
[0.548s] Level 1:colcon.colcon_core.environment:create_environment_scripts_only(my_package)
[0.548s] Level 1:colcon.colcon_core.environment:checking '/home/mahek/ros2_ws/src/install/my_package' for CMake module files
[0.549s] DEBUG:colcon.colcon_core.event_handler.log_command:Invoked command in '/home/mahek/ros2_ws/src/build/my_package' returned '0': CMAKE_PREFIX_PATH=/opt/ros/humble /usr/bin/cmake --install /home/mahek/ros2_ws/src/build/my_package
[0.550s] Level 1:colcon.colcon_core.environment:checking '/home/mahek/ros2_ws/src/install/my_package' for CMake config files
[0.550s] Level 1:colcon.colcon_core.shell:create_environment_hook('my_package', 'cmake_prefix_path')
[0.550s] INFO:colcon.colcon_core.shell:Creating environment hook '/home/mahek/ros2_ws/src/install/my_package/share/my_package/hook/cmake_prefix_path.ps1'
[0.551s] INFO:colcon.colcon_core.shell:Creating environment descriptor '/home/mahek/ros2_ws/src/install/my_package/share/my_package/hook/cmake_prefix_path.dsv'
[0.551s] INFO:colcon.colcon_core.shell:Creating environment hook '/home/mahek/ros2_ws/src/install/my_package/share/my_package/hook/cmake_prefix_path.sh'
[0.551s] Level 1:colcon.colcon_core.environment:checking '/home/mahek/ros2_ws/src/install/my_package/lib'
[0.551s] Level 1:colcon.colcon_core.environment:checking '/home/mahek/ros2_ws/src/install/my_package/bin'
[0.551s] Level 1:colcon.colcon_core.environment:checking '/home/mahek/ros2_ws/src/install/my_package/lib/pkgconfig/my_package.pc'
[0.552s] Level 1:colcon.colcon_core.environment:checking '/home/mahek/ros2_ws/src/install/my_package/lib/python3.10/site-packages'
[0.552s] Level 1:colcon.colcon_core.environment:checking '/home/mahek/ros2_ws/src/install/my_package/bin'
[0.552s] INFO:colcon.colcon_core.shell:Creating package script '/home/mahek/ros2_ws/src/install/my_package/share/my_package/package.ps1'
[0.552s] INFO:colcon.colcon_core.shell:Creating package descriptor '/home/mahek/ros2_ws/src/install/my_package/share/my_package/package.dsv'
[0.552s] INFO:colcon.colcon_core.shell:Creating package script '/home/mahek/ros2_ws/src/install/my_package/share/my_package/package.sh'
[0.553s] INFO:colcon.colcon_core.shell:Creating package script '/home/mahek/ros2_ws/src/install/my_package/share/my_package/package.bash'
[0.553s] INFO:colcon.colcon_core.shell:Creating package script '/home/mahek/ros2_ws/src/install/my_package/share/my_package/package.zsh'
[0.553s] Level 1:colcon.colcon_core.environment:create_file_with_runtime_dependencies(/home/mahek/ros2_ws/src/install/my_package/share/colcon-core/packages/my_package)
[0.555s] Level 1:colcon.colcon_core.environment:create_environment_scripts_only(cpp)
[0.555s] Level 1:colcon.colcon_core.environment:checking '/home/mahek/ros2_ws/src/install/cpp' for CMake module files
[0.556s] Level 1:colcon.colcon_core.environment:checking '/home/mahek/ros2_ws/src/install/cpp' for CMake config files
[0.556s] Level 1:colcon.colcon_core.shell:create_environment_hook('cpp', 'cmake_prefix_path')
[0.556s] INFO:colcon.colcon_core.shell:Creating environment hook '/home/mahek/ros2_ws/src/install/cpp/share/cpp/hook/cmake_prefix_path.ps1'
[0.556s] INFO:colcon.colcon_core.shell:Creating environment descriptor '/home/mahek/ros2_ws/src/install/cpp/share/cpp/hook/cmake_prefix_path.dsv'
[0.556s] INFO:colcon.colcon_core.shell:Creating environment hook '/home/mahek/ros2_ws/src/install/cpp/share/cpp/hook/cmake_prefix_path.sh'
[0.557s] Level 1:colcon.colcon_core.environment:checking '/home/mahek/ros2_ws/src/install/cpp/bin'
[0.557s] Level 1:colcon.colcon_core.environment:checking '/home/mahek/ros2_ws/src/install/cpp/lib/pkgconfig/cpp.pc'
[0.557s] Level 1:colcon.colcon_core.environment:checking '/home/mahek/ros2_ws/src/install/cpp/lib/python3.10/site-packages'
[0.557s] Level 1:colcon.colcon_core.environment:checking '/home/mahek/ros2_ws/src/install/cpp/bin'
[0.557s] INFO:colcon.colcon_core.shell:Creating package script '/home/mahek/ros2_ws/src/install/cpp/share/cpp/package.ps1'
[0.557s] INFO:colcon.colcon_core.shell:Creating package descriptor '/home/mahek/ros2_ws/src/install/cpp/share/cpp/package.dsv'
[0.558s] INFO:colcon.colcon_core.shell:Creating package script '/home/mahek/ros2_ws/src/install/cpp/share/cpp/package.sh'
[0.558s] INFO:colcon.colcon_core.shell:Creating package script '/home/mahek/ros2_ws/src/install/cpp/share/cpp/package.bash'
[0.558s] INFO:colcon.colcon_core.shell:Creating package script '/home/mahek/ros2_ws/src/install/cpp/share/cpp/package.zsh'
[0.558s] Level 1:colcon.colcon_core.environment:create_file_with_runtime_dependencies(/home/mahek/ros2_ws/src/install/cpp/share/colcon-core/packages/cpp)
[0.579s] Level 1:colcon.colcon_core.environment:create_environment_scripts_only(my_package)
[0.579s] Level 1:colcon.colcon_core.environment:checking '/home/mahek/ros2_ws/src/install/my_package' for CMake module files
[0.580s] Level 1:colcon.colcon_core.environment:checking '/home/mahek/ros2_ws/src/install/my_package' for CMake config files
[0.580s] Level 1:colcon.colcon_core.shell:create_environment_hook('my_package', 'cmake_prefix_path')
[0.581s] INFO:colcon.colcon_core.shell:Creating environment hook '/home/mahek/ros2_ws/src/install/my_package/share/my_package/hook/cmake_prefix_path.ps1'
[0.581s] INFO:colcon.colcon_core.shell:Creating environment descriptor '/home/mahek/ros2_ws/src/install/my_package/share/my_package/hook/cmake_prefix_path.dsv'
[0.581s] INFO:colcon.colcon_core.shell:Creating environment hook '/home/mahek/ros2_ws/src/install/my_package/share/my_package/hook/cmake_prefix_path.sh'
[0.582s] Level 1:colcon.colcon_core.environment:checking '/home/mahek/ros2_ws/src/install/my_package/lib'
[0.582s] Level 1:colcon.colcon_core.environment:checking '/home/mahek/ros2_ws/src/install/my_package/bin'
[0.582s] Level 1:colcon.colcon_core.environment:checking '/home/mahek/ros2_ws/src/install/my_package/lib/pkgconfig/my_package.pc'
[0.582s] Level 1:colcon.colcon_core.environment:checking '/home/mahek/ros2_ws/src/install/my_package/lib/python3.10/site-packages'
[0.582s] Level 1:colcon.colcon_core.environment:checking '/home/mahek/ros2_ws/src/install/my_package/bin'
[0.582s] INFO:colcon.colcon_core.shell:Creating package script '/home/mahek/ros2_ws/src/install/my_package/share/my_package/package.ps1'
[0.583s] INFO:colcon.colcon_core.shell:Creating package descriptor '/home/mahek/ros2_ws/src/install/my_package/share/my_package/package.dsv'
[0.583s] INFO:colcon.colcon_core.shell:Creating package script '/home/mahek/ros2_ws/src/install/my_package/share/my_package/package.sh'
[0.583s] INFO:colcon.colcon_core.shell:Creating package script '/home/mahek/ros2_ws/src/install/my_package/share/my_package/package.bash'
[0.583s] INFO:colcon.colcon_core.shell:Creating package script '/home/mahek/ros2_ws/src/install/my_package/share/my_package/package.zsh'
[0.584s] Level 1:colcon.colcon_core.environment:create_file_with_runtime_dependencies(/home/mahek/ros2_ws/src/install/my_package/share/colcon-core/packages/my_package)
[0.605s] DEBUG:colcon.colcon_core.event_handler.log_command:Invoked command in '/home/mahek/ros2_ws/src/build/cpp_pubsub' returned '2': CMAKE_PREFIX_PATH=/opt/ros/humble /usr/bin/cmake --build /home/mahek/ros2_ws/src/build/cpp_pubsub -- -j12 -l12
[0.631s] Level 1:colcon.colcon_core.environment:create_environment_scripts_only(cpp_pubsub)
[0.631s] Level 1:colcon.colcon_core.environment:checking '/home/mahek/ros2_ws/src/install/cpp_pubsub' for CMake module files
[0.632s] Level 1:colcon.colcon_core.environment:checking '/home/mahek/ros2_ws/src/install/cpp_pubsub' for CMake config files
[0.633s] Level 1:colcon.colcon_core.shell:create_environment_hook('cpp_pubsub', 'cmake_prefix_path')
[0.633s] INFO:colcon.colcon_core.shell:Creating environment hook '/home/mahek/ros2_ws/src/install/cpp_pubsub/share/cpp_pubsub/hook/cmake_prefix_path.ps1'
[0.634s] INFO:colcon.colcon_core.shell:Creating environment descriptor '/home/mahek/ros2_ws/src/install/cpp_pubsub/share/cpp_pubsub/hook/cmake_prefix_path.dsv'
[0.634s] INFO:colcon.colcon_core.shell:Creating environment hook '/home/mahek/ros2_ws/src/install/cpp_pubsub/share/cpp_pubsub/hook/cmake_prefix_path.sh'
[0.635s] Level 1:colcon.colcon_core.environment:checking '/home/mahek/ros2_ws/src/install/cpp_pubsub/bin'
[0.635s] Level 1:colcon.colcon_core.environment:checking '/home/mahek/ros2_ws/src/install/cpp_pubsub/lib/pkgconfig/cpp_pubsub.pc'
[0.635s] Level 1:colcon.colcon_core.environment:checking '/home/mahek/ros2_ws/src/install/cpp_pubsub/lib/python3.10/site-packages'
[0.635s] Level 1:colcon.colcon_core.environment:checking '/home/mahek/ros2_ws/src/install/cpp_pubsub/bin'
[0.635s] INFO:colcon.colcon_core.shell:Creating package script '/home/mahek/ros2_ws/src/install/cpp_pubsub/share/cpp_pubsub/package.ps1'
[0.636s] INFO:colcon.colcon_core.shell:Creating package descriptor '/home/mahek/ros2_ws/src/install/cpp_pubsub/share/cpp_pubsub/package.dsv'
[0.637s] INFO:colcon.colcon_core.shell:Creating package script '/home/mahek/ros2_ws/src/install/cpp_pubsub/share/cpp_pubsub/package.sh'
[0.637s] INFO:colcon.colcon_core.shell:Creating package script '/home/mahek/ros2_ws/src/install/cpp_pubsub/share/cpp_pubsub/package.bash'
[0.638s] INFO:colcon.colcon_core.shell:Creating package script '/home/mahek/ros2_ws/src/install/cpp_pubsub/share/cpp_pubsub/package.zsh'
[0.638s] Level 1:colcon.colcon_core.environment:create_file_with_runtime_dependencies(/home/mahek/ros2_ws/src/install/cpp_pubsub/share/colcon-core/packages/cpp_pubsub)
[0.639s] DEBUG:colcon.colcon_parallel_executor.executor.parallel:closing loop
[0.639s] DEBUG:colcon.colcon_parallel_executor.executor.parallel:loop closed
[0.639s] DEBUG:colcon.colcon_parallel_executor.executor.parallel:run_until_complete finished with '2'
[0.639s] DEBUG:colcon.colcon_core.event_reactor:joining thread
[0.646s] INFO:colcon.colcon_core.plugin_system:Skipping extension 'colcon_notification.desktop_notification.terminal_notifier': Not used on non-Darwin systems
[0.646s] INFO:colcon.colcon_core.plugin_system:Skipping extension 'colcon_notification.desktop_notification.win32': Not used on non-Windows systems
[0.646s] INFO:colcon.colcon_notification.desktop_notification:Sending desktop notification using 'notify2'
[0.672s] DEBUG:colcon.colcon_core.event_reactor:joined thread
[0.672s] INFO:colcon.colcon_core.shell:Creating prefix script '/home/mahek/ros2_ws/src/install/local_setup.ps1'
[0.674s] INFO:colcon.colcon_core.shell:Creating prefix util module '/home/mahek/ros2_ws/src/install/_local_setup_util_ps1.py'
[0.675s] INFO:colcon.colcon_core.shell:Creating prefix chain script '/home/mahek/ros2_ws/src/install/setup.ps1'
[0.676s] INFO:colcon.colcon_core.shell:Creating prefix script '/home/mahek/ros2_ws/src/install/local_setup.sh'
[0.677s] INFO:colcon.colcon_core.shell:Creating prefix util module '/home/mahek/ros2_ws/src/install/_local_setup_util_sh.py'
[0.677s] INFO:colcon.colcon_core.shell:Creating prefix chain script '/home/mahek/ros2_ws/src/install/setup.sh'
[0.678s] INFO:colcon.colcon_core.shell:Creating prefix script '/home/mahek/ros2_ws/src/install/local_setup.bash'
[0.679s] INFO:colcon.colcon_core.shell:Creating prefix chain script '/home/mahek/ros2_ws/src/install/setup.bash'
[0.680s] INFO:colcon.colcon_core.shell:Creating prefix script '/home/mahek/ros2_ws/src/install/local_setup.zsh'
[0.680s] INFO:colcon.colcon_core.shell:Creating prefix chain script '/home/mahek/ros2_ws/src/install/setup.zsh'
