[0.010s] Invoking command in '/home/mahek/ros2_ws/build/my_cashier_system': CMAKE_PREFIX_PATH=${CMAKE_PREFIX_PATH}:/home/mahek/ros2_ws/install/my_robot_controller:/opt/ros/humble /usr/bin/cmake --build /home/mahek/ros2_ws/build/my_cashier_system -- -j12 -l12
[0.035s] -- Found ament_cmake: 1.3.10 (/opt/ros/humble/share/ament_cmake/cmake)
[0.139s] -- Found rclcpp: 16.0.10 (/opt/ros/humble/share/rclcpp/cmake)
[0.157s] -- Found rosidl_generator_c: 3.1.5 (/opt/ros/humble/share/rosidl_generator_c/cmake)
[0.158s] -- Found rosidl_adapter: 3.1.5 (/opt/ros/humble/share/rosidl_adapter/cmake)
[0.162s] -- Found rosidl_generator_cpp: 3.1.5 (/opt/ros/humble/share/rosidl_generator_cpp/cmake)
[0.168s] -- Using all available rosidl_typesupport_c: rosidl_typesupport_fastrtps_c;rosidl_typesupport_introspection_c
[0.176s] -- Using all available rosidl_typesupport_cpp: rosidl_typesupport_fastrtps_cpp;rosidl_typesupport_introspection_cpp
[0.196s] -- Found rmw_implementation_cmake: 6.1.2 (/opt/ros/humble/share/rmw_implementation_cmake/cmake)
[0.197s] -- Found rmw_fastrtps_cpp: 6.2.7 (/opt/ros/humble/share/rmw_fastrtps_cpp/cmake)
[0.272s] -- Using RMW implementation 'rmw_fastrtps_cpp' as default
[0.303s] -- Found my_cashier_system: 0.0.0 (/home/mahek/ros2_ws/install/my_cashier_system/share/my_cashier_system/cmake)
[0.303s] -- Found rosidl_default_generators: 1.2.0 (/opt/ros/humble/share/rosidl_default_generators/cmake)
[0.503s] -- Found ament_cmake_ros: 0.10.0 (/opt/ros/humble/share/ament_cmake_ros/cmake)
[0.791s] -- Using all available rosidl_typesupport_c: rosidl_typesupport_fastrtps_c;rosidl_typesupport_introspection_c
[0.901s] -- Using all available rosidl_typesupport_cpp: rosidl_typesupport_fastrtps_cpp;rosidl_typesupport_introspection_cpp
[0.920s] -- Found python_cmake_module: 0.10.0 (/opt/ros/humble/share/python_cmake_module/cmake)
[0.948s] -- Using PYTHON_EXECUTABLE: /usr/bin/python3
[0.949s] -- Using PYTHON_INCLUDE_DIRS: /usr/include/python3.10
[0.949s] -- Using PYTHON_LIBRARIES: /usr/lib/x86_64-linux-gnu/libpython3.10.so
[0.976s] -- Found ament_lint_auto: 0.12.11 (/opt/ros/humble/share/ament_lint_auto/cmake)
[0.981s] -- Added test 'cppcheck' to perform static code analysis on C / C++ code
[0.982s] -- Configured cppcheck include dirs: 
[0.982s] -- Configured cppcheck exclude dirs and/or files: 
[0.982s] -- Added test 'lint_cmake' to check CMake code style
[0.982s] -- Added test 'uncrustify' to check C / C++ code style
[0.982s] -- Configured uncrustify additional arguments: 
[0.982s] -- Added test 'xmllint' to check XML markup files
[0.983s] -- Configuring done
[1.006s] -- Generating done
[1.016s] -- Build files have been written to: /home/mahek/ros2_ws/build/my_cashier_system
[1.045s] [35m[1mConsolidate compiler generated dependencies of target bill[0m
[1.045s] [35m[1mConsolidate compiler generated dependencies of target my_cashier_system__rosidl_generator_c[0m
[1.048s] [35m[1mConsolidate compiler generated dependencies of target monitor[0m
[1.049s] [35m[1mConsolidate compiler generated dependencies of target inventory[0m
[1.061s] [  2%] [32mBuilding CXX object CMakeFiles/bill.dir/src/bill_publish_node.cpp.o[0m
[1.062s] [  5%] [32mBuilding CXX object CMakeFiles/monitor.dir/src/bill_display_node.cpp.o[0m
[1.066s] [  8%] Built target my_cashier_system__cpp
[1.067s] [ 16%] Built target my_cashier_system__rosidl_generator_c
[1.071s] [ 18%] [32mBuilding CXX object CMakeFiles/inventory.dir/src/inventory_add_node.cpp.o[0m
[1.076s] [ 18%] Built target ament_cmake_python_copy_my_cashier_system
[1.081s] [35m[1mConsolidate compiler generated dependencies of target my_cashier_system__rosidl_typesupport_fastrtps_c[0m
[1.084s] [35m[1mConsolidate compiler generated dependencies of target my_cashier_system__rosidl_typesupport_introspection_cpp[0m
[1.084s] [35m[1mConsolidate compiler generated dependencies of target my_cashier_system__rosidl_typesupport_cpp[0m
[1.084s] [35m[1mConsolidate compiler generated dependencies of target my_cashier_system__rosidl_typesupport_fastrtps_cpp[0m
[1.084s] [35m[1mConsolidate compiler generated dependencies of target my_cashier_system__rosidl_typesupport_c[0m
[1.085s] [35m[1mConsolidate compiler generated dependencies of target my_cashier_system__rosidl_typesupport_introspection_c[0m
[1.094s] [ 27%] Built target my_cashier_system__rosidl_typesupport_c
[1.096s] [ 35%] Built target my_cashier_system__rosidl_typesupport_fastrtps_c
[1.096s] [ 43%] Built target my_cashier_system__rosidl_typesupport_fastrtps_cpp
[1.100s] [ 59%] Built target my_cashier_system__rosidl_typesupport_cpp
[1.100s] [ 59%] Built target my_cashier_system__rosidl_typesupport_introspection_c
[1.100s] [ 67%] Built target my_cashier_system__rosidl_typesupport_introspection_cpp
[1.122s] [ 67%] Built target my_cashier_system
[1.144s] [ 70%] [34m[1mGenerating Python code for ROS interfaces[0m
[1.209s] [01m[K/home/mahek/ros2_ws/src/my_cashier_system/src/bill_publish_node.cpp:2:10:[m[K [01;31m[Kfatal error: [m[Kmy_cashier_system/msg/bill.hpp: No such file or directory
[1.209s]     2 | #include [01;31m[K"my_cashier_system/msg/bill.hpp"[m[K
[1.209s]       |          [01;31m[K^~~~~~~~~~~~~~~~~~~~~~~~~~~~~~~~[m[K
[1.209s] compilation terminated.
[1.211s] gmake[2]: *** [CMakeFiles/bill.dir/build.make:76: CMakeFiles/bill.dir/src/bill_publish_node.cpp.o] Error 1
[1.211s] gmake[1]: *** [CMakeFiles/Makefile2:596: CMakeFiles/bill.dir/all] Error 2
[1.211s] gmake[1]: *** Waiting for unfinished jobs....
[1.226s] [01m[K/home/mahek/ros2_ws/src/my_cashier_system/src/inventory_add_node.cpp:2:10:[m[K [01;31m[Kfatal error: [m[Kmy_cashier_system/msg/bill.hpp: No such file or directory
[1.226s]     2 | #include [01;31m[K"my_cashier_system/msg/bill.hpp"[m[K
[1.226s]       |          [01;31m[K^~~~~~~~~~~~~~~~~~~~~~~~~~~~~~~~[m[K
[1.226s] compilation terminated.
[1.227s] gmake[2]: *** [CMakeFiles/inventory.dir/build.make:76: CMakeFiles/inventory.dir/src/inventory_add_node.cpp.o] Error 1
[1.228s] gmake[1]: *** [CMakeFiles/Makefile2:622: CMakeFiles/inventory.dir/all] Error 2
[1.282s] [01m[K/home/mahek/ros2_ws/src/my_cashier_system/src/bill_display_node.cpp:2:10:[m[K [01;31m[Kfatal error: [m[Kmy_cashier_system/msg/bill.hpp: No such file or directory
[1.282s]     2 | #include [01;31m[K"my_cashier_system/msg/bill.hpp"[m[K
[1.282s]       |          [01;31m[K^~~~~~~~~~~~~~~~~~~~~~~~~~~~~~~~[m[K
[1.282s] compilation terminated.
[1.284s] gmake[2]: *** [CMakeFiles/monitor.dir/build.make:76: CMakeFiles/monitor.dir/src/bill_display_node.cpp.o] Error 1
[1.284s] gmake[1]: *** [CMakeFiles/Makefile2:648: CMakeFiles/monitor.dir/all] Error 2
[1.338s] running egg_info
[1.338s] writing my_cashier_system.egg-info/PKG-INFO
[1.338s] writing dependency_links to my_cashier_system.egg-info/dependency_links.txt
[1.338s] writing top-level names to my_cashier_system.egg-info/top_level.txt
[1.340s] reading manifest file 'my_cashier_system.egg-info/SOURCES.txt'
[1.340s] writing manifest file 'my_cashier_system.egg-info/SOURCES.txt'
[1.363s] [ 70%] Built target ament_cmake_python_build_my_cashier_system_egg
[1.366s] [ 70%] Built target my_cashier_system__py
[1.367s] gmake: *** [Makefile:146: all] Error 2
[1.371s] Invoked command in '/home/mahek/ros2_ws/build/my_cashier_system' returned '2': CMAKE_PREFIX_PATH=${CMAKE_PREFIX_PATH}:/home/mahek/ros2_ws/install/my_robot_controller:/opt/ros/humble /usr/bin/cmake --build /home/mahek/ros2_ws/build/my_cashier_system -- -j12 -l12
