[0.033s] Invoking command in '/home/mahek/ros2_ws/build/examples_rclcpp_minimal_client': CMAKE_PREFIX_PATH=/opt/ros/humble /usr/bin/cmake /home/mahek/ros2_ws/src/examples/rclcpp/services/minimal_client -DAMENT_CMAKE_SYMLINK_INSTALL=1 -DCMAKE_INSTALL_PREFIX=/home/mahek/ros2_ws/install/examples_rclcpp_minimal_client
[0.155s] -- The C compiler identification is GNU 11.4.0
[0.248s] -- The CXX compiler identification is GNU 11.4.0
[0.257s] -- Detecting C compiler ABI info
[0.344s] -- Detecting C compiler ABI info - done
[0.357s] -- Check for working C compiler: /usr/bin/cc - skipped
[0.357s] -- Detecting C compile features
[0.357s] -- Detecting C compile features - done
[0.359s] -- Detecting CXX compiler ABI info
[0.457s] -- Detecting CXX compiler ABI info - done
[0.468s] -- Check for working CXX compiler: /usr/bin/c++ - skipped
[0.469s] -- Detecting CXX compile features
[0.469s] -- Detecting CXX compile features - done
[0.471s] -- Found ament_cmake: 1.3.10 (/opt/ros/humble/share/ament_cmake/cmake)
[0.708s] -- Found Python3: /usr/bin/python3 (found version "3.10.12") found components: Interpreter 
[0.803s] -- Override CMake install command with custom implementation using symlinks instead of copying resources
[0.830s] -- Found example_interfaces: 0.9.3 (/opt/ros/humble/share/example_interfaces/cmake)
[0.872s] -- Found rosidl_generator_c: 3.1.5 (/opt/ros/humble/share/rosidl_generator_c/cmake)
[0.878s] -- Found rosidl_adapter: 3.1.5 (/opt/ros/humble/share/rosidl_adapter/cmake)
[0.888s] -- Found rosidl_generator_cpp: 3.1.5 (/opt/ros/humble/share/rosidl_generator_cpp/cmake)
[0.904s] -- Using all available rosidl_typesupport_c: rosidl_typesupport_fastrtps_c;rosidl_typesupport_introspection_c
[0.926s] -- Using all available rosidl_typesupport_cpp: rosidl_typesupport_fastrtps_cpp;rosidl_typesupport_introspection_cpp
[0.993s] -- Found rclcpp: 16.0.10 (/opt/ros/humble/share/rclcpp/cmake)
[1.038s] -- Found rmw_implementation_cmake: 6.1.2 (/opt/ros/humble/share/rmw_implementation_cmake/cmake)
[1.044s] -- Found rmw_fastrtps_cpp: 6.2.7 (/opt/ros/humble/share/rmw_fastrtps_cpp/cmake)
[1.140s] -- Found OpenSSL: /usr/lib/x86_64-linux-gnu/libcrypto.so (found version "3.0.2")  
[1.171s] -- Found FastRTPS: /opt/ros/humble/include  
[1.235s] -- Using RMW implementation 'rmw_fastrtps_cpp' as default
[1.246s] -- Looking for pthread.h
[1.338s] -- Looking for pthread.h - found
[1.338s] -- Performing Test CMAKE_HAVE_LIBC_PTHREAD
[1.413s] -- Performing Test CMAKE_HAVE_LIBC_PTHREAD - Success
[1.414s] -- Found Threads: TRUE  
[1.469s] -- Found ament_lint_auto: 0.12.11 (/opt/ros/humble/share/ament_lint_auto/cmake)
[1.621s] -- Added test 'copyright' to check source files copyright and LICENSE
[1.622s] -- Added test 'cppcheck' to perform static code analysis on C / C++ code
[1.622s] -- Configured cppcheck include dirs: 
[1.622s] -- Configured cppcheck exclude dirs and/or files: 
[1.623s] -- Added test 'cpplint' to check C / C++ code against the Google style
[1.623s] -- Configured cpplint exclude dirs and/or files: 
[1.623s] -- Added test 'lint_cmake' to check CMake code style
[1.624s] -- Added test 'uncrustify' to check C / C++ code style
[1.624s] -- Configured uncrustify additional arguments: 
[1.624s] -- Added test 'xmllint' to check XML markup files
[1.626s] -- Configuring done
[1.644s] -- Generating done
[1.646s] -- Build files have been written to: /home/mahek/ros2_ws/build/examples_rclcpp_minimal_client
[1.683s] Invoked command in '/home/mahek/ros2_ws/build/examples_rclcpp_minimal_client' returned '0': CMAKE_PREFIX_PATH=/opt/ros/humble /usr/bin/cmake /home/mahek/ros2_ws/src/examples/rclcpp/services/minimal_client -DAMENT_CMAKE_SYMLINK_INSTALL=1 -DCMAKE_INSTALL_PREFIX=/home/mahek/ros2_ws/install/examples_rclcpp_minimal_client
[1.683s] Invoking command in '/home/mahek/ros2_ws/build/examples_rclcpp_minimal_client': CMAKE_PREFIX_PATH=/opt/ros/humble /usr/bin/cmake --build /home/mahek/ros2_ws/build/examples_rclcpp_minimal_client -- -j12 -l12
