[0.011s] Invoking command in '/home/mahek/rover_ws/build/my_rover': CMAKE_PREFIX_PATH=${CMAKE_PREFIX_PATH}:/home/mahek/ros2_ws/install/my_robot_controller:/opt/ros/humble /usr/bin/cmake --build /home/mahek/rover_ws/build/my_rover -- -j12 -l12
[0.039s] -- Found ament_cmake: 1.3.10 (/opt/ros/humble/share/ament_cmake/cmake)
[0.163s] -- Found gazebo_ros: 3.7.0 (/opt/ros/humble/share/gazebo_ros/cmake)
[0.195s] -- Found rosidl_generator_c: 3.1.5 (/opt/ros/humble/share/rosidl_generator_c/cmake)
[0.197s] -- Found rosidl_adapter: 3.1.5 (/opt/ros/humble/share/rosidl_adapter/cmake)
[0.206s] -- Found rosidl_generator_cpp: 3.1.5 (/opt/ros/humble/share/rosidl_generator_cpp/cmake)
[0.218s] -- Using all available rosidl_typesupport_c: rosidl_typesupport_fastrtps_c;rosidl_typesupport_introspection_c
[0.240s] -- Using all available rosidl_typesupport_cpp: rosidl_typesupport_fastrtps_cpp;rosidl_typesupport_introspection_cpp
[0.271s] -- Found rmw_implementation_cmake: 6.1.2 (/opt/ros/humble/share/rmw_implementation_cmake/cmake)
[0.272s] -- Found rmw_fastrtps_cpp: 6.2.7 (/opt/ros/humble/share/rmw_fastrtps_cpp/cmake)
[0.368s] -- Using RMW implementation 'rmw_fastrtps_cpp' as default
[0.447s] -- Found DART: /usr/include (Required is at least version "6.6") found components: dart 
[0.478s] -- Found Protobuf: /usr/lib/x86_64-linux-gnu/libprotobuf.so (found version "3.12.4") 
[0.480s] -- Looking for ignition-math6 -- found version 6.15.1
[0.485s] -- Searching for dependencies of ignition-math6
[0.487s] -- Looking for OGRE...
[0.492s] -- Found Ogre Ghadamon (1.9.0)
[0.492s] -- Found OGRE: optimized;/usr/lib/x86_64-linux-gnu/libOgreMain.so;debug;/usr/lib/x86_64-linux-gnu/libOgreMain.so
[0.499s] -- Looking for OGRE_Paging...
[0.499s] -- Found OGRE_Paging: optimized;/usr/lib/x86_64-linux-gnu/libOgrePaging.so;debug;/usr/lib/x86_64-linux-gnu/libOgrePaging.so
[0.499s] -- Looking for OGRE_Terrain...
[0.499s] -- Found OGRE_Terrain: optimized;/usr/lib/x86_64-linux-gnu/libOgreTerrain.so;debug;/usr/lib/x86_64-linux-gnu/libOgreTerrain.so
[0.499s] -- Looking for OGRE_Property...
[0.499s] -- Found OGRE_Property: optimized;/usr/lib/x86_64-linux-gnu/libOgreProperty.so;debug;/usr/lib/x86_64-linux-gnu/libOgreProperty.so
[0.499s] -- Looking for OGRE_RTShaderSystem...
[0.499s] -- Found OGRE_RTShaderSystem: optimized;/usr/lib/x86_64-linux-gnu/libOgreRTShaderSystem.so;debug;/usr/lib/x86_64-linux-gnu/libOgreRTShaderSystem.so
[0.499s] -- Looking for OGRE_Volume...
[0.500s] -- Found OGRE_Volume: optimized;/usr/lib/x86_64-linux-gnu/libOgreVolume.so;debug;/usr/lib/x86_64-linux-gnu/libOgreVolume.so
[0.500s] -- Looking for OGRE_Overlay...
[0.500s] -- Found OGRE_Overlay: optimized;/usr/lib/x86_64-linux-gnu/libOgreOverlay.so;debug;/usr/lib/x86_64-linux-gnu/libOgreOverlay.so
[0.568s] -- Looking for ignition-math6 -- found version 6.15.1
[0.569s] -- Looking for ignition-transport8 -- found version 8.2.1
[0.569s] -- Searching for dependencies of ignition-transport8
[0.583s] -- Found Protobuf: /usr/lib/x86_64-linux-gnu/libprotobuf.so (found suitable version "3.12.4", minimum required is "3") 
[0.595s] -- Config-file not installed for ZeroMQ -- checking for pkg-config
[0.601s] -- Checking for module 'libzmq >= 4'
[0.619s] --   Found libzmq , version 4.3.4
[0.668s] -- Checking for module 'uuid'
[0.683s] --   Found uuid, version 2.37.2
[0.719s] -- Looking for ignition-msgs5 -- found version 5.8.1
[0.720s] -- Searching for dependencies of ignition-msgs5
[0.734s] -- Looking for ignition-math6 -- found version 6.15.1
[0.740s] -- Checking for module 'tinyxml2'
[0.757s] --   Found tinyxml2, version 9.0.0
[0.796s] -- Looking for ignition-msgs5 -- found version 5.8.1
[0.796s] -- Looking for ignition-common3 -- found version 3.14.0
[0.797s] -- Searching for dependencies of ignition-common3
[0.797s] -- Looking for dlfcn.h - found
[0.797s] -- Looking for libdl - found
[0.810s] -- Searching for <ignition-common3> component [graphics]
[0.810s] -- Looking for ignition-common3-graphics -- found version 3.14.0
[0.811s] -- Searching for dependencies of ignition-common3-graphics
[0.811s] -- Looking for ignition-math6 -- found version 6.15.1
[0.812s] -- Looking for ignition-fuel_tools4 -- found version 4.4.0
[0.812s] -- Searching for dependencies of ignition-fuel_tools4
[0.849s] -- Checking for module 'jsoncpp'
[0.864s] --   Found jsoncpp, version 1.9.5
[0.908s] -- Checking for module 'libzip'
[0.924s] --   Found libzip, version 1.7.3
[0.963s] -- Looking for ignition-common3 -- found version 3.14.0
[0.963s] -- Looking for ignition-math6 -- found version 6.15.1
[0.964s] -- Looking for ignition-msgs5 -- found version 5.8.1
[0.967s] -- Gazebo version: 11.10
[0.969s] -- Found robot_state_publisher: 3.0.3 (/opt/ros/humble/share/robot_state_publisher/cmake)
[0.990s] -- Found eigen3_cmake_module: 0.1.1 (/opt/ros/humble/share/eigen3_cmake_module/cmake)
[0.992s] -- Ensuring Eigen3 include directory is part of orocos-kdl CMake target
[1.091s] -- Found xacro: 2.0.8 (/opt/ros/humble/share/xacro/cmake)
[1.091s] -- Found ament_lint_auto: 0.12.11 (/opt/ros/humble/share/ament_lint_auto/cmake)
[1.151s] -- Added test 'flake8' to check Python code syntax and style conventions
[1.151s] -- Added test 'lint_cmake' to check CMake code style
[1.151s] -- Added test 'pep257' to check Python code against some of the docstring style conventions in PEP 257
[1.152s] -- Added test 'xmllint' to check XML markup files
[1.153s] -- Configuring done
[1.158s] -- Generating done
[1.161s] -- Build files have been written to: /home/mahek/rover_ws/build/my_rover
[1.188s] Invoked command in '/home/mahek/rover_ws/build/my_rover' returned '0': CMAKE_PREFIX_PATH=${CMAKE_PREFIX_PATH}:/home/mahek/ros2_ws/install/my_robot_controller:/opt/ros/humble /usr/bin/cmake --build /home/mahek/rover_ws/build/my_rover -- -j12 -l12
[1.200s] Invoking command in '/home/mahek/rover_ws/build/my_rover': CMAKE_PREFIX_PATH=${CMAKE_PREFIX_PATH}:/home/mahek/ros2_ws/install/my_robot_controller:/opt/ros/humble /usr/bin/cmake --install /home/mahek/rover_ws/build/my_rover
[1.210s] -- Install configuration: ""
[1.210s] -- Up-to-date: /home/mahek/rover_ws/install/my_rover/share/my_rover//launch
[1.210s] -- Installing: /home/mahek/rover_ws/install/my_rover/share/my_rover//launch/display.launch.py
[1.212s] -- Installing: /home/mahek/rover_ws/install/my_rover/share/my_rover//launch/gazebo.launch.py
[1.212s] -- Up-to-date: /home/mahek/rover_ws/install/my_rover/share/my_rover//urdf
[1.212s] -- Up-to-date: /home/mahek/rover_ws/install/my_rover/share/my_rover//urdf/robot.urdf.xacro
[1.212s] -- Up-to-date: /home/mahek/rover_ws/install/my_rover/share/my_rover//urdf/material.xacro
[1.212s] -- Up-to-date: /home/mahek/rover_ws/install/my_rover/share/my_rover//urdf/inertial.xacro
[1.212s] -- Up-to-date: /home/mahek/rover_ws/install/my_rover/share/my_rover//rviz
[1.212s] -- Installing: /home/mahek/rover_ws/install/my_rover/share/my_rover//rviz/config.rviz
[1.212s] -- Up-to-date: /home/mahek/rover_ws/install/my_rover/share/ament_index/resource_index/package_run_dependencies/my_rover
[1.212s] -- Installing: /home/mahek/rover_ws/install/my_rover/share/ament_index/resource_index/parent_prefix_path/my_rover
[1.212s] -- Up-to-date: /home/mahek/rover_ws/install/my_rover/share/my_rover/environment/ament_prefix_path.sh
[1.212s] -- Installing: /home/mahek/rover_ws/install/my_rover/share/my_rover/environment/ament_prefix_path.dsv
[1.213s] -- Up-to-date: /home/mahek/rover_ws/install/my_rover/share/my_rover/environment/path.sh
[1.213s] -- Installing: /home/mahek/rover_ws/install/my_rover/share/my_rover/environment/path.dsv
[1.213s] -- Up-to-date: /home/mahek/rover_ws/install/my_rover/share/my_rover/local_setup.bash
[1.213s] -- Up-to-date: /home/mahek/rover_ws/install/my_rover/share/my_rover/local_setup.sh
[1.213s] -- Up-to-date: /home/mahek/rover_ws/install/my_rover/share/my_rover/local_setup.zsh
[1.213s] -- Installing: /home/mahek/rover_ws/install/my_rover/share/my_rover/local_setup.dsv
[1.213s] -- Installing: /home/mahek/rover_ws/install/my_rover/share/my_rover/package.dsv
[1.213s] -- Up-to-date: /home/mahek/rover_ws/install/my_rover/share/ament_index/resource_index/packages/my_rover
[1.213s] -- Up-to-date: /home/mahek/rover_ws/install/my_rover/share/my_rover/cmake/my_roverConfig.cmake
[1.213s] -- Up-to-date: /home/mahek/rover_ws/install/my_rover/share/my_rover/cmake/my_roverConfig-version.cmake
[1.213s] -- Installing: /home/mahek/rover_ws/install/my_rover/share/my_rover/package.xml
[1.216s] Invoked command in '/home/mahek/rover_ws/build/my_rover' returned '0': CMAKE_PREFIX_PATH=${CMAKE_PREFIX_PATH}:/home/mahek/ros2_ws/install/my_robot_controller:/opt/ros/humble /usr/bin/cmake --install /home/mahek/rover_ws/build/my_rover
