[0.007s] Invoking command in '/home/mahek/ros2_ws/build/my_cashier_system': CMAKE_PREFIX_PATH=/home/mahek/ros2_ws/install/tutorial_interfaces:/home/mahek/ros2_ws/install/my_cashier_system:/home/mahek/ros2_ws/install/my_package:/home/mahek/ros2_ws/install/cpp_pubsub:/home/mahek/ros2_ws/install/cpp:/home/mahek/ros2_ws/install/my_robot_controller:/opt/ros/humble /usr/bin/cmake --build /home/mahek/ros2_ws/build/my_cashier_system -- -j12 -l12
[0.035s] -- Found ament_cmake: 1.3.10 (/opt/ros/humble/share/ament_cmake/cmake)
[0.147s] -- Found rclcpp: 16.0.10 (/opt/ros/humble/share/rclcpp/cmake)
[0.166s] -- Found rosidl_generator_c: 3.1.5 (/opt/ros/humble/share/rosidl_generator_c/cmake)
[0.168s] -- Found rosidl_adapter: 3.1.5 (/opt/ros/humble/share/rosidl_adapter/cmake)
[0.172s] -- Found rosidl_generator_cpp: 3.1.5 (/opt/ros/humble/share/rosidl_generator_cpp/cmake)
[0.178s] -- Using all available rosidl_typesupport_c: rosidl_typesupport_fastrtps_c;rosidl_typesupport_introspection_c
[0.186s] -- Using all available rosidl_typesupport_cpp: rosidl_typesupport_fastrtps_cpp;rosidl_typesupport_introspection_cpp
[0.207s] -- Found rmw_implementation_cmake: 6.1.2 (/opt/ros/humble/share/rmw_implementation_cmake/cmake)
[0.208s] -- Found rmw_fastrtps_cpp: 6.2.7 (/opt/ros/humble/share/rmw_fastrtps_cpp/cmake)
[0.306s] -- Using RMW implementation 'rmw_fastrtps_cpp' as default
[0.338s] -- Found tutorial_interfaces: 0.0.0 (/home/mahek/ros2_ws/install/tutorial_interfaces/share/tutorial_interfaces/cmake)
[0.358s] -- Found ament_lint_auto: 0.12.11 (/opt/ros/humble/share/ament_lint_auto/cmake)
[0.405s] -- Added test 'cppcheck' to perform static code analysis on C / C++ code
[0.405s] -- Configured cppcheck include dirs: 
[0.405s] -- Configured cppcheck exclude dirs and/or files: 
[0.405s] -- Added test 'lint_cmake' to check CMake code style
[0.406s] -- Added test 'uncrustify' to check C / C++ code style
[0.406s] -- Configured uncrustify additional arguments: 
[0.406s] -- Added test 'xmllint' to check XML markup files
[0.406s] -- Configuring done
[0.416s] -- Generating done
[0.420s] -- Build files have been written to: /home/mahek/ros2_ws/build/my_cashier_system
[0.447s] [35m[1mConsolidate compiler generated dependencies of target bill_display_node[0m
[0.449s] [35m[1mConsolidate compiler generated dependencies of target bill_subscriber_node[0m
[0.450s] [35m[1mConsolidate compiler generated dependencies of target bill_publish_node[0m
[0.463s] [ 16%] [32mBuilding CXX object CMakeFiles/bill_display_node.dir/src/bill_display_node.cpp.o[0m
[0.465s] [ 33%] [32mBuilding CXX object CMakeFiles/bill_subscriber_node.dir/src/bill_subscriber_node.cpp.o[0m
[0.471s] [ 50%] [32mBuilding CXX object CMakeFiles/bill_publish_node.dir/src/bill_publish_node.cpp.o[0m
[3.543s] [ 66%] [32m[1mLinking CXX executable bill_publish_node[0m
[3.794s] [ 66%] Built target bill_publish_node
[5.904s] [ 83%] [32m[1mLinking CXX executable bill_subscriber_node[0m
[6.188s] [ 83%] Built target bill_subscriber_node
[8.795s] [100%] [32m[1mLinking CXX executable bill_display_node[0m
[9.179s] [100%] Built target bill_display_node
[9.192s] Invoked command in '/home/mahek/ros2_ws/build/my_cashier_system' returned '0': CMAKE_PREFIX_PATH=/home/mahek/ros2_ws/install/tutorial_interfaces:/home/mahek/ros2_ws/install/my_cashier_system:/home/mahek/ros2_ws/install/my_package:/home/mahek/ros2_ws/install/cpp_pubsub:/home/mahek/ros2_ws/install/cpp:/home/mahek/ros2_ws/install/my_robot_controller:/opt/ros/humble /usr/bin/cmake --build /home/mahek/ros2_ws/build/my_cashier_system -- -j12 -l12
[9.194s] Invoking command in '/home/mahek/ros2_ws/build/my_cashier_system': CMAKE_PREFIX_PATH=/home/mahek/ros2_ws/install/tutorial_interfaces:/home/mahek/ros2_ws/install/my_cashier_system:/home/mahek/ros2_ws/install/my_package:/home/mahek/ros2_ws/install/cpp_pubsub:/home/mahek/ros2_ws/install/cpp:/home/mahek/ros2_ws/install/my_robot_controller:/opt/ros/humble /usr/bin/cmake --install /home/mahek/ros2_ws/build/my_cashier_system
[9.201s] -- Install configuration: ""
[9.201s] -- Installing: /home/mahek/ros2_ws/install/my_cashier_system/lib/my_cashier_system/bill_publish_node
[9.202s] -- Set runtime path of "/home/mahek/ros2_ws/install/my_cashier_system/lib/my_cashier_system/bill_publish_node" to ""
[9.202s] -- Installing: /home/mahek/ros2_ws/install/my_cashier_system/lib/my_cashier_system/bill_subscriber_node
[9.204s] -- Set runtime path of "/home/mahek/ros2_ws/install/my_cashier_system/lib/my_cashier_system/bill_subscriber_node" to ""
[9.204s] -- Installing: /home/mahek/ros2_ws/install/my_cashier_system/lib/my_cashier_system/bill_display_node
[9.207s] -- Set runtime path of "/home/mahek/ros2_ws/install/my_cashier_system/lib/my_cashier_system/bill_display_node" to ""
[9.207s] -- Up-to-date: /home/mahek/ros2_ws/install/my_cashier_system/share/ament_index/resource_index/package_run_dependencies/my_cashier_system
[9.207s] -- Up-to-date: /home/mahek/ros2_ws/install/my_cashier_system/share/ament_index/resource_index/parent_prefix_path/my_cashier_system
[9.207s] -- Up-to-date: /home/mahek/ros2_ws/install/my_cashier_system/share/my_cashier_system/environment/ament_prefix_path.sh
[9.207s] -- Installing: /home/mahek/ros2_ws/install/my_cashier_system/share/my_cashier_system/environment/ament_prefix_path.dsv
[9.207s] -- Up-to-date: /home/mahek/ros2_ws/install/my_cashier_system/share/my_cashier_system/environment/path.sh
[9.208s] -- Installing: /home/mahek/ros2_ws/install/my_cashier_system/share/my_cashier_system/environment/path.dsv
[9.208s] -- Up-to-date: /home/mahek/ros2_ws/install/my_cashier_system/share/my_cashier_system/local_setup.bash
[9.208s] -- Up-to-date: /home/mahek/ros2_ws/install/my_cashier_system/share/my_cashier_system/local_setup.sh
[9.208s] -- Up-to-date: /home/mahek/ros2_ws/install/my_cashier_system/share/my_cashier_system/local_setup.zsh
[9.208s] -- Installing: /home/mahek/ros2_ws/install/my_cashier_system/share/my_cashier_system/local_setup.dsv
[9.208s] -- Installing: /home/mahek/ros2_ws/install/my_cashier_system/share/my_cashier_system/package.dsv
[9.208s] -- Up-to-date: /home/mahek/ros2_ws/install/my_cashier_system/share/ament_index/resource_index/packages/my_cashier_system
[9.208s] -- Up-to-date: /home/mahek/ros2_ws/install/my_cashier_system/share/my_cashier_system/cmake/my_cashier_systemConfig.cmake
[9.208s] -- Up-to-date: /home/mahek/ros2_ws/install/my_cashier_system/share/my_cashier_system/cmake/my_cashier_systemConfig-version.cmake
[9.208s] -- Up-to-date: /home/mahek/ros2_ws/install/my_cashier_system/share/my_cashier_system/package.xml
[9.209s] Invoked command in '/home/mahek/ros2_ws/build/my_cashier_system' returned '0': CMAKE_PREFIX_PATH=/home/mahek/ros2_ws/install/tutorial_interfaces:/home/mahek/ros2_ws/install/my_cashier_system:/home/mahek/ros2_ws/install/my_package:/home/mahek/ros2_ws/install/cpp_pubsub:/home/mahek/ros2_ws/install/cpp:/home/mahek/ros2_ws/install/my_robot_controller:/opt/ros/humble /usr/bin/cmake --install /home/mahek/ros2_ws/build/my_cashier_system
