[0.011s] Invoking command in '/home/mahek/ros2_ws/build/cpp': CMAKE_PREFIX_PATH=/opt/ros/humble /usr/bin/cmake /home/mahek/ros2_ws/src/cpp -DCMAKE_INSTALL_PREFIX=/home/mahek/ros2_ws/install/cpp
[0.137s] -- The C compiler identification is GNU 11.4.0
[0.210s] -- The CXX compiler identification is GNU 11.4.0
[0.218s] -- Detecting C compiler ABI info
[0.298s] -- Detecting C compiler ABI info - done
[0.307s] -- Check for working C compiler: /usr/bin/cc - skipped
[0.308s] -- Detecting C compile features
[0.308s] -- Detecting C compile features - done
[0.311s] -- Detecting CXX compiler ABI info
[0.405s] -- Detecting CXX compiler ABI info - done
[0.416s] -- Check for working CXX compiler: /usr/bin/c++ - skipped
[0.416s] -- Detecting CXX compile features
[0.416s] -- Detecting CXX compile features - done
[0.418s] -- Found ament_cmake: 1.3.10 (/opt/ros/humble/share/ament_cmake/cmake)
[0.550s] -- Found Python3: /usr/bin/python3 (found version "3.10.12") found components: Interpreter 
[0.612s] -- Found ament_lint_auto: 0.12.11 (/opt/ros/humble/share/ament_lint_auto/cmake)
[0.669s] -- Added test 'lint_cmake' to check CMake code style
[0.669s] -- Added test 'xmllint' to check XML markup files
[0.670s] -- Configuring done
[0.671s] -- Generating done
[0.671s] -- Build files have been written to: /home/mahek/ros2_ws/build/cpp
[0.674s] Invoked command in '/home/mahek/ros2_ws/build/cpp' returned '0': CMAKE_PREFIX_PATH=/opt/ros/humble /usr/bin/cmake /home/mahek/ros2_ws/src/cpp -DCMAKE_INSTALL_PREFIX=/home/mahek/ros2_ws/install/cpp
[0.676s] Invoking command in '/home/mahek/ros2_ws/build/cpp': CMAKE_PREFIX_PATH=/opt/ros/humble /usr/bin/cmake --build /home/mahek/ros2_ws/build/cpp -- -j12 -l12
[0.714s] Invoked command in '/home/mahek/ros2_ws/build/cpp' returned '0': CMAKE_PREFIX_PATH=/opt/ros/humble /usr/bin/cmake --build /home/mahek/ros2_ws/build/cpp -- -j12 -l12
[0.749s] Invoking command in '/home/mahek/ros2_ws/build/cpp': CMAKE_PREFIX_PATH=/opt/ros/humble /usr/bin/cmake --install /home/mahek/ros2_ws/build/cpp
[0.758s] -- Install configuration: ""
[0.759s] -- Installing: /home/mahek/ros2_ws/install/cpp/share/ament_index/resource_index/package_run_dependencies/cpp
[0.759s] -- Installing: /home/mahek/ros2_ws/install/cpp/share/ament_index/resource_index/parent_prefix_path/cpp
[0.759s] -- Installing: /home/mahek/ros2_ws/install/cpp/share/cpp/environment/ament_prefix_path.sh
[0.759s] -- Installing: /home/mahek/ros2_ws/install/cpp/share/cpp/environment/ament_prefix_path.dsv
[0.759s] -- Installing: /home/mahek/ros2_ws/install/cpp/share/cpp/environment/path.sh
[0.759s] -- Installing: /home/mahek/ros2_ws/install/cpp/share/cpp/environment/path.dsv
[0.759s] -- Installing: /home/mahek/ros2_ws/install/cpp/share/cpp/local_setup.bash
[0.760s] -- Installing: /home/mahek/ros2_ws/install/cpp/share/cpp/local_setup.sh
[0.760s] -- Installing: /home/mahek/ros2_ws/install/cpp/share/cpp/local_setup.zsh
[0.760s] -- Installing: /home/mahek/ros2_ws/install/cpp/share/cpp/local_setup.dsv
[0.760s] -- Installing: /home/mahek/ros2_ws/install/cpp/share/cpp/package.dsv
[0.760s] -- Installing: /home/mahek/ros2_ws/install/cpp/share/ament_index/resource_index/packages/cpp
[0.760s] -- Installing: /home/mahek/ros2_ws/install/cpp/share/cpp/cmake/cppConfig.cmake
[0.760s] -- Installing: /home/mahek/ros2_ws/install/cpp/share/cpp/cmake/cppConfig-version.cmake
[0.760s] -- Installing: /home/mahek/ros2_ws/install/cpp/share/cpp/package.xml
[0.761s] Invoked command in '/home/mahek/ros2_ws/build/cpp' returned '0': CMAKE_PREFIX_PATH=/opt/ros/humble /usr/bin/cmake --install /home/mahek/ros2_ws/build/cpp
