[0.009s] Invoking command in '/home/mahek/ros2_ws/build/my_cashier_system': CMAKE_PREFIX_PATH=/home/mahek/ros2_ws/install/tutorial_interfaces:/home/mahek/ros2_ws/install/my_cashier_system:/home/mahek/ros2_ws/install/my_package:/home/mahek/ros2_ws/install/cpp_pubsub:/home/mahek/ros2_ws/install/cpp:/home/mahek/ros2_ws/install/my_robot_controller:/opt/ros/humble /usr/bin/cmake --build /home/mahek/ros2_ws/build/my_cashier_system -- -j12 -l12
[0.033s] -- Found ament_cmake: 1.3.10 (/opt/ros/humble/share/ament_cmake/cmake)
[0.138s] -- Found rclcpp: 16.0.10 (/opt/ros/humble/share/rclcpp/cmake)
[0.165s] -- Found rosidl_generator_c: 3.1.5 (/opt/ros/humble/share/rosidl_generator_c/cmake)
[0.166s] -- Found rosidl_adapter: 3.1.5 (/opt/ros/humble/share/rosidl_adapter/cmake)
[0.170s] -- Found rosidl_generator_cpp: 3.1.5 (/opt/ros/humble/share/rosidl_generator_cpp/cmake)
[0.176s] -- Using all available rosidl_typesupport_c: rosidl_typesupport_fastrtps_c;rosidl_typesupport_introspection_c
[0.184s] -- Using all available rosidl_typesupport_cpp: rosidl_typesupport_fastrtps_cpp;rosidl_typesupport_introspection_cpp
[0.204s] -- Found rmw_implementation_cmake: 6.1.2 (/opt/ros/humble/share/rmw_implementation_cmake/cmake)
[0.205s] -- Found rmw_fastrtps_cpp: 6.2.7 (/opt/ros/humble/share/rmw_fastrtps_cpp/cmake)
[0.296s] -- Using RMW implementation 'rmw_fastrtps_cpp' as default
[0.328s] -- Found tutorial_interfaces: 0.0.0 (/home/mahek/ros2_ws/install/tutorial_interfaces/share/tutorial_interfaces/cmake)
[0.346s] -- Found ament_lint_auto: 0.12.11 (/opt/ros/humble/share/ament_lint_auto/cmake)
[0.392s] -- Added test 'cppcheck' to perform static code analysis on C / C++ code
[0.392s] -- Configured cppcheck include dirs: 
[0.392s] -- Configured cppcheck exclude dirs and/or files: 
[0.392s] -- Added test 'lint_cmake' to check CMake code style
[0.393s] -- Added test 'uncrustify' to check C / C++ code style
[0.393s] -- Configured uncrustify additional arguments: 
[0.393s] -- Added test 'xmllint' to check XML markup files
[0.393s] -- Configuring done
[0.403s] -- Generating done
[0.407s] -- Build files have been written to: /home/mahek/ros2_ws/build/my_cashier_system
[0.431s] [35m[1mConsolidate compiler generated dependencies of target bill_display_node[0m
[0.433s] [35m[1mConsolidate compiler generated dependencies of target bill_subscriber_node[0m
[0.433s] [35m[1mConsolidate compiler generated dependencies of target bill_publish_node[0m
[0.445s] [ 16%] [32mBuilding CXX object CMakeFiles/bill_display_node.dir/src/bill_display_node.cpp.o[0m
[0.447s] [ 50%] Built target bill_subscriber_node
[0.451s] [ 83%] Built target bill_publish_node
[1.872s] [01m[K/home/mahek/ros2_ws/src/my_cashier_system/src/bill_display_node.cpp:[m[K In constructor ‘[01m[KBillDisplayNode::BillDisplayNode()[m[K’:
[1.872s] [01m[K/home/mahek/ros2_ws/src/my_cashier_system/src/bill_display_node.cpp:8:34:[m[K [01;31m[Kerror: [m[Kno matching function for call to ‘[01m[Ktutorial_interfaces::msg::Num_<std::allocator<void> >::Num_(<brace-enclosed initializer list>)[m[K’
[1.872s]     8 |     : Node("bill_display_node"), [01;31m[Klast_bill_({0, "", 0, 0.0, 0.0})[m[K, inventory_(100), income_(0.0)
[1.872s]       |                                  [01;31m[K^~~~~~~~~~~~~~~~~~~~~~~~~~~~~~~~[m[K
[1.872s] In file included from [01m[K/home/mahek/ros2_ws/install/tutorial_interfaces/include/tutorial_interfaces/tutorial_interfaces/msg/num.hpp:7[m[K,
[1.872s]                  from [01m[K/home/mahek/ros2_ws/src/my_cashier_system/src/bill_display_node.cpp:2[m[K:
[1.872s] [01m[K/home/mahek/ros2_ws/install/tutorial_interfaces/include/tutorial_interfaces/tutorial_interfaces/msg/detail/num__struct.hpp:49:12:[m[K [01;36m[Knote: [m[Kcandidate: ‘[01m[Ktutorial_interfaces::msg::Num_<ContainerAllocator>::Num_(const ContainerAllocator&, rosidl_runtime_cpp::MessageInitialization) [with ContainerAllocator = std::allocator<void>][m[K’
[1.872s]    49 |   explicit [01;36m[KNum_[m[K(const ContainerAllocator & _alloc, rosidl_runtime_cpp::MessageInitialization _init = rosidl_runtime_cpp::MessageInitialization::ALL)
[1.872s]       |            [01;36m[K^~~~[m[K
[1.872s] [01m[K/home/mahek/ros2_ws/install/tutorial_interfaces/include/tutorial_interfaces/tutorial_interfaces/msg/detail/num__struct.hpp:49:44:[m[K [01;36m[Knote: [m[K  no known conversion for argument 1 from ‘[01m[K<brace-enclosed initializer list>[m[K’ to ‘[01m[Kconst std::allocator<void>&[m[K’
[1.872s]    49 |   explicit Num_([01;36m[Kconst ContainerAllocator & _alloc[m[K, rosidl_runtime_cpp::MessageInitialization _init = rosidl_runtime_cpp::MessageInitialization::ALL)
[1.872s]       |                 [01;36m[K~~~~~~~~~~~~~~~~~~~~~~~~~~~^~~~~~[m[K
[1.872s] [01m[K/home/mahek/ros2_ws/install/tutorial_interfaces/include/tutorial_interfaces/tutorial_interfaces/msg/detail/num__struct.hpp:36:12:[m[K [01;36m[Knote: [m[Kcandidate: ‘[01m[Ktutorial_interfaces::msg::Num_<ContainerAllocator>::Num_(rosidl_runtime_cpp::MessageInitialization) [with ContainerAllocator = std::allocator<void>][m[K’
[1.872s]    36 |   explicit [01;36m[KNum_[m[K(rosidl_runtime_cpp::MessageInitialization _init = rosidl_runtime_cpp::MessageInitialization::ALL)
[1.872s]       |            [01;36m[K^~~~[m[K
[1.873s] [01m[K/home/mahek/ros2_ws/install/tutorial_interfaces/include/tutorial_interfaces/tutorial_interfaces/msg/detail/num__struct.hpp:36:59:[m[K [01;36m[Knote: [m[K  no known conversion for argument 1 from ‘[01m[K<brace-enclosed initializer list>[m[K’ to ‘[01m[Krosidl_runtime_cpp::MessageInitialization[m[K’
[1.873s]    36 |   explicit Num_([01;36m[Krosidl_runtime_cpp::MessageInitialization _init = rosidl_runtime_cpp::MessageInitialization::ALL[m[K)
[1.873s]       |                 [01;36m[K~~~~~~~~~~~~~~~~~~~~~~~~~~~~~~~~~~~~~~~~~~^~~~~~~~~~~~~~~~~~~~~~~~~~~~~~~~~~~~~~~~~~~~~~~~~~~~~~[m[K
[1.873s] [01m[K/home/mahek/ros2_ws/install/tutorial_interfaces/include/tutorial_interfaces/tutorial_interfaces/msg/detail/num__struct.hpp:32:8:[m[K [01;36m[Knote: [m[Kcandidate: ‘[01m[Ktutorial_interfaces::msg::Num_<std::allocator<void> >::Num_(const tutorial_interfaces::msg::Num_<std::allocator<void> >&)[m[K’
[1.873s]    32 | struct [01;36m[KNum_[m[K
[1.873s]       |        [01;36m[K^~~~[m[K
[1.873s] [01m[K/home/mahek/ros2_ws/install/tutorial_interfaces/include/tutorial_interfaces/tutorial_interfaces/msg/detail/num__struct.hpp:32:8:[m[K [01;36m[Knote: [m[K  no known conversion for argument 1 from ‘[01m[K<brace-enclosed initializer list>[m[K’ to ‘[01m[Kconst tutorial_interfaces::msg::Num_<std::allocator<void> >&[m[K’
[1.873s] [01m[K/home/mahek/ros2_ws/install/tutorial_interfaces/include/tutorial_interfaces/tutorial_interfaces/msg/detail/num__struct.hpp:32:8:[m[K [01;36m[Knote: [m[Kcandidate: ‘[01m[Ktutorial_interfaces::msg::Num_<std::allocator<void> >::Num_(tutorial_interfaces::msg::Num_<std::allocator<void> >&&)[m[K’
[1.873s] [01m[K/home/mahek/ros2_ws/install/tutorial_interfaces/include/tutorial_interfaces/tutorial_interfaces/msg/detail/num__struct.hpp:32:8:[m[K [01;36m[Knote: [m[K  no known conversion for argument 1 from ‘[01m[K<brace-enclosed initializer list>[m[K’ to ‘[01m[Ktutorial_interfaces::msg::Num_<std::allocator<void> >&&[m[K’
[3.416s] gmake[2]: *** [CMakeFiles/bill_display_node.dir/build.make:76: CMakeFiles/bill_display_node.dir/src/bill_display_node.cpp.o] Error 1
[3.416s] gmake[1]: *** [CMakeFiles/Makefile2:193: CMakeFiles/bill_display_node.dir/all] Error 2
[3.416s] gmake: *** [Makefile:146: all] Error 2
[3.418s] Invoked command in '/home/mahek/ros2_ws/build/my_cashier_system' returned '2': CMAKE_PREFIX_PATH=/home/mahek/ros2_ws/install/tutorial_interfaces:/home/mahek/ros2_ws/install/my_cashier_system:/home/mahek/ros2_ws/install/my_package:/home/mahek/ros2_ws/install/cpp_pubsub:/home/mahek/ros2_ws/install/cpp:/home/mahek/ros2_ws/install/my_robot_controller:/opt/ros/humble /usr/bin/cmake --build /home/mahek/ros2_ws/build/my_cashier_system -- -j12 -l12
