[0.008s] Invoking command in '/home/mahek/ros2_ws/src/build/my_cashier_system': AMENT_PREFIX_PATH=/home/mahek/ros2_ws/src/install/tutorial_interfaces:${AMENT_PREFIX_PATH} CMAKE_PREFIX_PATH=/home/mahek/ros2_ws/src/install/tutorial_interfaces:/home/mahek/ros2_ws/install/my_cashier_system:/home/mahek/ros2_ws/install/tutorial_interfaces:/home/mahek/ros2_ws/install/my_package:/home/mahek/ros2_ws/install/cpp_pubsub:/home/mahek/ros2_ws/install/cpp:/home/mahek/ros2_ws/install/my_robot_controller:/opt/ros/humble LD_LIBRARY_PATH=/home/mahek/ros2_ws/src/install/tutorial_interfaces/lib:${LD_LIBRARY_PATH} PYTHONPATH=/home/mahek/ros2_ws/src/install/tutorial_interfaces/local/lib/python3.10/dist-packages:${PYTHONPATH} /usr/bin/cmake /home/mahek/ros2_ws/src/my_cashier_system -DCMAKE_INSTALL_PREFIX=/home/mahek/ros2_ws/src/install/my_cashier_system
[0.062s] -- The C compiler identification is GNU 11.4.0
[0.120s] -- The CXX compiler identification is GNU 11.4.0
[0.127s] -- Detecting C compiler ABI info
[0.206s] -- Detecting C compiler ABI info - done
[0.218s] -- Check for working C compiler: /usr/bin/cc - skipped
[0.218s] -- Detecting C compile features
[0.219s] -- Detecting C compile features - done
[0.223s] -- Detecting CXX compiler ABI info
[0.302s] -- Detecting CXX compiler ABI info - done
[0.309s] -- Check for working CXX compiler: /usr/bin/c++ - skipped
[0.309s] -- Detecting CXX compile features
[0.309s] -- Detecting CXX compile features - done
[0.310s] -- Found ament_cmake: 1.3.10 (/opt/ros/humble/share/ament_cmake/cmake)
[0.432s] -- Found Python3: /usr/bin/python3 (found version "3.10.12") found components: Interpreter 
[0.511s] -- Found rclcpp: 16.0.10 (/opt/ros/humble/share/rclcpp/cmake)
[0.553s] -- Found rosidl_generator_c: 3.1.5 (/opt/ros/humble/share/rosidl_generator_c/cmake)
[0.556s] -- Found rosidl_adapter: 3.1.5 (/opt/ros/humble/share/rosidl_adapter/cmake)
[0.561s] -- Found rosidl_generator_cpp: 3.1.5 (/opt/ros/humble/share/rosidl_generator_cpp/cmake)
[0.569s] -- Using all available rosidl_typesupport_c: rosidl_typesupport_fastrtps_c;rosidl_typesupport_introspection_c
[0.580s] -- Using all available rosidl_typesupport_cpp: rosidl_typesupport_fastrtps_cpp;rosidl_typesupport_introspection_cpp
[0.614s] -- Found rmw_implementation_cmake: 6.1.2 (/opt/ros/humble/share/rmw_implementation_cmake/cmake)
[0.617s] -- Found rmw_fastrtps_cpp: 6.2.7 (/opt/ros/humble/share/rmw_fastrtps_cpp/cmake)
[0.707s] -- Found OpenSSL: /usr/lib/x86_64-linux-gnu/libcrypto.so (found version "3.0.2")  
[0.730s] -- Found FastRTPS: /opt/ros/humble/include  
[0.768s] -- Using RMW implementation 'rmw_fastrtps_cpp' as default
[0.776s] -- Looking for pthread.h
[0.860s] -- Looking for pthread.h - found
[0.861s] -- Performing Test CMAKE_HAVE_LIBC_PTHREAD
[0.936s] -- Performing Test CMAKE_HAVE_LIBC_PTHREAD - Success
[0.938s] -- Found Threads: TRUE  
[0.985s] -- Found tutorial_interfaces: 0.0.0 (/home/mahek/ros2_ws/src/install/tutorial_interfaces/share/tutorial_interfaces/cmake)
[1.006s] -- Found ament_lint_auto: 0.12.11 (/opt/ros/humble/share/ament_lint_auto/cmake)
[1.059s] -- Added test 'cppcheck' to perform static code analysis on C / C++ code
[1.059s] -- Configured cppcheck include dirs: 
[1.059s] -- Configured cppcheck exclude dirs and/or files: 
[1.060s] -- Added test 'lint_cmake' to check CMake code style
[1.060s] -- Added test 'uncrustify' to check C / C++ code style
[1.061s] -- Configured uncrustify additional arguments: 
[1.061s] -- Added test 'xmllint' to check XML markup files
[1.062s] -- Configuring done
[1.072s] -- Generating done
[1.077s] -- Build files have been written to: /home/mahek/ros2_ws/src/build/my_cashier_system
[1.085s] Invoked command in '/home/mahek/ros2_ws/src/build/my_cashier_system' returned '0': AMENT_PREFIX_PATH=/home/mahek/ros2_ws/src/install/tutorial_interfaces:${AMENT_PREFIX_PATH} CMAKE_PREFIX_PATH=/home/mahek/ros2_ws/src/install/tutorial_interfaces:/home/mahek/ros2_ws/install/my_cashier_system:/home/mahek/ros2_ws/install/tutorial_interfaces:/home/mahek/ros2_ws/install/my_package:/home/mahek/ros2_ws/install/cpp_pubsub:/home/mahek/ros2_ws/install/cpp:/home/mahek/ros2_ws/install/my_robot_controller:/opt/ros/humble LD_LIBRARY_PATH=/home/mahek/ros2_ws/src/install/tutorial_interfaces/lib:${LD_LIBRARY_PATH} PYTHONPATH=/home/mahek/ros2_ws/src/install/tutorial_interfaces/local/lib/python3.10/dist-packages:${PYTHONPATH} /usr/bin/cmake /home/mahek/ros2_ws/src/my_cashier_system -DCMAKE_INSTALL_PREFIX=/home/mahek/ros2_ws/src/install/my_cashier_system
[1.086s] Invoking command in '/home/mahek/ros2_ws/src/build/my_cashier_system': AMENT_PREFIX_PATH=/home/mahek/ros2_ws/src/install/tutorial_interfaces:${AMENT_PREFIX_PATH} CMAKE_PREFIX_PATH=/home/mahek/ros2_ws/src/install/tutorial_interfaces:/home/mahek/ros2_ws/install/my_cashier_system:/home/mahek/ros2_ws/install/tutorial_interfaces:/home/mahek/ros2_ws/install/my_package:/home/mahek/ros2_ws/install/cpp_pubsub:/home/mahek/ros2_ws/install/cpp:/home/mahek/ros2_ws/install/my_robot_controller:/opt/ros/humble LD_LIBRARY_PATH=/home/mahek/ros2_ws/src/install/tutorial_interfaces/lib:${LD_LIBRARY_PATH} PYTHONPATH=/home/mahek/ros2_ws/src/install/tutorial_interfaces/local/lib/python3.10/dist-packages:${PYTHONPATH} /usr/bin/cmake --build /home/mahek/ros2_ws/src/build/my_cashier_system -- -j12 -l12
[1.140s] [ 12%] [32mBuilding CXX object CMakeFiles/bill_subscriber_node.dir/src/bill_subscriber_node.cpp.o[0m
[1.145s] [ 25%] [32mBuilding CXX object CMakeFiles/bill_publisher_node.dir/src/bill_publish_node.cpp.o[0m
[1.146s] [ 50%] [32mBuilding CXX object CMakeFiles/server.dir/src/bill_subscriber_node.cpp.o[0m
[1.147s] [ 50%] [32mBuilding CXX object CMakeFiles/bill_display_node.dir/src/bill_display_node.cpp.o[0m
[1.276s] [01m[K/home/mahek/ros2_ws/src/my_cashier_system/src/bill_subscriber_node.cpp:2:10:[m[K [01;31m[Kfatal error: [m[Ktutorial_interfaces/srv/get_system_state.hpp: No such file or directory
[1.276s]     2 | #include [01;31m[K<tutorial_interfaces/srv/get_system_state.hpp>[m[K // Custom service for system state
[1.276s]       |          [01;31m[K^~~~~~~~~~~~~~~~~~~~~~~~~~~~~~~~~~~~~~~~~~~~~~[m[K
[1.276s] compilation terminated.
[1.282s] gmake[2]: *** [CMakeFiles/bill_subscriber_node.dir/build.make:76: CMakeFiles/bill_subscriber_node.dir/src/bill_subscriber_node.cpp.o] Error 1
[1.282s] gmake[1]: *** [CMakeFiles/Makefile2:169: CMakeFiles/bill_subscriber_node.dir/all] Error 2
[1.282s] gmake[1]: *** Waiting for unfinished jobs....
[1.339s] [01m[K/home/mahek/ros2_ws/src/my_cashier_system/src/bill_subscriber_node.cpp:2:10:[m[K [01;31m[Kfatal error: [m[Ktutorial_interfaces/srv/get_system_state.hpp: No such file or directory
[1.339s]     2 | #include [01;31m[K<tutorial_interfaces/srv/get_system_state.hpp>[m[K // Custom service for system state
[1.339s]       |          [01;31m[K^~~~~~~~~~~~~~~~~~~~~~~~~~~~~~~~~~~~~~~~~~~~~~[m[K
[1.340s] compilation terminated.
[1.341s] gmake[2]: *** [CMakeFiles/server.dir/build.make:76: CMakeFiles/server.dir/src/bill_subscriber_node.cpp.o] Error 1
[1.341s] gmake[1]: *** [CMakeFiles/Makefile2:221: CMakeFiles/server.dir/all] Error 2
[1.378s] [01m[K/home/mahek/ros2_ws/src/my_cashier_system/src/bill_display_node.cpp:4:10:[m[K [01;31m[Kfatal error: [m[Ktutorial_interfaces/srv/get_system_state.hpp: No such file or directory
[1.378s]     4 | #include [01;31m[K<tutorial_interfaces/srv/get_system_state.hpp>[m[K // Service definition
[1.378s]       |          [01;31m[K^~~~~~~~~~~~~~~~~~~~~~~~~~~~~~~~~~~~~~~~~~~~~~[m[K
[1.378s] compilation terminated.
[1.381s] gmake[2]: *** [CMakeFiles/bill_display_node.dir/build.make:76: CMakeFiles/bill_display_node.dir/src/bill_display_node.cpp.o] Error 1
[1.381s] gmake[1]: *** [CMakeFiles/Makefile2:195: CMakeFiles/bill_display_node.dir/all] Error 2
[3.815s] [ 62%] [32m[1mLinking CXX executable bill_publisher_node[0m
[3.969s] [ 62%] Built target bill_publisher_node
[3.970s] gmake: *** [Makefile:146: all] Error 2
[3.972s] Invoked command in '/home/mahek/ros2_ws/src/build/my_cashier_system' returned '2': AMENT_PREFIX_PATH=/home/mahek/ros2_ws/src/install/tutorial_interfaces:${AMENT_PREFIX_PATH} CMAKE_PREFIX_PATH=/home/mahek/ros2_ws/src/install/tutorial_interfaces:/home/mahek/ros2_ws/install/my_cashier_system:/home/mahek/ros2_ws/install/tutorial_interfaces:/home/mahek/ros2_ws/install/my_package:/home/mahek/ros2_ws/install/cpp_pubsub:/home/mahek/ros2_ws/install/cpp:/home/mahek/ros2_ws/install/my_robot_controller:/opt/ros/humble LD_LIBRARY_PATH=/home/mahek/ros2_ws/src/install/tutorial_interfaces/lib:${LD_LIBRARY_PATH} PYTHONPATH=/home/mahek/ros2_ws/src/install/tutorial_interfaces/local/lib/python3.10/dist-packages:${PYTHONPATH} /usr/bin/cmake --build /home/mahek/ros2_ws/src/build/my_cashier_system -- -j12 -l12
