[0.034s] Invoking command in '/home/mahek/ros2_ws/build/examples_rclcpp_minimal_composition': CMAKE_PREFIX_PATH=/opt/ros/humble /usr/bin/cmake /home/mahek/ros2_ws/src/examples/rclcpp/composition/minimal_composition -DAMENT_CMAKE_SYMLINK_INSTALL=1 -DCMAKE_INSTALL_PREFIX=/home/mahek/ros2_ws/install/examples_rclcpp_minimal_composition
[0.152s] -- The C compiler identification is GNU 11.4.0
[0.252s] -- The CXX compiler identification is GNU 11.4.0
[0.262s] -- Detecting C compiler ABI info
[0.352s] -- Detecting C compiler ABI info - done
[0.364s] -- Check for working C compiler: /usr/bin/cc - skipped
[0.364s] -- Detecting C compile features
[0.367s] -- Detecting C compile features - done
[0.369s] -- Detecting CXX compiler ABI info
[0.458s] -- Detecting CXX compiler ABI info - done
[0.468s] -- Check for working CXX compiler: /usr/bin/c++ - skipped
[0.469s] -- Detecting CXX compile features
[0.469s] -- Detecting CXX compile features - done
[0.472s] -- Found ament_cmake: 1.3.10 (/opt/ros/humble/share/ament_cmake/cmake)
[0.693s] -- Found Python3: /usr/bin/python3 (found version "3.10.12") found components: Interpreter 
[0.775s] -- Override CMake install command with custom implementation using symlinks instead of copying resources
[0.794s] -- Found rclcpp: 16.0.10 (/opt/ros/humble/share/rclcpp/cmake)
[0.824s] -- Found rosidl_generator_c: 3.1.5 (/opt/ros/humble/share/rosidl_generator_c/cmake)
[0.828s] -- Found rosidl_adapter: 3.1.5 (/opt/ros/humble/share/rosidl_adapter/cmake)
[0.835s] -- Found rosidl_generator_cpp: 3.1.5 (/opt/ros/humble/share/rosidl_generator_cpp/cmake)
[0.847s] -- Using all available rosidl_typesupport_c: rosidl_typesupport_fastrtps_c;rosidl_typesupport_introspection_c
[0.862s] -- Using all available rosidl_typesupport_cpp: rosidl_typesupport_fastrtps_cpp;rosidl_typesupport_introspection_cpp
[0.903s] -- Found rmw_implementation_cmake: 6.1.2 (/opt/ros/humble/share/rmw_implementation_cmake/cmake)
[0.904s] -- Found rmw_fastrtps_cpp: 6.2.7 (/opt/ros/humble/share/rmw_fastrtps_cpp/cmake)
[0.989s] -- Found OpenSSL: /usr/lib/x86_64-linux-gnu/libcrypto.so (found version "3.0.2")  
[1.016s] -- Found FastRTPS: /opt/ros/humble/include  
[1.053s] -- Using RMW implementation 'rmw_fastrtps_cpp' as default
[1.064s] -- Looking for pthread.h
[1.164s] -- Looking for pthread.h - found
[1.164s] -- Performing Test CMAKE_HAVE_LIBC_PTHREAD
[1.250s] -- Performing Test CMAKE_HAVE_LIBC_PTHREAD - Success
[1.253s] -- Found Threads: TRUE  
[1.316s] -- Found rclcpp_components: 16.0.10 (/opt/ros/humble/share/rclcpp_components/cmake)
[1.363s] -- Found ament_lint_auto: 0.12.11 (/opt/ros/humble/share/ament_lint_auto/cmake)
[1.490s] -- Added test 'copyright' to check source files copyright and LICENSE
[1.496s] -- Added test 'cppcheck' to perform static code analysis on C / C++ code
[1.496s] -- Configured cppcheck include dirs: /home/mahek/ros2_ws/src/examples/rclcpp/composition/minimal_composition/include
[1.496s] -- Configured cppcheck exclude dirs and/or files: 
[1.496s] -- Added test 'cpplint' to check C / C++ code against the Google style
[1.496s] -- Configured cpplint exclude dirs and/or files: 
[1.497s] -- Added test 'lint_cmake' to check CMake code style
[1.497s] -- Added test 'uncrustify' to check C / C++ code style
[1.497s] -- Configured uncrustify additional arguments: 
[1.497s] -- Added test 'xmllint' to check XML markup files
[1.497s] -- Configuring done
[1.520s] -- Generating done
[1.520s] -- Build files have been written to: /home/mahek/ros2_ws/build/examples_rclcpp_minimal_composition
[1.537s] Invoked command in '/home/mahek/ros2_ws/build/examples_rclcpp_minimal_composition' returned '0': CMAKE_PREFIX_PATH=/opt/ros/humble /usr/bin/cmake /home/mahek/ros2_ws/src/examples/rclcpp/composition/minimal_composition -DAMENT_CMAKE_SYMLINK_INSTALL=1 -DCMAKE_INSTALL_PREFIX=/home/mahek/ros2_ws/install/examples_rclcpp_minimal_composition
[1.537s] Invoking command in '/home/mahek/ros2_ws/build/examples_rclcpp_minimal_composition': CMAKE_PREFIX_PATH=/opt/ros/humble /usr/bin/cmake --build /home/mahek/ros2_ws/build/examples_rclcpp_minimal_composition -- -j12 -l12
[1.678s] [ 11%] [32mBuilding CXX object CMakeFiles/composition_nodes.dir/src/publisher_node.cpp.o[0m
[1.678s] [ 22%] [32mBuilding CXX object CMakeFiles/composition_nodes.dir/src/subscriber_node.cpp.o[0m
