-- Found ament_cmake: 1.3.10 (/opt/ros/humble/share/ament_cmake/cmake)
-- Found rclcpp: 16.0.10 (/opt/ros/humble/share/rclcpp/cmake)
-- Found rosidl_generator_c: 3.1.5 (/opt/ros/humble/share/rosidl_generator_c/cmake)
-- Found rosidl_adapter: 3.1.5 (/opt/ros/humble/share/rosidl_adapter/cmake)
-- Found rosidl_generator_cpp: 3.1.5 (/opt/ros/humble/share/rosidl_generator_cpp/cmake)
-- Using all available rosidl_typesupport_c: rosidl_typesupport_fastrtps_c;rosidl_typesupport_introspection_c
-- Using all available rosidl_typesupport_cpp: rosidl_typesupport_fastrtps_cpp;rosidl_typesupport_introspection_cpp
-- Found rmw_implementation_cmake: 6.1.2 (/opt/ros/humble/share/rmw_implementation_cmake/cmake)
-- Found rmw_fastrtps_cpp: 6.2.7 (/opt/ros/humble/share/rmw_fastrtps_cpp/cmake)
-- Using RMW implementation 'rmw_fastrtps_cpp' as default
-- Found std_srvs: 4.2.4 (/opt/ros/humble/share/std_srvs/cmake)
-- Found tutorial_interfaces: 0.0.0 (/home/mahek/ros2_ws/install/tutorial_interfaces/share/tutorial_interfaces/cmake)
-- Found ament_lint_auto: 0.12.11 (/opt/ros/humble/share/ament_lint_auto/cmake)
-- Added test 'cppcheck' to perform static code analysis on C / C++ code
-- Configured cppcheck include dirs: /home/mahek/ros2_ws/src/my_cashier_system/include
-- Configured cppcheck exclude dirs and/or files: 
-- Added test 'lint_cmake' to check CMake code style
-- Added test 'uncrustify' to check C / C++ code style
-- Configured uncrustify additional arguments: 
-- Added test 'xmllint' to check XML markup files
-- Configuring done
-- Generating done
-- Build files have been written to: /home/mahek/ros2_ws/build/my_cashier_system
[ 16%] [32mBuilding CXX object CMakeFiles/monitor_node.dir/src/bill_display_node.cpp.o[0m
[ 33%] [32mBuilding CXX object CMakeFiles/bill_publisher.dir/src/bill_publish_node.cpp.o[0m
[ 50%] [32mBuilding CXX object CMakeFiles/manager_node.dir/src/bill_subscriber_node.cpp.o[0m
In file included from [01m[K/opt/ros/humble/include/rclcpp/rclcpp/logging.hpp:24[m[K,
                 from [01m[K/opt/ros/humble/include/rclcpp/rclcpp/client.hpp:40[m[K,
                 from [01m[K/opt/ros/humble/include/rclcpp/rclcpp/callback_group.hpp:24[m[K,
                 from [01m[K/opt/ros/humble/include/rclcpp/rclcpp/any_executable.hpp:20[m[K,
                 from [01m[K/opt/ros/humble/include/rclcpp/rclcpp/memory_strategy.hpp:25[m[K,
                 from [01m[K/opt/ros/humble/include/rclcpp/rclcpp/memory_strategies.hpp:18[m[K,
                 from [01m[K/opt/ros/humble/include/rclcpp/rclcpp/executor_options.hpp:20[m[K,
                 from [01m[K/opt/ros/humble/include/rclcpp/rclcpp/executor.hpp:37[m[K,
                 from [01m[K/opt/ros/humble/include/rclcpp/rclcpp/executors/multi_threaded_executor.hpp:25[m[K,
                 from [01m[K/opt/ros/humble/include/rclcpp/rclcpp/executors.hpp:21[m[K,
                 from [01m[K/opt/ros/humble/include/rclcpp/rclcpp/rclcpp.hpp:155[m[K,
                 from [01m[K/home/mahek/ros2_ws/src/my_cashier_system/src/bill_display_node.cpp:1[m[K:
[01m[K/home/mahek/ros2_ws/src/my_cashier_system/src/bill_display_node.cpp:[m[K In member function ‘[01m[Kvoid MonitorNode::print_status()[m[K’:
[01m[K/home/mahek/ros2_ws/src/my_cashier_system/src/bill_display_node.cpp:50:29:[m[K [01;35m[Kwarning: [m[Kformat ‘[01m[K%d[m[K’ expects argument of type ‘[01m[Kint[m[K’, but argument 6 has type ‘[01m[Kdouble[m[K’ [[01;35m[K]8;;https://gcc.gnu.org/onlinedocs/gcc/Warning-Options.html#index-Wformat=-Wformat=]8;;[m[K]
   50 |                             [01;35m[K"Last Bill - Number: %d, Quantity: %d, Total: %.2f"[m[K,
      |                             [01;35m[K^~~~~~~~~~~~~~~~~~~~~~~~~~~~~~~~~~~~~~~~~~~~~~~~~~~[m[K
   51 |                             last_bill_.bill_number, [32m[Klast_bill_.quantity[m[K, last_bill_.total);
      |                                                     [32m[K~~~~~~~~~~~~~~~~~~~[m[K
      |                                                                [32m[K|[m[K
      |                                                                [32m[Kdouble[m[K
[01m[K/home/mahek/ros2_ws/src/my_cashier_system/src/bill_display_node.cpp:50:65:[m[K [01;36m[Knote: [m[Kformat string is defined here
   50 |                             "Last Bill - Number: %d, Quantity: [01;36m[K%d[m[K, Total: %.2f",
      |                                                                [01;36m[K~^[m[K
      |                                                                 [01;36m[K|[m[K
      |                                                                 [01;36m[Kint[m[K
      |                                                                [32m[K%f[m[K
In file included from [01m[K/opt/ros/humble/include/rclcpp/rclcpp/logging.hpp:24[m[K,
                 from [01m[K/opt/ros/humble/include/rclcpp/rclcpp/client.hpp:40[m[K,
                 from [01m[K/opt/ros/humble/include/rclcpp/rclcpp/callback_group.hpp:24[m[K,
                 from [01m[K/opt/ros/humble/include/rclcpp/rclcpp/any_executable.hpp:20[m[K,
                 from [01m[K/opt/ros/humble/include/rclcpp/rclcpp/memory_strategy.hpp:25[m[K,
                 from [01m[K/opt/ros/humble/include/rclcpp/rclcpp/memory_strategies.hpp:18[m[K,
                 from [01m[K/opt/ros/humble/include/rclcpp/rclcpp/executor_options.hpp:20[m[K,
                 from [01m[K/opt/ros/humble/include/rclcpp/rclcpp/executor.hpp:37[m[K,
                 from [01m[K/opt/ros/humble/include/rclcpp/rclcpp/executors/multi_threaded_executor.hpp:25[m[K,
                 from [01m[K/opt/ros/humble/include/rclcpp/rclcpp/executors.hpp:21[m[K,
                 from [01m[K/opt/ros/humble/include/rclcpp/rclcpp/rclcpp.hpp:155[m[K,
                 from [01m[K/home/mahek/ros2_ws/src/my_cashier_system/src/bill_subscriber_node.cpp:1[m[K:
[01m[K/home/mahek/ros2_ws/src/my_cashier_system/src/bill_subscriber_node.cpp:[m[K In member function ‘[01m[Kvoid ManagerNode::bill_callback(tutorial_interfaces::msg::Bill_<std::allocator<void> >::SharedPtr)[m[K’:
[01m[K/home/mahek/ros2_ws/src/my_cashier_system/src/bill_subscriber_node.cpp:49:21:[m[K [01;35m[Kwarning: [m[Kformat ‘[01m[K%d[m[K’ expects argument of type ‘[01m[Kint[m[K’, but argument 7 has type ‘[01m[Kdouble[m[K’ [[01;35m[K]8;;https://gcc.gnu.org/onlinedocs/gcc/Warning-Options.html#index-Wformat=-Wformat=]8;;[m[K]
   49 |                     [01;35m[K"Processed Bill: Quantity: %.2f, Total: %.2f\nUpdated Inventory: %d -> %d\nUpdated Income: %.2f -> %.2f"[m[K,
      |                     [01;35m[K^~~~~~~~~~~~~~~~~~~~~~~~~~~~~~~~~~~~~~~~~~~~~~~~~~~~~~~~~~~~~~~~~~~~~~~~~~~~~~~~~~~~~~~~~~~~~~~~~~~~~~~~[m[K
   50 |                     msg->quantity, msg->total, [32m[Kinventory + msg->quantity[m[K, inventory, income - msg->total, income);
      |                                                [32m[K~~~~~~~~~~~~~~~~~~~~~~~~~[m[K
      |                                                          [32m[K|[m[K
      |                                                          [32m[Kdouble[m[K
[01m[K/home/mahek/ros2_ws/src/my_cashier_system/src/bill_subscriber_node.cpp:49:87:[m[K [01;36m[Knote: [m[Kformat string is defined here
   49 |                     "Processed Bill: Quantity: %.2f, Total: %.2f\nUpdated Inventory: [01;36m[K%d[m[K -> %d\nUpdated Income: %.2f -> %.2f",
      |                                                                                      [01;36m[K~^[m[K
      |                                                                                       [01;36m[K|[m[K
      |                                                                                       [01;36m[Kint[m[K
      |                                                                                      [32m[K%f[m[K
[ 66%] [32m[1mLinking CXX executable bill_publisher[0m
[ 66%] Built target bill_publisher
[ 83%] [32m[1mLinking CXX executable monitor_node[0m
[ 83%] Built target monitor_node
[100%] [32m[1mLinking CXX executable manager_node[0m
[100%] Built target manager_node
-- Install configuration: ""
-- Installing: /home/mahek/ros2_ws/install/my_cashier_system/lib/my_cashier_system/bill_publisher
-- Set runtime path of "/home/mahek/ros2_ws/install/my_cashier_system/lib/my_cashier_system/bill_publisher" to ""
-- Installing: /home/mahek/ros2_ws/install/my_cashier_system/lib/my_cashier_system/manager_node
-- Set runtime path of "/home/mahek/ros2_ws/install/my_cashier_system/lib/my_cashier_system/manager_node" to ""
-- Installing: /home/mahek/ros2_ws/install/my_cashier_system/lib/my_cashier_system/monitor_node
-- Set runtime path of "/home/mahek/ros2_ws/install/my_cashier_system/lib/my_cashier_system/monitor_node" to ""
-- Up-to-date: /home/mahek/ros2_ws/install/my_cashier_system/share/ament_index/resource_index/package_run_dependencies/my_cashier_system
-- Up-to-date: /home/mahek/ros2_ws/install/my_cashier_system/share/ament_index/resource_index/parent_prefix_path/my_cashier_system
-- Up-to-date: /home/mahek/ros2_ws/install/my_cashier_system/share/my_cashier_system/environment/ament_prefix_path.sh
-- Installing: /home/mahek/ros2_ws/install/my_cashier_system/share/my_cashier_system/environment/ament_prefix_path.dsv
-- Up-to-date: /home/mahek/ros2_ws/install/my_cashier_system/share/my_cashier_system/environment/path.sh
-- Installing: /home/mahek/ros2_ws/install/my_cashier_system/share/my_cashier_system/environment/path.dsv
-- Up-to-date: /home/mahek/ros2_ws/install/my_cashier_system/share/my_cashier_system/local_setup.bash
-- Up-to-date: /home/mahek/ros2_ws/install/my_cashier_system/share/my_cashier_system/local_setup.sh
-- Up-to-date: /home/mahek/ros2_ws/install/my_cashier_system/share/my_cashier_system/local_setup.zsh
-- Installing: /home/mahek/ros2_ws/install/my_cashier_system/share/my_cashier_system/local_setup.dsv
-- Installing: /home/mahek/ros2_ws/install/my_cashier_system/share/my_cashier_system/package.dsv
-- Up-to-date: /home/mahek/ros2_ws/install/my_cashier_system/share/ament_index/resource_index/packages/my_cashier_system
-- Up-to-date: /home/mahek/ros2_ws/install/my_cashier_system/share/my_cashier_system/cmake/my_cashier_systemConfig.cmake
-- Up-to-date: /home/mahek/ros2_ws/install/my_cashier_system/share/my_cashier_system/cmake/my_cashier_systemConfig-version.cmake
-- Installing: /home/mahek/ros2_ws/install/my_cashier_system/share/my_cashier_system/package.xml
