[0.008s] Invoking command in '/home/mahek/ros2_ws/build/my_cashier_system': CMAKE_PREFIX_PATH=/home/mahek/ros2_ws/install/tutorial_interfaces:/home/mahek/ros2_ws/install/my_cashier_system:/home/mahek/ros2_ws/install/my_package:/home/mahek/ros2_ws/install/cpp_pubsub:/home/mahek/ros2_ws/install/cpp:/home/mahek/ros2_ws/install/my_robot_controller:/opt/ros/humble /usr/bin/cmake --build /home/mahek/ros2_ws/build/my_cashier_system -- -j12 -l12
[0.056s] [35m[1mConsolidate compiler generated dependencies of target bill_display_node[0m
[0.059s] [35m[1mConsolidate compiler generated dependencies of target bill_subscriber_node[0m
[0.072s] [ 50%] [32mBuilding CXX object CMakeFiles/bill_display_node.dir/src/bill_display_node.cpp.o[0m
[0.073s] [ 50%] Built target bill_publisher_node
[0.075s] [ 66%] [32mBuilding CXX object CMakeFiles/bill_subscriber_node.dir/src/bill_subscriber_node.cpp.o[0m
[5.486s] [ 83%] [32m[1mLinking CXX executable bill_display_node[0m
[5.495s] [100%] [32m[1mLinking CXX executable bill_subscriber_node[0m
[5.776s] [100%] Built target bill_display_node
[5.784s] [100%] Built target bill_subscriber_node
[5.796s] Invoked command in '/home/mahek/ros2_ws/build/my_cashier_system' returned '0': CMAKE_PREFIX_PATH=/home/mahek/ros2_ws/install/tutorial_interfaces:/home/mahek/ros2_ws/install/my_cashier_system:/home/mahek/ros2_ws/install/my_package:/home/mahek/ros2_ws/install/cpp_pubsub:/home/mahek/ros2_ws/install/cpp:/home/mahek/ros2_ws/install/my_robot_controller:/opt/ros/humble /usr/bin/cmake --build /home/mahek/ros2_ws/build/my_cashier_system -- -j12 -l12
[5.797s] Invoking command in '/home/mahek/ros2_ws/build/my_cashier_system': CMAKE_PREFIX_PATH=/home/mahek/ros2_ws/install/tutorial_interfaces:/home/mahek/ros2_ws/install/my_cashier_system:/home/mahek/ros2_ws/install/my_package:/home/mahek/ros2_ws/install/cpp_pubsub:/home/mahek/ros2_ws/install/cpp:/home/mahek/ros2_ws/install/my_robot_controller:/opt/ros/humble /usr/bin/cmake --install /home/mahek/ros2_ws/build/my_cashier_system
[5.809s] -- Install configuration: ""
[5.809s] -- Up-to-date: /home/mahek/ros2_ws/install/my_cashier_system/lib/my_cashier_system/bill_publisher_node
[5.810s] -- Installing: /home/mahek/ros2_ws/install/my_cashier_system/lib/my_cashier_system/bill_subscriber_node
[5.814s] -- Set runtime path of "/home/mahek/ros2_ws/install/my_cashier_system/lib/my_cashier_system/bill_subscriber_node" to ""
[5.814s] -- Installing: /home/mahek/ros2_ws/install/my_cashier_system/lib/my_cashier_system/bill_display_node
[5.817s] -- Set runtime path of "/home/mahek/ros2_ws/install/my_cashier_system/lib/my_cashier_system/bill_display_node" to ""
[5.817s] -- Up-to-date: /home/mahek/ros2_ws/install/my_cashier_system/share/ament_index/resource_index/package_run_dependencies/my_cashier_system
[5.817s] -- Up-to-date: /home/mahek/ros2_ws/install/my_cashier_system/share/ament_index/resource_index/parent_prefix_path/my_cashier_system
[5.817s] -- Up-to-date: /home/mahek/ros2_ws/install/my_cashier_system/share/my_cashier_system/environment/ament_prefix_path.sh
[5.817s] -- Up-to-date: /home/mahek/ros2_ws/install/my_cashier_system/share/my_cashier_system/environment/ament_prefix_path.dsv
[5.817s] -- Up-to-date: /home/mahek/ros2_ws/install/my_cashier_system/share/my_cashier_system/environment/path.sh
[5.818s] -- Up-to-date: /home/mahek/ros2_ws/install/my_cashier_system/share/my_cashier_system/environment/path.dsv
[5.818s] -- Up-to-date: /home/mahek/ros2_ws/install/my_cashier_system/share/my_cashier_system/local_setup.bash
[5.818s] -- Up-to-date: /home/mahek/ros2_ws/install/my_cashier_system/share/my_cashier_system/local_setup.sh
[5.818s] -- Up-to-date: /home/mahek/ros2_ws/install/my_cashier_system/share/my_cashier_system/local_setup.zsh
[5.818s] -- Up-to-date: /home/mahek/ros2_ws/install/my_cashier_system/share/my_cashier_system/local_setup.dsv
[5.819s] -- Installing: /home/mahek/ros2_ws/install/my_cashier_system/share/my_cashier_system/package.dsv
[5.819s] -- Up-to-date: /home/mahek/ros2_ws/install/my_cashier_system/share/ament_index/resource_index/packages/my_cashier_system
[5.819s] -- Up-to-date: /home/mahek/ros2_ws/install/my_cashier_system/share/my_cashier_system/cmake/my_cashier_systemConfig.cmake
[5.819s] -- Up-to-date: /home/mahek/ros2_ws/install/my_cashier_system/share/my_cashier_system/cmake/my_cashier_systemConfig-version.cmake
[5.819s] -- Up-to-date: /home/mahek/ros2_ws/install/my_cashier_system/share/my_cashier_system/package.xml
[5.821s] Invoked command in '/home/mahek/ros2_ws/build/my_cashier_system' returned '0': CMAKE_PREFIX_PATH=/home/mahek/ros2_ws/install/tutorial_interfaces:/home/mahek/ros2_ws/install/my_cashier_system:/home/mahek/ros2_ws/install/my_package:/home/mahek/ros2_ws/install/cpp_pubsub:/home/mahek/ros2_ws/install/cpp:/home/mahek/ros2_ws/install/my_robot_controller:/opt/ros/humble /usr/bin/cmake --install /home/mahek/ros2_ws/build/my_cashier_system
