[0.010s] Invoking command in '/home/mahek/ros2_ws/build/my_cashier_system': /usr/bin/cmake --build /home/mahek/ros2_ws/build/my_cashier_system -- -j12 -l12
[0.038s] -- Found ament_cmake: 1.3.10 (/opt/ros/humble/share/ament_cmake/cmake)
[0.159s] -- Found rclcpp: 16.0.10 (/opt/ros/humble/share/rclcpp/cmake)
[0.182s] -- Found rosidl_generator_c: 3.1.5 (/opt/ros/humble/share/rosidl_generator_c/cmake)
[0.184s] -- Found rosidl_adapter: 3.1.5 (/opt/ros/humble/share/rosidl_adapter/cmake)
[0.188s] -- Found rosidl_generator_cpp: 3.1.5 (/opt/ros/humble/share/rosidl_generator_cpp/cmake)
[0.194s] -- Using all available rosidl_typesupport_c: rosidl_typesupport_fastrtps_c;rosidl_typesupport_introspection_c
[0.202s] -- Using all available rosidl_typesupport_cpp: rosidl_typesupport_fastrtps_cpp;rosidl_typesupport_introspection_cpp
[0.222s] -- Found rmw_implementation_cmake: 6.1.2 (/opt/ros/humble/share/rmw_implementation_cmake/cmake)
[0.223s] -- Found rmw_fastrtps_cpp: 6.2.7 (/opt/ros/humble/share/rmw_fastrtps_cpp/cmake)
[0.303s] -- Using RMW implementation 'rmw_fastrtps_cpp' as default
[0.346s] -- Found rosidl_default_generators: 1.2.0 (/opt/ros/humble/share/rosidl_default_generators/cmake)
[0.502s] [31mCMake Error at /opt/ros/humble/share/rosidl_adapter/cmake/rosidl_adapt_interfaces.cmake:59 (message):
[0.502s]   execute_process(/usr/bin/python3 -m rosidl_adapter --package-name
[0.502s]   my_cashier_system --arguments-file
[0.503s]   /home/mahek/ros2_ws/build/my_cashier_system/rosidl_adapter__arguments__my_cashier_system.json
[0.503s]   --output-dir
[0.503s]   /home/mahek/ros2_ws/build/my_cashier_system/rosidl_adapter/my_cashier_system
[0.503s]   --output-file
[0.503s]   /home/mahek/ros2_ws/build/my_cashier_system/rosidl_adapter/my_cashier_system.idls)
[0.503s]   returned error code 1:
[0.503s] 
[0.503s]   Traceback (most recent call last):
[0.503s] 
[0.503s]     File "/usr/lib/python3.10/runpy.py", line 196, in _run_module_as_main
[0.503s]       return _run_code(code, main_globals, None,
[0.503s]     File "/usr/lib/python3.10/runpy.py", line 86, in _run_code
[0.504s]       exec(code, run_globals)
[0.504s]     File "/opt/ros/humble/local/lib/python3.10/dist-packages/rosidl_adapter/__main__.py", line 19, in <module>
[0.504s]       sys.exit(main())
[0.504s]     File "/opt/ros/humble/local/lib/python3.10/dist-packages/rosidl_adapter/main.py", line 53, in main
[0.504s]       abs_idl_file = convert_to_idl(
[0.504s]     File "/opt/ros/humble/local/lib/python3.10/dist-packages/rosidl_adapter/__init__.py", line 19, in convert_to_idl
[0.504s]       return convert_msg_to_idl(
[0.504s]     File "/opt/ros/humble/local/lib/python3.10/dist-packages/rosidl_adapter/msg/__init__.py", line 28, in convert_msg_to_idl
[0.504s]       msg = parse_message_string(package_name, input_file.stem, content)
[0.504s]     File "/opt/ros/humble/local/lib/python3.10/dist-packages/rosidl_adapter/parser.py", line 544, in parse_message_string
[0.504s]       msg = MessageSpecification(pkg_name, msg_name, fields, constants)
[0.504s]     File "/opt/ros/humble/local/lib/python3.10/dist-packages/rosidl_adapter/parser.py", line 388, in __init__
[0.505s]       self.base_type = BaseType(
[0.505s]     File "/opt/ros/humble/local/lib/python3.10/dist-packages/rosidl_adapter/parser.py", line 205, in __init__
[0.505s]       raise InvalidResourceName(
[0.505s] 
[0.505s]   rosidl_adapter.parser.InvalidResourceName: 'bill' is an invalid message
[0.505s]   name.  It should have the pattern '^[A-Z][A-Za-z0-9]*$'
[0.505s] 
[0.505s] Call Stack (most recent call first):
[0.505s]   /opt/ros/humble/share/rosidl_cmake/cmake/rosidl_generate_interfaces.cmake:130 (rosidl_adapt_interfaces)
[0.505s]   CMakeLists.txt:14 (rosidl_generate_interfaces)
[0.505s] 
[0.505s] [0m
[0.505s] -- Configuring incomplete, errors occurred!
[0.506s] See also "/home/mahek/ros2_ws/build/my_cashier_system/CMakeFiles/CMakeOutput.log".
[0.508s] gmake: *** [Makefile:226: cmake_check_build_system] Error 1
[0.510s] Invoked command in '/home/mahek/ros2_ws/build/my_cashier_system' returned '2': /usr/bin/cmake --build /home/mahek/ros2_ws/build/my_cashier_system -- -j12 -l12
