[0.011s] Invoking command in '/home/mahek/ros2_ws/build/my_cashier_system': CMAKE_PREFIX_PATH=${CMAKE_PREFIX_PATH}:/home/mahek/ros2_ws/install/my_robot_controller:/opt/ros/humble /usr/bin/cmake --build /home/mahek/ros2_ws/build/my_cashier_system -- -j12 -l12
[0.032s] -- Found ament_cmake: 1.3.10 (/opt/ros/humble/share/ament_cmake/cmake)
[0.132s] -- Found rclcpp: 16.0.10 (/opt/ros/humble/share/rclcpp/cmake)
[0.150s] -- Found rosidl_generator_c: 3.1.5 (/opt/ros/humble/share/rosidl_generator_c/cmake)
[0.151s] -- Found rosidl_adapter: 3.1.5 (/opt/ros/humble/share/rosidl_adapter/cmake)
[0.155s] -- Found rosidl_generator_cpp: 3.1.5 (/opt/ros/humble/share/rosidl_generator_cpp/cmake)
[0.161s] -- Using all available rosidl_typesupport_c: rosidl_typesupport_fastrtps_c;rosidl_typesupport_introspection_c
[0.169s] -- Using all available rosidl_typesupport_cpp: rosidl_typesupport_fastrtps_cpp;rosidl_typesupport_introspection_cpp
[0.190s] -- Found rmw_implementation_cmake: 6.1.2 (/opt/ros/humble/share/rmw_implementation_cmake/cmake)
[0.191s] -- Found rmw_fastrtps_cpp: 6.2.7 (/opt/ros/humble/share/rmw_fastrtps_cpp/cmake)
[0.274s] -- Using RMW implementation 'rmw_fastrtps_cpp' as default
[0.305s] -- Found my_cashier_system: 0.0.0 (/home/mahek/ros2_ws/install/my_cashier_system/share/my_cashier_system/cmake)
[0.307s] -- Found ament_lint_auto: 0.12.11 (/opt/ros/humble/share/ament_lint_auto/cmake)
[0.353s] -- Added test 'cppcheck' to perform static code analysis on C / C++ code
[0.354s] -- Configured cppcheck include dirs: 
[0.354s] -- Configured cppcheck exclude dirs and/or files: 
[0.354s] -- Added test 'lint_cmake' to check CMake code style
[0.354s] -- Added test 'uncrustify' to check C / C++ code style
[0.354s] -- Configured uncrustify additional arguments: 
[0.354s] -- Added test 'xmllint' to check XML markup files
[0.355s] -- Configuring done
[0.363s] -- Generating done
[0.367s] -- Build files have been written to: /home/mahek/ros2_ws/build/my_cashier_system
[0.405s] [ 16%] [32mBuilding CXX object CMakeFiles/monitor.dir/src/bill_display_node.cpp.o[0m
[0.405s] [ 33%] [32mBuilding CXX object CMakeFiles/inventory.dir/src/inventory_add_node.cpp.o[0m
[0.405s] [ 50%] [32mBuilding CXX object CMakeFiles/bill.dir/src/bill_publish_node.cpp.o[0m
[0.443s] [ 66%] [32m[1mLinking CXX executable monitor[0m
[0.444s] [100%] [32m[1mLinking CXX executable bill[0m
[0.444s] [100%] [32m[1mLinking CXX executable inventory[0m
[0.515s] /usr/bin/ld: /usr/lib/gcc/x86_64-linux-gnu/11/../../../x86_64-linux-gnu/Scrt1.o: in function `_start':
[0.515s] (.text+0x1b): undefined reference to `main'
[0.516s] collect2: error: ld returned 1 exit status
[0.517s] gmake[2]: *** [CMakeFiles/inventory.dir/build.make:159: inventory] Error 1
[0.517s] gmake[1]: *** [CMakeFiles/Makefile2:167: CMakeFiles/inventory.dir/all] Error 2
[0.517s] gmake[1]: *** Waiting for unfinished jobs....
[0.525s] /usr/bin/ld: /usr/lib/gcc/x86_64-linux-gnu/11/../../../x86_64-linux-gnu/Scrt1.o: in function `_start':
[0.526s] (.text+0x1b): undefined reference to `main'
[0.527s] collect2: error: ld returned 1 exit status
[0.529s] gmake[2]: *** [CMakeFiles/bill.dir/build.make:159: bill] Error 1
[0.529s] gmake[1]: *** [CMakeFiles/Makefile2:141: CMakeFiles/bill.dir/all] Error 2
[0.530s] /usr/bin/ld: /usr/lib/gcc/x86_64-linux-gnu/11/../../../x86_64-linux-gnu/Scrt1.o: in function `_start':
[0.530s] (.text+0x1b): undefined reference to `main'
[0.532s] collect2: error: ld returned 1 exit status
[0.533s] gmake[2]: *** [CMakeFiles/monitor.dir/build.make:159: monitor] Error 1
[0.533s] gmake[1]: *** [CMakeFiles/Makefile2:193: CMakeFiles/monitor.dir/all] Error 2
[0.533s] gmake: *** [Makefile:146: all] Error 2
[0.536s] Invoked command in '/home/mahek/ros2_ws/build/my_cashier_system' returned '2': CMAKE_PREFIX_PATH=${CMAKE_PREFIX_PATH}:/home/mahek/ros2_ws/install/my_robot_controller:/opt/ros/humble /usr/bin/cmake --build /home/mahek/ros2_ws/build/my_cashier_system -- -j12 -l12
