[0.068s] DEBUG:colcon:Command line arguments: ['/usr/bin/colcon', 'build']
[0.068s] DEBUG:colcon:Parsed command line arguments: Namespace(log_base=None, log_level=None, verb_name='build', build_base='build', install_base='install', merge_install=False, symlink_install=False, test_result_base=None, continue_on_error=False, executor='parallel', parallel_workers=12, event_handlers=None, ignore_user_meta=False, metas=['./colcon.meta'], base_paths=['.'], packages_ignore=None, packages_ignore_regex=None, paths=None, packages_up_to=None, packages_up_to_regex=None, packages_above=None, packages_above_and_dependencies=None, packages_above_depth=None, packages_select_by_dep=None, packages_skip_by_dep=None, packages_skip_up_to=None, packages_select_build_failed=False, packages_skip_build_finished=False, packages_select_test_failures=False, packages_skip_test_passed=False, packages_select=None, packages_skip=None, packages_select_regex=None, packages_skip_regex=None, packages_start=None, packages_end=None, allow_overriding=[], cmake_args=None, cmake_target=None, cmake_target_skip_unavailable=False, cmake_clean_cache=False, cmake_clean_first=False, cmake_force_configure=False, ament_cmake_args=None, catkin_cmake_args=None, catkin_skip_building_tests=False, mixin_files=None, mixin=None, verb_parser=<colcon_mixin.mixin.mixin_argument.MixinArgumentDecorator object at 0x71332e14a050>, verb_extension=<colcon_core.verb.build.BuildVerb object at 0x71332e149a80>, main=<bound method BuildVerb.main of <colcon_core.verb.build.BuildVerb object at 0x71332e149a80>>, mixin_verb=('build',))
[0.163s] Level 1:colcon.colcon_core.package_discovery:discover_packages(colcon_meta) check parameters
[0.164s] Level 1:colcon.colcon_core.package_discovery:discover_packages(recursive) check parameters
[0.164s] Level 1:colcon.colcon_core.package_discovery:discover_packages(ignore) check parameters
[0.164s] Level 1:colcon.colcon_core.package_discovery:discover_packages(path) check parameters
[0.164s] Level 1:colcon.colcon_core.package_discovery:discover_packages(colcon_meta) discover
[0.164s] Level 1:colcon.colcon_core.package_discovery:discover_packages(recursive) discover
[0.164s] INFO:colcon.colcon_core.package_discovery:Crawling recursively for packages in '/home/mahek/ros2_ws/src'
[0.164s] Level 1:colcon.colcon_core.package_identification:_identify(.) by extensions ['ignore', 'ignore_ament_install']
[0.164s] Level 1:colcon.colcon_core.package_identification:_identify(.) by extension 'ignore'
[0.164s] Level 1:colcon.colcon_core.package_identification:_identify(.) by extension 'ignore_ament_install'
[0.164s] Level 1:colcon.colcon_core.package_identification:_identify(.) by extensions ['colcon_pkg']
[0.164s] Level 1:colcon.colcon_core.package_identification:_identify(.) by extension 'colcon_pkg'
[0.164s] Level 1:colcon.colcon_core.package_identification:_identify(.) by extensions ['colcon_meta']
[0.164s] Level 1:colcon.colcon_core.package_identification:_identify(.) by extension 'colcon_meta'
[0.164s] Level 1:colcon.colcon_core.package_identification:_identify(.) by extensions ['ros']
[0.164s] Level 1:colcon.colcon_core.package_identification:_identify(.) by extension 'ros'
[0.171s] Level 1:colcon.colcon_core.package_identification:_identify(.) by extensions ['cmake', 'python']
[0.171s] Level 1:colcon.colcon_core.package_identification:_identify(.) by extension 'cmake'
[0.171s] Level 1:colcon.colcon_core.package_identification:_identify(.) by extension 'python'
[0.171s] Level 1:colcon.colcon_core.package_identification:_identify(.) by extensions ['python_setup_py']
[0.171s] Level 1:colcon.colcon_core.package_identification:_identify(.) by extension 'python_setup_py'
[0.171s] Level 1:colcon.colcon_core.package_identification:_identify(build) by extensions ['ignore', 'ignore_ament_install']
[0.171s] Level 1:colcon.colcon_core.package_identification:_identify(build) by extension 'ignore'
[0.171s] Level 1:colcon.colcon_core.package_identification:_identify(build) ignored
[0.171s] Level 1:colcon.colcon_core.package_identification:_identify(cpp) by extensions ['ignore', 'ignore_ament_install']
[0.171s] Level 1:colcon.colcon_core.package_identification:_identify(cpp) by extension 'ignore'
[0.171s] Level 1:colcon.colcon_core.package_identification:_identify(cpp) by extension 'ignore_ament_install'
[0.171s] Level 1:colcon.colcon_core.package_identification:_identify(cpp) by extensions ['colcon_pkg']
[0.171s] Level 1:colcon.colcon_core.package_identification:_identify(cpp) by extension 'colcon_pkg'
[0.171s] Level 1:colcon.colcon_core.package_identification:_identify(cpp) by extensions ['colcon_meta']
[0.171s] Level 1:colcon.colcon_core.package_identification:_identify(cpp) by extension 'colcon_meta'
[0.171s] Level 1:colcon.colcon_core.package_identification:_identify(cpp) by extensions ['ros']
[0.171s] Level 1:colcon.colcon_core.package_identification:_identify(cpp) by extension 'ros'
[0.173s] DEBUG:colcon.colcon_core.package_identification:Package 'cpp' with type 'ros.ament_cmake' and name 'cpp'
[0.173s] Level 1:colcon.colcon_core.package_identification:_identify(cpp_pubsub) by extensions ['ignore', 'ignore_ament_install']
[0.173s] Level 1:colcon.colcon_core.package_identification:_identify(cpp_pubsub) by extension 'ignore'
[0.173s] Level 1:colcon.colcon_core.package_identification:_identify(cpp_pubsub) by extension 'ignore_ament_install'
[0.173s] Level 1:colcon.colcon_core.package_identification:_identify(cpp_pubsub) by extensions ['colcon_pkg']
[0.173s] Level 1:colcon.colcon_core.package_identification:_identify(cpp_pubsub) by extension 'colcon_pkg'
[0.173s] Level 1:colcon.colcon_core.package_identification:_identify(cpp_pubsub) by extensions ['colcon_meta']
[0.173s] Level 1:colcon.colcon_core.package_identification:_identify(cpp_pubsub) by extension 'colcon_meta'
[0.173s] Level 1:colcon.colcon_core.package_identification:_identify(cpp_pubsub) by extensions ['ros']
[0.173s] Level 1:colcon.colcon_core.package_identification:_identify(cpp_pubsub) by extension 'ros'
[0.173s] DEBUG:colcon.colcon_core.package_identification:Package 'cpp_pubsub' with type 'ros.ament_cmake' and name 'cpp_pubsub'
[0.174s] Level 1:colcon.colcon_core.package_identification:_identify(install) by extensions ['ignore', 'ignore_ament_install']
[0.174s] Level 1:colcon.colcon_core.package_identification:_identify(install) by extension 'ignore'
[0.174s] Level 1:colcon.colcon_core.package_identification:_identify(install) ignored
[0.174s] Level 1:colcon.colcon_core.package_identification:_identify(log) by extensions ['ignore', 'ignore_ament_install']
[0.174s] Level 1:colcon.colcon_core.package_identification:_identify(log) by extension 'ignore'
[0.174s] Level 1:colcon.colcon_core.package_identification:_identify(log) ignored
[0.174s] Level 1:colcon.colcon_core.package_identification:_identify(my_package) by extensions ['ignore', 'ignore_ament_install']
[0.174s] Level 1:colcon.colcon_core.package_identification:_identify(my_package) by extension 'ignore'
[0.174s] Level 1:colcon.colcon_core.package_identification:_identify(my_package) by extension 'ignore_ament_install'
[0.174s] Level 1:colcon.colcon_core.package_identification:_identify(my_package) by extensions ['colcon_pkg']
[0.174s] Level 1:colcon.colcon_core.package_identification:_identify(my_package) by extension 'colcon_pkg'
[0.174s] Level 1:colcon.colcon_core.package_identification:_identify(my_package) by extensions ['colcon_meta']
[0.174s] Level 1:colcon.colcon_core.package_identification:_identify(my_package) by extension 'colcon_meta'
[0.174s] Level 1:colcon.colcon_core.package_identification:_identify(my_package) by extensions ['ros']
[0.174s] Level 1:colcon.colcon_core.package_identification:_identify(my_package) by extension 'ros'
[0.174s] DEBUG:colcon.colcon_core.package_identification:Package 'my_package' with type 'ros.ament_cmake' and name 'my_package'
[0.174s] Level 1:colcon.colcon_core.package_discovery:discover_packages(recursive) using defaults
[0.174s] Level 1:colcon.colcon_core.package_discovery:discover_packages(ignore) discover
[0.174s] Level 1:colcon.colcon_core.package_discovery:discover_packages(ignore) using defaults
[0.174s] Level 1:colcon.colcon_core.package_discovery:discover_packages(path) discover
[0.174s] Level 1:colcon.colcon_core.package_discovery:discover_packages(path) using defaults
[0.194s] Level 1:colcon.colcon_core.package_discovery:discover_packages(prefix_path) check parameters
[0.194s] Level 1:colcon.colcon_core.package_discovery:discover_packages(prefix_path) discover
[0.195s] DEBUG:colcon.colcon_installed_package_information.package_discovery:Found 294 installed packages in /opt/ros/humble
[0.196s] Level 1:colcon.colcon_core.package_discovery:discover_packages(prefix_path) using defaults
[0.219s] Level 5:colcon.colcon_core.verb:set package 'cpp' build argument 'cmake_args' from command line to 'None'
[0.219s] Level 5:colcon.colcon_core.verb:set package 'cpp' build argument 'cmake_target' from command line to 'None'
[0.219s] Level 5:colcon.colcon_core.verb:set package 'cpp' build argument 'cmake_target_skip_unavailable' from command line to 'False'
[0.219s] Level 5:colcon.colcon_core.verb:set package 'cpp' build argument 'cmake_clean_cache' from command line to 'False'
[0.219s] Level 5:colcon.colcon_core.verb:set package 'cpp' build argument 'cmake_clean_first' from command line to 'False'
[0.219s] Level 5:colcon.colcon_core.verb:set package 'cpp' build argument 'cmake_force_configure' from command line to 'False'
[0.219s] Level 5:colcon.colcon_core.verb:set package 'cpp' build argument 'ament_cmake_args' from command line to 'None'
[0.219s] Level 5:colcon.colcon_core.verb:set package 'cpp' build argument 'catkin_cmake_args' from command line to 'None'
[0.219s] Level 5:colcon.colcon_core.verb:set package 'cpp' build argument 'catkin_skip_building_tests' from command line to 'False'
[0.219s] DEBUG:colcon.colcon_core.verb:Building package 'cpp' with the following arguments: {'ament_cmake_args': None, 'build_base': '/home/mahek/ros2_ws/src/build/cpp', 'catkin_cmake_args': None, 'catkin_skip_building_tests': False, 'cmake_args': None, 'cmake_clean_cache': False, 'cmake_clean_first': False, 'cmake_force_configure': False, 'cmake_target': None, 'cmake_target_skip_unavailable': False, 'install_base': '/home/mahek/ros2_ws/src/install/cpp', 'merge_install': False, 'path': '/home/mahek/ros2_ws/src/cpp', 'symlink_install': False, 'test_result_base': None}
[0.219s] Level 5:colcon.colcon_core.verb:set package 'cpp_pubsub' build argument 'cmake_args' from command line to 'None'
[0.219s] Level 5:colcon.colcon_core.verb:set package 'cpp_pubsub' build argument 'cmake_target' from command line to 'None'
[0.219s] Level 5:colcon.colcon_core.verb:set package 'cpp_pubsub' build argument 'cmake_target_skip_unavailable' from command line to 'False'
[0.219s] Level 5:colcon.colcon_core.verb:set package 'cpp_pubsub' build argument 'cmake_clean_cache' from command line to 'False'
[0.219s] Level 5:colcon.colcon_core.verb:set package 'cpp_pubsub' build argument 'cmake_clean_first' from command line to 'False'
[0.219s] Level 5:colcon.colcon_core.verb:set package 'cpp_pubsub' build argument 'cmake_force_configure' from command line to 'False'
[0.219s] Level 5:colcon.colcon_core.verb:set package 'cpp_pubsub' build argument 'ament_cmake_args' from command line to 'None'
[0.219s] Level 5:colcon.colcon_core.verb:set package 'cpp_pubsub' build argument 'catkin_cmake_args' from command line to 'None'
[0.219s] Level 5:colcon.colcon_core.verb:set package 'cpp_pubsub' build argument 'catkin_skip_building_tests' from command line to 'False'
[0.219s] DEBUG:colcon.colcon_core.verb:Building package 'cpp_pubsub' with the following arguments: {'ament_cmake_args': None, 'build_base': '/home/mahek/ros2_ws/src/build/cpp_pubsub', 'catkin_cmake_args': None, 'catkin_skip_building_tests': False, 'cmake_args': None, 'cmake_clean_cache': False, 'cmake_clean_first': False, 'cmake_force_configure': False, 'cmake_target': None, 'cmake_target_skip_unavailable': False, 'install_base': '/home/mahek/ros2_ws/src/install/cpp_pubsub', 'merge_install': False, 'path': '/home/mahek/ros2_ws/src/cpp_pubsub', 'symlink_install': False, 'test_result_base': None}
[0.219s] Level 5:colcon.colcon_core.verb:set package 'my_package' build argument 'cmake_args' from command line to 'None'
[0.219s] Level 5:colcon.colcon_core.verb:set package 'my_package' build argument 'cmake_target' from command line to 'None'
[0.219s] Level 5:colcon.colcon_core.verb:set package 'my_package' build argument 'cmake_target_skip_unavailable' from command line to 'False'
[0.219s] Level 5:colcon.colcon_core.verb:set package 'my_package' build argument 'cmake_clean_cache' from command line to 'False'
[0.219s] Level 5:colcon.colcon_core.verb:set package 'my_package' build argument 'cmake_clean_first' from command line to 'False'
[0.219s] Level 5:colcon.colcon_core.verb:set package 'my_package' build argument 'cmake_force_configure' from command line to 'False'
[0.219s] Level 5:colcon.colcon_core.verb:set package 'my_package' build argument 'ament_cmake_args' from command line to 'None'
[0.219s] Level 5:colcon.colcon_core.verb:set package 'my_package' build argument 'catkin_cmake_args' from command line to 'None'
[0.219s] Level 5:colcon.colcon_core.verb:set package 'my_package' build argument 'catkin_skip_building_tests' from command line to 'False'
[0.220s] DEBUG:colcon.colcon_core.verb:Building package 'my_package' with the following arguments: {'ament_cmake_args': None, 'build_base': '/home/mahek/ros2_ws/src/build/my_package', 'catkin_cmake_args': None, 'catkin_skip_building_tests': False, 'cmake_args': None, 'cmake_clean_cache': False, 'cmake_clean_first': False, 'cmake_force_configure': False, 'cmake_target': None, 'cmake_target_skip_unavailable': False, 'install_base': '/home/mahek/ros2_ws/src/install/my_package', 'merge_install': False, 'path': '/home/mahek/ros2_ws/src/my_package', 'symlink_install': False, 'test_result_base': None}
[0.220s] INFO:colcon.colcon_core.executor:Executing jobs using 'parallel' executor
[0.220s] DEBUG:colcon.colcon_parallel_executor.executor.parallel:run_until_complete
[0.221s] INFO:colcon.colcon_ros.task.ament_cmake.build:Building ROS package in '/home/mahek/ros2_ws/src/cpp' with build type 'ament_cmake'
[0.221s] INFO:colcon.colcon_cmake.task.cmake.build:Building CMake package in '/home/mahek/ros2_ws/src/cpp'
[0.222s] INFO:colcon.colcon_core.plugin_system:Skipping extension 'colcon_core.shell.bat': Not used on non-Windows systems
[0.222s] INFO:colcon.colcon_core.shell:Skip shell extension 'powershell' for command environment: Not usable outside of PowerShell
[0.222s] DEBUG:colcon.colcon_core.shell:Skip shell extension 'dsv' for command environment
[0.224s] INFO:colcon.colcon_ros.task.ament_cmake.build:Building ROS package in '/home/mahek/ros2_ws/src/cpp_pubsub' with build type 'ament_cmake'
[0.224s] INFO:colcon.colcon_cmake.task.cmake.build:Building CMake package in '/home/mahek/ros2_ws/src/cpp_pubsub'
[0.224s] INFO:colcon.colcon_core.shell:Skip shell extension 'powershell' for command environment: Not usable outside of PowerShell
[0.224s] DEBUG:colcon.colcon_core.shell:Skip shell extension 'dsv' for command environment
[0.226s] INFO:colcon.colcon_ros.task.ament_cmake.build:Building ROS package in '/home/mahek/ros2_ws/src/my_package' with build type 'ament_cmake'
[0.226s] INFO:colcon.colcon_cmake.task.cmake.build:Building CMake package in '/home/mahek/ros2_ws/src/my_package'
[0.226s] INFO:colcon.colcon_core.shell:Skip shell extension 'powershell' for command environment: Not usable outside of PowerShell
[0.226s] DEBUG:colcon.colcon_core.shell:Skip shell extension 'dsv' for command environment
[0.232s] DEBUG:colcon.colcon_core.event_handler.log_command:Invoking command in '/home/mahek/ros2_ws/src/build/cpp': CMAKE_PREFIX_PATH=/opt/ros/humble /usr/bin/cmake --build /home/mahek/ros2_ws/src/build/cpp -- -j12 -l12
[0.234s] DEBUG:colcon.colcon_core.event_handler.log_command:Invoking command in '/home/mahek/ros2_ws/src/build/cpp_pubsub': CMAKE_PREFIX_PATH=/opt/ros/humble /usr/bin/cmake /home/mahek/ros2_ws/src/cpp_pubsub -DCMAKE_INSTALL_PREFIX=/home/mahek/ros2_ws/src/install/cpp_pubsub
[0.236s] DEBUG:colcon.colcon_core.event_handler.log_command:Invoking command in '/home/mahek/ros2_ws/src/build/my_package': CMAKE_PREFIX_PATH=/opt/ros/humble /usr/bin/cmake --build /home/mahek/ros2_ws/src/build/my_package -- -j12 -l12
[0.267s] DEBUG:colcon.colcon_core.event_handler.log_command:Invoked command in '/home/mahek/ros2_ws/src/build/cpp' returned '0': CMAKE_PREFIX_PATH=/opt/ros/humble /usr/bin/cmake --build /home/mahek/ros2_ws/src/build/cpp -- -j12 -l12
[0.301s] DEBUG:colcon.colcon_core.event_handler.log_command:Invoking command in '/home/mahek/ros2_ws/src/build/cpp': CMAKE_PREFIX_PATH=/opt/ros/humble /usr/bin/cmake --install /home/mahek/ros2_ws/src/build/cpp
[0.302s] DEBUG:colcon.colcon_core.event_handler.log_command:Invoked command in '/home/mahek/ros2_ws/src/build/my_package' returned '0': CMAKE_PREFIX_PATH=/opt/ros/humble /usr/bin/cmake --build /home/mahek/ros2_ws/src/build/my_package -- -j12 -l12
[0.308s] Level 1:colcon.colcon_core.environment:create_environment_scripts_only(cpp)
[0.308s] DEBUG:colcon.colcon_core.event_handler.log_command:Invoked command in '/home/mahek/ros2_ws/src/build/cpp' returned '0': CMAKE_PREFIX_PATH=/opt/ros/humble /usr/bin/cmake --install /home/mahek/ros2_ws/src/build/cpp
[0.311s] Level 1:colcon.colcon_core.environment:checking '/home/mahek/ros2_ws/src/install/cpp' for CMake module files
[0.312s] Level 1:colcon.colcon_core.environment:checking '/home/mahek/ros2_ws/src/install/cpp' for CMake config files
[0.312s] Level 1:colcon.colcon_core.shell:create_environment_hook('cpp', 'cmake_prefix_path')
[0.313s] INFO:colcon.colcon_core.shell:Creating environment hook '/home/mahek/ros2_ws/src/install/cpp/share/cpp/hook/cmake_prefix_path.ps1'
[0.313s] INFO:colcon.colcon_core.shell:Creating environment descriptor '/home/mahek/ros2_ws/src/install/cpp/share/cpp/hook/cmake_prefix_path.dsv'
[0.314s] INFO:colcon.colcon_core.shell:Creating environment hook '/home/mahek/ros2_ws/src/install/cpp/share/cpp/hook/cmake_prefix_path.sh'
[0.315s] Level 1:colcon.colcon_core.environment:checking '/home/mahek/ros2_ws/src/install/cpp/bin'
[0.315s] Level 1:colcon.colcon_core.environment:checking '/home/mahek/ros2_ws/src/install/cpp/lib/pkgconfig/cpp.pc'
[0.315s] Level 1:colcon.colcon_core.environment:checking '/home/mahek/ros2_ws/src/install/cpp/lib/python3.10/site-packages'
[0.315s] Level 1:colcon.colcon_core.environment:checking '/home/mahek/ros2_ws/src/install/cpp/bin'
[0.315s] INFO:colcon.colcon_core.shell:Creating package script '/home/mahek/ros2_ws/src/install/cpp/share/cpp/package.ps1'
[0.316s] INFO:colcon.colcon_core.shell:Creating package descriptor '/home/mahek/ros2_ws/src/install/cpp/share/cpp/package.dsv'
[0.316s] INFO:colcon.colcon_core.shell:Creating package script '/home/mahek/ros2_ws/src/install/cpp/share/cpp/package.sh'
[0.316s] INFO:colcon.colcon_core.shell:Creating package script '/home/mahek/ros2_ws/src/install/cpp/share/cpp/package.bash'
[0.317s] INFO:colcon.colcon_core.shell:Creating package script '/home/mahek/ros2_ws/src/install/cpp/share/cpp/package.zsh'
[0.317s] Level 1:colcon.colcon_core.environment:create_file_with_runtime_dependencies(/home/mahek/ros2_ws/src/install/cpp/share/colcon-core/packages/cpp)
[0.325s] DEBUG:colcon.colcon_core.event_handler.log_command:Invoking command in '/home/mahek/ros2_ws/src/build/my_package': CMAKE_PREFIX_PATH=/opt/ros/humble /usr/bin/cmake --install /home/mahek/ros2_ws/src/build/my_package
[0.335s] Level 1:colcon.colcon_core.environment:create_environment_scripts_only(my_package)
[0.335s] Level 1:colcon.colcon_core.environment:checking '/home/mahek/ros2_ws/src/install/my_package' for CMake module files
[0.336s] DEBUG:colcon.colcon_core.event_handler.log_command:Invoked command in '/home/mahek/ros2_ws/src/build/my_package' returned '0': CMAKE_PREFIX_PATH=/opt/ros/humble /usr/bin/cmake --install /home/mahek/ros2_ws/src/build/my_package
[0.336s] Level 1:colcon.colcon_core.environment:checking '/home/mahek/ros2_ws/src/install/my_package' for CMake config files
[0.337s] Level 1:colcon.colcon_core.shell:create_environment_hook('my_package', 'cmake_prefix_path')
[0.337s] INFO:colcon.colcon_core.shell:Creating environment hook '/home/mahek/ros2_ws/src/install/my_package/share/my_package/hook/cmake_prefix_path.ps1'
[0.338s] INFO:colcon.colcon_core.shell:Creating environment descriptor '/home/mahek/ros2_ws/src/install/my_package/share/my_package/hook/cmake_prefix_path.dsv'
[0.338s] INFO:colcon.colcon_core.shell:Creating environment hook '/home/mahek/ros2_ws/src/install/my_package/share/my_package/hook/cmake_prefix_path.sh'
[0.338s] Level 1:colcon.colcon_core.environment:checking '/home/mahek/ros2_ws/src/install/my_package/lib'
[0.338s] Level 1:colcon.colcon_core.environment:checking '/home/mahek/ros2_ws/src/install/my_package/bin'
[0.338s] Level 1:colcon.colcon_core.environment:checking '/home/mahek/ros2_ws/src/install/my_package/lib/pkgconfig/my_package.pc'
[0.338s] Level 1:colcon.colcon_core.environment:checking '/home/mahek/ros2_ws/src/install/my_package/lib/python3.10/site-packages'
[0.339s] Level 1:colcon.colcon_core.environment:checking '/home/mahek/ros2_ws/src/install/my_package/bin'
[0.339s] INFO:colcon.colcon_core.shell:Creating package script '/home/mahek/ros2_ws/src/install/my_package/share/my_package/package.ps1'
[0.339s] INFO:colcon.colcon_core.shell:Creating package descriptor '/home/mahek/ros2_ws/src/install/my_package/share/my_package/package.dsv'
[0.339s] INFO:colcon.colcon_core.shell:Creating package script '/home/mahek/ros2_ws/src/install/my_package/share/my_package/package.sh'
[0.340s] INFO:colcon.colcon_core.shell:Creating package script '/home/mahek/ros2_ws/src/install/my_package/share/my_package/package.bash'
[0.340s] INFO:colcon.colcon_core.shell:Creating package script '/home/mahek/ros2_ws/src/install/my_package/share/my_package/package.zsh'
[0.340s] Level 1:colcon.colcon_core.environment:create_file_with_runtime_dependencies(/home/mahek/ros2_ws/src/install/my_package/share/colcon-core/packages/my_package)
[0.341s] Level 1:colcon.colcon_core.environment:create_environment_scripts_only(cpp)
[0.341s] Level 1:colcon.colcon_core.environment:checking '/home/mahek/ros2_ws/src/install/cpp' for CMake module files
[0.341s] Level 1:colcon.colcon_core.environment:checking '/home/mahek/ros2_ws/src/install/cpp' for CMake config files
[0.341s] Level 1:colcon.colcon_core.shell:create_environment_hook('cpp', 'cmake_prefix_path')
[0.342s] INFO:colcon.colcon_core.shell:Creating environment hook '/home/mahek/ros2_ws/src/install/cpp/share/cpp/hook/cmake_prefix_path.ps1'
[0.342s] INFO:colcon.colcon_core.shell:Creating environment descriptor '/home/mahek/ros2_ws/src/install/cpp/share/cpp/hook/cmake_prefix_path.dsv'
[0.342s] INFO:colcon.colcon_core.shell:Creating environment hook '/home/mahek/ros2_ws/src/install/cpp/share/cpp/hook/cmake_prefix_path.sh'
[0.343s] Level 1:colcon.colcon_core.environment:checking '/home/mahek/ros2_ws/src/install/cpp/bin'
[0.343s] Level 1:colcon.colcon_core.environment:checking '/home/mahek/ros2_ws/src/install/cpp/lib/pkgconfig/cpp.pc'
[0.343s] Level 1:colcon.colcon_core.environment:checking '/home/mahek/ros2_ws/src/install/cpp/lib/python3.10/site-packages'
[0.343s] Level 1:colcon.colcon_core.environment:checking '/home/mahek/ros2_ws/src/install/cpp/bin'
[0.343s] INFO:colcon.colcon_core.shell:Creating package script '/home/mahek/ros2_ws/src/install/cpp/share/cpp/package.ps1'
[0.343s] INFO:colcon.colcon_core.shell:Creating package descriptor '/home/mahek/ros2_ws/src/install/cpp/share/cpp/package.dsv'
[0.344s] INFO:colcon.colcon_core.shell:Creating package script '/home/mahek/ros2_ws/src/install/cpp/share/cpp/package.sh'
[0.344s] INFO:colcon.colcon_core.shell:Creating package script '/home/mahek/ros2_ws/src/install/cpp/share/cpp/package.bash'
[0.344s] INFO:colcon.colcon_core.shell:Creating package script '/home/mahek/ros2_ws/src/install/cpp/share/cpp/package.zsh'
[0.344s] Level 1:colcon.colcon_core.environment:create_file_with_runtime_dependencies(/home/mahek/ros2_ws/src/install/cpp/share/colcon-core/packages/cpp)
[0.362s] Level 1:colcon.colcon_core.environment:create_environment_scripts_only(my_package)
[0.362s] Level 1:colcon.colcon_core.environment:checking '/home/mahek/ros2_ws/src/install/my_package' for CMake module files
[0.363s] Level 1:colcon.colcon_core.environment:checking '/home/mahek/ros2_ws/src/install/my_package' for CMake config files
[0.363s] Level 1:colcon.colcon_core.shell:create_environment_hook('my_package', 'cmake_prefix_path')
[0.363s] INFO:colcon.colcon_core.shell:Creating environment hook '/home/mahek/ros2_ws/src/install/my_package/share/my_package/hook/cmake_prefix_path.ps1'
[0.364s] INFO:colcon.colcon_core.shell:Creating environment descriptor '/home/mahek/ros2_ws/src/install/my_package/share/my_package/hook/cmake_prefix_path.dsv'
[0.364s] INFO:colcon.colcon_core.shell:Creating environment hook '/home/mahek/ros2_ws/src/install/my_package/share/my_package/hook/cmake_prefix_path.sh'
[0.364s] Level 1:colcon.colcon_core.environment:checking '/home/mahek/ros2_ws/src/install/my_package/lib'
[0.365s] Level 1:colcon.colcon_core.environment:checking '/home/mahek/ros2_ws/src/install/my_package/bin'
[0.365s] Level 1:colcon.colcon_core.environment:checking '/home/mahek/ros2_ws/src/install/my_package/lib/pkgconfig/my_package.pc'
[0.365s] Level 1:colcon.colcon_core.environment:checking '/home/mahek/ros2_ws/src/install/my_package/lib/python3.10/site-packages'
[0.365s] Level 1:colcon.colcon_core.environment:checking '/home/mahek/ros2_ws/src/install/my_package/bin'
[0.365s] INFO:colcon.colcon_core.shell:Creating package script '/home/mahek/ros2_ws/src/install/my_package/share/my_package/package.ps1'
[0.366s] INFO:colcon.colcon_core.shell:Creating package descriptor '/home/mahek/ros2_ws/src/install/my_package/share/my_package/package.dsv'
[0.366s] INFO:colcon.colcon_core.shell:Creating package script '/home/mahek/ros2_ws/src/install/my_package/share/my_package/package.sh'
[0.366s] INFO:colcon.colcon_core.shell:Creating package script '/home/mahek/ros2_ws/src/install/my_package/share/my_package/package.bash'
[0.367s] INFO:colcon.colcon_core.shell:Creating package script '/home/mahek/ros2_ws/src/install/my_package/share/my_package/package.zsh'
[0.367s] Level 1:colcon.colcon_core.environment:create_file_with_runtime_dependencies(/home/mahek/ros2_ws/src/install/my_package/share/colcon-core/packages/my_package)
[0.769s] DEBUG:colcon.colcon_core.event_handler.log_command:Invoked command in '/home/mahek/ros2_ws/src/build/cpp_pubsub' returned '0': CMAKE_PREFIX_PATH=/opt/ros/humble /usr/bin/cmake /home/mahek/ros2_ws/src/cpp_pubsub -DCMAKE_INSTALL_PREFIX=/home/mahek/ros2_ws/src/install/cpp_pubsub
[0.770s] DEBUG:colcon.colcon_core.event_handler.log_command:Invoking command in '/home/mahek/ros2_ws/src/build/cpp_pubsub': CMAKE_PREFIX_PATH=/opt/ros/humble /usr/bin/cmake --build /home/mahek/ros2_ws/src/build/cpp_pubsub -- -j12 -l12
[0.808s] DEBUG:colcon.colcon_core.event_handler.log_command:Invoked command in '/home/mahek/ros2_ws/src/build/cpp_pubsub' returned '0': CMAKE_PREFIX_PATH=/opt/ros/humble /usr/bin/cmake --build /home/mahek/ros2_ws/src/build/cpp_pubsub -- -j12 -l12
[0.835s] DEBUG:colcon.colcon_core.event_handler.log_command:Invoking command in '/home/mahek/ros2_ws/src/build/cpp_pubsub': CMAKE_PREFIX_PATH=/opt/ros/humble /usr/bin/cmake --install /home/mahek/ros2_ws/src/build/cpp_pubsub
[0.845s] Level 1:colcon.colcon_core.environment:create_environment_scripts_only(cpp_pubsub)
[0.845s] DEBUG:colcon.colcon_core.event_handler.log_command:Invoked command in '/home/mahek/ros2_ws/src/build/cpp_pubsub' returned '0': CMAKE_PREFIX_PATH=/opt/ros/humble /usr/bin/cmake --install /home/mahek/ros2_ws/src/build/cpp_pubsub
[0.845s] Level 1:colcon.colcon_core.environment:checking '/home/mahek/ros2_ws/src/install/cpp_pubsub' for CMake module files
[0.846s] Level 1:colcon.colcon_core.environment:checking '/home/mahek/ros2_ws/src/install/cpp_pubsub' for CMake config files
[0.846s] Level 1:colcon.colcon_core.shell:create_environment_hook('cpp_pubsub', 'cmake_prefix_path')
[0.846s] INFO:colcon.colcon_core.shell:Creating environment hook '/home/mahek/ros2_ws/src/install/cpp_pubsub/share/cpp_pubsub/hook/cmake_prefix_path.ps1'
[0.847s] INFO:colcon.colcon_core.shell:Creating environment descriptor '/home/mahek/ros2_ws/src/install/cpp_pubsub/share/cpp_pubsub/hook/cmake_prefix_path.dsv'
[0.847s] INFO:colcon.colcon_core.shell:Creating environment hook '/home/mahek/ros2_ws/src/install/cpp_pubsub/share/cpp_pubsub/hook/cmake_prefix_path.sh'
[0.847s] Level 1:colcon.colcon_core.environment:checking '/home/mahek/ros2_ws/src/install/cpp_pubsub/bin'
[0.847s] Level 1:colcon.colcon_core.environment:checking '/home/mahek/ros2_ws/src/install/cpp_pubsub/lib/pkgconfig/cpp_pubsub.pc'
[0.848s] Level 1:colcon.colcon_core.environment:checking '/home/mahek/ros2_ws/src/install/cpp_pubsub/lib/python3.10/site-packages'
[0.848s] Level 1:colcon.colcon_core.environment:checking '/home/mahek/ros2_ws/src/install/cpp_pubsub/bin'
[0.848s] INFO:colcon.colcon_core.shell:Creating package script '/home/mahek/ros2_ws/src/install/cpp_pubsub/share/cpp_pubsub/package.ps1'
[0.848s] INFO:colcon.colcon_core.shell:Creating package descriptor '/home/mahek/ros2_ws/src/install/cpp_pubsub/share/cpp_pubsub/package.dsv'
[0.849s] INFO:colcon.colcon_core.shell:Creating package script '/home/mahek/ros2_ws/src/install/cpp_pubsub/share/cpp_pubsub/package.sh'
[0.849s] INFO:colcon.colcon_core.shell:Creating package script '/home/mahek/ros2_ws/src/install/cpp_pubsub/share/cpp_pubsub/package.bash'
[0.849s] INFO:colcon.colcon_core.shell:Creating package script '/home/mahek/ros2_ws/src/install/cpp_pubsub/share/cpp_pubsub/package.zsh'
[0.849s] Level 1:colcon.colcon_core.environment:create_file_with_runtime_dependencies(/home/mahek/ros2_ws/src/install/cpp_pubsub/share/colcon-core/packages/cpp_pubsub)
[0.870s] Level 1:colcon.colcon_core.environment:create_environment_scripts_only(cpp_pubsub)
[0.870s] Level 1:colcon.colcon_core.environment:checking '/home/mahek/ros2_ws/src/install/cpp_pubsub' for CMake module files
[0.871s] Level 1:colcon.colcon_core.environment:checking '/home/mahek/ros2_ws/src/install/cpp_pubsub' for CMake config files
[0.871s] Level 1:colcon.colcon_core.shell:create_environment_hook('cpp_pubsub', 'cmake_prefix_path')
[0.871s] INFO:colcon.colcon_core.shell:Creating environment hook '/home/mahek/ros2_ws/src/install/cpp_pubsub/share/cpp_pubsub/hook/cmake_prefix_path.ps1'
[0.872s] INFO:colcon.colcon_core.shell:Creating environment descriptor '/home/mahek/ros2_ws/src/install/cpp_pubsub/share/cpp_pubsub/hook/cmake_prefix_path.dsv'
[0.872s] INFO:colcon.colcon_core.shell:Creating environment hook '/home/mahek/ros2_ws/src/install/cpp_pubsub/share/cpp_pubsub/hook/cmake_prefix_path.sh'
[0.873s] Level 1:colcon.colcon_core.environment:checking '/home/mahek/ros2_ws/src/install/cpp_pubsub/bin'
[0.873s] Level 1:colcon.colcon_core.environment:checking '/home/mahek/ros2_ws/src/install/cpp_pubsub/lib/pkgconfig/cpp_pubsub.pc'
[0.873s] Level 1:colcon.colcon_core.environment:checking '/home/mahek/ros2_ws/src/install/cpp_pubsub/lib/python3.10/site-packages'
[0.873s] Level 1:colcon.colcon_core.environment:checking '/home/mahek/ros2_ws/src/install/cpp_pubsub/bin'
[0.874s] INFO:colcon.colcon_core.shell:Creating package script '/home/mahek/ros2_ws/src/install/cpp_pubsub/share/cpp_pubsub/package.ps1'
[0.874s] INFO:colcon.colcon_core.shell:Creating package descriptor '/home/mahek/ros2_ws/src/install/cpp_pubsub/share/cpp_pubsub/package.dsv'
[0.875s] INFO:colcon.colcon_core.shell:Creating package script '/home/mahek/ros2_ws/src/install/cpp_pubsub/share/cpp_pubsub/package.sh'
[0.875s] INFO:colcon.colcon_core.shell:Creating package script '/home/mahek/ros2_ws/src/install/cpp_pubsub/share/cpp_pubsub/package.bash'
[0.875s] INFO:colcon.colcon_core.shell:Creating package script '/home/mahek/ros2_ws/src/install/cpp_pubsub/share/cpp_pubsub/package.zsh'
[0.876s] Level 1:colcon.colcon_core.environment:create_file_with_runtime_dependencies(/home/mahek/ros2_ws/src/install/cpp_pubsub/share/colcon-core/packages/cpp_pubsub)
[0.876s] DEBUG:colcon.colcon_parallel_executor.executor.parallel:closing loop
[0.876s] DEBUG:colcon.colcon_parallel_executor.executor.parallel:loop closed
[0.877s] DEBUG:colcon.colcon_parallel_executor.executor.parallel:run_until_complete finished with '0'
[0.877s] DEBUG:colcon.colcon_core.event_reactor:joining thread
[0.884s] INFO:colcon.colcon_core.plugin_system:Skipping extension 'colcon_notification.desktop_notification.terminal_notifier': Not used on non-Darwin systems
[0.884s] INFO:colcon.colcon_core.plugin_system:Skipping extension 'colcon_notification.desktop_notification.win32': Not used on non-Windows systems
[0.885s] INFO:colcon.colcon_notification.desktop_notification:Sending desktop notification using 'notify2'
[0.900s] DEBUG:colcon.colcon_core.event_reactor:joined thread
[0.901s] INFO:colcon.colcon_core.shell:Creating prefix script '/home/mahek/ros2_ws/src/install/local_setup.ps1'
[0.902s] INFO:colcon.colcon_core.shell:Creating prefix util module '/home/mahek/ros2_ws/src/install/_local_setup_util_ps1.py'
[0.904s] INFO:colcon.colcon_core.shell:Creating prefix chain script '/home/mahek/ros2_ws/src/install/setup.ps1'
[0.906s] INFO:colcon.colcon_core.shell:Creating prefix script '/home/mahek/ros2_ws/src/install/local_setup.sh'
[0.906s] INFO:colcon.colcon_core.shell:Creating prefix util module '/home/mahek/ros2_ws/src/install/_local_setup_util_sh.py'
[0.907s] INFO:colcon.colcon_core.shell:Creating prefix chain script '/home/mahek/ros2_ws/src/install/setup.sh'
[0.908s] INFO:colcon.colcon_core.shell:Creating prefix script '/home/mahek/ros2_ws/src/install/local_setup.bash'
[0.909s] INFO:colcon.colcon_core.shell:Creating prefix chain script '/home/mahek/ros2_ws/src/install/setup.bash'
[0.910s] INFO:colcon.colcon_core.shell:Creating prefix script '/home/mahek/ros2_ws/src/install/local_setup.zsh'
[0.910s] INFO:colcon.colcon_core.shell:Creating prefix chain script '/home/mahek/ros2_ws/src/install/setup.zsh'
